2022-10-11 13:53:09 INFO  ExtentReporterNG - Extent report Directory is created!
2022-10-11 13:53:12 INFO  Utils - [TestNG] Running:
  C:\Users\Dhiraj Landge\eclipse-workspace\Talic_Life_Insurance\src\test\resources\RunnerFiles\testng.xml

2022-10-11 13:53:14 INFO  SetUp - Test Case_cTAYesResponseTest_Successfully Started
2022-10-11 13:53:16 INFO  WebDriverManager - Using chromedriver 106.0.5249.61 (resolved driver for Chrome 106)
2022-10-11 13:53:16 INFO  WebDriverManager - Exporting webdriver.chrome.driver as C:\Users\Dhiraj Landge\.cache\selenium\chromedriver\win32\106.0.5249.61\chromedriver.exe
2022-10-11 13:53:20 INFO  SetUp - Chrome Browser Launched..
2022-10-11 13:53:21 INFO  SetUp - URL : https://talicaia.crmnext.biz/sn7_1/app/login/login
2022-10-11 13:53:22 INFO  CommonMethods - Sucessfully clicked on Username_XPATH
2022-10-11 13:53:22 INFO  CommonMethods - Data sucessfully entered on Username_XPATH = OLAAS33
2022-10-11 13:53:22 INFO  CommonMethods - Sucessfully clicked on password_XPATH
2022-10-11 13:53:23 INFO  CommonMethods - Data sucessfully entered on password_XPATH = acid_qa
2022-10-11 13:53:23 INFO  ScreenShot - ScreenShot captured LoginPage || Status :Pass
2022-10-11 13:53:30 INFO  CommonMethods - Sucessfully clicked on loginBtn_XPATH
2022-10-11 13:53:33 INFO  CommonMethods - Sucessfully clicked on PolicySearch_XPATH
2022-10-11 13:53:34 INFO  ScreenShot - ScreenShot captured QuickLinks || Status :Pass
2022-10-11 13:53:34 INFO  CommonMethods - Sucessfully clicked on PolicyNumber1_XPATH
2022-10-11 13:53:34 INFO  CommonMethods - Data sucessfully entered on PolicyNumber1_XPATH = M337738393
2022-10-11 13:53:35 INFO  CommonMethods - Sucessfully clicked on Fetch_XPATH
2022-10-11 13:53:35 ERROR CommonMethods - Not Sucessfully clicked on Action_XPATH due to :stale element reference: element is not attached to the page document
  (Session info: chrome=106.0.5249.103)
For documentation on this error, please visit: https://selenium.dev/exceptions/#stale_element_reference
Build info: version: '4.1.0', revision: '87802e897b'
System info: host: 'DESKTOP-K1PV4OP', ip: '192.168.0.101', os.name: 'Windows 11', os.arch: 'amd64', os.version: '10.0', java.version: '17.0.2'
Driver info: org.openqa.selenium.chrome.ChromeDriver
Command: [463c8bad055d972b089194fd2f7f7fd3, clickElement {id=2000b3a3-146f-411c-9020-37913c4ea0ca}]
Capabilities {acceptInsecureCerts: false, browserName: chrome, browserVersion: 106.0.5249.103, chrome: {chromedriverVersion: 106.0.5249.61 (511755355844..., userDataDir: C:\Users\DHIRAJ~1\AppData\L...}, goog:chromeOptions: {debuggerAddress: localhost:64702}, javascriptEnabled: true, networkConnectionEnabled: false, pageLoadStrategy: normal, platform: WINDOWS, platformName: WINDOWS, proxy: Proxy(), se:cdp: ws://localhost:64702/devtoo..., se:cdpVersion: 106.0.5249.103, setWindowRect: true, strictFileInteractability: false, timeouts: {implicit: 0, pageLoad: 300000, script: 30000}, unhandledPromptBehavior: dismiss and notify, webauthn:extension:credBlob: true, webauthn:extension:largeBlob: true, webauthn:virtualAuthenticators: true}
Element: [[ChromeDriver: chrome on WINDOWS (463c8bad055d972b089194fd2f7f7fd3)] -> xpath: (//span[@class="ff-bold"])[2]]
Session ID: 463c8bad055d972b089194fd2f7f7fd3
2022-10-11 13:53:43 INFO  CommonMethods - Sucessfully clicked on Yes_XPATH
2022-10-11 13:53:54 INFO  CommonMethods - Swiched to Child window name : Call To Action || URL :https://talicaia.crmnext.biz/sn7_1/app/CRMNextObject/StartJourney?x=ypslkb5r3sxgmjugu6njswvhhg7qlgcfgtb5y2p3k56vy7845p6m62m74ngmfsjhk7ydc6uev92qawyayqgbx2dm3b6k7t5nvhsgtt5pythyfxwbqgnkefw6vtlvgsltvwrnbrfcasymmchtgs7ey9m472&winpop=1
2022-10-11 13:53:54 INFO  ScreenShot - ScreenShot captured Childwindow || Status :Pass
2022-10-11 13:53:55 INFO  CommonMethods - Data = Web Sucessfully Selected from dropdown Mode_XPATH
2022-10-11 13:53:55 INFO  CommonMethods - Sucessfully clicked on SubCategory_XPATH
2022-10-11 13:53:55 INFO  CommonMethods - Data sucessfully entered on SubCategory_XPATH = Others
2022-10-11 13:53:57 INFO  CommonMethods - Sucessfully clicked on Others_XPATH
2022-10-11 13:53:57 INFO  CommonMethods - Sucessfully clicked on SubSubCategory_XPATH
2022-10-11 13:53:57 INFO  CommonMethods - Data sucessfully entered on SubSubCategory_XPATH = Request
2022-10-11 13:53:59 INFO  CommonMethods - Sucessfully clicked on Request_XPATH
2022-10-11 13:53:59 INFO  CommonMethods - Sucessfully clicked on Subject_XPATH
2022-10-11 13:54:00 INFO  CommonMethods - Data sucessfully entered on Subject_XPATH = Others-Request
2022-10-11 13:54:00 INFO  CommonMethods - Sucessfully clicked on Next111_XPATH
2022-10-11 13:54:09 INFO  ExcelOperation - Write to excel with : Row=1 | Cell =10 | Data =77995654
2022-10-11 13:54:11 INFO  CommonMethods - Sucessfully clicked on Close_XPATH
2022-10-11 13:55:13 ERROR SetUp - cTAYesResponseTest Get Failed due to 
Expected condition failed: waiting for visibility of element located by By.xpath: //div[@class="header__item header__profile ht-3 mid relative pointer"]/a (tried for 60 second(s) with 500 milliseconds interval)
2022-10-11 13:55:13 ERROR ScreenShot - Unbale to capture screenshot due to no such window: target window already closed
from unknown error: web view not found
  (Session info: chrome=106.0.5249.103)
Build info: version: '4.1.0', revision: '87802e897b'
System info: host: 'DESKTOP-K1PV4OP', ip: '192.168.0.101', os.name: 'Windows 11', os.arch: 'amd64', os.version: '10.0', java.version: '17.0.2'
Driver info: org.openqa.selenium.chrome.ChromeDriver
Command: [463c8bad055d972b089194fd2f7f7fd3, screenshot {}]
Capabilities {acceptInsecureCerts: false, browserName: chrome, browserVersion: 106.0.5249.103, chrome: {chromedriverVersion: 106.0.5249.61 (511755355844..., userDataDir: C:\Users\DHIRAJ~1\AppData\L...}, goog:chromeOptions: {debuggerAddress: localhost:64702}, javascriptEnabled: true, networkConnectionEnabled: false, pageLoadStrategy: normal, platform: WINDOWS, platformName: WINDOWS, proxy: Proxy(), se:cdp: ws://localhost:64702/devtoo..., se:cdpVersion: 106.0.5249.103, setWindowRect: true, strictFileInteractability: false, timeouts: {implicit: 0, pageLoad: 300000, script: 30000}, unhandledPromptBehavior: dismiss and notify, webauthn:extension:credBlob: true, webauthn:extension:largeBlob: true, webauthn:virtualAuthenticators: true}
Session ID: 463c8bad055d972b089194fd2f7f7fd3
2022-10-11 13:55:22 INFO  CommonMethods - Row num for TestScenario = cTAYesResponseTest is = 9
2022-10-11 13:55:24 INFO  ExcelOperation - Write to excel with : Row=9 | Cell =5 | Data =Fail
2022-10-11 14:02:14 INFO  ExtentReporterNG - Extent report Directory is created!
2022-10-11 14:02:23 INFO  Utils - [TestNG] Running:
  C:\Users\Dhiraj Landge\eclipse-workspace\Talic_Life_Insurance\src\test\resources\RunnerFiles\testng.xml

2022-10-11 14:02:40 INFO  SetUp - Test Case_cTAYesResponseTest_Successfully Started
2022-10-11 14:02:48 INFO  WebDriverManager - Using chromedriver 106.0.5249.61 (resolved driver for Chrome 106)
2022-10-11 14:02:48 INFO  WebDriverManager - Exporting webdriver.chrome.driver as C:\Users\Dhiraj Landge\.cache\selenium\chromedriver\win32\106.0.5249.61\chromedriver.exe
2022-10-11 14:02:52 INFO  SetUp - Chrome Browser Launched..
2022-10-11 14:02:55 INFO  SetUp - URL : https://talicaia.crmnext.biz/sn7_1/app/login/login
2022-10-11 14:02:56 INFO  CommonMethods - Sucessfully clicked on Username_XPATH
2022-10-11 14:02:57 INFO  CommonMethods - Data sucessfully entered on Username_XPATH = OLAAS33
2022-10-11 14:02:59 INFO  CommonMethods - Sucessfully clicked on password_XPATH
2022-10-11 14:03:00 INFO  CommonMethods - Data sucessfully entered on password_XPATH = acid_qa
2022-10-11 14:03:01 INFO  ScreenShot - ScreenShot captured LoginPage || Status :Pass
2022-10-11 14:03:12 INFO  CommonMethods - Sucessfully clicked on loginBtn_XPATH
2022-10-11 14:03:17 INFO  CommonMethods - Sucessfully clicked on PolicySearch_XPATH
2022-10-11 14:03:18 INFO  ScreenShot - ScreenShot captured QuickLinks || Status :Pass
2022-10-11 14:03:18 INFO  CommonMethods - Sucessfully clicked on PolicyNumber1_XPATH
2022-10-11 14:03:20 INFO  CommonMethods - Data sucessfully entered on PolicyNumber1_XPATH = M337738393
2022-10-11 14:03:21 INFO  CommonMethods - Sucessfully clicked on Fetch_XPATH
2022-10-11 14:03:21 ERROR CommonMethods - Not Sucessfully clicked on Action_XPATH due to :stale element reference: element is not attached to the page document
  (Session info: chrome=106.0.5249.103)
For documentation on this error, please visit: https://selenium.dev/exceptions/#stale_element_reference
Build info: version: '4.1.0', revision: '87802e897b'
System info: host: 'DESKTOP-K1PV4OP', ip: '192.168.164.108', os.name: 'Windows 11', os.arch: 'amd64', os.version: '10.0', java.version: '17.0.2'
Driver info: org.openqa.selenium.chrome.ChromeDriver
Command: [2b1ca557fd8a45486d0c1fb9aee87a1e, clickElement {id=9a737ac1-ea47-4f94-adcc-96223be4f6ef}]
Capabilities {acceptInsecureCerts: false, browserName: chrome, browserVersion: 106.0.5249.103, chrome: {chromedriverVersion: 106.0.5249.61 (511755355844..., userDataDir: C:\Users\DHIRAJ~1\AppData\L...}, goog:chromeOptions: {debuggerAddress: localhost:65325}, javascriptEnabled: true, networkConnectionEnabled: false, pageLoadStrategy: normal, platform: WINDOWS, platformName: WINDOWS, proxy: Proxy(), se:cdp: ws://localhost:65325/devtoo..., se:cdpVersion: 106.0.5249.103, setWindowRect: true, strictFileInteractability: false, timeouts: {implicit: 0, pageLoad: 300000, script: 30000}, unhandledPromptBehavior: dismiss and notify, webauthn:extension:credBlob: true, webauthn:extension:largeBlob: true, webauthn:virtualAuthenticators: true}
Element: [[ChromeDriver: chrome on WINDOWS (2b1ca557fd8a45486d0c1fb9aee87a1e)] -> xpath: (//span[@class="ff-bold"])[2]]
Session ID: 2b1ca557fd8a45486d0c1fb9aee87a1e
2022-10-11 14:03:31 INFO  CommonMethods - Sucessfully clicked on Yes_XPATH
2022-10-11 14:03:42 INFO  CommonMethods - Swiched to Child window name : Call To Action || URL :https://talicaia.crmnext.biz/sn7_1/app/CRMNextObject/StartJourney?x=ypslkb5r3sxgmjugu6njswvhhg7qlgcfgtb5y2p3k56vy7845p6m62m74ngmfsjhk7ydc6uev92qawyayqgbx2dm3b6k7t5nvhsgtt5pythyfxwbqgnkefw6vtlvgsltvwrnbrfcasymmchtgs7ey9m472&winpop=1
2022-10-11 14:03:43 INFO  ScreenShot - ScreenShot captured Childwindow || Status :Pass
2022-10-11 14:03:44 INFO  CommonMethods - Data = Web Sucessfully Selected from dropdown Mode_XPATH
2022-10-11 14:03:44 INFO  CommonMethods - Sucessfully clicked on SubCategory_XPATH
2022-10-11 14:03:46 INFO  CommonMethods - Data sucessfully entered on SubCategory_XPATH = Others
2022-10-11 14:03:47 INFO  CommonMethods - Sucessfully clicked on Others_XPATH
2022-10-11 14:03:48 INFO  CommonMethods - Sucessfully clicked on SubSubCategory_XPATH
2022-10-11 14:03:49 INFO  CommonMethods - Data sucessfully entered on SubSubCategory_XPATH = Request
2022-10-11 14:03:50 INFO  CommonMethods - Sucessfully clicked on Request_XPATH
2022-10-11 14:03:51 INFO  CommonMethods - Sucessfully clicked on Subject_XPATH
2022-10-11 14:03:53 INFO  CommonMethods - Data sucessfully entered on Subject_XPATH = Others-Request
2022-10-11 14:03:54 INFO  CommonMethods - Sucessfully clicked on Next111_XPATH
2022-10-11 14:04:01 INFO  ExcelOperation - Write to excel with : Row=1 | Cell =10 | Data =77995655
2022-10-11 14:04:03 INFO  CommonMethods - Sucessfully clicked on Close_XPATH
2022-10-11 14:04:03 ERROR CommonMethods - Not able to switch to parent window no such window: target window already closed
from unknown error: web view not found
  (Session info: chrome=106.0.5249.103)
Build info: version: '4.1.0', revision: '87802e897b'
System info: host: 'DESKTOP-K1PV4OP', ip: '192.168.164.108', os.name: 'Windows 11', os.arch: 'amd64', os.version: '10.0', java.version: '17.0.2'
Driver info: org.openqa.selenium.chrome.ChromeDriver
Command: [2b1ca557fd8a45486d0c1fb9aee87a1e, getCurrentWindowHandle {}]
Capabilities {acceptInsecureCerts: false, browserName: chrome, browserVersion: 106.0.5249.103, chrome: {chromedriverVersion: 106.0.5249.61 (511755355844..., userDataDir: C:\Users\DHIRAJ~1\AppData\L...}, goog:chromeOptions: {debuggerAddress: localhost:65325}, javascriptEnabled: true, networkConnectionEnabled: false, pageLoadStrategy: normal, platform: WINDOWS, platformName: WINDOWS, proxy: Proxy(), se:cdp: ws://localhost:65325/devtoo..., se:cdpVersion: 106.0.5249.103, setWindowRect: true, strictFileInteractability: false, timeouts: {implicit: 0, pageLoad: 300000, script: 30000}, unhandledPromptBehavior: dismiss and notify, webauthn:extension:credBlob: true, webauthn:extension:largeBlob: true, webauthn:virtualAuthenticators: true}
Session ID: 2b1ca557fd8a45486d0c1fb9aee87a1e
2022-10-11 14:05:06 ERROR SetUp - cTAYesResponseTest Get Failed due to 
Expected condition failed: waiting for visibility of element located by By.xpath: //div[@class="header__item header__profile ht-3 mid relative pointer"]/a (tried for 60 second(s) with 500 milliseconds interval)
2022-10-11 14:05:06 ERROR ScreenShot - Unbale to capture screenshot due to no such window: target window already closed
from unknown error: web view not found
  (Session info: chrome=106.0.5249.103)
Build info: version: '4.1.0', revision: '87802e897b'
System info: host: 'DESKTOP-K1PV4OP', ip: '192.168.164.108', os.name: 'Windows 11', os.arch: 'amd64', os.version: '10.0', java.version: '17.0.2'
Driver info: org.openqa.selenium.chrome.ChromeDriver
Command: [2b1ca557fd8a45486d0c1fb9aee87a1e, screenshot {}]
Capabilities {acceptInsecureCerts: false, browserName: chrome, browserVersion: 106.0.5249.103, chrome: {chromedriverVersion: 106.0.5249.61 (511755355844..., userDataDir: C:\Users\DHIRAJ~1\AppData\L...}, goog:chromeOptions: {debuggerAddress: localhost:65325}, javascriptEnabled: true, networkConnectionEnabled: false, pageLoadStrategy: normal, platform: WINDOWS, platformName: WINDOWS, proxy: Proxy(), se:cdp: ws://localhost:65325/devtoo..., se:cdpVersion: 106.0.5249.103, setWindowRect: true, strictFileInteractability: false, timeouts: {implicit: 0, pageLoad: 300000, script: 30000}, unhandledPromptBehavior: dismiss and notify, webauthn:extension:credBlob: true, webauthn:extension:largeBlob: true, webauthn:virtualAuthenticators: true}
Session ID: 2b1ca557fd8a45486d0c1fb9aee87a1e
2022-10-11 14:05:13 INFO  CommonMethods - Row num for TestScenario = cTAYesResponseTest is = 9
2022-10-11 14:05:14 INFO  ExcelOperation - Write to excel with : Row=9 | Cell =5 | Data =Fail
2022-10-11 14:05:53 INFO  CommonMethods - Test Report Mail sent successfully to dhiraj.landge@crmnext.com
2022-10-11 14:12:35 INFO  Utils - [TestNG] Running:
  C:\Users\Dhiraj Landge\eclipse-workspace\Talic_Life_Insurance\src\test\resources\RunnerFiles\testng.xml

2022-10-11 14:12:44 INFO  SetUp - Test Case_cTAYesResponseTest_Successfully Started
2022-10-11 14:12:48 INFO  WebDriverManager - Using chromedriver 106.0.5249.61 (resolved driver for Chrome 106)
2022-10-11 14:12:48 INFO  WebDriverManager - Exporting webdriver.chrome.driver as C:\Users\Dhiraj Landge\.cache\selenium\chromedriver\win32\106.0.5249.61\chromedriver.exe
2022-10-11 14:12:52 INFO  SetUp - Chrome Browser Launched..
2022-10-11 14:12:55 INFO  SetUp - URL : https://talicaia.crmnext.biz/sn7_1/app/login/login
2022-10-11 14:12:55 INFO  CommonMethods - Sucessfully clicked on Username_XPATH
2022-10-11 14:12:57 INFO  CommonMethods - Data sucessfully entered on Username_XPATH = OLAAS33
2022-10-11 14:12:58 INFO  CommonMethods - Sucessfully clicked on password_XPATH
2022-10-11 14:13:00 INFO  CommonMethods - Data sucessfully entered on password_XPATH = acid_qa
2022-10-11 14:13:01 INFO  ScreenShot - ScreenShot captured LoginPage || Status :Pass
2022-10-11 14:13:15 INFO  CommonMethods - Sucessfully clicked on loginBtn_XPATH
2022-10-11 14:13:20 INFO  CommonMethods - Sucessfully clicked on PolicySearch_XPATH
2022-10-11 14:13:20 INFO  ScreenShot - ScreenShot captured QuickLinks || Status :Pass
2022-10-11 14:13:21 INFO  CommonMethods - Sucessfully clicked on PolicyNumber1_XPATH
2022-10-11 14:13:23 INFO  CommonMethods - Data sucessfully entered on PolicyNumber1_XPATH = M337738393
2022-10-11 14:13:24 INFO  CommonMethods - Sucessfully clicked on Fetch_XPATH
2022-10-11 14:13:24 ERROR CommonMethods - Not Sucessfully clicked on Action_XPATH due to :stale element reference: element is not attached to the page document
  (Session info: chrome=106.0.5249.103)
For documentation on this error, please visit: https://selenium.dev/exceptions/#stale_element_reference
Build info: version: '4.1.0', revision: '87802e897b'
System info: host: 'DESKTOP-K1PV4OP', ip: '192.168.164.108', os.name: 'Windows 11', os.arch: 'amd64', os.version: '10.0', java.version: '17.0.2'
Driver info: org.openqa.selenium.chrome.ChromeDriver
Command: [229f62d0ed7f72718c4a792ee0128a37, clickElement {id=9ef371bc-ae39-4321-95e7-29b3fb7461c1}]
Capabilities {acceptInsecureCerts: false, browserName: chrome, browserVersion: 106.0.5249.103, chrome: {chromedriverVersion: 106.0.5249.61 (511755355844..., userDataDir: C:\Users\DHIRAJ~1\AppData\L...}, goog:chromeOptions: {debuggerAddress: localhost:49166}, javascriptEnabled: true, networkConnectionEnabled: false, pageLoadStrategy: normal, platform: WINDOWS, platformName: WINDOWS, proxy: Proxy(), se:cdp: ws://localhost:49166/devtoo..., se:cdpVersion: 106.0.5249.103, setWindowRect: true, strictFileInteractability: false, timeouts: {implicit: 0, pageLoad: 300000, script: 30000}, unhandledPromptBehavior: dismiss and notify, webauthn:extension:credBlob: true, webauthn:extension:largeBlob: true, webauthn:virtualAuthenticators: true}
Element: [[ChromeDriver: chrome on WINDOWS (229f62d0ed7f72718c4a792ee0128a37)] -> xpath: (//span[@class="ff-bold"])[2]]
Session ID: 229f62d0ed7f72718c4a792ee0128a37
2022-10-11 14:13:35 INFO  CommonMethods - Sucessfully clicked on Yes_XPATH
2022-10-11 14:13:54 INFO  CommonMethods - Swiched to Child window name : Call To Action || URL :https://talicaia.crmnext.biz/sn7_1/app/CRMNextObject/StartJourney?x=ypslkb5r3sxgmjugu6njswvhhg7qlgcfgtb5y2p3k56vy7845p6m62m74ngmfsjhk7ydc6uev92qawyayqgbx2dm3b6k7t5nvhsgtt5pythyfxwbqgnkefw6vtlvgsltvwrnbrfcasymmchtgs7ey9m472&winpop=1
2022-10-11 14:13:54 INFO  ScreenShot - ScreenShot captured Childwindow || Status :Pass
2022-10-11 14:13:56 INFO  CommonMethods - Data = Web Sucessfully Selected from dropdown Mode_XPATH
2022-10-11 14:13:56 INFO  CommonMethods - Sucessfully clicked on SubCategory_XPATH
2022-10-11 14:13:58 INFO  CommonMethods - Data sucessfully entered on SubCategory_XPATH = Others
2022-10-11 14:13:59 INFO  CommonMethods - Sucessfully clicked on Others_XPATH
2022-10-11 14:13:59 INFO  CommonMethods - Sucessfully clicked on SubSubCategory_XPATH
2022-10-11 14:14:01 INFO  CommonMethods - Data sucessfully entered on SubSubCategory_XPATH = Request
2022-10-11 14:14:02 INFO  CommonMethods - Sucessfully clicked on Request_XPATH
2022-10-11 14:14:03 INFO  CommonMethods - Sucessfully clicked on Subject_XPATH
2022-10-11 14:14:05 INFO  CommonMethods - Data sucessfully entered on Subject_XPATH = Others-Request
2022-10-11 14:14:06 INFO  CommonMethods - Sucessfully clicked on Next111_XPATH
2022-10-11 14:14:15 INFO  ExcelOperation - Write to excel with : Row=1 | Cell =10 | Data =77995657
2022-10-11 14:14:17 INFO  CommonMethods - Sucessfully clicked on Close_XPATH
2022-10-11 14:14:17 ERROR CommonMethods - Not able switch to window no such window: target window already closed
from unknown error: web view not found
  (Session info: chrome=106.0.5249.103)
Build info: version: '4.1.0', revision: '87802e897b'
System info: host: 'DESKTOP-K1PV4OP', ip: '192.168.164.108', os.name: 'Windows 11', os.arch: 'amd64', os.version: '10.0', java.version: '17.0.2'
Driver info: org.openqa.selenium.chrome.ChromeDriver
Command: [229f62d0ed7f72718c4a792ee0128a37, getCurrentWindowHandle {}]
Capabilities {acceptInsecureCerts: false, browserName: chrome, browserVersion: 106.0.5249.103, chrome: {chromedriverVersion: 106.0.5249.61 (511755355844..., userDataDir: C:\Users\DHIRAJ~1\AppData\L...}, goog:chromeOptions: {debuggerAddress: localhost:49166}, javascriptEnabled: true, networkConnectionEnabled: false, pageLoadStrategy: normal, platform: WINDOWS, platformName: WINDOWS, proxy: Proxy(), se:cdp: ws://localhost:49166/devtoo..., se:cdpVersion: 106.0.5249.103, setWindowRect: true, strictFileInteractability: false, timeouts: {implicit: 0, pageLoad: 300000, script: 30000}, unhandledPromptBehavior: dismiss and notify, webauthn:extension:credBlob: true, webauthn:extension:largeBlob: true, webauthn:virtualAuthenticators: true}
Session ID: 229f62d0ed7f72718c4a792ee0128a37
2022-10-11 14:15:19 ERROR SetUp - cTAYesResponseTest Get Failed due to 
Expected condition failed: waiting for visibility of element located by By.xpath: //div[@class="header__item header__profile ht-3 mid relative pointer"]/a (tried for 60 second(s) with 500 milliseconds interval)
2022-10-11 14:15:19 ERROR ScreenShot - Unbale to capture screenshot due to no such window: target window already closed
from unknown error: web view not found
  (Session info: chrome=106.0.5249.103)
Build info: version: '4.1.0', revision: '87802e897b'
System info: host: 'DESKTOP-K1PV4OP', ip: '192.168.164.108', os.name: 'Windows 11', os.arch: 'amd64', os.version: '10.0', java.version: '17.0.2'
Driver info: org.openqa.selenium.chrome.ChromeDriver
Command: [229f62d0ed7f72718c4a792ee0128a37, screenshot {}]
Capabilities {acceptInsecureCerts: false, browserName: chrome, browserVersion: 106.0.5249.103, chrome: {chromedriverVersion: 106.0.5249.61 (511755355844..., userDataDir: C:\Users\DHIRAJ~1\AppData\L...}, goog:chromeOptions: {debuggerAddress: localhost:49166}, javascriptEnabled: true, networkConnectionEnabled: false, pageLoadStrategy: normal, platform: WINDOWS, platformName: WINDOWS, proxy: Proxy(), se:cdp: ws://localhost:49166/devtoo..., se:cdpVersion: 106.0.5249.103, setWindowRect: true, strictFileInteractability: false, timeouts: {implicit: 0, pageLoad: 300000, script: 30000}, unhandledPromptBehavior: dismiss and notify, webauthn:extension:credBlob: true, webauthn:extension:largeBlob: true, webauthn:virtualAuthenticators: true}
Session ID: 229f62d0ed7f72718c4a792ee0128a37
2022-10-11 14:15:26 INFO  CommonMethods - Row num for TestScenario = cTAYesResponseTest is = 9
2022-10-11 14:15:28 INFO  ExcelOperation - Write to excel with : Row=9 | Cell =5 | Data =Fail
2022-10-11 14:15:34 INFO  CommonMethods - Test Report Mail sent successfully to dhiraj.landge@crmnext.com
2022-10-11 14:22:20 INFO  Utils - [TestNG] Running:
  C:\Users\Dhiraj Landge\eclipse-workspace\Talic_Life_Insurance\src\test\resources\RunnerFiles\testng.xml

2022-10-11 14:22:32 INFO  SetUp - Test Case_cTAYesResponseTest_Successfully Started
2022-10-11 14:22:37 INFO  WebDriverManager - Using chromedriver 106.0.5249.61 (resolved driver for Chrome 106)
2022-10-11 14:22:37 INFO  WebDriverManager - Exporting webdriver.chrome.driver as C:\Users\Dhiraj Landge\.cache\selenium\chromedriver\win32\106.0.5249.61\chromedriver.exe
2022-10-11 14:22:41 INFO  SetUp - Chrome Browser Launched..
2022-10-11 14:22:43 INFO  SetUp - URL : https://talicaia.crmnext.biz/sn7_1/app/login/login
2022-10-11 14:22:43 INFO  CommonMethods - Sucessfully clicked on Username_XPATH
2022-10-11 14:22:45 INFO  CommonMethods - Data sucessfully entered on Username_XPATH = OLAAS33
2022-10-11 14:22:45 INFO  CommonMethods - Sucessfully clicked on password_XPATH
2022-10-11 14:22:47 INFO  CommonMethods - Data sucessfully entered on password_XPATH = acid_qa
2022-10-11 14:22:48 INFO  ScreenShot - ScreenShot captured LoginPage || Status :Pass
2022-10-11 14:22:53 INFO  CommonMethods - Sucessfully clicked on loginBtn_XPATH
2022-10-11 14:22:56 INFO  CommonMethods - Sucessfully clicked on PolicySearch_XPATH
2022-10-11 14:22:56 INFO  ScreenShot - ScreenShot captured QuickLinks || Status :Pass
2022-10-11 14:22:57 INFO  CommonMethods - Sucessfully clicked on PolicyNumber1_XPATH
2022-10-11 14:22:59 INFO  CommonMethods - Data sucessfully entered on PolicyNumber1_XPATH = M337738393
2022-10-11 14:23:00 INFO  CommonMethods - Sucessfully clicked on Fetch_XPATH
2022-10-11 14:23:00 INFO  CommonMethods - Sucessfully clicked on Action_XPATH
2022-10-11 14:23:04 INFO  CommonMethods - Sucessfully clicked on Yes_XPATH
2022-10-11 14:23:11 INFO  CommonMethods - Swiched to Child window name : Call To Action || URL :https://talicaia.crmnext.biz/sn7_1/app/CRMNextObject/StartJourney?x=ypslkb5r3sxgmjugu6njswvhhg7qlgcfgtb5y2p3k56vy7845p6m62m74ngmfsjhk7ydc6uev92qawyayqgbx2dm3b6k7t5nvhsgtt5pythyfxwbqgnkefw6vtlvgsltvwrnbrfcasymmchtgs7ey9m472&winpop=1
2022-10-11 14:23:11 INFO  ScreenShot - ScreenShot captured Childwindow || Status :Pass
2022-10-11 14:23:12 INFO  CommonMethods - Data = Web Sucessfully Selected from dropdown Mode_XPATH
2022-10-11 14:23:13 INFO  CommonMethods - Sucessfully clicked on SubCategory_XPATH
2022-10-11 14:23:15 INFO  CommonMethods - Data sucessfully entered on SubCategory_XPATH = Others
2022-10-11 14:23:16 INFO  CommonMethods - Sucessfully clicked on Others_XPATH
2022-10-11 14:23:16 INFO  CommonMethods - Sucessfully clicked on SubSubCategory_XPATH
2022-10-11 14:23:18 INFO  CommonMethods - Data sucessfully entered on SubSubCategory_XPATH = Request
2022-10-11 14:23:20 INFO  CommonMethods - Sucessfully clicked on Request_XPATH
2022-10-11 14:23:20 INFO  CommonMethods - Sucessfully clicked on Subject_XPATH
2022-10-11 14:23:22 INFO  CommonMethods - Data sucessfully entered on Subject_XPATH = Others-Request
2022-10-11 14:23:23 INFO  CommonMethods - Sucessfully clicked on Next111_XPATH
2022-10-11 14:23:30 INFO  ExcelOperation - Write to excel with : Row=1 | Cell =10 | Data =77995659
2022-10-11 14:23:32 INFO  CommonMethods - Sucessfully clicked on Close_XPATH
2022-10-11 14:23:32 ERROR CommonMethods - Not able switch to window no such window: target window already closed
from unknown error: web view not found
  (Session info: chrome=106.0.5249.103)
Build info: version: '4.1.0', revision: '87802e897b'
System info: host: 'DESKTOP-K1PV4OP', ip: '192.168.0.102', os.name: 'Windows 11', os.arch: 'amd64', os.version: '10.0', java.version: '17.0.2'
Driver info: org.openqa.selenium.chrome.ChromeDriver
Command: [dcd6554d986c52e67be38f9e3683dd4a, getCurrentWindowHandle {}]
Capabilities {acceptInsecureCerts: false, browserName: chrome, browserVersion: 106.0.5249.103, chrome: {chromedriverVersion: 106.0.5249.61 (511755355844..., userDataDir: C:\Users\DHIRAJ~1\AppData\L...}, goog:chromeOptions: {debuggerAddress: localhost:49746}, javascriptEnabled: true, networkConnectionEnabled: false, pageLoadStrategy: normal, platform: WINDOWS, platformName: WINDOWS, proxy: Proxy(), se:cdp: ws://localhost:49746/devtoo..., se:cdpVersion: 106.0.5249.103, setWindowRect: true, strictFileInteractability: false, timeouts: {implicit: 0, pageLoad: 300000, script: 30000}, unhandledPromptBehavior: dismiss and notify, webauthn:extension:credBlob: true, webauthn:extension:largeBlob: true, webauthn:virtualAuthenticators: true}
Session ID: dcd6554d986c52e67be38f9e3683dd4a
2022-10-11 14:24:34 ERROR SetUp - cTAYesResponseTest Get Failed due to 
Expected condition failed: waiting for visibility of element located by By.xpath: //div[@class="header__item header__profile ht-3 mid relative pointer"]/a (tried for 60 second(s) with 500 milliseconds interval)
2022-10-11 14:24:34 ERROR ScreenShot - Unbale to capture screenshot due to no such window: target window already closed
from unknown error: web view not found
  (Session info: chrome=106.0.5249.103)
Build info: version: '4.1.0', revision: '87802e897b'
System info: host: 'DESKTOP-K1PV4OP', ip: '192.168.0.102', os.name: 'Windows 11', os.arch: 'amd64', os.version: '10.0', java.version: '17.0.2'
Driver info: org.openqa.selenium.chrome.ChromeDriver
Command: [dcd6554d986c52e67be38f9e3683dd4a, screenshot {}]
Capabilities {acceptInsecureCerts: false, browserName: chrome, browserVersion: 106.0.5249.103, chrome: {chromedriverVersion: 106.0.5249.61 (511755355844..., userDataDir: C:\Users\DHIRAJ~1\AppData\L...}, goog:chromeOptions: {debuggerAddress: localhost:49746}, javascriptEnabled: true, networkConnectionEnabled: false, pageLoadStrategy: normal, platform: WINDOWS, platformName: WINDOWS, proxy: Proxy(), se:cdp: ws://localhost:49746/devtoo..., se:cdpVersion: 106.0.5249.103, setWindowRect: true, strictFileInteractability: false, timeouts: {implicit: 0, pageLoad: 300000, script: 30000}, unhandledPromptBehavior: dismiss and notify, webauthn:extension:credBlob: true, webauthn:extension:largeBlob: true, webauthn:virtualAuthenticators: true}
Session ID: dcd6554d986c52e67be38f9e3683dd4a
2022-10-11 14:24:39 INFO  CommonMethods - Row num for TestScenario = cTAYesResponseTest is = 9
2022-10-11 14:24:41 INFO  ExcelOperation - Write to excel with : Row=9 | Cell =5 | Data =Fail
2022-10-11 14:24:44 INFO  CommonMethods - Test Report Mail sent successfully to dhiraj.landge@crmnext.com
2022-10-11 14:28:50 INFO  Utils - [TestNG] Running:
  C:\Users\Dhiraj Landge\eclipse-workspace\Talic_Life_Insurance\src\test\resources\RunnerFiles\testng.xml

2022-10-11 14:29:01 INFO  SetUp - Test Case_cTAYesResponseTest_Successfully Started
2022-10-11 14:29:07 INFO  WebDriverManager - Using chromedriver 106.0.5249.61 (resolved driver for Chrome 106)
2022-10-11 14:29:07 INFO  WebDriverManager - Exporting webdriver.chrome.driver as C:\Users\Dhiraj Landge\.cache\selenium\chromedriver\win32\106.0.5249.61\chromedriver.exe
2022-10-11 14:29:10 INFO  SetUp - Chrome Browser Launched..
2022-10-11 14:29:12 INFO  SetUp - URL : https://talicaia.crmnext.biz/sn7_1/app/login/login
2022-10-11 14:29:13 INFO  CommonMethods - Sucessfully clicked on Username_XPATH
2022-10-11 14:29:14 INFO  CommonMethods - Data sucessfully entered on Username_XPATH = OLAAS33
2022-10-11 14:29:15 INFO  CommonMethods - Sucessfully clicked on password_XPATH
2022-10-11 14:29:16 INFO  CommonMethods - Data sucessfully entered on password_XPATH = acid_qa
2022-10-11 14:29:18 INFO  ScreenShot - ScreenShot captured LoginPage || Status :Pass
2022-10-11 14:29:22 INFO  CommonMethods - Sucessfully clicked on loginBtn_XPATH
2022-10-11 14:29:26 INFO  CommonMethods - Sucessfully clicked on PolicySearch_XPATH
2022-10-11 14:29:26 INFO  ScreenShot - ScreenShot captured QuickLinks || Status :Pass
2022-10-11 14:29:26 INFO  CommonMethods - Sucessfully clicked on PolicyNumber1_XPATH
2022-10-11 14:29:28 INFO  CommonMethods - Data sucessfully entered on PolicyNumber1_XPATH = M337738393
2022-10-11 14:29:29 INFO  CommonMethods - Sucessfully clicked on Fetch_XPATH
2022-10-11 14:29:30 INFO  CommonMethods - Sucessfully clicked on Action_XPATH
2022-10-11 14:29:33 INFO  CommonMethods - Sucessfully clicked on Yes_XPATH
2022-10-11 14:29:39 INFO  CommonMethods - Swiched to Child window name : Call To Action || URL :https://talicaia.crmnext.biz/sn7_1/app/CRMNextObject/StartJourney?x=ypslkb5r3sxgmjugu6njswvhhg7qlgcfgtb5y2p3k56vy7845p6m62m74ngmfsjhk7ydc6uev92qawyayqgbx2dm3b6k7t5nvhsgtt5pythyfxwbqgnkefw6vtlvgsltvwrnbrfcasymmchtgs7ey9m472&winpop=1
2022-10-11 14:29:40 INFO  ScreenShot - ScreenShot captured Childwindow || Status :Pass
2022-10-11 14:29:41 INFO  CommonMethods - Data = Web Sucessfully Selected from dropdown Mode_XPATH
2022-10-11 14:29:41 INFO  CommonMethods - Sucessfully clicked on SubCategory_XPATH
2022-10-11 14:29:43 INFO  CommonMethods - Data sucessfully entered on SubCategory_XPATH = Others
2022-10-11 14:29:44 INFO  CommonMethods - Sucessfully clicked on Others_XPATH
2022-10-11 14:29:45 INFO  CommonMethods - Sucessfully clicked on SubSubCategory_XPATH
2022-10-11 14:29:47 INFO  CommonMethods - Data sucessfully entered on SubSubCategory_XPATH = Request
2022-10-11 14:29:48 INFO  CommonMethods - Sucessfully clicked on Request_XPATH
2022-10-11 14:29:49 INFO  CommonMethods - Sucessfully clicked on Subject_XPATH
2022-10-11 14:29:51 INFO  CommonMethods - Data sucessfully entered on Subject_XPATH = Others-Request
2022-10-11 14:29:52 INFO  CommonMethods - Sucessfully clicked on Next111_XPATH
2022-10-11 14:29:58 INFO  ExcelOperation - Write to excel with : Row=1 | Cell =10 | Data =77995661
2022-10-11 14:30:00 INFO  CommonMethods - Sucessfully clicked on Close_XPATH
2022-10-11 14:30:00 ERROR SetUp - cTAYesResponseTest Get Failed due to 
no such window: target window already closed
from unknown error: web view not found
  (Session info: chrome=106.0.5249.103)
Build info: version: '4.1.0', revision: '87802e897b'
System info: host: 'DESKTOP-K1PV4OP', ip: '192.168.0.102', os.name: 'Windows 11', os.arch: 'amd64', os.version: '10.0', java.version: '17.0.2'
Driver info: org.openqa.selenium.chrome.ChromeDriver
Command: [50738bacb80850e5496d68af11bec17c, getCurrentWindowHandle {}]
Capabilities {acceptInsecureCerts: false, browserName: chrome, browserVersion: 106.0.5249.103, chrome: {chromedriverVersion: 106.0.5249.61 (511755355844..., userDataDir: C:\Users\DHIRAJ~1\AppData\L...}, goog:chromeOptions: {debuggerAddress: localhost:50296}, javascriptEnabled: true, networkConnectionEnabled: false, pageLoadStrategy: normal, platform: WINDOWS, platformName: WINDOWS, proxy: Proxy(), se:cdp: ws://localhost:50296/devtoo..., se:cdpVersion: 106.0.5249.103, setWindowRect: true, strictFileInteractability: false, timeouts: {implicit: 0, pageLoad: 300000, script: 30000}, unhandledPromptBehavior: dismiss and notify, webauthn:extension:credBlob: true, webauthn:extension:largeBlob: true, webauthn:virtualAuthenticators: true}
Session ID: 50738bacb80850e5496d68af11bec17c
2022-10-11 14:30:00 ERROR ScreenShot - Unbale to capture screenshot due to no such window: target window already closed
from unknown error: web view not found
  (Session info: chrome=106.0.5249.103)
Build info: version: '4.1.0', revision: '87802e897b'
System info: host: 'DESKTOP-K1PV4OP', ip: '192.168.0.102', os.name: 'Windows 11', os.arch: 'amd64', os.version: '10.0', java.version: '17.0.2'
Driver info: org.openqa.selenium.chrome.ChromeDriver
Command: [50738bacb80850e5496d68af11bec17c, screenshot {}]
Capabilities {acceptInsecureCerts: false, browserName: chrome, browserVersion: 106.0.5249.103, chrome: {chromedriverVersion: 106.0.5249.61 (511755355844..., userDataDir: C:\Users\DHIRAJ~1\AppData\L...}, goog:chromeOptions: {debuggerAddress: localhost:50296}, javascriptEnabled: true, networkConnectionEnabled: false, pageLoadStrategy: normal, platform: WINDOWS, platformName: WINDOWS, proxy: Proxy(), se:cdp: ws://localhost:50296/devtoo..., se:cdpVersion: 106.0.5249.103, setWindowRect: true, strictFileInteractability: false, timeouts: {implicit: 0, pageLoad: 300000, script: 30000}, unhandledPromptBehavior: dismiss and notify, webauthn:extension:credBlob: true, webauthn:extension:largeBlob: true, webauthn:virtualAuthenticators: true}
Session ID: 50738bacb80850e5496d68af11bec17c
2022-10-11 14:30:07 INFO  CommonMethods - Row num for TestScenario = cTAYesResponseTest is = 9
2022-10-11 14:30:09 INFO  ExcelOperation - Write to excel with : Row=9 | Cell =5 | Data =Fail
2022-10-11 14:30:13 INFO  CommonMethods - Test Report Mail sent successfully to dhiraj.landge@crmnext.com
2022-10-11 14:33:19 INFO  Utils - [TestNG] Running:
  C:\Users\Dhiraj Landge\eclipse-workspace\Talic_Life_Insurance\src\test\resources\RunnerFiles\testng.xml

2022-10-11 14:33:31 INFO  SetUp - Test Case_cTAYesResponseTest_Successfully Started
2022-10-11 14:33:37 INFO  WebDriverManager - Using chromedriver 106.0.5249.61 (resolved driver for Chrome 106)
2022-10-11 14:33:37 INFO  WebDriverManager - Exporting webdriver.chrome.driver as C:\Users\Dhiraj Landge\.cache\selenium\chromedriver\win32\106.0.5249.61\chromedriver.exe
2022-10-11 14:33:41 INFO  SetUp - Chrome Browser Launched..
2022-10-11 14:33:43 INFO  SetUp - URL : https://talicaia.crmnext.biz/sn7_1/app/login/login
2022-10-11 14:33:43 INFO  CommonMethods - Sucessfully clicked on Username_XPATH
2022-10-11 14:33:45 INFO  CommonMethods - Data sucessfully entered on Username_XPATH = OLAAS33
2022-10-11 14:33:46 INFO  CommonMethods - Sucessfully clicked on password_XPATH
2022-10-11 14:33:47 INFO  CommonMethods - Data sucessfully entered on password_XPATH = acid_qa
2022-10-11 14:33:49 INFO  ScreenShot - ScreenShot captured LoginPage || Status :Pass
2022-10-11 14:33:53 INFO  CommonMethods - Sucessfully clicked on loginBtn_XPATH
2022-10-11 14:33:57 INFO  CommonMethods - Sucessfully clicked on PolicySearch_XPATH
2022-10-11 14:33:57 INFO  ScreenShot - ScreenShot captured QuickLinks || Status :Pass
2022-10-11 14:33:57 INFO  CommonMethods - Sucessfully clicked on PolicyNumber1_XPATH
2022-10-11 14:34:00 INFO  CommonMethods - Data sucessfully entered on PolicyNumber1_XPATH = M337738393
2022-10-11 14:34:01 INFO  CommonMethods - Sucessfully clicked on Fetch_XPATH
2022-10-11 14:34:02 INFO  CommonMethods - Sucessfully clicked on Action_XPATH
2022-10-11 14:34:05 INFO  CommonMethods - Sucessfully clicked on Yes_XPATH
2022-10-11 14:34:12 INFO  CommonMethods - Swiched to Child window name : Call To Action || URL :https://talicaia.crmnext.biz/sn7_1/app/CRMNextObject/StartJourney?x=ypslkb5r3sxgmjugu6njswvhhg7qlgcfgtb5y2p3k56vy7845p6m62m74ngmfsjhk7ydc6uev92qawyayqgbx2dm3b6k7t5nvhsgtt5pythyfxwbqgnkefw6vtlvgsltvwrnbrfcasymmchtgs7ey9m472&winpop=1
2022-10-11 14:34:12 INFO  ScreenShot - ScreenShot captured Childwindow || Status :Pass
2022-10-11 14:34:13 INFO  CommonMethods - Data = Web Sucessfully Selected from dropdown Mode_XPATH
2022-10-11 14:34:14 INFO  CommonMethods - Sucessfully clicked on SubCategory_XPATH
2022-10-11 14:34:15 INFO  CommonMethods - Data sucessfully entered on SubCategory_XPATH = Others
2022-10-11 14:34:17 INFO  CommonMethods - Sucessfully clicked on Others_XPATH
2022-10-11 14:34:18 INFO  CommonMethods - Sucessfully clicked on SubSubCategory_XPATH
2022-10-11 14:34:19 INFO  CommonMethods - Data sucessfully entered on SubSubCategory_XPATH = Request
2022-10-11 14:34:21 INFO  CommonMethods - Sucessfully clicked on Request_XPATH
2022-10-11 14:34:22 INFO  CommonMethods - Sucessfully clicked on Subject_XPATH
2022-10-11 14:34:24 INFO  CommonMethods - Data sucessfully entered on Subject_XPATH = Others-Request
2022-10-11 14:34:25 INFO  CommonMethods - Sucessfully clicked on Next111_XPATH
2022-10-11 14:34:31 INFO  ExcelOperation - Write to excel with : Row=1 | Cell =10 | Data =77995662
2022-10-11 14:34:33 INFO  CommonMethods - Sucessfully clicked on Close_XPATH
2022-10-11 14:34:35 ERROR SetUp - cTAYesResponseTest Get Failed due to 
no such window: target window already closed
from unknown error: web view not found
  (Session info: chrome=106.0.5249.103)
Build info: version: '4.1.0', revision: '87802e897b'
System info: host: 'DESKTOP-K1PV4OP', ip: '192.168.0.102', os.name: 'Windows 11', os.arch: 'amd64', os.version: '10.0', java.version: '17.0.2'
Driver info: org.openqa.selenium.chrome.ChromeDriver
Command: [67166d3ddf05c9ab298e56096674524f, getCurrentWindowHandle {}]
Capabilities {acceptInsecureCerts: false, browserName: chrome, browserVersion: 106.0.5249.103, chrome: {chromedriverVersion: 106.0.5249.61 (511755355844..., userDataDir: C:\Users\DHIRAJ~1\AppData\L...}, goog:chromeOptions: {debuggerAddress: localhost:50874}, javascriptEnabled: true, networkConnectionEnabled: false, pageLoadStrategy: normal, platform: WINDOWS, platformName: WINDOWS, proxy: Proxy(), se:cdp: ws://localhost:50874/devtoo..., se:cdpVersion: 106.0.5249.103, setWindowRect: true, strictFileInteractability: false, timeouts: {implicit: 0, pageLoad: 300000, script: 30000}, unhandledPromptBehavior: dismiss and notify, webauthn:extension:credBlob: true, webauthn:extension:largeBlob: true, webauthn:virtualAuthenticators: true}
Session ID: 67166d3ddf05c9ab298e56096674524f
2022-10-11 14:34:35 ERROR ScreenShot - Unbale to capture screenshot due to no such window: target window already closed
from unknown error: web view not found
  (Session info: chrome=106.0.5249.103)
Build info: version: '4.1.0', revision: '87802e897b'
System info: host: 'DESKTOP-K1PV4OP', ip: '192.168.0.102', os.name: 'Windows 11', os.arch: 'amd64', os.version: '10.0', java.version: '17.0.2'
Driver info: org.openqa.selenium.chrome.ChromeDriver
Command: [67166d3ddf05c9ab298e56096674524f, screenshot {}]
Capabilities {acceptInsecureCerts: false, browserName: chrome, browserVersion: 106.0.5249.103, chrome: {chromedriverVersion: 106.0.5249.61 (511755355844..., userDataDir: C:\Users\DHIRAJ~1\AppData\L...}, goog:chromeOptions: {debuggerAddress: localhost:50874}, javascriptEnabled: true, networkConnectionEnabled: false, pageLoadStrategy: normal, platform: WINDOWS, platformName: WINDOWS, proxy: Proxy(), se:cdp: ws://localhost:50874/devtoo..., se:cdpVersion: 106.0.5249.103, setWindowRect: true, strictFileInteractability: false, timeouts: {implicit: 0, pageLoad: 300000, script: 30000}, unhandledPromptBehavior: dismiss and notify, webauthn:extension:credBlob: true, webauthn:extension:largeBlob: true, webauthn:virtualAuthenticators: true}
Session ID: 67166d3ddf05c9ab298e56096674524f
2022-10-11 14:34:43 INFO  CommonMethods - Row num for TestScenario = cTAYesResponseTest is = 9
2022-10-11 14:34:45 INFO  ExcelOperation - Write to excel with : Row=9 | Cell =5 | Data =Fail
2022-10-11 14:34:49 INFO  CommonMethods - Test Report Mail sent successfully to dhiraj.landge@crmnext.com
2022-10-11 14:35:26 INFO  Utils - [TestNG] Running:
  C:\Users\Dhiraj Landge\eclipse-workspace\Talic_Life_Insurance\src\test\resources\RunnerFiles\testng.xml

2022-10-11 14:35:38 INFO  SetUp - Test Case_cTAYesResponseTest_Successfully Started
2022-10-11 14:35:44 INFO  WebDriverManager - Using chromedriver 106.0.5249.61 (resolved driver for Chrome 106)
2022-10-11 14:35:44 INFO  WebDriverManager - Exporting webdriver.chrome.driver as C:\Users\Dhiraj Landge\.cache\selenium\chromedriver\win32\106.0.5249.61\chromedriver.exe
2022-10-11 14:35:48 INFO  SetUp - Chrome Browser Launched..
2022-10-11 14:35:50 INFO  SetUp - URL : https://talicaia.crmnext.biz/sn7_1/app/login/login
2022-10-11 14:35:50 INFO  CommonMethods - Sucessfully clicked on Username_XPATH
2022-10-11 14:35:51 INFO  CommonMethods - Data sucessfully entered on Username_XPATH = OLAAS33
2022-10-11 14:35:52 INFO  CommonMethods - Sucessfully clicked on password_XPATH
2022-10-11 14:35:54 INFO  CommonMethods - Data sucessfully entered on password_XPATH = acid_qa
2022-10-11 14:35:56 INFO  ScreenShot - ScreenShot captured LoginPage || Status :Pass
2022-10-11 14:36:00 INFO  CommonMethods - Sucessfully clicked on loginBtn_XPATH
2022-10-11 14:36:03 INFO  CommonMethods - Sucessfully clicked on PolicySearch_XPATH
2022-10-11 14:36:04 INFO  ScreenShot - ScreenShot captured QuickLinks || Status :Pass
2022-10-11 14:36:04 INFO  CommonMethods - Sucessfully clicked on PolicyNumber1_XPATH
2022-10-11 14:36:06 INFO  CommonMethods - Data sucessfully entered on PolicyNumber1_XPATH = M337738393
2022-10-11 14:36:07 INFO  CommonMethods - Sucessfully clicked on Fetch_XPATH
2022-10-11 14:36:08 INFO  CommonMethods - Sucessfully clicked on Action_XPATH
2022-10-11 14:36:11 INFO  CommonMethods - Sucessfully clicked on Yes_XPATH
2022-10-11 14:36:18 INFO  CommonMethods - Swiched to Child window name : Call To Action || URL :https://talicaia.crmnext.biz/sn7_1/app/CRMNextObject/StartJourney?x=ypslkb5r3sxgmjugu6njswvhhg7qlgcfgtb5y2p3k56vy7845p6m62m74ngmfsjhk7ydc6uev92qawyayqgbx2dm3b6k7t5nvhsgtt5pythyfxwbqgnkefw6vtlvgsltvwrnbrfcasymmchtgs7ey9m472&winpop=1
2022-10-11 14:36:18 INFO  ScreenShot - ScreenShot captured Childwindow || Status :Pass
2022-10-11 14:36:20 INFO  CommonMethods - Data = Web Sucessfully Selected from dropdown Mode_XPATH
2022-10-11 14:36:20 INFO  CommonMethods - Sucessfully clicked on SubCategory_XPATH
2022-10-11 14:36:22 INFO  CommonMethods - Data sucessfully entered on SubCategory_XPATH = Others
2022-10-11 14:36:24 INFO  CommonMethods - Sucessfully clicked on Others_XPATH
2022-10-11 14:36:24 INFO  CommonMethods - Sucessfully clicked on SubSubCategory_XPATH
2022-10-11 14:36:26 INFO  CommonMethods - Data sucessfully entered on SubSubCategory_XPATH = Request
2022-10-11 14:36:28 INFO  CommonMethods - Sucessfully clicked on Request_XPATH
2022-10-11 14:36:28 INFO  CommonMethods - Sucessfully clicked on Subject_XPATH
2022-10-11 14:36:30 INFO  CommonMethods - Data sucessfully entered on Subject_XPATH = Others-Request
2022-10-11 14:36:32 INFO  CommonMethods - Sucessfully clicked on Next111_XPATH
2022-10-11 14:36:38 INFO  ExcelOperation - Write to excel with : Row=1 | Cell =10 | Data =77995663
2022-10-11 14:36:40 INFO  CommonMethods - Sucessfully clicked on Close_XPATH
2022-10-11 14:36:42 ERROR CommonMethods - Not able switch to window no such window: target window already closed
from unknown error: web view not found
  (Session info: chrome=106.0.5249.103)
Build info: version: '4.1.0', revision: '87802e897b'
System info: host: 'DESKTOP-K1PV4OP', ip: '192.168.0.102', os.name: 'Windows 11', os.arch: 'amd64', os.version: '10.0', java.version: '17.0.2'
Driver info: org.openqa.selenium.chrome.ChromeDriver
Command: [4e7de16b7fbe6e67454849b1fd831c04, getCurrentWindowHandle {}]
Capabilities {acceptInsecureCerts: false, browserName: chrome, browserVersion: 106.0.5249.103, chrome: {chromedriverVersion: 106.0.5249.61 (511755355844..., userDataDir: C:\Users\DHIRAJ~1\AppData\L...}, goog:chromeOptions: {debuggerAddress: localhost:51007}, javascriptEnabled: true, networkConnectionEnabled: false, pageLoadStrategy: normal, platform: WINDOWS, platformName: WINDOWS, proxy: Proxy(), se:cdp: ws://localhost:51007/devtoo..., se:cdpVersion: 106.0.5249.103, setWindowRect: true, strictFileInteractability: false, timeouts: {implicit: 0, pageLoad: 300000, script: 30000}, unhandledPromptBehavior: dismiss and notify, webauthn:extension:credBlob: true, webauthn:extension:largeBlob: true, webauthn:virtualAuthenticators: true}
Session ID: 4e7de16b7fbe6e67454849b1fd831c04
2022-10-11 14:37:44 ERROR SetUp - cTAYesResponseTest Get Failed due to 
Expected condition failed: waiting for visibility of element located by By.xpath: //div[@class="header__item header__profile ht-3 mid relative pointer"]/a (tried for 60 second(s) with 500 milliseconds interval)
2022-10-11 14:37:44 ERROR ScreenShot - Unbale to capture screenshot due to no such window: target window already closed
from unknown error: web view not found
  (Session info: chrome=106.0.5249.103)
Build info: version: '4.1.0', revision: '87802e897b'
System info: host: 'DESKTOP-K1PV4OP', ip: '192.168.0.102', os.name: 'Windows 11', os.arch: 'amd64', os.version: '10.0', java.version: '17.0.2'
Driver info: org.openqa.selenium.chrome.ChromeDriver
Command: [4e7de16b7fbe6e67454849b1fd831c04, screenshot {}]
Capabilities {acceptInsecureCerts: false, browserName: chrome, browserVersion: 106.0.5249.103, chrome: {chromedriverVersion: 106.0.5249.61 (511755355844..., userDataDir: C:\Users\DHIRAJ~1\AppData\L...}, goog:chromeOptions: {debuggerAddress: localhost:51007}, javascriptEnabled: true, networkConnectionEnabled: false, pageLoadStrategy: normal, platform: WINDOWS, platformName: WINDOWS, proxy: Proxy(), se:cdp: ws://localhost:51007/devtoo..., se:cdpVersion: 106.0.5249.103, setWindowRect: true, strictFileInteractability: false, timeouts: {implicit: 0, pageLoad: 300000, script: 30000}, unhandledPromptBehavior: dismiss and notify, webauthn:extension:credBlob: true, webauthn:extension:largeBlob: true, webauthn:virtualAuthenticators: true}
Session ID: 4e7de16b7fbe6e67454849b1fd831c04
2022-10-11 14:37:52 INFO  CommonMethods - Row num for TestScenario = cTAYesResponseTest is = 9
2022-10-11 14:37:54 INFO  ExcelOperation - Write to excel with : Row=9 | Cell =5 | Data =Fail
2022-10-11 14:37:59 INFO  CommonMethods - Test Report Mail sent successfully to dhiraj.landge@crmnext.com
2022-10-11 14:44:12 INFO  Utils - [TestNG] Running:
  C:\Users\Dhiraj Landge\eclipse-workspace\Talic_Life_Insurance\src\test\resources\RunnerFiles\testng.xml

2022-10-11 14:44:22 INFO  SetUp - Test Case_cTAYesResponseTest_Successfully Started
2022-10-11 14:44:28 INFO  WebDriverManager - Using chromedriver 106.0.5249.61 (resolved driver for Chrome 106)
2022-10-11 14:44:28 INFO  WebDriverManager - Exporting webdriver.chrome.driver as C:\Users\Dhiraj Landge\.cache\selenium\chromedriver\win32\106.0.5249.61\chromedriver.exe
2022-10-11 14:44:31 INFO  SetUp - Chrome Browser Launched..
2022-10-11 14:44:33 INFO  SetUp - URL : https://talicaia.crmnext.biz/sn7_1/app/login/login
2022-10-11 14:44:33 INFO  CommonMethods - Sucessfully clicked on Username_XPATH
2022-10-11 14:44:34 INFO  CommonMethods - Data sucessfully entered on Username_XPATH = OLAAS33
2022-10-11 14:44:35 INFO  CommonMethods - Sucessfully clicked on password_XPATH
2022-10-11 14:44:37 INFO  CommonMethods - Data sucessfully entered on password_XPATH = acid_qa
2022-10-11 14:44:38 INFO  ScreenShot - ScreenShot captured LoginPage || Status :Pass
2022-10-11 14:44:42 INFO  CommonMethods - Sucessfully clicked on loginBtn_XPATH
2022-10-11 14:44:45 INFO  CommonMethods - Sucessfully clicked on PolicySearch_XPATH
2022-10-11 14:44:45 INFO  ScreenShot - ScreenShot captured QuickLinks || Status :Pass
2022-10-11 14:44:46 INFO  CommonMethods - Sucessfully clicked on PolicyNumber1_XPATH
2022-10-11 14:44:48 INFO  CommonMethods - Data sucessfully entered on PolicyNumber1_XPATH = M337738393
2022-10-11 14:44:49 INFO  CommonMethods - Sucessfully clicked on Fetch_XPATH
2022-10-11 14:44:50 INFO  CommonMethods - Sucessfully clicked on Action_XPATH
2022-10-11 14:44:53 INFO  CommonMethods - Sucessfully clicked on Yes_XPATH
2022-10-11 14:45:00 INFO  CommonMethods - Swiched to Child window name : Call To Action || URL :https://talicaia.crmnext.biz/sn7_1/app/CRMNextObject/StartJourney?x=ypslkb5r3sxgmjugu6njswvhhg7qlgcfgtb5y2p3k56vy7845p6m62m74ngmfsjhk7ydc6uev92qawyayqgbx2dm3b6k7t5nvhsgtt5pythyfxwbqgnkefw6vtlvgsltvwrnbrfcasymmchtgs7ey9m472&winpop=1
2022-10-11 14:45:00 INFO  ScreenShot - ScreenShot captured Childwindow || Status :Pass
2022-10-11 14:45:01 INFO  CommonMethods - Data = Web Sucessfully Selected from dropdown Mode_XPATH
2022-10-11 14:45:01 INFO  CommonMethods - Sucessfully clicked on SubCategory_XPATH
2022-10-11 14:45:03 INFO  CommonMethods - Data sucessfully entered on SubCategory_XPATH = Others
2022-10-11 14:45:04 INFO  CommonMethods - Sucessfully clicked on Others_XPATH
2022-10-11 14:45:05 INFO  CommonMethods - Sucessfully clicked on SubSubCategory_XPATH
2022-10-11 14:45:06 INFO  CommonMethods - Data sucessfully entered on SubSubCategory_XPATH = Request
2022-10-11 14:45:08 INFO  CommonMethods - Sucessfully clicked on Request_XPATH
2022-10-11 14:45:08 INFO  CommonMethods - Sucessfully clicked on Subject_XPATH
2022-10-11 14:45:10 INFO  CommonMethods - Data sucessfully entered on Subject_XPATH = Others-Request
2022-10-11 14:45:12 INFO  CommonMethods - Sucessfully clicked on Next111_XPATH
2022-10-11 14:45:21 INFO  ExcelOperation - Write to excel with : Row=1 | Cell =10 | Data =77995664
2022-10-11 14:45:23 INFO  CommonMethods - Sucessfully clicked on Close_XPATH
2022-10-11 14:46:27 ERROR SetUp - cTAYesResponseTest Get Failed due to 
Expected condition failed: waiting for visibility of element located by By.xpath: //div[@class="header__item header__profile ht-3 mid relative pointer"]/a (tried for 60 second(s) with 500 milliseconds interval)
2022-10-11 14:46:27 ERROR ScreenShot - Unbale to capture screenshot due to no such window: target window already closed
from unknown error: web view not found
  (Session info: chrome=106.0.5249.103)
Build info: version: '4.1.0', revision: '87802e897b'
System info: host: 'DESKTOP-K1PV4OP', ip: '192.168.0.102', os.name: 'Windows 11', os.arch: 'amd64', os.version: '10.0', java.version: '17.0.2'
Driver info: org.openqa.selenium.chrome.ChromeDriver
Command: [d6553d9ec554ae8884047303ba01c00d, screenshot {}]
Capabilities {acceptInsecureCerts: false, browserName: chrome, browserVersion: 106.0.5249.103, chrome: {chromedriverVersion: 106.0.5249.61 (511755355844..., userDataDir: C:\Users\DHIRAJ~1\AppData\L...}, goog:chromeOptions: {debuggerAddress: localhost:51519}, javascriptEnabled: true, networkConnectionEnabled: false, pageLoadStrategy: normal, platform: WINDOWS, platformName: WINDOWS, proxy: Proxy(), se:cdp: ws://localhost:51519/devtoo..., se:cdpVersion: 106.0.5249.103, setWindowRect: true, strictFileInteractability: false, timeouts: {implicit: 0, pageLoad: 300000, script: 30000}, unhandledPromptBehavior: dismiss and notify, webauthn:extension:credBlob: true, webauthn:extension:largeBlob: true, webauthn:virtualAuthenticators: true}
Session ID: d6553d9ec554ae8884047303ba01c00d
2022-10-11 14:46:33 INFO  CommonMethods - Row num for TestScenario = cTAYesResponseTest is = 9
2022-10-11 14:46:35 INFO  ExcelOperation - Write to excel with : Row=9 | Cell =5 | Data =Fail
2022-10-11 14:46:39 INFO  CommonMethods - Test Report Mail sent successfully to dhiraj.landge@crmnext.com
2022-10-11 14:56:14 INFO  Utils - [TestNG] Running:
  C:\Users\Dhiraj Landge\eclipse-workspace\Talic_Life_Insurance\src\test\resources\RunnerFiles\testng.xml

2022-10-11 14:56:20 INFO  SetUp - Test Case_cTAYesResponseTest_Successfully Started
2022-10-11 14:56:23 INFO  WebDriverManager - Using chromedriver 106.0.5249.61 (resolved driver for Chrome 106)
2022-10-11 14:56:23 INFO  WebDriverManager - Exporting webdriver.chrome.driver as C:\Users\Dhiraj Landge\.cache\selenium\chromedriver\win32\106.0.5249.61\chromedriver.exe
2022-10-11 14:56:25 INFO  SetUp - Chrome Browser Launched..
2022-10-11 14:56:27 INFO  SetUp - URL : https://talicaia.crmnext.biz/sn7_1/app/login/login
2022-10-11 14:56:27 INFO  CommonMethods - Sucessfully clicked on Username_XPATH
2022-10-11 14:56:27 INFO  CommonMethods - Data sucessfully entered on Username_XPATH = OLAAS33
2022-10-11 14:56:28 INFO  CommonMethods - Sucessfully clicked on password_XPATH
2022-10-11 14:56:28 INFO  CommonMethods - Data sucessfully entered on password_XPATH = acid_qa
2022-10-11 14:56:29 INFO  ScreenShot - ScreenShot captured LoginPage || Status :Pass
2022-10-11 14:56:42 INFO  CommonMethods - Sucessfully clicked on loginBtn_XPATH
2022-10-11 14:56:47 INFO  CommonMethods - Sucessfully clicked on PolicySearch_XPATH
2022-10-11 14:56:47 INFO  ScreenShot - ScreenShot captured QuickLinks || Status :Pass
2022-10-11 14:56:48 INFO  CommonMethods - Sucessfully clicked on PolicyNumber1_XPATH
2022-10-11 14:56:49 INFO  CommonMethods - Data sucessfully entered on PolicyNumber1_XPATH = M337738393
2022-10-11 14:56:49 INFO  CommonMethods - Sucessfully clicked on Fetch_XPATH
2022-10-11 14:56:49 ERROR CommonMethods - Not Sucessfully clicked on Action_XPATH due to :stale element reference: element is not attached to the page document
  (Session info: chrome=106.0.5249.103)
For documentation on this error, please visit: https://selenium.dev/exceptions/#stale_element_reference
Build info: version: '4.1.0', revision: '87802e897b'
System info: host: 'DESKTOP-K1PV4OP', ip: '192.168.164.108', os.name: 'Windows 11', os.arch: 'amd64', os.version: '10.0', java.version: '17.0.2'
Driver info: org.openqa.selenium.chrome.ChromeDriver
Command: [126b793cbe694013f1d3afd26a319038, clickElement {id=d7640cf5-6fc9-454d-a70b-4f312d925c98}]
Capabilities {acceptInsecureCerts: false, browserName: chrome, browserVersion: 106.0.5249.103, chrome: {chromedriverVersion: 106.0.5249.61 (511755355844..., userDataDir: C:\Users\DHIRAJ~1\AppData\L...}, goog:chromeOptions: {debuggerAddress: localhost:51783}, javascriptEnabled: true, networkConnectionEnabled: false, pageLoadStrategy: normal, platform: WINDOWS, platformName: WINDOWS, proxy: Proxy(), se:cdp: ws://localhost:51783/devtoo..., se:cdpVersion: 106.0.5249.103, setWindowRect: true, strictFileInteractability: false, timeouts: {implicit: 0, pageLoad: 300000, script: 30000}, unhandledPromptBehavior: dismiss and notify, webauthn:extension:credBlob: true, webauthn:extension:largeBlob: true, webauthn:virtualAuthenticators: true}
Element: [[ChromeDriver: chrome on WINDOWS (126b793cbe694013f1d3afd26a319038)] -> xpath: (//span[@class="ff-bold"])[2]]
Session ID: 126b793cbe694013f1d3afd26a319038
2022-10-11 14:56:57 INFO  CommonMethods - Sucessfully clicked on Yes_XPATH
2022-10-11 14:57:05 INFO  CommonMethods - Swiched to Child window name : Call To Action || URL :https://talicaia.crmnext.biz/sn7_1/app/CRMNextObject/StartJourney?x=ypslkb5r3sxgmjugu6njswvhhg7qlgcfgtb5y2p3k56vy7845p6m62m74ngmfsjhk7ydc6uev92qawyayqgbx2dm3b6k7t5nvhsgtt5pythyfxwbqgnkefw6vtlvgsltvwrnbrfcasymmchtgs7ey9m472&winpop=1
2022-10-11 14:57:05 INFO  ScreenShot - ScreenShot captured Childwindow || Status :Pass
2022-10-11 14:57:06 INFO  CommonMethods - Data = Web Sucessfully Selected from dropdown Mode_XPATH
2022-10-11 14:57:06 INFO  CommonMethods - Sucessfully clicked on SubCategory_XPATH
2022-10-11 14:57:07 INFO  CommonMethods - Data sucessfully entered on SubCategory_XPATH = Others
2022-10-11 14:57:08 INFO  CommonMethods - Sucessfully clicked on Others_XPATH
2022-10-11 14:57:08 INFO  CommonMethods - Sucessfully clicked on SubSubCategory_XPATH
2022-10-11 14:57:09 INFO  CommonMethods - Data sucessfully entered on SubSubCategory_XPATH = Request
2022-10-11 14:57:09 INFO  CommonMethods - Sucessfully clicked on Request_XPATH
2022-10-11 14:57:10 INFO  CommonMethods - Sucessfully clicked on Subject_XPATH
2022-10-11 14:57:11 INFO  CommonMethods - Data sucessfully entered on Subject_XPATH = Others-Request
2022-10-11 14:57:11 INFO  CommonMethods - Sucessfully clicked on Next111_XPATH
2022-10-11 14:57:25 INFO  ExcelOperation - Write to excel with : Row=1 | Cell =10 | Data =77995665
2022-10-11 14:57:26 INFO  CommonMethods - Sucessfully clicked on Close_XPATH
2022-10-11 14:57:26 INFO  CommonMethods - Swiched to parent window Mansi - CRMnext - Smart.Easy.Complete with ID CDwindow-70E4A20DAFD5DB16BD37441BBAF9ADAB
2022-10-11 14:57:28 INFO  CommonMethods - Sucessfully clicked on ProfileBtn_XPATH
2022-10-11 14:57:29 INFO  CommonMethods - Sucessfully clicked on logoutBtn_XPATH
2022-10-11 14:57:29 INFO  LoginPage - Sucessfully logout..
2022-10-11 14:57:29 INFO  SetUp - Test Case_cTAYesResponseTest_Successfully Passed
2022-10-11 14:57:33 INFO  CommonMethods - Row num for TestScenario = cTAYesResponseTest is = 9
2022-10-11 14:57:34 INFO  ExcelOperation - Write to excel with : Row=9 | Cell =5 | Data =Pass
2022-10-11 14:57:36 WARN  WebSocketHandler - onError
java.net.SocketException: Connection reset
	at sun.nio.ch.SocketChannelImpl.throwConnectionReset(SocketChannelImpl.java:394) ~[?:?]
	at sun.nio.ch.SocketChannelImpl.read(SocketChannelImpl.java:426) ~[?:?]
	at io.netty.buffer.PooledByteBuf.setBytes(PooledByteBuf.java:253) ~[netty-buffer-4.1.69.Final.jar:4.1.69.Final]
	at io.netty.buffer.AbstractByteBuf.writeBytes(AbstractByteBuf.java:1132) ~[netty-buffer-4.1.69.Final.jar:4.1.69.Final]
	at io.netty.channel.socket.nio.NioSocketChannel.doReadBytes(NioSocketChannel.java:350) ~[netty-transport-4.1.69.Final.jar:4.1.69.Final]
	at io.netty.channel.nio.AbstractNioByteChannel$NioByteUnsafe.read(AbstractNioByteChannel.java:151) [netty-transport-4.1.69.Final.jar:4.1.69.Final]
	at io.netty.channel.nio.NioEventLoop.processSelectedKey(NioEventLoop.java:719) [netty-transport-4.1.69.Final.jar:4.1.69.Final]
	at io.netty.channel.nio.NioEventLoop.processSelectedKeysOptimized(NioEventLoop.java:655) [netty-transport-4.1.69.Final.jar:4.1.69.Final]
	at io.netty.channel.nio.NioEventLoop.processSelectedKeys(NioEventLoop.java:581) [netty-transport-4.1.69.Final.jar:4.1.69.Final]
	at io.netty.channel.nio.NioEventLoop.run(NioEventLoop.java:493) [netty-transport-4.1.69.Final.jar:4.1.69.Final]
	at io.netty.util.concurrent.SingleThreadEventExecutor$4.run(SingleThreadEventExecutor.java:986) [netty-common-4.1.69.Final.jar:4.1.69.Final]
	at io.netty.util.internal.ThreadExecutorMap$2.run(ThreadExecutorMap.java:74) [netty-common-4.1.69.Final.jar:4.1.69.Final]
	at io.netty.util.concurrent.FastThreadLocalRunnable.run(FastThreadLocalRunnable.java:30) [netty-common-4.1.69.Final.jar:4.1.69.Final]
	at java.lang.Thread.run(Thread.java:833) [?:?]
2022-10-11 14:57:36 INFO  SetUp - Browser Closed..
2022-10-11 14:57:40 INFO  CommonMethods - Test Report Mail sent successfully to dhiraj.landge@crmnext.com
2022-10-11 15:09:34 INFO  ExtentReporterNG - Extent report Directory is created!
2022-10-11 15:09:37 INFO  Utils - [TestNG] Running:
  C:\Users\Dhiraj Landge\eclipse-workspace\Talic_Life_Insurance\src\test\resources\RunnerFiles\testng.xml

2022-10-11 15:09:43 INFO  SetUp - Test Case_cTAYesResponseTest_Successfully Started
2022-10-11 15:09:46 INFO  WebDriverManager - Using chromedriver 106.0.5249.61 (resolved driver for Chrome 106)
2022-10-11 15:09:46 INFO  WebDriverManager - Exporting webdriver.chrome.driver as C:\Users\Dhiraj Landge\.cache\selenium\chromedriver\win32\106.0.5249.61\chromedriver.exe
2022-10-11 15:09:47 INFO  SetUp - Chrome Browser Launched..
2022-10-11 15:09:50 INFO  SetUp - URL : https://talicaia.crmnext.biz/sn7_1/app/login/login
2022-10-11 15:09:50 INFO  CommonMethods - Sucessfully clicked on Username_XPATH
2022-10-11 15:09:51 INFO  CommonMethods - Data sucessfully entered on Username_XPATH = OLAAS33
2022-10-11 15:09:51 INFO  CommonMethods - Sucessfully clicked on password_XPATH
2022-10-11 15:09:52 INFO  CommonMethods - Data sucessfully entered on password_XPATH = acid_qa
2022-10-11 15:09:52 INFO  ScreenShot - ScreenShot captured LoginPage || Status :Pass
2022-10-11 15:10:00 INFO  CommonMethods - Sucessfully clicked on loginBtn_XPATH
2022-10-11 15:10:04 INFO  CommonMethods - Sucessfully clicked on PolicySearch_XPATH
2022-10-11 15:10:04 INFO  ScreenShot - ScreenShot captured QuickLinks || Status :Pass
2022-10-11 15:10:05 INFO  CommonMethods - Sucessfully clicked on PolicyNumber1_XPATH
2022-10-11 15:10:06 INFO  CommonMethods - Data sucessfully entered on PolicyNumber1_XPATH = M337738393
2022-10-11 15:10:06 INFO  CommonMethods - Sucessfully clicked on Fetch_XPATH
2022-10-11 15:10:06 ERROR CommonMethods - Not Sucessfully clicked on Action_XPATH due to :stale element reference: element is not attached to the page document
  (Session info: chrome=106.0.5249.103)
For documentation on this error, please visit: https://selenium.dev/exceptions/#stale_element_reference
Build info: version: '4.1.0', revision: '87802e897b'
System info: host: 'DESKTOP-K1PV4OP', ip: '192.168.164.108', os.name: 'Windows 11', os.arch: 'amd64', os.version: '10.0', java.version: '17.0.2'
Driver info: org.openqa.selenium.chrome.ChromeDriver
Command: [41ed5011d6826893b527a09f8a65e01b, clickElement {id=e53ad5b2-41d1-47ff-bd6c-19ea8a96be86}]
Capabilities {acceptInsecureCerts: false, browserName: chrome, browserVersion: 106.0.5249.103, chrome: {chromedriverVersion: 106.0.5249.61 (511755355844..., userDataDir: C:\Users\DHIRAJ~1\AppData\L...}, goog:chromeOptions: {debuggerAddress: localhost:52185}, javascriptEnabled: true, networkConnectionEnabled: false, pageLoadStrategy: normal, platform: WINDOWS, platformName: WINDOWS, proxy: Proxy(), se:cdp: ws://localhost:52185/devtoo..., se:cdpVersion: 106.0.5249.103, setWindowRect: true, strictFileInteractability: false, timeouts: {implicit: 0, pageLoad: 300000, script: 30000}, unhandledPromptBehavior: dismiss and notify, webauthn:extension:credBlob: true, webauthn:extension:largeBlob: true, webauthn:virtualAuthenticators: true}
Element: [[ChromeDriver: chrome on WINDOWS (41ed5011d6826893b527a09f8a65e01b)] -> xpath: (//span[@class="ff-bold"])[2]]
Session ID: 41ed5011d6826893b527a09f8a65e01b
2022-10-11 15:10:16 INFO  CommonMethods - Sucessfully clicked on Yes_XPATH
2022-10-11 15:10:25 INFO  CommonMethods - Swiched to Child window name : Call To Action || URL :https://talicaia.crmnext.biz/sn7_1/app/CRMNextObject/StartJourney?x=ypslkb5r3sxgmjugu6njswvhhg7qlgcfgtb5y2p3k56vy7845p6m62m74ngmfsjhk7ydc6uev92qawyayqgbx2dm3b6k7t5nvhsgtt5pythyfxwbqgnkefw6vtlvgsltvwrnbrfcasymmchtgs7ey9m472&winpop=1
2022-10-11 15:10:25 INFO  ScreenShot - ScreenShot captured Childwindow || Status :Pass
2022-10-11 15:10:26 INFO  CommonMethods - Data = Web Sucessfully Selected from dropdown Mode_XPATH
2022-10-11 15:10:26 INFO  CommonMethods - Sucessfully clicked on SubCategory_XPATH
2022-10-11 15:10:27 INFO  CommonMethods - Data sucessfully entered on SubCategory_XPATH = Others
2022-10-11 15:10:28 INFO  CommonMethods - Sucessfully clicked on Others_XPATH
2022-10-11 15:10:28 INFO  CommonMethods - Sucessfully clicked on SubSubCategory_XPATH
2022-10-11 15:10:29 INFO  CommonMethods - Data sucessfully entered on SubSubCategory_XPATH = Request
2022-10-11 15:10:30 INFO  CommonMethods - Sucessfully clicked on Request_XPATH
2022-10-11 15:10:30 INFO  CommonMethods - Sucessfully clicked on Subject_XPATH
2022-10-11 15:10:31 INFO  CommonMethods - Data sucessfully entered on Subject_XPATH = Others-Request
2022-10-11 15:10:31 INFO  CommonMethods - Sucessfully clicked on Next111_XPATH
2022-10-11 15:10:42 INFO  ExcelOperation - Write to excel with : Row=1 | Cell =10 | Data =77995666
2022-10-11 15:10:43 INFO  CommonMethods - Sucessfully clicked on Close_XPATH
2022-10-11 15:10:43 INFO  CommonMethods - Swiched to parent window Mansi - CRMnext - Smart.Easy.Complete with ID CDwindow-E6357129DE35196BEC08D9667A5F16F7
2022-10-11 15:10:46 INFO  CommonMethods - Sucessfully clicked on ProfileBtn_XPATH
2022-10-11 15:10:47 INFO  CommonMethods - Sucessfully clicked on logoutBtn_XPATH
2022-10-11 15:10:47 INFO  LoginPage - Sucessfully logout..
2022-10-11 15:10:47 INFO  SetUp - Test Case_cTAYesResponseTest_Successfully Passed
2022-10-11 15:10:50 INFO  CommonMethods - Row num for TestScenario = cTAYesResponseTest is = 9
2022-10-11 15:10:52 INFO  ExcelOperation - Write to excel with : Row=9 | Cell =5 | Data =Pass
2022-10-11 15:10:53 WARN  WebSocketHandler - onError
java.net.SocketException: Connection reset
	at sun.nio.ch.SocketChannelImpl.throwConnectionReset(SocketChannelImpl.java:394) ~[?:?]
	at sun.nio.ch.SocketChannelImpl.read(SocketChannelImpl.java:426) ~[?:?]
	at io.netty.buffer.PooledByteBuf.setBytes(PooledByteBuf.java:253) ~[netty-buffer-4.1.69.Final.jar:4.1.69.Final]
	at io.netty.buffer.AbstractByteBuf.writeBytes(AbstractByteBuf.java:1132) ~[netty-buffer-4.1.69.Final.jar:4.1.69.Final]
	at io.netty.channel.socket.nio.NioSocketChannel.doReadBytes(NioSocketChannel.java:350) ~[netty-transport-4.1.69.Final.jar:4.1.69.Final]
	at io.netty.channel.nio.AbstractNioByteChannel$NioByteUnsafe.read(AbstractNioByteChannel.java:151) [netty-transport-4.1.69.Final.jar:4.1.69.Final]
	at io.netty.channel.nio.NioEventLoop.processSelectedKey(NioEventLoop.java:719) [netty-transport-4.1.69.Final.jar:4.1.69.Final]
	at io.netty.channel.nio.NioEventLoop.processSelectedKeysOptimized(NioEventLoop.java:655) [netty-transport-4.1.69.Final.jar:4.1.69.Final]
	at io.netty.channel.nio.NioEventLoop.processSelectedKeys(NioEventLoop.java:581) [netty-transport-4.1.69.Final.jar:4.1.69.Final]
	at io.netty.channel.nio.NioEventLoop.run(NioEventLoop.java:493) [netty-transport-4.1.69.Final.jar:4.1.69.Final]
	at io.netty.util.concurrent.SingleThreadEventExecutor$4.run(SingleThreadEventExecutor.java:986) [netty-common-4.1.69.Final.jar:4.1.69.Final]
	at io.netty.util.internal.ThreadExecutorMap$2.run(ThreadExecutorMap.java:74) [netty-common-4.1.69.Final.jar:4.1.69.Final]
	at io.netty.util.concurrent.FastThreadLocalRunnable.run(FastThreadLocalRunnable.java:30) [netty-common-4.1.69.Final.jar:4.1.69.Final]
	at java.lang.Thread.run(Thread.java:833) [?:?]
2022-10-11 15:10:54 INFO  SetUp - Browser Closed..
2022-10-11 15:10:57 INFO  CommonMethods - Test Report Mail sent successfully to dhiraj.landge@crmnext.com
2022-10-11 15:14:52 INFO  Utils - [TestNG] Running:
  C:\Users\Dhiraj Landge\eclipse-workspace\Talic_Life_Insurance\src\test\resources\RunnerFiles\testng.xml

2022-10-11 15:14:58 INFO  SetUp - Test Case_cTANoResponseTest_Successfully Started
2022-10-11 15:15:01 INFO  WebDriverManager - Using chromedriver 106.0.5249.61 (resolved driver for Chrome 106)
2022-10-11 15:15:01 INFO  WebDriverManager - Exporting webdriver.chrome.driver as C:\Users\Dhiraj Landge\.cache\selenium\chromedriver\win32\106.0.5249.61\chromedriver.exe
2022-10-11 15:15:02 INFO  SetUp - Chrome Browser Launched..
2022-10-11 15:15:16 INFO  SetUp - URL : https://talicaia.crmnext.biz/sn7_1/app/login/login
2022-10-11 15:15:16 INFO  CommonMethods - Sucessfully clicked on Username_XPATH
2022-10-11 15:15:17 INFO  CommonMethods - Data sucessfully entered on Username_XPATH = OLAAS33
2022-10-11 15:15:18 INFO  CommonMethods - Sucessfully clicked on password_XPATH
2022-10-11 15:15:18 INFO  CommonMethods - Data sucessfully entered on password_XPATH = acid_qa
2022-10-11 15:15:19 INFO  ScreenShot - ScreenShot captured LoginPage || Status :Pass
2022-10-11 15:15:44 INFO  CommonMethods - Sucessfully clicked on loginBtn_XPATH
2022-10-11 15:16:13 INFO  CommonMethods - Sucessfully clicked on PolicySearch_XPATH
2022-10-11 15:16:14 INFO  ScreenShot - ScreenShot captured QuickLinks || Status :Pass
2022-10-11 15:16:14 INFO  CommonMethods - Sucessfully clicked on PolicyNumber1_XPATH
2022-10-11 15:16:15 INFO  CommonMethods - Data sucessfully entered on PolicyNumber1_XPATH = M337738393
2022-10-11 15:16:16 INFO  CommonMethods - Sucessfully clicked on Fetch_XPATH
2022-10-11 15:16:17 ERROR CommonMethods - Not Sucessfully clicked on Action_XPATH due to :element click intercepted: Element <span class="ff-bold" style="border: 4px solid yellow;">...</span> is not clickable at point (745, 549). Other element would receive the click: <div class="cardLoader" style="position: fixed;">...</div>
  (Session info: chrome=106.0.5249.103)
Build info: version: '4.1.0', revision: '87802e897b'
System info: host: 'DESKTOP-K1PV4OP', ip: '192.168.164.108', os.name: 'Windows 11', os.arch: 'amd64', os.version: '10.0', java.version: '17.0.2'
Driver info: org.openqa.selenium.chrome.ChromeDriver
Command: [419afeb44611c67d32dec2538b89c66e, clickElement {id=12c48851-023c-46b6-ab00-8f6d9a09872f}]
Capabilities {acceptInsecureCerts: false, browserName: chrome, browserVersion: 106.0.5249.103, chrome: {chromedriverVersion: 106.0.5249.61 (511755355844..., userDataDir: C:\Users\DHIRAJ~1\AppData\L...}, goog:chromeOptions: {debuggerAddress: localhost:52319}, javascriptEnabled: true, networkConnectionEnabled: false, pageLoadStrategy: normal, platform: WINDOWS, platformName: WINDOWS, proxy: Proxy(), se:cdp: ws://localhost:52319/devtoo..., se:cdpVersion: 106.0.5249.103, setWindowRect: true, strictFileInteractability: false, timeouts: {implicit: 0, pageLoad: 300000, script: 30000}, unhandledPromptBehavior: dismiss and notify, webauthn:extension:credBlob: true, webauthn:extension:largeBlob: true, webauthn:virtualAuthenticators: true}
Element: [[ChromeDriver: chrome on WINDOWS (419afeb44611c67d32dec2538b89c66e)] -> xpath: (//span[@class="ff-bold"])[2]]
Session ID: 419afeb44611c67d32dec2538b89c66e
2022-10-11 15:16:38 INFO  CommonMethods - Sucessfully clicked on No_XPATH
2022-10-11 15:17:04 INFO  CommonMethods - Swiched to Child window name : Customer Feedback || URL :https://talicaia.crmnext.biz/sn7_1/app/CRMNextObject/StartJourney?x=ypslkb5r3sxgmjugu6njswvhhg7qlgcfgtb5y2p3k56vy7845p6m62m74ngmfsjhk7ydc6uev92qawyayqgbx2dm3b6k7t5nvhsgtt5pythyfxwbqgnrkarz7sv3lc6tkq2mvllkgehw63xqz9gtnt2qu2&winpop=1
2022-10-11 15:17:05 INFO  CommonMethods - Data = Document Not Available With Customer Sucessfully Selected from dropdown Reason_XPATH
2022-10-11 15:17:05 INFO  CommonMethods - Sucessfully clicked on Details_XPATH
2022-10-11 15:17:07 INFO  CommonMethods - Data sucessfully entered on Details_XPATH = No Journey
2022-10-11 15:17:08 INFO  CommonMethods - Sucessfully clicked on Save_XPATH
2022-10-11 15:17:24 INFO  ExcelOperation - Write to excel with : Row=1 | Cell =5 | Data =183835464
2022-10-11 15:17:25 INFO  CommonMethods - Sucessfully clicked on Close12_XPATH
2022-10-11 15:17:26 ERROR CommonMethods - Not able to switch to parent window no such window: target window already closed
from unknown error: web view not found
  (Session info: chrome=106.0.5249.103)
Build info: version: '4.1.0', revision: '87802e897b'
System info: host: 'DESKTOP-K1PV4OP', ip: '192.168.164.108', os.name: 'Windows 11', os.arch: 'amd64', os.version: '10.0', java.version: '17.0.2'
Driver info: org.openqa.selenium.chrome.ChromeDriver
Command: [419afeb44611c67d32dec2538b89c66e, getCurrentWindowHandle {}]
Capabilities {acceptInsecureCerts: false, browserName: chrome, browserVersion: 106.0.5249.103, chrome: {chromedriverVersion: 106.0.5249.61 (511755355844..., userDataDir: C:\Users\DHIRAJ~1\AppData\L...}, goog:chromeOptions: {debuggerAddress: localhost:52319}, javascriptEnabled: true, networkConnectionEnabled: false, pageLoadStrategy: normal, platform: WINDOWS, platformName: WINDOWS, proxy: Proxy(), se:cdp: ws://localhost:52319/devtoo..., se:cdpVersion: 106.0.5249.103, setWindowRect: true, strictFileInteractability: false, timeouts: {implicit: 0, pageLoad: 300000, script: 30000}, unhandledPromptBehavior: dismiss and notify, webauthn:extension:credBlob: true, webauthn:extension:largeBlob: true, webauthn:virtualAuthenticators: true}
Session ID: 419afeb44611c67d32dec2538b89c66e
2022-10-11 15:18:28 ERROR SetUp - cTANoResponseTest Get Failed due to 
Expected condition failed: waiting for visibility of element located by By.xpath: //div[@class="header__item header__profile ht-3 mid relative pointer"]/a (tried for 60 second(s) with 500 milliseconds interval)
2022-10-11 15:18:28 ERROR ScreenShot - Unbale to capture screenshot due to no such window: target window already closed
from unknown error: web view not found
  (Session info: chrome=106.0.5249.103)
Build info: version: '4.1.0', revision: '87802e897b'
System info: host: 'DESKTOP-K1PV4OP', ip: '192.168.164.108', os.name: 'Windows 11', os.arch: 'amd64', os.version: '10.0', java.version: '17.0.2'
Driver info: org.openqa.selenium.chrome.ChromeDriver
Command: [419afeb44611c67d32dec2538b89c66e, screenshot {}]
Capabilities {acceptInsecureCerts: false, browserName: chrome, browserVersion: 106.0.5249.103, chrome: {chromedriverVersion: 106.0.5249.61 (511755355844..., userDataDir: C:\Users\DHIRAJ~1\AppData\L...}, goog:chromeOptions: {debuggerAddress: localhost:52319}, javascriptEnabled: true, networkConnectionEnabled: false, pageLoadStrategy: normal, platform: WINDOWS, platformName: WINDOWS, proxy: Proxy(), se:cdp: ws://localhost:52319/devtoo..., se:cdpVersion: 106.0.5249.103, setWindowRect: true, strictFileInteractability: false, timeouts: {implicit: 0, pageLoad: 300000, script: 30000}, unhandledPromptBehavior: dismiss and notify, webauthn:extension:credBlob: true, webauthn:extension:largeBlob: true, webauthn:virtualAuthenticators: true}
Session ID: 419afeb44611c67d32dec2538b89c66e
2022-10-11 15:18:35 INFO  CommonMethods - Row num for TestScenario = cTANoResponseTest is = 10
2022-10-11 15:18:37 INFO  ExcelOperation - Write to excel with : Row=10 | Cell =5 | Data =Fail
2022-10-11 15:18:57 INFO  CommonMethods - Test Report Mail sent successfully to dhiraj.landge@crmnext.com
2022-10-11 15:24:29 INFO  Utils - [TestNG] Running:
  C:\Users\Dhiraj Landge\eclipse-workspace\Talic_Life_Insurance\src\test\resources\RunnerFiles\testng.xml

2022-10-11 15:24:41 INFO  SetUp - Test Case_cTANoResponseTest_Successfully Started
2022-10-11 15:24:47 INFO  WebDriverManager - Using chromedriver 106.0.5249.61 (resolved driver for Chrome 106)
2022-10-11 15:24:47 INFO  WebDriverManager - Exporting webdriver.chrome.driver as C:\Users\Dhiraj Landge\.cache\selenium\chromedriver\win32\106.0.5249.61\chromedriver.exe
2022-10-11 15:24:51 INFO  SetUp - Chrome Browser Launched..
2022-10-11 15:24:54 INFO  SetUp - URL : https://talicaia.crmnext.biz/sn7_1/app/login/login
2022-10-11 15:24:54 INFO  CommonMethods - Sucessfully clicked on Username_XPATH
2022-10-11 15:24:56 INFO  CommonMethods - Data sucessfully entered on Username_XPATH = OLAAS33
2022-10-11 15:24:57 INFO  CommonMethods - Sucessfully clicked on password_XPATH
2022-10-11 15:24:59 INFO  CommonMethods - Data sucessfully entered on password_XPATH = acid_qa
2022-10-11 15:25:00 INFO  ScreenShot - ScreenShot captured LoginPage || Status :Pass
2022-10-11 15:25:09 INFO  CommonMethods - Sucessfully clicked on loginBtn_XPATH
2022-10-11 15:25:14 INFO  CommonMethods - Sucessfully clicked on PolicySearch_XPATH
2022-10-11 15:25:15 INFO  ScreenShot - ScreenShot captured QuickLinks || Status :Pass
2022-10-11 15:25:15 INFO  CommonMethods - Sucessfully clicked on PolicyNumber1_XPATH
2022-10-11 15:25:17 INFO  CommonMethods - Data sucessfully entered on PolicyNumber1_XPATH = M337738393
2022-10-11 15:25:18 INFO  CommonMethods - Sucessfully clicked on Fetch_XPATH
2022-10-11 15:25:19 ERROR CommonMethods - Not Sucessfully clicked on Action_XPATH due to :stale element reference: element is not attached to the page document
  (Session info: chrome=106.0.5249.103)
For documentation on this error, please visit: https://selenium.dev/exceptions/#stale_element_reference
Build info: version: '4.1.0', revision: '87802e897b'
System info: host: 'DESKTOP-K1PV4OP', ip: '192.168.164.108', os.name: 'Windows 11', os.arch: 'amd64', os.version: '10.0', java.version: '17.0.2'
Driver info: org.openqa.selenium.chrome.ChromeDriver
Command: [72ad4f70f3d0f330f8d38ec1036997af, clickElement {id=dc19e85c-bfbb-4528-83c7-2b2d3a0d6ab5}]
Capabilities {acceptInsecureCerts: false, browserName: chrome, browserVersion: 106.0.5249.103, chrome: {chromedriverVersion: 106.0.5249.61 (511755355844..., userDataDir: C:\Users\DHIRAJ~1\AppData\L...}, goog:chromeOptions: {debuggerAddress: localhost:52523}, javascriptEnabled: true, networkConnectionEnabled: false, pageLoadStrategy: normal, platform: WINDOWS, platformName: WINDOWS, proxy: Proxy(), se:cdp: ws://localhost:52523/devtoo..., se:cdpVersion: 106.0.5249.103, setWindowRect: true, strictFileInteractability: false, timeouts: {implicit: 0, pageLoad: 300000, script: 30000}, unhandledPromptBehavior: dismiss and notify, webauthn:extension:credBlob: true, webauthn:extension:largeBlob: true, webauthn:virtualAuthenticators: true}
Element: [[ChromeDriver: chrome on WINDOWS (72ad4f70f3d0f330f8d38ec1036997af)] -> xpath: (//span[@class="ff-bold"])[2]]
Session ID: 72ad4f70f3d0f330f8d38ec1036997af
2022-10-11 15:25:27 INFO  CommonMethods - Sucessfully clicked on No_XPATH
2022-10-11 15:25:34 INFO  CommonMethods - Swiched to Child window name : Customer Feedback || URL :https://talicaia.crmnext.biz/sn7_1/app/CRMNextObject/StartJourney?x=ypslkb5r3sxgmjugu6njswvhhg7qlgcfgtb5y2p3k56vy7845p6m62m74ngmfsjhk7ydc6uev92qawyayqgbx2dm3b6k7t5nvhsgtt5pythyfxwbqgnrkarz7sv3lc6tkq2mvllkgehw63xqz9gtnt2qu2&winpop=1
2022-10-11 15:25:35 INFO  CommonMethods - Data = Document Not Available With Customer Sucessfully Selected from dropdown Reason_XPATH
2022-10-11 15:25:35 INFO  CommonMethods - Sucessfully clicked on Details_XPATH
2022-10-11 15:25:38 INFO  CommonMethods - Data sucessfully entered on Details_XPATH = No Journey
2022-10-11 15:25:39 INFO  CommonMethods - Sucessfully clicked on Save_XPATH
2022-10-11 15:25:43 INFO  ExcelOperation - Write to excel with : Row=1 | Cell =5 | Data =183835465
2022-10-11 15:25:44 INFO  CommonMethods - Sucessfully clicked on Close12_XPATH
2022-10-11 15:25:45 INFO  CommonMethods - Swiched to parent window Mansi - CRMnext - Smart.Easy.Complete with ID CDwindow-3BFBF54ADC2210AE4E775E88FDCE6265
2022-10-11 15:25:47 INFO  CommonMethods - Sucessfully clicked on ProfileBtn_XPATH
2022-10-11 15:25:48 INFO  CommonMethods - Sucessfully clicked on logoutBtn_XPATH
2022-10-11 15:25:48 INFO  LoginPage - Sucessfully logout..
2022-10-11 15:25:48 INFO  SetUp - Test Case_cTANoResponseTest_Successfully Passed
2022-10-11 15:25:56 INFO  CommonMethods - Row num for TestScenario = cTANoResponseTest is = 10
2022-10-11 15:25:58 INFO  ExcelOperation - Write to excel with : Row=10 | Cell =5 | Data =Pass
2022-10-11 15:26:00 WARN  WebSocketHandler - onError
java.net.SocketException: Connection reset
	at sun.nio.ch.SocketChannelImpl.throwConnectionReset(SocketChannelImpl.java:394) ~[?:?]
	at sun.nio.ch.SocketChannelImpl.read(SocketChannelImpl.java:426) ~[?:?]
	at io.netty.buffer.PooledByteBuf.setBytes(PooledByteBuf.java:253) ~[netty-buffer-4.1.69.Final.jar:4.1.69.Final]
	at io.netty.buffer.AbstractByteBuf.writeBytes(AbstractByteBuf.java:1132) ~[netty-buffer-4.1.69.Final.jar:4.1.69.Final]
	at io.netty.channel.socket.nio.NioSocketChannel.doReadBytes(NioSocketChannel.java:350) ~[netty-transport-4.1.69.Final.jar:4.1.69.Final]
	at io.netty.channel.nio.AbstractNioByteChannel$NioByteUnsafe.read(AbstractNioByteChannel.java:151) [netty-transport-4.1.69.Final.jar:4.1.69.Final]
	at io.netty.channel.nio.NioEventLoop.processSelectedKey(NioEventLoop.java:719) [netty-transport-4.1.69.Final.jar:4.1.69.Final]
	at io.netty.channel.nio.NioEventLoop.processSelectedKeysOptimized(NioEventLoop.java:655) [netty-transport-4.1.69.Final.jar:4.1.69.Final]
	at io.netty.channel.nio.NioEventLoop.processSelectedKeys(NioEventLoop.java:581) [netty-transport-4.1.69.Final.jar:4.1.69.Final]
	at io.netty.channel.nio.NioEventLoop.run(NioEventLoop.java:493) [netty-transport-4.1.69.Final.jar:4.1.69.Final]
	at io.netty.util.concurrent.SingleThreadEventExecutor$4.run(SingleThreadEventExecutor.java:986) [netty-common-4.1.69.Final.jar:4.1.69.Final]
	at io.netty.util.internal.ThreadExecutorMap$2.run(ThreadExecutorMap.java:74) [netty-common-4.1.69.Final.jar:4.1.69.Final]
	at io.netty.util.concurrent.FastThreadLocalRunnable.run(FastThreadLocalRunnable.java:30) [netty-common-4.1.69.Final.jar:4.1.69.Final]
	at java.lang.Thread.run(Thread.java:833) [?:?]
2022-10-11 15:26:01 INFO  SetUp - Browser Closed..
2022-10-11 15:26:06 INFO  CommonMethods - Test Report Mail sent successfully to dhiraj.landge@crmnext.com
2022-10-11 16:38:43 INFO  ExtentReporterNG - Extent report Directory is created!
2022-10-11 16:38:54 INFO  Utils - [TestNG] Running:
  C:\Users\Dhiraj Landge\eclipse-workspace\Talic_Life_Insurance\src\test\resources\RunnerFiles\testng.xml

2022-10-11 16:39:03 INFO  SetUp - Test Case_cTANoResponseTest_Successfully Started
2022-10-11 16:39:09 INFO  WebDriverManager - Using chromedriver 106.0.5249.61 (resolved driver for Chrome 106)
2022-10-11 16:39:09 INFO  WebDriverManager - Exporting webdriver.chrome.driver as C:\Users\Dhiraj Landge\.cache\selenium\chromedriver\win32\106.0.5249.61\chromedriver.exe
2022-10-11 16:39:12 INFO  SetUp - Chrome Browser Launched..
2022-10-11 16:39:14 INFO  SetUp - URL : https://talicaia.crmnext.biz/sn7_1/app/login/login
2022-10-11 16:39:15 INFO  CommonMethods - Sucessfully clicked on Username_XPATH
2022-10-11 16:39:16 INFO  CommonMethods - Data sucessfully entered on Username_XPATH = OLAAS33
2022-10-11 16:39:16 INFO  CommonMethods - Sucessfully clicked on password_XPATH
2022-10-11 16:39:18 INFO  CommonMethods - Data sucessfully entered on password_XPATH = acid_qa
2022-10-11 16:39:19 INFO  ScreenShot - ScreenShot captured LoginPage || Status :Pass
2022-10-11 16:39:23 INFO  CommonMethods - Sucessfully clicked on loginBtn_XPATH
2022-10-11 16:39:26 INFO  CommonMethods - Sucessfully clicked on PolicySearch_XPATH
2022-10-11 16:39:26 INFO  ScreenShot - ScreenShot captured QuickLinks || Status :Pass
2022-10-11 16:39:27 INFO  CommonMethods - Sucessfully clicked on PolicyNumber1_XPATH
2022-10-11 16:39:28 INFO  CommonMethods - Data sucessfully entered on PolicyNumber1_XPATH = M337738393
2022-10-11 16:39:29 INFO  CommonMethods - Sucessfully clicked on Fetch_XPATH
2022-10-11 16:39:30 INFO  CommonMethods - Sucessfully clicked on Action_XPATH
2022-10-11 16:39:33 INFO  CommonMethods - Sucessfully clicked on No_XPATH
2022-10-11 16:39:36 INFO  CommonMethods - Swiched to Child window name : Customer Feedback || URL :https://talicaia.crmnext.biz/sn7_1/app/CRMNextObject/StartJourney?x=ypslkb5r3sxgmjugu6njswvhhg7qlgcfgtb5y2p3k56vy7845p6m62m74ngmfsjhk7ydc6uev92qawyayqgbx2dm3b6k7t5nvhsgtt5pythyfxwbqgnrkarz7sv3lc6tkq2mvllkgehw63xqz9gtnt2qu2&winpop=1
2022-10-11 16:39:38 INFO  CommonMethods - Data = Document Not Available With Customer Sucessfully Selected from dropdown Reason_XPATH
2022-10-11 16:39:38 INFO  CommonMethods - Sucessfully clicked on Details_XPATH
2022-10-11 16:39:40 INFO  CommonMethods - Data sucessfully entered on Details_XPATH = No Journey
2022-10-11 16:39:41 INFO  CommonMethods - Sucessfully clicked on Save_XPATH
2022-10-11 16:39:44 INFO  ExcelOperation - Write to excel with : Row=1 | Cell =5 | Data =183835466
2022-10-11 16:39:46 INFO  CommonMethods - Sucessfully clicked on Close12_XPATH
2022-10-11 16:39:46 INFO  CommonMethods - Swiched to parent window Mansi - CRMnext - Smart.Easy.Complete with ID CDwindow-B15D150315B4DDC7DC9DEF320D6D3395
2022-10-11 16:39:47 INFO  CommonMethods - Sucessfully clicked on Report_XPATH
2022-10-11 16:39:48 INFO  CommonMethods - Sucessfully clicked on CallToAction_XPATH
2022-10-11 16:39:49 INFO  CommonMethods - Sucessfully clicked on CallToActionResponse_XPATH
2022-10-11 16:39:50 INFO  CommonMethods - Swiched to Child window name : Call To Action Response || URL :https://talicaia.crmnext.biz/sn7_1/app/Report/GetReportDetailControl?x=3nc2ksnk2m6gq7vf7478g2wpqc2knetj369xurxx3lcrwuqjly5q&winpop=1
2022-10-11 16:40:52 ERROR SetUp - cTANoResponseTest Get Failed due to 
Expected condition failed: waiting for visibility of element located by By.xpath: //div[@class="header__item header__profile ht-3 mid relative pointer"]/a (tried for 60 second(s) with 500 milliseconds interval)
Build info: version: '4.1.0', revision: '87802e897b'
System info: host: 'DESKTOP-K1PV4OP', ip: '192.168.0.102', os.name: 'Windows 11', os.arch: 'amd64', os.version: '10.0', java.version: '17.0.2'
Driver info: org.openqa.selenium.chrome.ChromeDriver
Capabilities {acceptInsecureCerts: false, browserName: chrome, browserVersion: 106.0.5249.103, chrome: {chromedriverVersion: 106.0.5249.61 (511755355844..., userDataDir: C:\Users\DHIRAJ~1\AppData\L...}, goog:chromeOptions: {debuggerAddress: localhost:53893}, javascriptEnabled: true, networkConnectionEnabled: false, pageLoadStrategy: normal, platform: WINDOWS, platformName: WINDOWS, proxy: Proxy(), se:cdp: ws://localhost:53893/devtoo..., se:cdpVersion: 106.0.5249.103, setWindowRect: true, strictFileInteractability: false, timeouts: {implicit: 0, pageLoad: 300000, script: 30000}, unhandledPromptBehavior: dismiss and notify, webauthn:extension:credBlob: true, webauthn:extension:largeBlob: true, webauthn:virtualAuthenticators: true}
Session ID: 270730b6bafae42c9a0beef3255fcf7a
2022-10-11 16:40:53 INFO  ScreenShot - ScreenShot captured cTANoResponseTest || Status :Fail
2022-10-11 16:41:01 INFO  CommonMethods - Row num for TestScenario = cTANoResponseTest is = 10
2022-10-11 16:41:03 INFO  ExcelOperation - Write to excel with : Row=10 | Cell =5 | Data =Fail
2022-10-11 16:41:08 INFO  CommonMethods - Test Report Mail sent successfully to dhiraj.landge@crmnext.com
2022-10-11 16:46:11 INFO  Utils - [TestNG] Running:
  C:\Users\Dhiraj Landge\eclipse-workspace\Talic_Life_Insurance\src\test\resources\RunnerFiles\testng.xml

2022-10-11 16:46:16 INFO  SetUp - Test Case_cTANoResponseTest_Successfully Started
2022-10-11 16:46:19 INFO  WebDriverManager - Using chromedriver 106.0.5249.61 (resolved driver for Chrome 106)
2022-10-11 16:46:19 INFO  WebDriverManager - Exporting webdriver.chrome.driver as C:\Users\Dhiraj Landge\.cache\selenium\chromedriver\win32\106.0.5249.61\chromedriver.exe
2022-10-11 16:46:21 INFO  SetUp - Chrome Browser Launched..
2022-10-11 16:46:22 INFO  SetUp - URL : https://talicaia.crmnext.biz/sn7_1/app/login/login
2022-10-11 16:46:22 INFO  CommonMethods - Sucessfully clicked on Username_XPATH
2022-10-11 16:46:23 INFO  CommonMethods - Data sucessfully entered on Username_XPATH = OLAAS33
2022-10-11 16:46:23 INFO  CommonMethods - Sucessfully clicked on password_XPATH
2022-10-11 16:46:24 INFO  CommonMethods - Data sucessfully entered on password_XPATH = acid_qa
2022-10-11 16:46:24 INFO  ScreenShot - ScreenShot captured LoginPage || Status :Pass
2022-10-11 16:46:28 INFO  CommonMethods - Sucessfully clicked on loginBtn_XPATH
2022-10-11 16:46:30 INFO  CommonMethods - Sucessfully clicked on PolicySearch_XPATH
2022-10-11 16:46:31 INFO  ScreenShot - ScreenShot captured QuickLinks || Status :Pass
2022-10-11 16:46:31 INFO  CommonMethods - Sucessfully clicked on PolicyNumber1_XPATH
2022-10-11 16:46:31 INFO  CommonMethods - Data sucessfully entered on PolicyNumber1_XPATH = M337738393
2022-10-11 16:46:32 INFO  CommonMethods - Sucessfully clicked on Fetch_XPATH
2022-10-11 16:46:32 ERROR SetUp - cTANoResponseTest Get Failed due to 
stale element reference: element is not attached to the page document
  (Session info: chrome=106.0.5249.103)
For documentation on this error, please visit: https://selenium.dev/exceptions/#stale_element_reference
Build info: version: '4.1.0', revision: '87802e897b'
System info: host: 'DESKTOP-K1PV4OP', ip: '192.168.0.102', os.name: 'Windows 11', os.arch: 'amd64', os.version: '10.0', java.version: '17.0.2'
Driver info: org.openqa.selenium.chrome.ChromeDriver
Command: [0f9628d632e3ef67f71c5038d0ce46f4, executeScript {script=arguments[0].style.border='4px solid yellow', args=[{ELEMENT=6ba6e3de-feac-4e1b-be9a-e570c890ee6c, element-6066-11e4-a52e-4f735466cecf=6ba6e3de-feac-4e1b-be9a-e570c890ee6c}]}]
Capabilities {acceptInsecureCerts: false, browserName: chrome, browserVersion: 106.0.5249.103, chrome: {chromedriverVersion: 106.0.5249.61 (511755355844..., userDataDir: C:\Users\DHIRAJ~1\AppData\L...}, goog:chromeOptions: {debuggerAddress: localhost:54323}, javascriptEnabled: true, networkConnectionEnabled: false, pageLoadStrategy: normal, platform: WINDOWS, platformName: WINDOWS, proxy: Proxy(), se:cdp: ws://localhost:54323/devtoo..., se:cdpVersion: 106.0.5249.103, setWindowRect: true, strictFileInteractability: false, timeouts: {implicit: 0, pageLoad: 300000, script: 30000}, unhandledPromptBehavior: dismiss and notify, webauthn:extension:credBlob: true, webauthn:extension:largeBlob: true, webauthn:virtualAuthenticators: true}
Session ID: 0f9628d632e3ef67f71c5038d0ce46f4
2022-10-11 16:46:32 INFO  ScreenShot - ScreenShot captured cTANoResponseTest || Status :Fail
2022-10-11 16:46:36 INFO  CommonMethods - Row num for TestScenario = cTANoResponseTest is = 10
2022-10-11 16:46:37 INFO  ExcelOperation - Write to excel with : Row=10 | Cell =5 | Data =Fail
2022-10-11 16:46:38 WARN  WebSocketHandler - onError
java.net.SocketException: Connection reset
	at sun.nio.ch.SocketChannelImpl.throwConnectionReset(SocketChannelImpl.java:394) ~[?:?]
	at sun.nio.ch.SocketChannelImpl.read(SocketChannelImpl.java:426) ~[?:?]
	at io.netty.buffer.PooledByteBuf.setBytes(PooledByteBuf.java:253) ~[netty-buffer-4.1.69.Final.jar:4.1.69.Final]
	at io.netty.buffer.AbstractByteBuf.writeBytes(AbstractByteBuf.java:1132) ~[netty-buffer-4.1.69.Final.jar:4.1.69.Final]
	at io.netty.channel.socket.nio.NioSocketChannel.doReadBytes(NioSocketChannel.java:350) ~[netty-transport-4.1.69.Final.jar:4.1.69.Final]
	at io.netty.channel.nio.AbstractNioByteChannel$NioByteUnsafe.read(AbstractNioByteChannel.java:151) [netty-transport-4.1.69.Final.jar:4.1.69.Final]
	at io.netty.channel.nio.NioEventLoop.processSelectedKey(NioEventLoop.java:719) [netty-transport-4.1.69.Final.jar:4.1.69.Final]
	at io.netty.channel.nio.NioEventLoop.processSelectedKeysOptimized(NioEventLoop.java:655) [netty-transport-4.1.69.Final.jar:4.1.69.Final]
	at io.netty.channel.nio.NioEventLoop.processSelectedKeys(NioEventLoop.java:581) [netty-transport-4.1.69.Final.jar:4.1.69.Final]
	at io.netty.channel.nio.NioEventLoop.run(NioEventLoop.java:493) [netty-transport-4.1.69.Final.jar:4.1.69.Final]
	at io.netty.util.concurrent.SingleThreadEventExecutor$4.run(SingleThreadEventExecutor.java:986) [netty-common-4.1.69.Final.jar:4.1.69.Final]
	at io.netty.util.internal.ThreadExecutorMap$2.run(ThreadExecutorMap.java:74) [netty-common-4.1.69.Final.jar:4.1.69.Final]
	at io.netty.util.concurrent.FastThreadLocalRunnable.run(FastThreadLocalRunnable.java:30) [netty-common-4.1.69.Final.jar:4.1.69.Final]
	at java.lang.Thread.run(Thread.java:833) [?:?]
2022-10-11 16:46:39 INFO  SetUp - Browser Closed..
2022-10-11 16:46:41 INFO  CommonMethods - Test Report Mail sent successfully to dhiraj.landge@crmnext.com
2022-10-11 16:49:20 INFO  Utils - [TestNG] Running:
  C:\Users\Dhiraj Landge\eclipse-workspace\Talic_Life_Insurance\src\test\resources\RunnerFiles\testng.xml

2022-10-11 16:49:26 INFO  SetUp - Test Case_cTANoResponseTest_Successfully Started
2022-10-11 16:49:28 INFO  WebDriverManager - Using chromedriver 106.0.5249.61 (resolved driver for Chrome 106)
2022-10-11 16:49:28 INFO  WebDriverManager - Exporting webdriver.chrome.driver as C:\Users\Dhiraj Landge\.cache\selenium\chromedriver\win32\106.0.5249.61\chromedriver.exe
2022-10-11 16:49:30 INFO  SetUp - Chrome Browser Launched..
2022-10-11 16:49:31 INFO  SetUp - URL : https://talicaia.crmnext.biz/sn7_1/app/login/login
2022-10-11 16:49:32 INFO  CommonMethods - Sucessfully clicked on Username_XPATH
2022-10-11 16:49:32 INFO  CommonMethods - Data sucessfully entered on Username_XPATH = OLAAS33
2022-10-11 16:49:32 INFO  CommonMethods - Sucessfully clicked on password_XPATH
2022-10-11 16:49:33 INFO  CommonMethods - Data sucessfully entered on password_XPATH = acid_qa
2022-10-11 16:49:34 INFO  ScreenShot - ScreenShot captured LoginPage || Status :Pass
2022-10-11 16:49:39 INFO  CommonMethods - Sucessfully clicked on loginBtn_XPATH
2022-10-11 16:49:40 INFO  CommonMethods - Sucessfully clicked on PolicySearch_XPATH
2022-10-11 16:49:40 INFO  ScreenShot - ScreenShot captured QuickLinks || Status :Pass
2022-10-11 16:49:40 INFO  CommonMethods - Sucessfully clicked on PolicyNumber1_XPATH
2022-10-11 16:49:41 INFO  CommonMethods - Data sucessfully entered on PolicyNumber1_XPATH = M337738393
2022-10-11 16:49:42 INFO  CommonMethods - Sucessfully clicked on Fetch_XPATH
2022-10-11 16:49:42 INFO  CommonMethods - Sucessfully clicked on Action_XPATH
2022-10-11 16:49:44 INFO  CommonMethods - Sucessfully clicked on No_XPATH
2022-10-11 16:49:50 INFO  CommonMethods - Swiched to Child window name : Customer Feedback || URL :https://talicaia.crmnext.biz/sn7_1/app/CRMNextObject/StartJourney?x=ypslkb5r3sxgmjugu6njswvhhg7qlgcfgtb5y2p3k56vy7845p6m62m74ngmfsjhk7ydc6uev92qawyayqgbx2dm3b6k7t5nvhsgtt5pythyfxwbqgnrkarz7sv3lc6tkq2mvllkgehw63xqz9gtnt2qu2&winpop=1
2022-10-11 16:49:50 INFO  CommonMethods - Data = Document Not Available With Customer Sucessfully Selected from dropdown Reason_XPATH
2022-10-11 16:49:50 INFO  CommonMethods - Sucessfully clicked on Details_XPATH
2022-10-11 16:49:51 INFO  CommonMethods - Data sucessfully entered on Details_XPATH = No Journey
2022-10-11 16:49:52 INFO  CommonMethods - Sucessfully clicked on Save_XPATH
2022-10-11 16:49:55 INFO  ExcelOperation - Write to excel with : Row=1 | Cell =5 | Data =183835467
2022-10-11 16:49:56 INFO  CommonMethods - Sucessfully clicked on Close12_XPATH
2022-10-11 16:49:56 INFO  CommonMethods - Swiched to parent window Mansi - CRMnext - Smart.Easy.Complete with ID CDwindow-FF15BD77F8F0679B716245DB4850BF9F
2022-10-11 16:49:57 INFO  CommonMethods - Sucessfully clicked on Report_XPATH
2022-10-11 16:49:57 INFO  CommonMethods - Sucessfully clicked on CallToAction_XPATH
2022-10-11 16:49:58 INFO  CommonMethods - Sucessfully clicked on CallToActionResponse_XPATH
2022-10-11 16:49:59 INFO  CommonMethods - Swiched to Child window name : Call To Action Response || URL :https://talicaia.crmnext.biz/sn7_1/app/Report/GetReportDetailControl?x=3nc2ksnk2m6gq7vf7478g2wpqc2knetj369xurxx3lcrwuqjly5q&winpop=1
2022-10-11 16:49:59 INFO  CommonMethods - Swiched to parent window Reports - CRMnext - Smart.Easy.Complete with ID CDwindow-FF15BD77F8F0679B716245DB4850BF9F
2022-10-11 16:50:01 INFO  CommonMethods - Sucessfully clicked on ProfileBtn_XPATH
2022-10-11 16:50:02 INFO  CommonMethods - Sucessfully clicked on logoutBtn_XPATH
2022-10-11 16:50:02 INFO  LoginPage - Sucessfully logout..
2022-10-11 16:50:02 INFO  SetUp - Test Case_cTANoResponseTest_Successfully Passed
2022-10-11 16:50:06 INFO  CommonMethods - Row num for TestScenario = cTANoResponseTest is = 10
2022-10-11 16:50:07 INFO  ExcelOperation - Write to excel with : Row=10 | Cell =5 | Data =Pass
2022-10-11 16:50:09 INFO  SetUp - Browser Closed..
2022-10-11 16:50:11 INFO  CommonMethods - Test Report Mail sent successfully to dhiraj.landge@crmnext.com
2022-10-11 16:50:47 INFO  Utils - [TestNG] Running:
  C:\Users\Dhiraj Landge\eclipse-workspace\Talic_Life_Insurance\src\test\resources\RunnerFiles\testng.xml

2022-10-11 16:50:52 INFO  SetUp - Test Case_cTANoResponseTest_Successfully Started
2022-10-11 16:50:55 INFO  WebDriverManager - Using chromedriver 106.0.5249.61 (resolved driver for Chrome 106)
2022-10-11 16:50:55 INFO  WebDriverManager - Exporting webdriver.chrome.driver as C:\Users\Dhiraj Landge\.cache\selenium\chromedriver\win32\106.0.5249.61\chromedriver.exe
2022-10-11 16:50:57 INFO  SetUp - Chrome Browser Launched..
2022-10-11 16:50:58 INFO  SetUp - URL : https://talicaia.crmnext.biz/sn7_1/app/login/login
2022-10-11 16:50:59 INFO  CommonMethods - Sucessfully clicked on Username_XPATH
2022-10-11 16:50:59 INFO  CommonMethods - Data sucessfully entered on Username_XPATH = OLAAS33
2022-10-11 16:51:00 INFO  CommonMethods - Sucessfully clicked on password_XPATH
2022-10-11 16:51:00 INFO  CommonMethods - Data sucessfully entered on password_XPATH = acid_qa
2022-10-11 16:51:01 INFO  ScreenShot - ScreenShot captured LoginPage || Status :Pass
2022-10-11 16:51:04 INFO  CommonMethods - Sucessfully clicked on loginBtn_XPATH
2022-10-11 16:51:06 INFO  CommonMethods - Sucessfully clicked on PolicySearch_XPATH
2022-10-11 16:51:06 INFO  ScreenShot - ScreenShot captured QuickLinks || Status :Pass
2022-10-11 16:51:06 INFO  CommonMethods - Sucessfully clicked on PolicyNumber1_XPATH
2022-10-11 16:51:07 INFO  CommonMethods - Data sucessfully entered on PolicyNumber1_XPATH = M337738393
2022-10-11 16:51:07 INFO  CommonMethods - Sucessfully clicked on Fetch_XPATH
2022-10-11 16:51:08 INFO  CommonMethods - Sucessfully clicked on Action_XPATH
2022-10-11 16:51:11 INFO  CommonMethods - Sucessfully clicked on No_XPATH
2022-10-11 16:51:15 INFO  CommonMethods - Swiched to Child window name : Customer Feedback || URL :https://talicaia.crmnext.biz/sn7_1/app/CRMNextObject/StartJourney?x=ypslkb5r3sxgmjugu6njswvhhg7qlgcfgtb5y2p3k56vy7845p6m62m74ngmfsjhk7ydc6uev92qawyayqgbx2dm3b6k7t5nvhsgtt5pythyfxwbqgnrkarz7sv3lc6tkq2mvllkgehw63xqz9gtnt2qu2&winpop=1
2022-10-11 16:51:15 INFO  CommonMethods - Data = Document Not Available With Customer Sucessfully Selected from dropdown Reason_XPATH
2022-10-11 16:51:16 INFO  CommonMethods - Sucessfully clicked on Details_XPATH
2022-10-11 16:51:16 INFO  CommonMethods - Data sucessfully entered on Details_XPATH = No Journey
2022-10-11 16:51:17 INFO  CommonMethods - Sucessfully clicked on Save_XPATH
2022-10-11 16:51:19 INFO  ExcelOperation - Write to excel with : Row=1 | Cell =5 | Data =183835468
2022-10-11 16:51:21 INFO  CommonMethods - Sucessfully clicked on Close12_XPATH
2022-10-11 16:51:21 INFO  CommonMethods - Swiched to parent window Mansi - CRMnext - Smart.Easy.Complete with ID CDwindow-5B9E51730C76ED8EFF2D014ACE821D04
2022-10-11 16:51:22 INFO  CommonMethods - Sucessfully clicked on Report_XPATH
2022-10-11 16:51:23 INFO  CommonMethods - Sucessfully clicked on CallToAction_XPATH
2022-10-11 16:51:24 INFO  CommonMethods - Sucessfully clicked on CallToActionResponse_XPATH
2022-10-11 16:51:25 INFO  CommonMethods - Swiched to Child window name : Call To Action Response || URL :https://talicaia.crmnext.biz/sn7_1/app/Report/GetReportDetailControl?x=3nc2ksnk2m6gq7vf7478g2wpqc2knetj369xurxx3lcrwuqjly5q&winpop=1
2022-10-11 16:51:28 INFO  CommonMethods - Swiched to parent window Reports - CRMnext - Smart.Easy.Complete with ID CDwindow-5B9E51730C76ED8EFF2D014ACE821D04
2022-10-11 16:51:30 INFO  CommonMethods - Sucessfully clicked on ProfileBtn_XPATH
2022-10-11 16:51:31 INFO  CommonMethods - Sucessfully clicked on logoutBtn_XPATH
2022-10-11 16:51:31 INFO  LoginPage - Sucessfully logout..
2022-10-11 16:51:31 INFO  SetUp - Test Case_cTANoResponseTest_Successfully Passed
2022-10-11 16:51:35 INFO  CommonMethods - Row num for TestScenario = cTANoResponseTest is = 10
2022-10-11 16:51:36 INFO  ExcelOperation - Write to excel with : Row=10 | Cell =5 | Data =Pass
2022-10-11 16:51:38 INFO  SetUp - Browser Closed..
2022-10-11 16:51:40 INFO  CommonMethods - Test Report Mail sent successfully to dhiraj.landge@crmnext.com
2022-10-11 16:52:32 INFO  Utils - [TestNG] Running:
  C:\Users\Dhiraj Landge\eclipse-workspace\Talic_Life_Insurance\src\test\resources\RunnerFiles\testng.xml

2022-10-11 16:52:37 INFO  SetUp - Test Case_cTANoResponseTest_Successfully Started
2022-10-11 16:52:40 INFO  WebDriverManager - Using chromedriver 106.0.5249.61 (resolved driver for Chrome 106)
2022-10-11 16:52:40 INFO  WebDriverManager - Exporting webdriver.chrome.driver as C:\Users\Dhiraj Landge\.cache\selenium\chromedriver\win32\106.0.5249.61\chromedriver.exe
2022-10-11 16:52:42 INFO  SetUp - Chrome Browser Launched..
2022-10-11 16:52:43 INFO  SetUp - URL : https://talicaia.crmnext.biz/sn7_1/app/login/login
2022-10-11 16:52:43 INFO  CommonMethods - Sucessfully clicked on Username_XPATH
2022-10-11 16:52:44 INFO  CommonMethods - Data sucessfully entered on Username_XPATH = OLAAS33
2022-10-11 16:52:44 INFO  CommonMethods - Sucessfully clicked on password_XPATH
2022-10-11 16:52:45 INFO  CommonMethods - Data sucessfully entered on password_XPATH = acid_qa
2022-10-11 16:52:45 INFO  ScreenShot - ScreenShot captured LoginPage || Status :Pass
2022-10-11 16:53:09 INFO  CommonMethods - Sucessfully clicked on loginBtn_XPATH
2022-10-11 16:53:45 INFO  Utils - [TestNG] Running:
  C:\Users\Dhiraj Landge\eclipse-workspace\Talic_Life_Insurance\src\test\resources\RunnerFiles\testng.xml

2022-10-11 16:53:50 INFO  SetUp - Test Case_cTANoResponseTest_Successfully Started
2022-10-11 16:53:53 INFO  WebDriverManager - Using chromedriver 106.0.5249.61 (resolved driver for Chrome 106)
2022-10-11 16:53:53 INFO  WebDriverManager - Exporting webdriver.chrome.driver as C:\Users\Dhiraj Landge\.cache\selenium\chromedriver\win32\106.0.5249.61\chromedriver.exe
2022-10-11 16:53:55 INFO  SetUp - Chrome Browser Launched..
2022-10-11 16:53:56 INFO  SetUp - URL : https://talicaia.crmnext.biz/sn7_1/app/login/login
2022-10-11 16:53:56 INFO  CommonMethods - Sucessfully clicked on Username_XPATH
2022-10-11 16:53:57 INFO  CommonMethods - Data sucessfully entered on Username_XPATH = OLAAS33
2022-10-11 16:53:57 INFO  CommonMethods - Sucessfully clicked on password_XPATH
2022-10-11 16:53:57 INFO  CommonMethods - Data sucessfully entered on password_XPATH = acid_qa
2022-10-11 16:53:58 INFO  ScreenShot - ScreenShot captured LoginPage || Status :Pass
2022-10-11 16:54:02 INFO  CommonMethods - Sucessfully clicked on loginBtn_XPATH
2022-10-11 16:54:04 INFO  CommonMethods - Sucessfully clicked on PolicySearch_XPATH
2022-10-11 16:54:04 INFO  ScreenShot - ScreenShot captured QuickLinks || Status :Pass
2022-10-11 16:54:04 INFO  CommonMethods - Sucessfully clicked on PolicyNumber1_XPATH
2022-10-11 16:54:05 INFO  CommonMethods - Data sucessfully entered on PolicyNumber1_XPATH = M337738393
2022-10-11 16:54:05 INFO  CommonMethods - Sucessfully clicked on Fetch_XPATH
2022-10-11 16:54:06 INFO  CommonMethods - Sucessfully clicked on Action_XPATH
2022-10-11 16:54:09 INFO  CommonMethods - Sucessfully clicked on No_XPATH
2022-10-11 16:54:10 ERROR SetUp - cTANoResponseTest Get Failed due to 
Expected condition failed: waiting for visibility of element located by By.xpath: //i[@class="icon icon-link"] (tried for 60 second(s) with 500 milliseconds interval)
2022-10-11 16:54:10 ERROR ScreenShot - Unbale to capture screenshot due to no such window: target window already closed
from unknown error: web view not found
  (Session info: chrome=106.0.5249.103)
Build info: version: '4.1.0', revision: '87802e897b'
System info: host: 'DESKTOP-K1PV4OP', ip: '192.168.0.102', os.name: 'Windows 11', os.arch: 'amd64', os.version: '10.0', java.version: '17.0.2'
Driver info: org.openqa.selenium.chrome.ChromeDriver
Command: [3916f1a16a739535cff6eca5a80a188e, screenshot {}]
Capabilities {acceptInsecureCerts: false, browserName: chrome, browserVersion: 106.0.5249.103, chrome: {chromedriverVersion: 106.0.5249.61 (511755355844..., userDataDir: C:\Users\DHIRAJ~1\AppData\L...}, goog:chromeOptions: {debuggerAddress: localhost:54692}, javascriptEnabled: true, networkConnectionEnabled: false, pageLoadStrategy: normal, platform: WINDOWS, platformName: WINDOWS, proxy: Proxy(), se:cdp: ws://localhost:54692/devtoo..., se:cdpVersion: 106.0.5249.103, setWindowRect: true, strictFileInteractability: false, timeouts: {implicit: 0, pageLoad: 300000, script: 30000}, unhandledPromptBehavior: dismiss and notify, webauthn:extension:credBlob: true, webauthn:extension:largeBlob: true, webauthn:virtualAuthenticators: true}
Session ID: 3916f1a16a739535cff6eca5a80a188e
2022-10-11 16:54:13 INFO  CommonMethods - Swiched to Child window name : Customer Feedback || URL :https://talicaia.crmnext.biz/sn7_1/app/CRMNextObject/StartJourney?x=ypslkb5r3sxgmjugu6njswvhhg7qlgcfgtb5y2p3k56vy7845p6m62m74ngmfsjhk7ydc6uev92qawyayqgbx2dm3b6k7t5nvhsgtt5pythyfxwbqgnrkarz7sv3lc6tkq2mvllkgehw63xqz9gtnt2qu2&winpop=1
2022-10-11 16:54:14 INFO  CommonMethods - Data = Document Not Available With Customer Sucessfully Selected from dropdown Reason_XPATH
2022-10-11 16:54:14 INFO  CommonMethods - Row num for TestScenario = cTANoResponseTest is = 10
2022-10-11 16:54:14 INFO  CommonMethods - Sucessfully clicked on Details_XPATH
2022-10-11 16:54:15 INFO  CommonMethods - Data sucessfully entered on Details_XPATH = No Journey
2022-10-11 16:54:15 INFO  ExcelOperation - Write to excel with : Row=10 | Cell =5 | Data =Fail
2022-10-11 16:54:15 INFO  CommonMethods - Sucessfully clicked on Save_XPATH
2022-10-11 16:54:53 INFO  CommonMethods - Test Report Mail sent successfully to dhiraj.landge@crmnext.com
2022-10-11 16:54:53 INFO  ExcelOperation - Write to excel with : Row=1 | Cell =5 | Data =183835469
2022-10-11 16:54:55 INFO  CommonMethods - Sucessfully clicked on Close12_XPATH
2022-10-11 16:54:55 INFO  CommonMethods - Swiched to parent window Mansi - CRMnext - Smart.Easy.Complete with ID CDwindow-3F430DDA677A02C865314CAA05ED94DA
2022-10-11 16:54:58 INFO  CommonMethods - Sucessfully clicked on Report_XPATH
2022-10-11 16:54:58 INFO  CommonMethods - Sucessfully clicked on CallToAction_XPATH
2022-10-11 16:54:59 INFO  CommonMethods - Sucessfully clicked on CallToActionResponse_XPATH
2022-10-11 16:55:00 INFO  CommonMethods - Swiched to Child window name : Call To Action Response || URL :https://talicaia.crmnext.biz/sn7_1/app/Report/GetReportDetailControl?x=3nc2ksnk2m6gq7vf7478g2wpqc2knetj369xurxx3lcrwuqjly5q&winpop=1
2022-10-11 16:56:00 ERROR SetUp - cTANoResponseTest Get Failed due to 
Expected condition failed: waiting for visibility of element located by By.xpath: (//tr)[3] (tried for 60 second(s) with 500 milliseconds interval)
2022-10-11 16:56:00 ERROR ScreenShot - Unbale to capture screenshot due to no such window: target window already closed
from unknown error: web view not found
  (Session info: chrome=106.0.5249.103)
Build info: version: '4.1.0', revision: '87802e897b'
System info: host: 'DESKTOP-K1PV4OP', ip: '127.0.0.1', os.name: 'Windows 11', os.arch: 'amd64', os.version: '10.0', java.version: '17.0.2'
Driver info: org.openqa.selenium.chrome.ChromeDriver
Command: [7bb9e65436f6d3d0ef57465b52a6804b, screenshot {}]
Capabilities {acceptInsecureCerts: false, browserName: chrome, browserVersion: 106.0.5249.103, chrome: {chromedriverVersion: 106.0.5249.61 (511755355844..., userDataDir: C:\Users\DHIRAJ~1\AppData\L...}, goog:chromeOptions: {debuggerAddress: localhost:54759}, javascriptEnabled: true, networkConnectionEnabled: false, pageLoadStrategy: normal, platform: WINDOWS, platformName: WINDOWS, proxy: Proxy(), se:cdp: ws://localhost:54759/devtoo..., se:cdpVersion: 106.0.5249.103, setWindowRect: true, strictFileInteractability: false, timeouts: {implicit: 0, pageLoad: 300000, script: 30000}, unhandledPromptBehavior: dismiss and notify, webauthn:extension:credBlob: true, webauthn:extension:largeBlob: true, webauthn:virtualAuthenticators: true}
Session ID: 7bb9e65436f6d3d0ef57465b52a6804b
2022-10-11 16:56:08 INFO  CommonMethods - Row num for TestScenario = cTANoResponseTest is = 10
2022-10-11 16:56:09 INFO  ExcelOperation - Write to excel with : Row=10 | Cell =5 | Data =Fail
2022-10-11 16:58:24 INFO  Utils - [TestNG] Running:
  C:\Users\Dhiraj Landge\eclipse-workspace\Talic_Life_Insurance\src\test\resources\RunnerFiles\testng.xml

2022-10-11 16:58:34 INFO  SetUp - Test Case_cTANoResponseTest_Successfully Started
2022-10-11 16:58:41 INFO  WebDriverManager - Using chromedriver 106.0.5249.61 (resolved driver for Chrome 106)
2022-10-11 16:58:41 INFO  WebDriverManager - Exporting webdriver.chrome.driver as C:\Users\Dhiraj Landge\.cache\selenium\chromedriver\win32\106.0.5249.61\chromedriver.exe
2022-10-11 16:58:45 INFO  SetUp - Chrome Browser Launched..
2022-10-11 16:58:47 ERROR SetUp - cTANoResponseTest Get Failed due to 
unknown error: net::ERR_INTERNET_DISCONNECTED
  (Session info: chrome=106.0.5249.103)
Build info: version: '4.1.0', revision: '87802e897b'
System info: host: 'DESKTOP-K1PV4OP', ip: '127.0.0.1', os.name: 'Windows 11', os.arch: 'amd64', os.version: '10.0', java.version: '17.0.2'
Driver info: org.openqa.selenium.chrome.ChromeDriver
Command: [a53ef2782049896d6b4fd2709da4a2de, get {url=https://talicaia.crmnext.biz/sn7_1/app/login/login}]
Capabilities {acceptInsecureCerts: false, browserName: chrome, browserVersion: 106.0.5249.103, chrome: {chromedriverVersion: 106.0.5249.61 (511755355844..., userDataDir: C:\Users\DHIRAJ~1\AppData\L...}, goog:chromeOptions: {debuggerAddress: localhost:55308}, javascriptEnabled: true, networkConnectionEnabled: false, pageLoadStrategy: normal, platform: WINDOWS, platformName: WINDOWS, proxy: Proxy(), se:cdp: ws://localhost:55308/devtoo..., se:cdpVersion: 106.0.5249.103, setWindowRect: true, strictFileInteractability: false, timeouts: {implicit: 0, pageLoad: 300000, script: 30000}, unhandledPromptBehavior: dismiss and notify, webauthn:extension:credBlob: true, webauthn:extension:largeBlob: true, webauthn:virtualAuthenticators: true}
Session ID: a53ef2782049896d6b4fd2709da4a2de
2022-10-11 16:58:47 INFO  ScreenShot - ScreenShot captured cTANoResponseTest || Status :Fail
2022-10-11 16:58:56 INFO  CommonMethods - Row num for TestScenario = cTANoResponseTest is = 10
2022-10-11 16:58:58 INFO  ExcelOperation - Write to excel with : Row=10 | Cell =5 | Data =Fail
2022-10-11 16:59:08 INFO  Utils - [TestNG] Running:
  C:\Users\Dhiraj Landge\eclipse-workspace\Talic_Life_Insurance\src\test\resources\RunnerFiles\testng.xml

2022-10-11 16:59:19 INFO  SetUp - Test Case_cTANoResponseTest_Successfully Started
2022-10-11 16:59:25 INFO  WebDriverManager - Using chromedriver 106.0.5249.61 (resolved driver for Chrome 106)
2022-10-11 16:59:25 INFO  WebDriverManager - Exporting webdriver.chrome.driver as C:\Users\Dhiraj Landge\.cache\selenium\chromedriver\win32\106.0.5249.61\chromedriver.exe
2022-10-11 16:59:28 INFO  SetUp - Chrome Browser Launched..
2022-10-11 16:59:32 INFO  SetUp - URL : https://talicaia.crmnext.biz/sn7_1/app/login/login
2022-10-11 16:59:32 INFO  CommonMethods - Sucessfully clicked on Username_XPATH
2022-10-11 16:59:34 INFO  CommonMethods - Data sucessfully entered on Username_XPATH = OLAAS33
2022-10-11 16:59:35 INFO  CommonMethods - Sucessfully clicked on password_XPATH
2022-10-11 16:59:37 INFO  CommonMethods - Data sucessfully entered on password_XPATH = acid_qa
2022-10-11 16:59:38 INFO  ScreenShot - ScreenShot captured LoginPage || Status :Pass
2022-10-11 16:59:39 INFO  CommonMethods - Test Report Mail sent successfully to dhiraj.landge@crmnext.com
2022-10-11 16:59:50 INFO  CommonMethods - Sucessfully clicked on loginBtn_XPATH
2022-10-11 16:59:56 INFO  CommonMethods - Sucessfully clicked on PolicySearch_XPATH
2022-10-11 16:59:56 INFO  ScreenShot - ScreenShot captured QuickLinks || Status :Pass
2022-10-11 16:59:57 INFO  CommonMethods - Sucessfully clicked on PolicyNumber1_XPATH
2022-10-11 16:59:59 INFO  CommonMethods - Data sucessfully entered on PolicyNumber1_XPATH = M337738393
2022-10-11 17:00:00 INFO  CommonMethods - Sucessfully clicked on Fetch_XPATH
2022-10-11 17:00:00 INFO  CommonMethods - Sucessfully clicked on Action_XPATH
2022-10-11 17:00:08 INFO  CommonMethods - Sucessfully clicked on No_XPATH
2022-10-11 17:00:29 INFO  CommonMethods - Swiched to Child window name : Customer Feedback || URL :https://talicaia.crmnext.biz/sn7_1/app/CRMNextObject/StartJourney?x=ypslkb5r3sxgmjugu6njswvhhg7qlgcfgtb5y2p3k56vy7845p6m62m74ngmfsjhk7ydc6uev92qawyayqgbx2dm3b6k7t5nvhsgtt5pythyfxwbqgnrkarz7sv3lc6tkq2mvllkgehw63xqz9gtnt2qu2&winpop=1
2022-10-11 17:00:30 INFO  CommonMethods - Data = Document Not Available With Customer Sucessfully Selected from dropdown Reason_XPATH
2022-10-11 17:00:31 INFO  CommonMethods - Sucessfully clicked on Details_XPATH
2022-10-11 17:00:32 INFO  CommonMethods - Data sucessfully entered on Details_XPATH = No Journey
2022-10-11 17:00:33 INFO  CommonMethods - Sucessfully clicked on Save_XPATH
2022-10-11 17:00:39 INFO  ExcelOperation - Write to excel with : Row=1 | Cell =5 | Data =183835470
2022-10-11 17:00:41 INFO  CommonMethods - Sucessfully clicked on Close12_XPATH
2022-10-11 17:00:41 INFO  CommonMethods - Swiched to parent window Mansi - CRMnext - Smart.Easy.Complete with ID CDwindow-4D9A6544956CA027B5D886CFBE1FDD18
2022-10-11 17:00:46 INFO  CommonMethods - Sucessfully clicked on Report_XPATH
2022-10-11 17:00:47 INFO  CommonMethods - Sucessfully clicked on CallToAction_XPATH
2022-10-11 17:00:48 INFO  CommonMethods - Sucessfully clicked on CallToActionResponse_XPATH
2022-10-11 17:00:50 INFO  CommonMethods - Swiched to Child window name : Call To Action Response || URL :https://talicaia.crmnext.biz/sn7_1/app/Report/GetReportDetailControl?x=3nc2ksnk2m6gq7vf7478g2wpqc2knetj369xurxx3lcrwuqjly5q&winpop=1
2022-10-11 17:00:53 INFO  CommonMethods - Swiched to parent window Reports - CRMnext - Smart.Easy.Complete with ID CDwindow-4D9A6544956CA027B5D886CFBE1FDD18
2022-10-11 17:00:56 INFO  CommonMethods - Sucessfully clicked on ProfileBtn_XPATH
2022-10-11 17:00:57 INFO  CommonMethods - Sucessfully clicked on logoutBtn_XPATH
2022-10-11 17:00:57 INFO  LoginPage - Sucessfully logout..
2022-10-11 17:00:57 INFO  SetUp - Test Case_cTANoResponseTest_Successfully Passed
2022-10-11 17:01:05 INFO  CommonMethods - Row num for TestScenario = cTANoResponseTest is = 10
2022-10-11 17:01:07 INFO  ExcelOperation - Write to excel with : Row=10 | Cell =5 | Data =Pass
2022-10-11 17:01:09 INFO  SetUp - Browser Closed..
2022-10-11 17:01:14 INFO  CommonMethods - Test Report Mail sent successfully to dhiraj.landge@crmnext.com
2022-10-11 17:01:37 INFO  ExtentReporterNG - Extent report Directory is created!
2022-10-11 17:01:44 INFO  Utils - [TestNG] Running:
  C:\Users\Dhiraj Landge\eclipse-workspace\Talic_Life_Insurance\src\test\resources\RunnerFiles\testng.xml

2022-10-11 17:01:55 INFO  SetUp - Test Case_cTANoResponseTest_Successfully Started
2022-10-11 17:02:00 INFO  WebDriverManager - Using chromedriver 106.0.5249.61 (resolved driver for Chrome 106)
2022-10-11 17:02:00 INFO  WebDriverManager - Exporting webdriver.chrome.driver as C:\Users\Dhiraj Landge\.cache\selenium\chromedriver\win32\106.0.5249.61\chromedriver.exe
2022-10-11 17:02:05 INFO  SetUp - Chrome Browser Launched..
2022-10-11 17:02:07 INFO  SetUp - URL : https://talicaia.crmnext.biz/sn7_1/app/login/login
2022-10-11 17:02:07 ERROR SetUp - cTANoResponseTest Get Failed due to 
no such window: target window already closed
from unknown error: web view not found
  (Session info: chrome=106.0.5249.103)
Build info: version: '4.1.0', revision: '87802e897b'
System info: host: 'DESKTOP-K1PV4OP', ip: '192.168.164.108', os.name: 'Windows 11', os.arch: 'amd64', os.version: '10.0', java.version: '17.0.2'
Driver info: org.openqa.selenium.chrome.ChromeDriver
Command: [6e2cb6bee89eb26cea006219a056b7bb, maximizeCurrentWindow {}]
Capabilities {acceptInsecureCerts: false, browserName: chrome, browserVersion: 106.0.5249.103, chrome: {chromedriverVersion: 106.0.5249.61 (511755355844..., userDataDir: C:\Users\DHIRAJ~1\AppData\L...}, goog:chromeOptions: {debuggerAddress: localhost:55622}, javascriptEnabled: true, networkConnectionEnabled: false, pageLoadStrategy: normal, platform: WINDOWS, platformName: WINDOWS, proxy: Proxy(), se:cdp: ws://localhost:55622/devtoo..., se:cdpVersion: 106.0.5249.103, setWindowRect: true, strictFileInteractability: false, timeouts: {implicit: 0, pageLoad: 300000, script: 30000}, unhandledPromptBehavior: dismiss and notify, webauthn:extension:credBlob: true, webauthn:extension:largeBlob: true, webauthn:virtualAuthenticators: true}
Session ID: 6e2cb6bee89eb26cea006219a056b7bb
2022-10-11 17:02:07 ERROR ScreenShot - Unbale to capture screenshot due to no such window: target window already closed
from unknown error: web view not found
  (Session info: chrome=106.0.5249.103)
Build info: version: '4.1.0', revision: '87802e897b'
System info: host: 'DESKTOP-K1PV4OP', ip: '192.168.164.108', os.name: 'Windows 11', os.arch: 'amd64', os.version: '10.0', java.version: '17.0.2'
Driver info: org.openqa.selenium.chrome.ChromeDriver
Command: [6e2cb6bee89eb26cea006219a056b7bb, screenshot {}]
Capabilities {acceptInsecureCerts: false, browserName: chrome, browserVersion: 106.0.5249.103, chrome: {chromedriverVersion: 106.0.5249.61 (511755355844..., userDataDir: C:\Users\DHIRAJ~1\AppData\L...}, goog:chromeOptions: {debuggerAddress: localhost:55622}, javascriptEnabled: true, networkConnectionEnabled: false, pageLoadStrategy: normal, platform: WINDOWS, platformName: WINDOWS, proxy: Proxy(), se:cdp: ws://localhost:55622/devtoo..., se:cdpVersion: 106.0.5249.103, setWindowRect: true, strictFileInteractability: false, timeouts: {implicit: 0, pageLoad: 300000, script: 30000}, unhandledPromptBehavior: dismiss and notify, webauthn:extension:credBlob: true, webauthn:extension:largeBlob: true, webauthn:virtualAuthenticators: true}
Session ID: 6e2cb6bee89eb26cea006219a056b7bb
2022-10-11 17:02:13 INFO  CommonMethods - Row num for TestScenario = cTANoResponseTest is = 10
2022-10-11 17:02:15 INFO  ExcelOperation - Write to excel with : Row=10 | Cell =5 | Data =Fail
2022-10-11 17:02:47 INFO  Utils - [TestNG] Running:
  C:\Users\Dhiraj Landge\eclipse-workspace\Talic_Life_Insurance\src\test\resources\RunnerFiles\testng.xml

2022-10-11 17:03:03 INFO  SetUp - Test Case_cTANoResponseTest_Successfully Started
2022-10-11 17:03:09 INFO  WebDriverManager - Using chromedriver 106.0.5249.61 (resolved driver for Chrome 106)
2022-10-11 17:03:10 INFO  WebDriverManager - Exporting webdriver.chrome.driver as C:\Users\Dhiraj Landge\.cache\selenium\chromedriver\win32\106.0.5249.61\chromedriver.exe
2022-10-11 17:03:13 INFO  SetUp - Chrome Browser Launched..
2022-10-11 17:03:14 ERROR SetUp - cTANoResponseTest Get Failed due to 
no such window: target window already closed
from unknown error: web view not found
  (Session info: chrome=106.0.5249.103)
Build info: version: '4.1.0', revision: '87802e897b'
System info: host: 'DESKTOP-K1PV4OP', ip: '192.168.0.102', os.name: 'Windows 11', os.arch: 'amd64', os.version: '10.0', java.version: '17.0.2'
Driver info: org.openqa.selenium.chrome.ChromeDriver
Command: [178c05f29c6889e7e51ddbaba1a74f24, get {url=https://talicaia.crmnext.biz/sn7_1/app/login/login}]
Capabilities {acceptInsecureCerts: false, browserName: chrome, browserVersion: 106.0.5249.103, chrome: {chromedriverVersion: 106.0.5249.61 (511755355844..., userDataDir: C:\Users\DHIRAJ~1\AppData\L...}, goog:chromeOptions: {debuggerAddress: localhost:55756}, javascriptEnabled: true, networkConnectionEnabled: false, pageLoadStrategy: normal, platform: WINDOWS, platformName: WINDOWS, proxy: Proxy(), se:cdp: ws://localhost:55756/devtoo..., se:cdpVersion: 106.0.5249.103, setWindowRect: true, strictFileInteractability: false, timeouts: {implicit: 0, pageLoad: 300000, script: 30000}, unhandledPromptBehavior: dismiss and notify, webauthn:extension:credBlob: true, webauthn:extension:largeBlob: true, webauthn:virtualAuthenticators: true}
Session ID: 178c05f29c6889e7e51ddbaba1a74f24
2022-10-11 17:03:14 ERROR ScreenShot - Unbale to capture screenshot due to no such window: target window already closed
from unknown error: web view not found
  (Session info: chrome=106.0.5249.103)
Build info: version: '4.1.0', revision: '87802e897b'
System info: host: 'DESKTOP-K1PV4OP', ip: '192.168.0.102', os.name: 'Windows 11', os.arch: 'amd64', os.version: '10.0', java.version: '17.0.2'
Driver info: org.openqa.selenium.chrome.ChromeDriver
Command: [178c05f29c6889e7e51ddbaba1a74f24, screenshot {}]
Capabilities {acceptInsecureCerts: false, browserName: chrome, browserVersion: 106.0.5249.103, chrome: {chromedriverVersion: 106.0.5249.61 (511755355844..., userDataDir: C:\Users\DHIRAJ~1\AppData\L...}, goog:chromeOptions: {debuggerAddress: localhost:55756}, javascriptEnabled: true, networkConnectionEnabled: false, pageLoadStrategy: normal, platform: WINDOWS, platformName: WINDOWS, proxy: Proxy(), se:cdp: ws://localhost:55756/devtoo..., se:cdpVersion: 106.0.5249.103, setWindowRect: true, strictFileInteractability: false, timeouts: {implicit: 0, pageLoad: 300000, script: 30000}, unhandledPromptBehavior: dismiss and notify, webauthn:extension:credBlob: true, webauthn:extension:largeBlob: true, webauthn:virtualAuthenticators: true}
Session ID: 178c05f29c6889e7e51ddbaba1a74f24
2022-10-11 17:03:21 INFO  CommonMethods - Row num for TestScenario = cTANoResponseTest is = 10
2022-10-11 17:03:23 INFO  ExcelOperation - Write to excel with : Row=10 | Cell =5 | Data =Fail
2022-10-11 17:03:42 INFO  Utils - [TestNG] Running:
  C:\Users\Dhiraj Landge\eclipse-workspace\Talic_Life_Insurance\src\test\resources\RunnerFiles\testng.xml

2022-10-11 17:03:54 INFO  SetUp - Test Case_cTANoResponseTest_Successfully Started
2022-10-11 17:04:00 INFO  CommonMethods - Test Report Mail sent successfully to dhiraj.landge@crmnext.com
2022-10-11 17:04:01 INFO  WebDriverManager - Using chromedriver 106.0.5249.61 (resolved driver for Chrome 106)
2022-10-11 17:04:01 INFO  WebDriverManager - Exporting webdriver.chrome.driver as C:\Users\Dhiraj Landge\.cache\selenium\chromedriver\win32\106.0.5249.61\chromedriver.exe
2022-10-11 17:04:04 INFO  SetUp - Chrome Browser Launched..
2022-10-11 17:04:10 ERROR SetUp - cTANoResponseTest Get Failed due to 
Error communicating with the remote browser. It may have died.
Build info: version: '4.1.0', revision: '87802e897b'
System info: host: 'DESKTOP-K1PV4OP', ip: '192.168.0.102', os.name: 'Windows 11', os.arch: 'amd64', os.version: '10.0', java.version: '17.0.2'
Driver info: org.openqa.selenium.chrome.ChromeDriver
Command: [fea96ceb2506c118942bf0320cca4c85, get {url=https://talicaia.crmnext.biz/sn7_1/app/login/login}]
Capabilities {acceptInsecureCerts: false, browserName: chrome, browserVersion: 106.0.5249.103, chrome: {chromedriverVersion: 106.0.5249.61 (511755355844..., userDataDir: C:\Users\DHIRAJ~1\AppData\L...}, goog:chromeOptions: {debuggerAddress: localhost:55826}, javascriptEnabled: true, networkConnectionEnabled: false, pageLoadStrategy: normal, platform: WINDOWS, platformName: WINDOWS, proxy: Proxy(), se:cdp: ws://localhost:55826/devtoo..., se:cdpVersion: 106.0.5249.103, setWindowRect: true, strictFileInteractability: false, timeouts: {implicit: 0, pageLoad: 300000, script: 30000}, unhandledPromptBehavior: dismiss and notify, webauthn:extension:credBlob: true, webauthn:extension:largeBlob: true, webauthn:virtualAuthenticators: true}
Session ID: fea96ceb2506c118942bf0320cca4c85
2022-10-11 17:04:20 ERROR ScreenShot - Unbale to capture screenshot due to Error communicating with the remote browser. It may have died.
Build info: version: '4.1.0', revision: '87802e897b'
System info: host: 'DESKTOP-K1PV4OP', ip: '192.168.0.102', os.name: 'Windows 11', os.arch: 'amd64', os.version: '10.0', java.version: '17.0.2'
Driver info: org.openqa.selenium.chrome.ChromeDriver
Command: [fea96ceb2506c118942bf0320cca4c85, screenshot {}]
Capabilities {acceptInsecureCerts: false, browserName: chrome, browserVersion: 106.0.5249.103, chrome: {chromedriverVersion: 106.0.5249.61 (511755355844..., userDataDir: C:\Users\DHIRAJ~1\AppData\L...}, goog:chromeOptions: {debuggerAddress: localhost:55826}, javascriptEnabled: true, networkConnectionEnabled: false, pageLoadStrategy: normal, platform: WINDOWS, platformName: WINDOWS, proxy: Proxy(), se:cdp: ws://localhost:55826/devtoo..., se:cdpVersion: 106.0.5249.103, setWindowRect: true, strictFileInteractability: false, timeouts: {implicit: 0, pageLoad: 300000, script: 30000}, unhandledPromptBehavior: dismiss and notify, webauthn:extension:credBlob: true, webauthn:extension:largeBlob: true, webauthn:virtualAuthenticators: true}
Session ID: fea96ceb2506c118942bf0320cca4c85
2022-10-11 17:04:29 INFO  CommonMethods - Row num for TestScenario = cTANoResponseTest is = 10
2022-10-11 17:04:30 INFO  ExcelOperation - Write to excel with : Row=10 | Cell =5 | Data =Fail
2022-10-11 17:04:45 INFO  CommonMethods - Test Report Mail sent successfully to dhiraj.landge@crmnext.com
2022-10-11 17:04:46 INFO  Utils - [TestNG] Running:
  C:\Users\Dhiraj Landge\eclipse-workspace\Talic_Life_Insurance\src\test\resources\RunnerFiles\testng.xml

2022-10-11 17:04:57 INFO  SetUp - Test Case_cTANoResponseTest_Successfully Started
2022-10-11 17:05:02 INFO  WebDriverManager - Using chromedriver 106.0.5249.61 (resolved driver for Chrome 106)
2022-10-11 17:05:02 INFO  WebDriverManager - Exporting webdriver.chrome.driver as C:\Users\Dhiraj Landge\.cache\selenium\chromedriver\win32\106.0.5249.61\chromedriver.exe
2022-10-11 17:05:06 INFO  SetUp - Chrome Browser Launched..
2022-10-11 17:05:08 INFO  SetUp - URL : https://talicaia.crmnext.biz/sn7_1/app/login/login
2022-10-11 17:05:08 INFO  CommonMethods - Sucessfully clicked on Username_XPATH
2022-10-11 17:05:09 INFO  CommonMethods - Data sucessfully entered on Username_XPATH = OLAAS33
2022-10-11 17:05:10 INFO  CommonMethods - Sucessfully clicked on password_XPATH
2022-10-11 17:05:12 INFO  CommonMethods - Data sucessfully entered on password_XPATH = acid_qa
2022-10-11 17:05:13 INFO  ScreenShot - ScreenShot captured LoginPage || Status :Pass
2022-10-11 17:05:17 INFO  CommonMethods - Sucessfully clicked on loginBtn_XPATH
2022-10-11 17:05:20 INFO  CommonMethods - Sucessfully clicked on PolicySearch_XPATH
2022-10-11 17:05:21 INFO  ScreenShot - ScreenShot captured QuickLinks || Status :Pass
2022-10-11 17:05:21 INFO  CommonMethods - Sucessfully clicked on PolicyNumber1_XPATH
2022-10-11 17:05:23 INFO  CommonMethods - Data sucessfully entered on PolicyNumber1_XPATH = M337738393
2022-10-11 17:05:24 INFO  CommonMethods - Sucessfully clicked on Fetch_XPATH
2022-10-11 17:05:25 INFO  CommonMethods - Sucessfully clicked on Action_XPATH
2022-10-11 17:05:28 INFO  CommonMethods - Sucessfully clicked on No_XPATH
2022-10-11 17:05:31 INFO  CommonMethods - Swiched to Child window name : Customer Feedback || URL :https://talicaia.crmnext.biz/sn7_1/app/CRMNextObject/StartJourney?x=ypslkb5r3sxgmjugu6njswvhhg7qlgcfgtb5y2p3k56vy7845p6m62m74ngmfsjhk7ydc6uev92qawyayqgbx2dm3b6k7t5nvhsgtt5pythyfxwbqgnrkarz7sv3lc6tkq2mvllkgehw63xqz9gtnt2qu2&winpop=1
2022-10-11 17:05:33 INFO  CommonMethods - Data = Document Not Available With Customer Sucessfully Selected from dropdown Reason_XPATH
2022-10-11 17:05:33 INFO  CommonMethods - Sucessfully clicked on Details_XPATH
2022-10-11 17:05:35 INFO  CommonMethods - Data sucessfully entered on Details_XPATH = No Journey
2022-10-11 17:05:36 INFO  CommonMethods - Sucessfully clicked on Save_XPATH
2022-10-11 17:05:39 INFO  ExcelOperation - Write to excel with : Row=1 | Cell =5 | Data =183835471
2022-10-11 17:05:41 INFO  CommonMethods - Sucessfully clicked on Close12_XPATH
2022-10-11 17:05:41 INFO  CommonMethods - Swiched to parent window Mansi - CRMnext - Smart.Easy.Complete with ID CDwindow-72DCDA9F98C2D733ED01F1D57F52EC89
2022-10-11 17:05:43 INFO  CommonMethods - Sucessfully clicked on Report_XPATH
2022-10-11 17:05:43 INFO  CommonMethods - Sucessfully clicked on CallToAction_XPATH
2022-10-11 17:05:44 INFO  CommonMethods - Sucessfully clicked on CallToActionResponse_XPATH
2022-10-11 17:05:45 INFO  CommonMethods - Swiched to Child window name : Call To Action Response || URL :https://talicaia.crmnext.biz/sn7_1/app/Report/GetReportDetailControl?x=3nc2ksnk2m6gq7vf7478g2wpqc2knetj369xurxx3lcrwuqjly5q&winpop=1
2022-10-11 17:05:48 INFO  CommonMethods - Swiched to parent window Reports - CRMnext - Smart.Easy.Complete with ID CDwindow-72DCDA9F98C2D733ED01F1D57F52EC89
2022-10-11 17:05:51 INFO  CommonMethods - Sucessfully clicked on ProfileBtn_XPATH
2022-10-11 17:05:53 INFO  CommonMethods - Sucessfully clicked on logoutBtn_XPATH
2022-10-11 17:05:53 INFO  LoginPage - Sucessfully logout..
2022-10-11 17:05:53 INFO  SetUp - Test Case_cTANoResponseTest_Successfully Passed
2022-10-11 17:06:01 INFO  CommonMethods - Row num for TestScenario = cTANoResponseTest is = 10
2022-10-11 17:06:02 INFO  ExcelOperation - Write to excel with : Row=10 | Cell =5 | Data =Pass
2022-10-11 17:06:05 INFO  SetUp - Browser Closed..
2022-10-11 17:06:09 INFO  CommonMethods - Test Report Mail sent successfully to dhiraj.landge@crmnext.com
2022-10-11 17:07:58 INFO  Utils - [TestNG] Running:
  C:\Users\Dhiraj Landge\eclipse-workspace\Talic_Life_Insurance\src\test\resources\RunnerFiles\testng.xml

2022-10-11 17:08:08 INFO  SetUp - Test Case_cTAYesResponseTest_Successfully Started
2022-10-11 17:08:13 INFO  WebDriverManager - Using chromedriver 106.0.5249.61 (resolved driver for Chrome 106)
2022-10-11 17:08:13 INFO  WebDriverManager - Exporting webdriver.chrome.driver as C:\Users\Dhiraj Landge\.cache\selenium\chromedriver\win32\106.0.5249.61\chromedriver.exe
2022-10-11 17:08:17 INFO  SetUp - Chrome Browser Launched..
2022-10-11 17:08:19 INFO  SetUp - URL : https://talicaia.crmnext.biz/sn7_1/app/login/login
2022-10-11 17:08:19 INFO  CommonMethods - Sucessfully clicked on Username_XPATH
2022-10-11 17:08:20 INFO  CommonMethods - Data sucessfully entered on Username_XPATH = OLAAS33
2022-10-11 17:08:21 INFO  CommonMethods - Sucessfully clicked on password_XPATH
2022-10-11 17:08:23 INFO  CommonMethods - Data sucessfully entered on password_XPATH = acid_qa
2022-10-11 17:08:24 INFO  ScreenShot - ScreenShot captured LoginPage || Status :Pass
2022-10-11 17:08:28 INFO  CommonMethods - Sucessfully clicked on loginBtn_XPATH
2022-10-11 17:08:31 INFO  CommonMethods - Sucessfully clicked on PolicySearch_XPATH
2022-10-11 17:08:32 INFO  ScreenShot - ScreenShot captured QuickLinks || Status :Pass
2022-10-11 17:08:32 INFO  CommonMethods - Sucessfully clicked on PolicyNumber1_XPATH
2022-10-11 17:08:34 INFO  CommonMethods - Data sucessfully entered on PolicyNumber1_XPATH = M337738393
2022-10-11 17:08:35 INFO  CommonMethods - Sucessfully clicked on Fetch_XPATH
2022-10-11 17:08:36 INFO  CommonMethods - Sucessfully clicked on Action_XPATH
2022-10-11 17:08:40 INFO  CommonMethods - Sucessfully clicked on Yes_XPATH
2022-10-11 17:08:46 INFO  CommonMethods - Swiched to Child window name : Call To Action || URL :https://talicaia.crmnext.biz/sn7_1/app/CRMNextObject/StartJourney?x=ypslkb5r3sxgmjugu6njswvhhg7qlgcfgtb5y2p3k56vy7845p6m62m74ngmfsjhk7ydc6uev92qawyayqgbx2dm3b6k7t5nvhsgtt5pythyfxwbqgnkefw6vtlvgsltvwrnbrfcasymmchtgs7ey9m472&winpop=1
2022-10-11 17:08:47 INFO  ScreenShot - ScreenShot captured Childwindow || Status :Pass
2022-10-11 17:08:48 INFO  CommonMethods - Data = Web Sucessfully Selected from dropdown Mode_XPATH
2022-10-11 17:08:48 INFO  CommonMethods - Sucessfully clicked on SubCategory_XPATH
2022-10-11 17:08:50 INFO  CommonMethods - Data sucessfully entered on SubCategory_XPATH = Others
2022-10-11 17:08:51 INFO  CommonMethods - Sucessfully clicked on Others_XPATH
2022-10-11 17:08:52 INFO  CommonMethods - Sucessfully clicked on SubSubCategory_XPATH
2022-10-11 17:08:54 INFO  CommonMethods - Data sucessfully entered on SubSubCategory_XPATH = Request
2022-10-11 17:08:55 INFO  CommonMethods - Sucessfully clicked on Request_XPATH
2022-10-11 17:08:56 INFO  CommonMethods - Sucessfully clicked on Subject_XPATH
2022-10-11 17:08:57 INFO  CommonMethods - Data sucessfully entered on Subject_XPATH = Others-Request
2022-10-11 17:08:59 INFO  CommonMethods - Sucessfully clicked on Next111_XPATH
2022-10-11 17:09:08 INFO  ExcelOperation - Write to excel with : Row=1 | Cell =10 | Data =77995675
2022-10-11 17:09:10 INFO  CommonMethods - Sucessfully clicked on Close_XPATH
2022-10-11 17:09:10 INFO  CommonMethods - Swiched to parent window Mansi - CRMnext - Smart.Easy.Complete with ID CDwindow-69B2D4AE4DB00BD870F46D843E2EB872
2022-10-11 17:09:12 INFO  CommonMethods - Sucessfully clicked on Report_XPATH
2022-10-11 17:09:12 INFO  CommonMethods - Sucessfully clicked on CallToAction_XPATH
2022-10-11 17:09:13 INFO  CommonMethods - Sucessfully clicked on CallToActionResponse_XPATH
2022-10-11 17:09:14 INFO  CommonMethods - Swiched to Child window name : Call To Action Response || URL :https://talicaia.crmnext.biz/sn7_1/app/Report/GetReportDetailControl?x=3nc2ksnk2m6gq7vf7478g2wpqc2knetj369xurxx3lcrwuqjly5q&winpop=1
2022-10-11 17:09:17 INFO  CommonMethods - Swiched to parent window Reports - CRMnext - Smart.Easy.Complete with ID CDwindow-69B2D4AE4DB00BD870F46D843E2EB872
2022-10-11 17:09:20 INFO  CommonMethods - Sucessfully clicked on ProfileBtn_XPATH
2022-10-11 17:09:21 INFO  CommonMethods - Sucessfully clicked on logoutBtn_XPATH
2022-10-11 17:09:21 INFO  LoginPage - Sucessfully logout..
2022-10-11 17:09:21 INFO  SetUp - Test Case_cTAYesResponseTest_Successfully Passed
2022-10-11 17:09:28 INFO  CommonMethods - Row num for TestScenario = cTAYesResponseTest is = 9
2022-10-11 17:09:30 INFO  ExcelOperation - Write to excel with : Row=9 | Cell =5 | Data =Pass
2022-10-11 17:09:33 INFO  SetUp - Browser Closed..
2022-10-11 17:09:36 INFO  CommonMethods - Test Report Mail sent successfully to dhiraj.landge@crmnext.com
2022-10-11 19:46:27 INFO  ExtentReporterNG - Extent report Directory is created!
2022-10-11 19:46:28 INFO  Utils - [TestNG] Running:
  C:\Users\Dhiraj Landge\eclipse-workspace\Talic_Life_Insurance\src\test\resources\RunnerFiles\testng.xml

2022-10-11 19:46:29 INFO  SetUp - Test Case_quickLinksTest_Successfully Started
2022-10-11 19:46:30 INFO  WebDriverManager - Using chromedriver 106.0.5249.61 (resolved driver for Chrome 106)
2022-10-11 19:46:30 INFO  WebDriverManager - Exporting webdriver.chrome.driver as C:\Users\Dhiraj Landge\.cache\selenium\chromedriver\win32\106.0.5249.61\chromedriver.exe
2022-10-11 19:46:31 INFO  SetUp - Chrome Browser Launched..
2022-10-11 19:46:32 INFO  SetUp - URL : https://talicaia.crmnext.biz/sn7_1/app/login/login
2022-10-11 19:46:32 INFO  CommonMethods - Sucessfully clicked on Username_XPATH
2022-10-11 19:46:33 INFO  CommonMethods - Data sucessfully entered on Username_XPATH = OOABC97
2022-10-11 19:46:33 INFO  CommonMethods - Sucessfully clicked on password_XPATH
2022-10-11 19:46:33 INFO  CommonMethods - Data sucessfully entered on password_XPATH = acid_qa
2022-10-11 19:46:33 INFO  ScreenShot - ScreenShot captured LoginPage || Status :Pass
2022-10-11 19:46:36 INFO  CommonMethods - Sucessfully clicked on loginBtn_XPATH
2022-10-11 19:46:36 INFO  ScreenShot - ScreenShot captured QuickLinks || Status :Pass
2022-10-11 19:46:38 INFO  CommonMethods - Sucessfully clicked on PolicySearch_XPATH
2022-10-11 19:46:38 INFO  CommonMethods - Sucessfully clicked on PolicyNumber1_XPATH
2022-10-11 19:46:38 INFO  CommonMethods - Data sucessfully entered on PolicyNumber1_XPATH = M337738393
2022-10-11 19:46:39 INFO  ScreenShot - ScreenShot captured PolicySearch || Status :Pass
2022-10-11 19:46:39 INFO  CommonMethods - Sucessfully clicked on Fetch_XPATH
2022-10-11 19:46:39 INFO  ScreenShot - ScreenShot captured Action || Status :Pass
2022-10-11 19:46:39 INFO  CommonMethods - Sucessfully clicked on Action_XPATH
2022-10-11 19:46:42 INFO  ScreenShot - ScreenShot captured ActionCentre || Status :Pass
2022-10-11 19:46:42 INFO  CommonMethods - Sucessfully clicked on ActionCentre_XPATH
2022-10-11 19:46:43 INFO  ScreenShot - ScreenShot captured QuickLinksJourney || Status :Pass
2022-10-11 19:46:44 INFO  CommonMethods - Sucessfully clicked on QuickLinksJourney_XPATH
2022-10-11 19:46:44 INFO  ScreenShot - ScreenShot captured QuickLinksPage || Status :Pass
2022-10-11 19:46:44 INFO  CommonMethods - Sucessfully clicked on Next3_XPATH
2022-10-11 19:46:48 INFO  ExcelOperation - Write to excel with : Row=1 | Cell =6 | Data =SR Number
2022-10-11 19:46:50 INFO  ScreenShot - ScreenShot captured SR Creation || Status :Pass
2022-10-11 19:46:51 INFO  CommonMethods - Sucessfully clicked on Close1_XPATH
2022-10-11 19:46:52 INFO  CommonMethods - Sucessfully clicked on Report_XPATH
2022-10-11 19:46:54 INFO  CommonMethods - Sucessfully clicked on CallToAction_XPATH
2022-10-11 19:46:55 INFO  CommonMethods - Sucessfully clicked on CallToActionResponse_XPATH
2022-10-11 19:46:56 INFO  CommonMethods - Swiched to Child window name : Call To Action Response || URL :https://talicaia.crmnext.biz/sn7_1/app/Report/GetReportDetailControl?x=3nc2ksnk2m6gq7vf7478g2wpqc2knetj369xurxx3lcrwuqjly5q&winpop=1
2022-10-11 19:47:00 INFO  CommonMethods - Swiched to parent window Reports - CRMnext - Smart.Easy.Complete with ID CDwindow-05F54589774217937F6DDA67CB7A6F39
2022-10-11 19:47:02 INFO  CommonMethods - Sucessfully clicked on ProfileBtn_XPATH
2022-10-11 19:47:03 INFO  CommonMethods - Sucessfully clicked on logoutBtn_XPATH
2022-10-11 19:47:03 INFO  LoginPage - Sucessfully logout..
2022-10-11 19:47:03 INFO  SetUp - Test Case_quickLinksTest_Successfully Passed
2022-10-11 19:47:06 INFO  CommonMethods - Row num for TestScenario = quickLinksTest is = 6
2022-10-11 19:47:07 INFO  ExcelOperation - Write to excel with : Row=6 | Cell =5 | Data =Pass
2022-10-11 19:47:09 INFO  SetUp - Browser Closed..
2022-10-11 19:47:12 INFO  CommonMethods - Test Report Mail sent successfully to dhiraj.landge@crmnext.com
2022-10-11 19:49:03 INFO  Utils - [TestNG] Running:
  C:\Users\Dhiraj Landge\eclipse-workspace\Talic_Life_Insurance\src\test\resources\RunnerFiles\testng.xml

2022-10-11 19:49:08 INFO  SetUp - Test Case_quickLinksTest_Successfully Started
2022-10-11 19:49:10 INFO  WebDriverManager - Using chromedriver 106.0.5249.61 (resolved driver for Chrome 106)
2022-10-11 19:49:10 INFO  WebDriverManager - Exporting webdriver.chrome.driver as C:\Users\Dhiraj Landge\.cache\selenium\chromedriver\win32\106.0.5249.61\chromedriver.exe
2022-10-11 19:49:12 INFO  SetUp - Chrome Browser Launched..
2022-10-11 19:49:14 INFO  SetUp - URL : https://talicaia.crmnext.biz/sn7_1/app/login/login
2022-10-11 19:49:14 INFO  CommonMethods - Sucessfully clicked on Username_XPATH
2022-10-11 19:49:14 INFO  CommonMethods - Data sucessfully entered on Username_XPATH = OOABC97
2022-10-11 19:49:15 INFO  CommonMethods - Sucessfully clicked on password_XPATH
2022-10-11 19:49:15 INFO  CommonMethods - Data sucessfully entered on password_XPATH = acid_qa
2022-10-11 19:49:16 INFO  ScreenShot - ScreenShot captured LoginPage || Status :Pass
2022-10-11 19:49:19 INFO  CommonMethods - Sucessfully clicked on loginBtn_XPATH
2022-10-11 19:49:19 INFO  ScreenShot - ScreenShot captured QuickLinks || Status :Pass
2022-10-11 19:49:21 INFO  CommonMethods - Sucessfully clicked on PolicySearch_XPATH
2022-10-11 19:49:21 INFO  CommonMethods - Sucessfully clicked on PolicyNumber1_XPATH
2022-10-11 19:49:22 INFO  CommonMethods - Data sucessfully entered on PolicyNumber1_XPATH = M337738393
2022-10-11 19:49:23 INFO  ScreenShot - ScreenShot captured PolicySearch || Status :Pass
2022-10-11 19:49:23 INFO  CommonMethods - Sucessfully clicked on Fetch_XPATH
2022-10-11 19:49:23 INFO  ScreenShot - ScreenShot captured Action || Status :Pass
2022-10-11 19:49:23 INFO  CommonMethods - Sucessfully clicked on Action_XPATH
2022-10-11 19:49:26 INFO  ScreenShot - ScreenShot captured ActionCentre || Status :Pass
2022-10-11 19:49:26 INFO  CommonMethods - Sucessfully clicked on ActionCentre_XPATH
2022-10-11 19:49:26 INFO  ScreenShot - ScreenShot captured QuickLinksJourney || Status :Pass
2022-10-11 19:49:28 INFO  CommonMethods - Sucessfully clicked on QuickLinksJourney_XPATH
2022-10-11 19:49:28 INFO  ScreenShot - ScreenShot captured QuickLinksPage || Status :Pass
2022-10-11 19:49:28 INFO  CommonMethods - Sucessfully clicked on Next3_XPATH
2022-10-11 19:49:34 INFO  ExcelOperation - Write to excel with : Row=1 | Cell =6 | Data =77995692
2022-10-11 19:49:34 ERROR SetUp - quickLinksTest Get Failed due to 
C:\Users\Dhiraj Landge\eclipse-workspace\Talic_Life_Insurance\src\test\resources\TestData\AutomationTestData.xlsx (The process cannot access the file because it is being used by another process)
2022-10-11 19:49:34 INFO  ScreenShot - ScreenShot captured quickLinksTest || Status :Fail
2022-10-11 19:49:36 INFO  CommonMethods - Row num for TestScenario = quickLinksTest is = 6
2022-10-11 19:49:37 INFO  ExcelOperation - Write to excel with : Row=6 | Cell =5 | Data =Fail
2022-10-11 19:49:38 WARN  WebSocketHandler - onError
java.net.SocketException: Connection reset
	at sun.nio.ch.SocketChannelImpl.throwConnectionReset(SocketChannelImpl.java:394) ~[?:?]
	at sun.nio.ch.SocketChannelImpl.read(SocketChannelImpl.java:426) ~[?:?]
	at io.netty.buffer.PooledByteBuf.setBytes(PooledByteBuf.java:253) ~[netty-buffer-4.1.69.Final.jar:4.1.69.Final]
	at io.netty.buffer.AbstractByteBuf.writeBytes(AbstractByteBuf.java:1132) ~[netty-buffer-4.1.69.Final.jar:4.1.69.Final]
	at io.netty.channel.socket.nio.NioSocketChannel.doReadBytes(NioSocketChannel.java:350) ~[netty-transport-4.1.69.Final.jar:4.1.69.Final]
	at io.netty.channel.nio.AbstractNioByteChannel$NioByteUnsafe.read(AbstractNioByteChannel.java:151) [netty-transport-4.1.69.Final.jar:4.1.69.Final]
	at io.netty.channel.nio.NioEventLoop.processSelectedKey(NioEventLoop.java:719) [netty-transport-4.1.69.Final.jar:4.1.69.Final]
	at io.netty.channel.nio.NioEventLoop.processSelectedKeysOptimized(NioEventLoop.java:655) [netty-transport-4.1.69.Final.jar:4.1.69.Final]
	at io.netty.channel.nio.NioEventLoop.processSelectedKeys(NioEventLoop.java:581) [netty-transport-4.1.69.Final.jar:4.1.69.Final]
	at io.netty.channel.nio.NioEventLoop.run(NioEventLoop.java:493) [netty-transport-4.1.69.Final.jar:4.1.69.Final]
	at io.netty.util.concurrent.SingleThreadEventExecutor$4.run(SingleThreadEventExecutor.java:986) [netty-common-4.1.69.Final.jar:4.1.69.Final]
	at io.netty.util.internal.ThreadExecutorMap$2.run(ThreadExecutorMap.java:74) [netty-common-4.1.69.Final.jar:4.1.69.Final]
	at io.netty.util.concurrent.FastThreadLocalRunnable.run(FastThreadLocalRunnable.java:30) [netty-common-4.1.69.Final.jar:4.1.69.Final]
	at java.lang.Thread.run(Thread.java:833) [?:?]
2022-10-11 19:49:38 INFO  SetUp - Browser Closed..
2022-10-11 19:49:40 INFO  CommonMethods - Test Report Mail sent successfully to dhiraj.landge@crmnext.com
2022-10-11 19:50:36 INFO  Utils - [TestNG] Running:
  C:\Users\Dhiraj Landge\eclipse-workspace\Talic_Life_Insurance\src\test\resources\RunnerFiles\testng.xml

2022-10-11 19:50:41 INFO  SetUp - Test Case_quickLinksTest_Successfully Started
2022-10-11 19:50:43 INFO  WebDriverManager - Using chromedriver 106.0.5249.61 (resolved driver for Chrome 106)
2022-10-11 19:50:43 INFO  WebDriverManager - Exporting webdriver.chrome.driver as C:\Users\Dhiraj Landge\.cache\selenium\chromedriver\win32\106.0.5249.61\chromedriver.exe
2022-10-11 19:50:45 INFO  SetUp - Chrome Browser Launched..
2022-10-11 19:50:46 INFO  SetUp - URL : https://talicaia.crmnext.biz/sn7_1/app/login/login
2022-10-11 19:50:46 INFO  CommonMethods - Sucessfully clicked on Username_XPATH
2022-10-11 19:50:47 INFO  CommonMethods - Data sucessfully entered on Username_XPATH = OOABC97
2022-10-11 19:50:47 INFO  CommonMethods - Sucessfully clicked on password_XPATH
2022-10-11 19:50:48 INFO  CommonMethods - Data sucessfully entered on password_XPATH = acid_qa
2022-10-11 19:50:48 INFO  ScreenShot - ScreenShot captured LoginPage || Status :Pass
2022-10-11 19:50:51 INFO  CommonMethods - Sucessfully clicked on loginBtn_XPATH
2022-10-11 19:50:52 INFO  ScreenShot - ScreenShot captured QuickLinks || Status :Pass
2022-10-11 19:50:54 INFO  CommonMethods - Sucessfully clicked on PolicySearch_XPATH
2022-10-11 19:50:54 INFO  CommonMethods - Sucessfully clicked on PolicyNumber1_XPATH
2022-10-11 19:50:55 INFO  CommonMethods - Data sucessfully entered on PolicyNumber1_XPATH = M337738393
2022-10-11 19:50:56 INFO  ScreenShot - ScreenShot captured PolicySearch || Status :Pass
2022-10-11 19:50:56 INFO  CommonMethods - Sucessfully clicked on Fetch_XPATH
2022-10-11 19:50:56 INFO  ScreenShot - ScreenShot captured Action || Status :Pass
2022-10-11 19:50:57 INFO  CommonMethods - Sucessfully clicked on Action_XPATH
2022-10-11 19:50:59 INFO  ScreenShot - ScreenShot captured ActionCentre || Status :Pass
2022-10-11 19:50:59 INFO  CommonMethods - Sucessfully clicked on ActionCentre_XPATH
2022-10-11 19:50:59 INFO  ScreenShot - ScreenShot captured QuickLinksJourney || Status :Pass
2022-10-11 19:51:01 INFO  CommonMethods - Sucessfully clicked on QuickLinksJourney_XPATH
2022-10-11 19:51:01 INFO  ScreenShot - ScreenShot captured QuickLinksPage || Status :Pass
2022-10-11 19:51:01 INFO  CommonMethods - Sucessfully clicked on Next3_XPATH
2022-10-11 19:51:06 INFO  ExcelOperation - Write to excel with : Row=1 | Cell =6 | Data =77995693
2022-10-11 19:51:07 INFO  ScreenShot - ScreenShot captured SR Creation || Status :Pass
2022-10-11 19:51:09 INFO  CommonMethods - Sucessfully clicked on Close1_XPATH
2022-10-11 19:51:10 INFO  CommonMethods - Sucessfully clicked on Report_XPATH
2022-10-11 19:51:11 INFO  CommonMethods - Sucessfully clicked on CallToAction_XPATH
2022-10-11 19:51:11 INFO  CommonMethods - Sucessfully clicked on CallToActionResponse_XPATH
2022-10-11 19:51:13 INFO  CommonMethods - Swiched to Child window name : Call To Action Response || URL :https://talicaia.crmnext.biz/sn7_1/app/Report/GetReportDetailControl?x=3nc2ksnk2m6gq7vf7478g2wpqc2knetj369xurxx3lcrwuqjly5q&winpop=1
2022-10-11 19:51:16 INFO  CommonMethods - Swiched to parent window Reports - CRMnext - Smart.Easy.Complete with ID CDwindow-026F9187F2D45B397A228FCE4E37706A
2022-10-11 19:51:18 INFO  CommonMethods - Sucessfully clicked on ProfileBtn_XPATH
2022-10-11 19:51:19 INFO  CommonMethods - Sucessfully clicked on logoutBtn_XPATH
2022-10-11 19:51:19 INFO  LoginPage - Sucessfully logout..
2022-10-11 19:51:19 INFO  SetUp - Test Case_quickLinksTest_Successfully Passed
2022-10-11 19:51:22 INFO  CommonMethods - Row num for TestScenario = quickLinksTest is = 6
2022-10-11 19:51:23 INFO  ExcelOperation - Write to excel with : Row=6 | Cell =5 | Data =Pass
2022-10-11 19:51:25 INFO  SetUp - Browser Closed..
2022-10-11 19:51:27 INFO  CommonMethods - Test Report Mail sent successfully to dhiraj.landge@crmnext.com
2022-10-11 20:23:39 INFO  ExtentReporterNG - Extent report Directory is created!
2022-10-11 20:28:24 INFO  Utils - [TestNG] Running:
  C:\Users\Dhiraj Landge\eclipse-workspace\Talic_Life_Insurance\src\test\resources\RunnerFiles\testng.xml

2022-10-11 20:28:34 INFO  SetUp - Test Case_customer360CardViewTest_Successfully Started
2022-10-11 20:28:38 INFO  WebDriverManager - Using chromedriver 106.0.5249.61 (resolved driver for Chrome 106)
2022-10-11 20:28:38 INFO  WebDriverManager - Exporting webdriver.chrome.driver as C:\Users\Dhiraj Landge\.cache\selenium\chromedriver\win32\106.0.5249.61\chromedriver.exe
2022-10-11 20:28:41 INFO  SetUp - Chrome Browser Launched..
2022-10-11 20:28:43 INFO  SetUp - URL : https://talicaia.crmnext.biz/sn7_1/app/login/login
2022-10-11 20:28:43 INFO  CommonMethods - Sucessfully clicked on Username_XPATH
2022-10-11 20:28:45 INFO  CommonMethods - Data sucessfully entered on Username_XPATH = OLAAS33
2022-10-11 20:28:45 INFO  CommonMethods - Sucessfully clicked on password_XPATH
2022-10-11 20:28:47 INFO  CommonMethods - Data sucessfully entered on password_XPATH = acid_qa
2022-10-11 20:28:48 INFO  ScreenShot - ScreenShot captured LoginPage || Status :Pass
2022-10-11 20:28:53 INFO  CommonMethods - Sucessfully clicked on loginBtn_XPATH
2022-10-11 20:28:54 INFO  ScreenShot - ScreenShot captured QuickLinks || Status :Pass
2022-10-11 20:28:59 INFO  CommonMethods - Sucessfully clicked on CustomerSearch_XPATH
2022-10-11 20:28:59 INFO  CommonMethods - Sucessfully clicked on PolicyNumber_XPATH
2022-10-11 20:29:01 INFO  CommonMethods - Data sucessfully entered on PolicyNumber_XPATH = M337738393
2022-10-11 20:29:02 INFO  CommonMethods - Sucessfully clicked on SideClick_XPATH
2022-10-11 20:29:02 INFO  ScreenShot - ScreenShot captured PolicyNumber || Status :Pass
2022-10-11 20:29:02 INFO  CommonMethods - Sucessfully clicked on Next_XPATH
2022-10-11 20:29:02 INFO  ScreenShot - ScreenShot captured ValidatePage || Status :Pass
2022-10-11 20:30:02 ERROR SetUp - customer360CardViewTest Get Failed due to 
Expected condition failed: waiting for visibility of element located by By.xpath: //a[@class="f12"] (tried for 60 second(s) with 500 milliseconds interval)
2022-10-11 20:30:02 ERROR ScreenShot - Unbale to capture screenshot due to no such window: target window already closed
from unknown error: web view not found
  (Session info: chrome=106.0.5249.103)
Build info: version: '4.1.0', revision: '87802e897b'
System info: host: 'DESKTOP-K1PV4OP', ip: '192.168.0.102', os.name: 'Windows 11', os.arch: 'amd64', os.version: '10.0', java.version: '17.0.2'
Driver info: org.openqa.selenium.chrome.ChromeDriver
Command: [2ca0e93089892a4724f2264de614ef4d, screenshot {}]
Capabilities {acceptInsecureCerts: false, browserName: chrome, browserVersion: 106.0.5249.103, chrome: {chromedriverVersion: 106.0.5249.61 (511755355844..., userDataDir: C:\Users\DHIRAJ~1\AppData\L...}, goog:chromeOptions: {debuggerAddress: localhost:61778}, javascriptEnabled: true, networkConnectionEnabled: false, pageLoadStrategy: normal, platform: WINDOWS, platformName: WINDOWS, proxy: Proxy(), se:cdp: ws://localhost:61778/devtoo..., se:cdpVersion: 106.0.5249.103, setWindowRect: true, strictFileInteractability: false, timeouts: {implicit: 0, pageLoad: 300000, script: 30000}, unhandledPromptBehavior: dismiss and notify, webauthn:extension:credBlob: true, webauthn:extension:largeBlob: true, webauthn:virtualAuthenticators: true}
Session ID: 2ca0e93089892a4724f2264de614ef4d
2022-10-11 20:30:09 INFO  CommonMethods - Row num for TestScenario = customer360CardViewTest is = 8
2022-10-11 20:30:10 INFO  ExcelOperation - Write to excel with : Row=8 | Cell =5 | Data =Fail
2022-10-11 20:30:47 INFO  CommonMethods - Test Report Mail sent successfully to dhiraj.landge@crmnext.com
2022-10-11 20:31:37 INFO  Utils - [TestNG] Running:
  C:\Users\Dhiraj Landge\eclipse-workspace\Talic_Life_Insurance\src\test\resources\RunnerFiles\testng.xml

2022-10-11 20:31:39 INFO  SetUp - Test Case_customer360CardViewTest_Successfully Started
2022-10-11 20:31:41 INFO  WebDriverManager - Using chromedriver 106.0.5249.61 (resolved driver for Chrome 106)
2022-10-11 20:31:41 INFO  WebDriverManager - Exporting webdriver.chrome.driver as C:\Users\Dhiraj Landge\.cache\selenium\chromedriver\win32\106.0.5249.61\chromedriver.exe
2022-10-11 20:31:44 INFO  SetUp - Chrome Browser Launched..
2022-10-11 20:31:45 INFO  SetUp - URL : https://talicaia.crmnext.biz/sn7_1/app/login/login
2022-10-11 20:31:45 INFO  CommonMethods - Sucessfully clicked on Username_XPATH
2022-10-11 20:31:46 INFO  CommonMethods - Data sucessfully entered on Username_XPATH = OLAAS33
2022-10-11 20:31:46 INFO  CommonMethods - Sucessfully clicked on password_XPATH
2022-10-11 20:31:46 INFO  CommonMethods - Data sucessfully entered on password_XPATH = acid_qa
2022-10-11 20:31:47 INFO  ScreenShot - ScreenShot captured LoginPage || Status :Pass
2022-10-11 20:31:58 INFO  CommonMethods - Sucessfully clicked on loginBtn_XPATH
2022-10-11 20:31:59 INFO  ScreenShot - ScreenShot captured QuickLinks || Status :Pass
2022-10-11 20:32:10 INFO  CommonMethods - Sucessfully clicked on CustomerSearch_XPATH
2022-10-11 20:32:11 INFO  CommonMethods - Sucessfully clicked on PolicyNumber_XPATH
2022-10-11 20:32:11 INFO  CommonMethods - Data sucessfully entered on PolicyNumber_XPATH = M337738393
2022-10-11 20:32:11 INFO  CommonMethods - Sucessfully clicked on SideClick_XPATH
2022-10-11 20:32:12 INFO  ScreenShot - ScreenShot captured PolicyNumber || Status :Pass
2022-10-11 20:32:12 INFO  CommonMethods - Sucessfully clicked on Next_XPATH
2022-10-11 20:32:12 INFO  ScreenShot - ScreenShot captured ValidatePage || Status :Pass
2022-10-11 20:33:13 ERROR SetUp - customer360CardViewTest Get Failed due to 
Expected condition failed: waiting for visibility of element located by By.xpath: //a[@class="f12"] (tried for 60 second(s) with 500 milliseconds interval)
2022-10-11 20:33:13 ERROR ScreenShot - Unbale to capture screenshot due to no such window: target window already closed
from unknown error: web view not found
  (Session info: chrome=106.0.5249.103)
Build info: version: '4.1.0', revision: '87802e897b'
System info: host: 'DESKTOP-K1PV4OP', ip: '192.168.0.102', os.name: 'Windows 11', os.arch: 'amd64', os.version: '10.0', java.version: '17.0.2'
Driver info: org.openqa.selenium.chrome.ChromeDriver
Command: [cd75a53eb4aadc93f69979f046b07d6c, screenshot {}]
Capabilities {acceptInsecureCerts: false, browserName: chrome, browserVersion: 106.0.5249.103, chrome: {chromedriverVersion: 106.0.5249.61 (511755355844..., userDataDir: C:\Users\DHIRAJ~1\AppData\L...}, goog:chromeOptions: {debuggerAddress: localhost:61876}, javascriptEnabled: true, networkConnectionEnabled: false, pageLoadStrategy: normal, platform: WINDOWS, platformName: WINDOWS, proxy: Proxy(), se:cdp: ws://localhost:61876/devtoo..., se:cdpVersion: 106.0.5249.103, setWindowRect: true, strictFileInteractability: false, timeouts: {implicit: 0, pageLoad: 300000, script: 30000}, unhandledPromptBehavior: dismiss and notify, webauthn:extension:credBlob: true, webauthn:extension:largeBlob: true, webauthn:virtualAuthenticators: true}
Session ID: cd75a53eb4aadc93f69979f046b07d6c
2022-10-11 20:33:13 INFO  CommonMethods - Row num for TestScenario = customer360CardViewTest is = 8
2022-10-11 20:33:14 INFO  ExcelOperation - Write to excel with : Row=8 | Cell =5 | Data =Fail
2022-10-11 20:33:46 INFO  Utils - [TestNG] Running:
  C:\Users\Dhiraj Landge\eclipse-workspace\Talic_Life_Insurance\src\test\resources\RunnerFiles\testng.xml

2022-10-11 20:33:51 INFO  CommonMethods - Test Report Mail sent successfully to dhiraj.landge@crmnext.com
2022-10-11 20:33:56 INFO  SetUp - Test Case_customer360CardViewTest_Successfully Started
2022-10-11 20:34:00 INFO  WebDriverManager - Using chromedriver 106.0.5249.61 (resolved driver for Chrome 106)
2022-10-11 20:34:00 INFO  WebDriverManager - Exporting webdriver.chrome.driver as C:\Users\Dhiraj Landge\.cache\selenium\chromedriver\win32\106.0.5249.61\chromedriver.exe
2022-10-11 20:34:03 INFO  SetUp - Chrome Browser Launched..
2022-10-11 20:34:05 INFO  SetUp - URL : https://talicaia.crmnext.biz/sn7_1/app/login/login
2022-10-11 20:34:05 INFO  CommonMethods - Sucessfully clicked on Username_XPATH
2022-10-11 20:34:06 INFO  CommonMethods - Data sucessfully entered on Username_XPATH = OLAAS33
2022-10-11 20:34:07 INFO  CommonMethods - Sucessfully clicked on password_XPATH
2022-10-11 20:34:08 INFO  CommonMethods - Data sucessfully entered on password_XPATH = acid_qa
2022-10-11 20:34:10 INFO  ScreenShot - ScreenShot captured LoginPage || Status :Pass
2022-10-11 20:34:11 INFO  CommonMethods - Sucessfully clicked on loginBtn_XPATH
2022-10-11 20:35:11 ERROR SetUp - customer360CardViewTest Get Failed due to 
Expected condition failed: waiting for visibility of element located by By.xpath: //i[@class="icon icon-link"] (tried for 60 second(s) with 500 milliseconds interval)
2022-10-11 20:35:11 ERROR ScreenShot - Unbale to capture screenshot due to no such window: target window already closed
from unknown error: web view not found
  (Session info: chrome=106.0.5249.103)
Build info: version: '4.1.0', revision: '87802e897b'
System info: host: 'DESKTOP-K1PV4OP', ip: '192.168.0.102', os.name: 'Windows 11', os.arch: 'amd64', os.version: '10.0', java.version: '17.0.2'
Driver info: org.openqa.selenium.chrome.ChromeDriver
Command: [e936dde452bff40f84fb3f86b66d7fdb, screenshot {}]
Capabilities {acceptInsecureCerts: false, browserName: chrome, browserVersion: 106.0.5249.103, chrome: {chromedriverVersion: 106.0.5249.61 (511755355844..., userDataDir: C:\Users\DHIRAJ~1\AppData\L...}, goog:chromeOptions: {debuggerAddress: localhost:61933}, javascriptEnabled: true, networkConnectionEnabled: false, pageLoadStrategy: normal, platform: WINDOWS, platformName: WINDOWS, proxy: Proxy(), se:cdp: ws://localhost:61933/devtoo..., se:cdpVersion: 106.0.5249.103, setWindowRect: true, strictFileInteractability: false, timeouts: {implicit: 0, pageLoad: 300000, script: 30000}, unhandledPromptBehavior: dismiss and notify, webauthn:extension:credBlob: true, webauthn:extension:largeBlob: true, webauthn:virtualAuthenticators: true}
Session ID: e936dde452bff40f84fb3f86b66d7fdb
2022-10-11 20:35:18 INFO  CommonMethods - Row num for TestScenario = customer360CardViewTest is = 8
2022-10-11 20:35:19 INFO  ExcelOperation - Write to excel with : Row=8 | Cell =5 | Data =Fail
2022-10-11 20:35:57 INFO  CommonMethods - Test Report Mail sent successfully to dhiraj.landge@crmnext.com
2022-10-11 20:37:31 INFO  Utils - [TestNG] Running:
  C:\Users\Dhiraj Landge\eclipse-workspace\Talic_Life_Insurance\src\test\resources\RunnerFiles\testng.xml

2022-10-11 20:37:33 INFO  SetUp - Test Case_customer360CardViewTest_Successfully Started
2022-10-11 20:37:34 INFO  WebDriverManager - Using chromedriver 106.0.5249.61 (resolved driver for Chrome 106)
2022-10-11 20:37:34 INFO  WebDriverManager - Exporting webdriver.chrome.driver as C:\Users\Dhiraj Landge\.cache\selenium\chromedriver\win32\106.0.5249.61\chromedriver.exe
2022-10-11 20:37:37 INFO  SetUp - Chrome Browser Launched..
2022-10-11 20:37:38 INFO  SetUp - URL : https://talicaia.crmnext.biz/sn7_1/app/login/login
2022-10-11 20:37:39 INFO  CommonMethods - Sucessfully clicked on Username_XPATH
2022-10-11 20:37:39 INFO  CommonMethods - Data sucessfully entered on Username_XPATH = OLAAS33
2022-10-11 20:37:39 INFO  CommonMethods - Sucessfully clicked on password_XPATH
2022-10-11 20:37:40 INFO  CommonMethods - Data sucessfully entered on password_XPATH = acid_qa
2022-10-11 20:37:40 INFO  ScreenShot - ScreenShot captured LoginPage || Status :Pass
2022-10-11 20:37:44 INFO  CommonMethods - Sucessfully clicked on loginBtn_XPATH
2022-10-11 20:37:45 INFO  ScreenShot - ScreenShot captured QuickLinks || Status :Pass
2022-10-11 20:38:45 ERROR CommonMethods - Not Sucessfully clicked on CustomerSearch_XPATH due to :Expected condition failed: waiting for visibility of element located by By.xpath: //span[normalize-space()='tomer Search'] (tried for 60 second(s) with 500 milliseconds interval)
2022-10-11 20:39:45 ERROR SetUp - customer360CardViewTest Get Failed due to 
Expected condition failed: waiting for visibility of element located by By.xpath: //input[@name="cust_238"] (tried for 60 second(s) with 500 milliseconds interval)
2022-10-11 20:39:45 ERROR ScreenShot - Unbale to capture screenshot due to no such window: target window already closed
from unknown error: web view not found
  (Session info: chrome=106.0.5249.103)
Build info: version: '4.1.0', revision: '87802e897b'
System info: host: 'DESKTOP-K1PV4OP', ip: '192.168.0.102', os.name: 'Windows 11', os.arch: 'amd64', os.version: '10.0', java.version: '17.0.2'
Driver info: org.openqa.selenium.chrome.ChromeDriver
Command: [b6a431685a7239d28f82d7bb32505850, screenshot {}]
Capabilities {acceptInsecureCerts: false, browserName: chrome, browserVersion: 106.0.5249.103, chrome: {chromedriverVersion: 106.0.5249.61 (511755355844..., userDataDir: C:\Users\DHIRAJ~1\AppData\L...}, goog:chromeOptions: {debuggerAddress: localhost:62043}, javascriptEnabled: true, networkConnectionEnabled: false, pageLoadStrategy: normal, platform: WINDOWS, platformName: WINDOWS, proxy: Proxy(), se:cdp: ws://localhost:62043/devtoo..., se:cdpVersion: 106.0.5249.103, setWindowRect: true, strictFileInteractability: false, timeouts: {implicit: 0, pageLoad: 300000, script: 30000}, unhandledPromptBehavior: dismiss and notify, webauthn:extension:credBlob: true, webauthn:extension:largeBlob: true, webauthn:virtualAuthenticators: true}
Session ID: b6a431685a7239d28f82d7bb32505850
2022-10-11 20:39:46 INFO  CommonMethods - Row num for TestScenario = customer360CardViewTest is = 8
2022-10-11 20:39:47 INFO  ExcelOperation - Write to excel with : Row=8 | Cell =5 | Data =Fail
2022-10-11 20:40:24 INFO  CommonMethods - Test Report Mail sent successfully to dhiraj.landge@crmnext.com
2022-10-11 20:43:13 INFO  Utils - [TestNG] Running:
  C:\Users\Dhiraj Landge\eclipse-workspace\Talic_Life_Insurance\src\test\resources\RunnerFiles\testng.xml

2022-10-11 20:43:23 INFO  SetUp - Test Case_customer360CardViewTest_Successfully Started
2022-10-11 20:43:27 INFO  WebDriverManager - Using chromedriver 106.0.5249.61 (resolved driver for Chrome 106)
2022-10-11 20:43:27 INFO  WebDriverManager - Exporting webdriver.chrome.driver as C:\Users\Dhiraj Landge\.cache\selenium\chromedriver\win32\106.0.5249.61\chromedriver.exe
2022-10-11 20:43:30 INFO  SetUp - Chrome Browser Launched..
2022-10-11 20:43:32 INFO  SetUp - URL : https://talicaia.crmnext.biz/sn7_1/app/login/login
2022-10-11 20:43:32 INFO  CommonMethods - Sucessfully clicked on Username_XPATH
2022-10-11 20:43:33 INFO  CommonMethods - Data sucessfully entered on Username_XPATH = OOABC97
2022-10-11 20:43:34 INFO  CommonMethods - Sucessfully clicked on password_XPATH
2022-10-11 20:43:36 INFO  CommonMethods - Data sucessfully entered on password_XPATH = acid_qa
2022-10-11 20:43:37 INFO  ScreenShot - ScreenShot captured LoginPage || Status :Pass
2022-10-11 20:43:42 INFO  CommonMethods - Sucessfully clicked on loginBtn_XPATH
2022-10-11 20:43:43 INFO  ScreenShot - ScreenShot captured QuickLinks || Status :Pass
2022-10-11 20:43:55 INFO  CommonMethods - Sucessfully clicked on CustomerSearch_XPATH
2022-10-11 20:43:55 INFO  CommonMethods - Sucessfully clicked on PolicyNumber_XPATH
2022-10-11 20:43:57 INFO  CommonMethods - Data sucessfully entered on PolicyNumber_XPATH = M337738393
2022-10-11 20:43:58 INFO  CommonMethods - Sucessfully clicked on SideClick_XPATH
2022-10-11 20:43:58 INFO  ScreenShot - ScreenShot captured PolicyNumber || Status :Pass
2022-10-11 20:43:58 INFO  CommonMethods - Sucessfully clicked on Next_XPATH
2022-10-11 20:43:58 INFO  ScreenShot - ScreenShot captured ValidatePage || Status :Pass
2022-10-11 20:44:01 ERROR CommonMethods - Not Sucessfully clicked on ClickHere_XPATH due to :element click intercepted: Element <a class="f12" id="WEBR_1004" style="border: 4px solid yellow;">...</a> is not clickable at point (1195, 557). Other element would receive the click: <div class="object-action-inner">...</div>
  (Session info: chrome=106.0.5249.103)
Build info: version: '4.1.0', revision: '87802e897b'
System info: host: 'DESKTOP-K1PV4OP', ip: '192.168.0.102', os.name: 'Windows 11', os.arch: 'amd64', os.version: '10.0', java.version: '17.0.2'
Driver info: org.openqa.selenium.chrome.ChromeDriver
Command: [bbfdaf28156621331052eb1740df889f, clickElement {id=6878f281-a737-4ef3-a9c8-6c209394c831}]
Capabilities {acceptInsecureCerts: false, browserName: chrome, browserVersion: 106.0.5249.103, chrome: {chromedriverVersion: 106.0.5249.61 (511755355844..., userDataDir: C:\Users\DHIRAJ~1\AppData\L...}, goog:chromeOptions: {debuggerAddress: localhost:62194}, javascriptEnabled: true, networkConnectionEnabled: false, pageLoadStrategy: normal, platform: WINDOWS, platformName: WINDOWS, proxy: Proxy(), se:cdp: ws://localhost:62194/devtoo..., se:cdpVersion: 106.0.5249.103, setWindowRect: true, strictFileInteractability: false, timeouts: {implicit: 0, pageLoad: 300000, script: 30000}, unhandledPromptBehavior: dismiss and notify, webauthn:extension:credBlob: true, webauthn:extension:largeBlob: true, webauthn:virtualAuthenticators: true}
Element: [[ChromeDriver: chrome on WINDOWS (bbfdaf28156621331052eb1740df889f)] -> xpath: //a[@class="f12"]]
Session ID: bbfdaf28156621331052eb1740df889f
2022-10-11 20:44:05 INFO  ScreenShot - ScreenShot captured ClickHere || Status :Pass
2022-10-11 20:44:05 INFO  CommonMethods - Sucessfully clicked on Toggle1_XPATH
2022-10-11 20:44:05 INFO  CommonMethods - Sucessfully clicked on Toggle2_XPATH
2022-10-11 20:44:06 INFO  CommonMethods - Sucessfully clicked on Toggle3_XPATH
2022-10-11 20:44:06 INFO  ScreenShot - ScreenShot captured PassingCriteria || Status :Pass
2022-10-11 20:44:06 INFO  CommonMethods - Sucessfully clicked on Next1_XPATH
2022-10-11 20:44:06 INFO  ScreenShot - ScreenShot captured Customer || Status :Pass
2022-10-11 20:45:07 ERROR SetUp - customer360CardViewTest Get Failed due to 
Expected condition failed: waiting for visibility of element located by By.xpath: //div[@title='Phoenix Family'] (tried for 60 second(s) with 500 milliseconds interval)
Build info: version: '4.1.0', revision: '87802e897b'
System info: host: 'DESKTOP-K1PV4OP', ip: '192.168.0.102', os.name: 'Windows 11', os.arch: 'amd64', os.version: '10.0', java.version: '17.0.2'
Driver info: org.openqa.selenium.chrome.ChromeDriver
Capabilities {acceptInsecureCerts: false, browserName: chrome, browserVersion: 106.0.5249.103, chrome: {chromedriverVersion: 106.0.5249.61 (511755355844..., userDataDir: C:\Users\DHIRAJ~1\AppData\L...}, goog:chromeOptions: {debuggerAddress: localhost:62194}, javascriptEnabled: true, networkConnectionEnabled: false, pageLoadStrategy: normal, platform: WINDOWS, platformName: WINDOWS, proxy: Proxy(), se:cdp: ws://localhost:62194/devtoo..., se:cdpVersion: 106.0.5249.103, setWindowRect: true, strictFileInteractability: false, timeouts: {implicit: 0, pageLoad: 300000, script: 30000}, unhandledPromptBehavior: dismiss and notify, webauthn:extension:credBlob: true, webauthn:extension:largeBlob: true, webauthn:virtualAuthenticators: true}
Session ID: bbfdaf28156621331052eb1740df889f
2022-10-11 20:45:07 INFO  ScreenShot - ScreenShot captured customer360CardViewTest || Status :Fail
2022-10-11 20:45:13 INFO  CommonMethods - Row num for TestScenario = customer360CardViewTest is = 8
2022-10-11 20:45:15 INFO  ExcelOperation - Write to excel with : Row=8 | Cell =5 | Data =Fail
2022-10-11 20:45:17 WARN  WebSocketHandler - onError
java.net.SocketException: Connection reset
	at sun.nio.ch.SocketChannelImpl.throwConnectionReset(SocketChannelImpl.java:394) ~[?:?]
	at sun.nio.ch.SocketChannelImpl.read(SocketChannelImpl.java:426) ~[?:?]
	at io.netty.buffer.PooledByteBuf.setBytes(PooledByteBuf.java:253) ~[netty-buffer-4.1.69.Final.jar:4.1.69.Final]
	at io.netty.buffer.AbstractByteBuf.writeBytes(AbstractByteBuf.java:1132) ~[netty-buffer-4.1.69.Final.jar:4.1.69.Final]
	at io.netty.channel.socket.nio.NioSocketChannel.doReadBytes(NioSocketChannel.java:350) ~[netty-transport-4.1.69.Final.jar:4.1.69.Final]
	at io.netty.channel.nio.AbstractNioByteChannel$NioByteUnsafe.read(AbstractNioByteChannel.java:151) [netty-transport-4.1.69.Final.jar:4.1.69.Final]
	at io.netty.channel.nio.NioEventLoop.processSelectedKey(NioEventLoop.java:719) [netty-transport-4.1.69.Final.jar:4.1.69.Final]
	at io.netty.channel.nio.NioEventLoop.processSelectedKeysOptimized(NioEventLoop.java:655) [netty-transport-4.1.69.Final.jar:4.1.69.Final]
	at io.netty.channel.nio.NioEventLoop.processSelectedKeys(NioEventLoop.java:581) [netty-transport-4.1.69.Final.jar:4.1.69.Final]
	at io.netty.channel.nio.NioEventLoop.run(NioEventLoop.java:493) [netty-transport-4.1.69.Final.jar:4.1.69.Final]
	at io.netty.util.concurrent.SingleThreadEventExecutor$4.run(SingleThreadEventExecutor.java:986) [netty-common-4.1.69.Final.jar:4.1.69.Final]
	at io.netty.util.internal.ThreadExecutorMap$2.run(ThreadExecutorMap.java:74) [netty-common-4.1.69.Final.jar:4.1.69.Final]
	at io.netty.util.concurrent.FastThreadLocalRunnable.run(FastThreadLocalRunnable.java:30) [netty-common-4.1.69.Final.jar:4.1.69.Final]
	at java.lang.Thread.run(Thread.java:833) [?:?]
2022-10-11 20:45:18 INFO  SetUp - Browser Closed..
2022-10-11 20:45:22 INFO  CommonMethods - Test Report Mail sent successfully to dhiraj.landge@crmnext.com
2022-10-11 20:46:40 INFO  Utils - [TestNG] Running:
  C:\Users\Dhiraj Landge\eclipse-workspace\Talic_Life_Insurance\src\test\resources\RunnerFiles\testng.xml

2022-10-11 20:46:42 INFO  SetUp - Test Case_customer360CardViewTest_Successfully Started
2022-10-11 20:46:44 INFO  WebDriverManager - Using chromedriver 106.0.5249.61 (resolved driver for Chrome 106)
2022-10-11 20:46:44 INFO  WebDriverManager - Exporting webdriver.chrome.driver as C:\Users\Dhiraj Landge\.cache\selenium\chromedriver\win32\106.0.5249.61\chromedriver.exe
2022-10-11 20:46:47 INFO  SetUp - Chrome Browser Launched..
2022-10-11 20:46:49 INFO  SetUp - URL : https://talicaia.crmnext.biz/sn7_1/app/login/login
2022-10-11 20:46:49 INFO  CommonMethods - Sucessfully clicked on Username_XPATH
2022-10-11 20:46:49 INFO  CommonMethods - Data sucessfully entered on Username_XPATH = OOABC97
2022-10-11 20:46:50 INFO  CommonMethods - Sucessfully clicked on password_XPATH
2022-10-11 20:46:50 INFO  CommonMethods - Data sucessfully entered on password_XPATH = acid_qa
2022-10-11 20:46:51 INFO  ScreenShot - ScreenShot captured LoginPage || Status :Pass
2022-10-11 20:46:57 INFO  CommonMethods - Sucessfully clicked on loginBtn_XPATH
2022-10-11 20:46:58 INFO  ScreenShot - ScreenShot captured QuickLinks || Status :Pass
2022-10-11 20:47:04 INFO  CommonMethods - Sucessfully clicked on CustomerSearch_XPATH
2022-10-11 20:47:04 INFO  CommonMethods - Sucessfully clicked on PolicyNumber_XPATH
2022-10-11 20:47:05 INFO  CommonMethods - Data sucessfully entered on PolicyNumber_XPATH = U330119218
2022-10-11 20:47:05 INFO  CommonMethods - Sucessfully clicked on SideClick_XPATH
2022-10-11 20:47:05 INFO  ScreenShot - ScreenShot captured PolicyNumber || Status :Pass
2022-10-11 20:47:05 INFO  CommonMethods - Sucessfully clicked on Next_XPATH
2022-10-11 20:47:06 INFO  ScreenShot - ScreenShot captured ValidatePage || Status :Pass
2022-10-11 20:47:08 ERROR CommonMethods - Not Sucessfully clicked on ClickHere_XPATH due to :element click intercepted: Element <a class="f12" id="WEBR_1004" style="border: 4px solid yellow;">...</a> is not clickable at point (1195, 593). Other element would receive the click: <div class="object-action-inner">...</div>
  (Session info: chrome=106.0.5249.103)
Build info: version: '4.1.0', revision: '87802e897b'
System info: host: 'DESKTOP-K1PV4OP', ip: '192.168.0.102', os.name: 'Windows 11', os.arch: 'amd64', os.version: '10.0', java.version: '17.0.2'
Driver info: org.openqa.selenium.chrome.ChromeDriver
Command: [8582402a7ec7a4d65d89b49414997d77, clickElement {id=c567414a-6ae9-47c5-9ade-f2b1a2279e3d}]
Capabilities {acceptInsecureCerts: false, browserName: chrome, browserVersion: 106.0.5249.103, chrome: {chromedriverVersion: 106.0.5249.61 (511755355844..., userDataDir: C:\Users\DHIRAJ~1\AppData\L...}, goog:chromeOptions: {debuggerAddress: localhost:62548}, javascriptEnabled: true, networkConnectionEnabled: false, pageLoadStrategy: normal, platform: WINDOWS, platformName: WINDOWS, proxy: Proxy(), se:cdp: ws://localhost:62548/devtoo..., se:cdpVersion: 106.0.5249.103, setWindowRect: true, strictFileInteractability: false, timeouts: {implicit: 0, pageLoad: 300000, script: 30000}, unhandledPromptBehavior: dismiss and notify, webauthn:extension:credBlob: true, webauthn:extension:largeBlob: true, webauthn:virtualAuthenticators: true}
Element: [[ChromeDriver: chrome on WINDOWS (8582402a7ec7a4d65d89b49414997d77)] -> xpath: //a[@class="f12"]]
Session ID: 8582402a7ec7a4d65d89b49414997d77
2022-10-11 20:47:11 INFO  ScreenShot - ScreenShot captured ClickHere || Status :Pass
2022-10-11 20:47:12 INFO  CommonMethods - Sucessfully clicked on Toggle1_XPATH
2022-10-11 20:47:12 INFO  CommonMethods - Sucessfully clicked on Toggle2_XPATH
2022-10-11 20:47:13 INFO  CommonMethods - Sucessfully clicked on Toggle3_XPATH
2022-10-11 20:47:13 INFO  ScreenShot - ScreenShot captured PassingCriteria || Status :Pass
2022-10-11 20:47:13 INFO  CommonMethods - Sucessfully clicked on Next1_XPATH
2022-10-11 20:47:13 INFO  ScreenShot - ScreenShot captured Customer || Status :Pass
2022-10-11 20:47:15 INFO  CommonMethods - Sucessfully clicked on KeyInfo_XPATH
2022-10-11 20:47:16 INFO  CommonMethods - Sucessfully clicked on ContactInfo_XPATH
2022-10-11 20:47:16 INFO  CommonMethods - Sucessfully clicked on Policies_XPATH
2022-10-11 20:47:17 INFO  CommonMethods - Sucessfully clicked on SRSummary_XPATH
2022-10-11 20:47:27 INFO  CommonMethods - Sucessfully clicked on SRAllFilter1_XPATH
2022-10-11 20:47:30 INFO  CommonMethods - Sucessfully clicked on SRNewFilter1_XPATH
2022-10-11 20:47:32 INFO  CommonMethods - Sucessfully clicked on SRInProgressFilter1_XPATH
2022-10-11 20:47:34 INFO  CommonMethods - Sucessfully clicked on Offers_XPATH
2022-10-11 20:47:37 INFO  CommonMethods - Sucessfully clicked on ProfileBtn_XPATH
2022-10-11 20:47:38 INFO  CommonMethods - Sucessfully clicked on logoutBtn_XPATH
2022-10-11 20:47:38 INFO  LoginPage - Sucessfully logout..
2022-10-11 20:47:38 INFO  SetUp - Test Case_customer360CardViewTest_Successfully Passed
2022-10-11 20:47:39 INFO  CommonMethods - Row num for TestScenario = customer360CardViewTest is = 8
2022-10-11 20:47:40 INFO  ExcelOperation - Write to excel with : Row=8 | Cell =5 | Data =Pass
2022-10-11 20:48:16 INFO  CommonMethods - Test Report Mail sent successfully to dhiraj.landge@crmnext.com
2022-10-11 20:52:41 INFO  Utils - [TestNG] Running:
  C:\Users\Dhiraj Landge\eclipse-workspace\Talic_Life_Insurance\src\test\resources\RunnerFiles\testng.xml

2022-10-11 20:52:50 INFO  SetUp - Test Case_customer360CardViewTest_Successfully Started
2022-10-11 20:52:54 INFO  WebDriverManager - Using chromedriver 106.0.5249.61 (resolved driver for Chrome 106)
2022-10-11 20:52:54 INFO  WebDriverManager - Exporting webdriver.chrome.driver as C:\Users\Dhiraj Landge\.cache\selenium\chromedriver\win32\106.0.5249.61\chromedriver.exe
2022-10-11 20:52:57 INFO  SetUp - Chrome Browser Launched..
2022-10-11 20:53:00 INFO  SetUp - URL : https://talicaia.crmnext.biz/sn7_1/app/login/login
2022-10-11 20:53:00 INFO  CommonMethods - Sucessfully clicked on Username_XPATH
2022-10-11 20:53:01 INFO  CommonMethods - Data sucessfully entered on Username_XPATH = OOABC97
2022-10-11 20:53:02 INFO  CommonMethods - Sucessfully clicked on password_XPATH
2022-10-11 20:53:04 INFO  CommonMethods - Data sucessfully entered on password_XPATH = acid_qa
2022-10-11 20:53:05 INFO  ScreenShot - ScreenShot captured LoginPage || Status :Pass
2022-10-11 20:53:16 INFO  CommonMethods - Sucessfully clicked on loginBtn_XPATH
2022-10-11 20:53:17 INFO  ScreenShot - ScreenShot captured QuickLinks || Status :Pass
2022-10-11 20:53:22 INFO  CommonMethods - Sucessfully clicked on CustomerSearch_XPATH
2022-10-11 20:53:22 INFO  CommonMethods - Sucessfully clicked on PolicyNumber_XPATH
2022-10-11 20:53:24 INFO  CommonMethods - Data sucessfully entered on PolicyNumber_XPATH = U330119218
2022-10-11 20:53:25 INFO  CommonMethods - Sucessfully clicked on SideClick_XPATH
2022-10-11 20:53:25 INFO  ScreenShot - ScreenShot captured PolicyNumber || Status :Pass
2022-10-11 20:53:25 INFO  CommonMethods - Sucessfully clicked on Next_XPATH
2022-10-11 20:53:26 INFO  ScreenShot - ScreenShot captured ValidatePage || Status :Pass
2022-10-11 20:53:26 INFO  CommonMethods - Sucessfully clicked on ClickHere_XPATH
2022-10-11 20:53:29 INFO  ScreenShot - ScreenShot captured ClickHere || Status :Pass
2022-10-11 20:53:30 INFO  CommonMethods - Sucessfully clicked on Toggle1_XPATH
2022-10-11 20:53:30 INFO  CommonMethods - Sucessfully clicked on Toggle2_XPATH
2022-10-11 20:53:30 INFO  CommonMethods - Sucessfully clicked on Toggle3_XPATH
2022-10-11 20:53:31 INFO  ScreenShot - ScreenShot captured PassingCriteria || Status :Pass
2022-10-11 20:53:31 INFO  CommonMethods - Sucessfully clicked on Next1_XPATH
2022-10-11 20:53:31 INFO  ScreenShot - ScreenShot captured Customer || Status :Pass
2022-10-11 20:53:33 INFO  CommonMethods - Sucessfully clicked on KeyInfo_XPATH
2022-10-11 20:53:34 INFO  CommonMethods - Sucessfully clicked on ContactInfo_XPATH
2022-10-11 20:53:34 INFO  CommonMethods - Sucessfully clicked on Policies_XPATH
2022-10-11 20:53:35 INFO  CommonMethods - Sucessfully clicked on SRSummary_XPATH
2022-10-11 20:53:43 INFO  CommonMethods - Sucessfully clicked on SRAllFilter1_XPATH
2022-10-11 20:53:45 INFO  CommonMethods - Sucessfully clicked on SRNewFilter1_XPATH
2022-10-11 20:53:47 INFO  CommonMethods - Sucessfully clicked on SRInProgressFilter1_XPATH
2022-10-11 20:53:50 INFO  CommonMethods - Sucessfully clicked on Offers_XPATH
2022-10-11 20:53:53 INFO  CommonMethods - Sucessfully clicked on ProfileBtn_XPATH
2022-10-11 20:53:54 INFO  CommonMethods - Sucessfully clicked on logoutBtn_XPATH
2022-10-11 20:53:54 INFO  LoginPage - Sucessfully logout..
2022-10-11 20:53:54 INFO  SetUp - Test Case_customer360CardViewTest_Successfully Passed
2022-10-11 20:54:01 INFO  CommonMethods - Row num for TestScenario = customer360CardViewTest is = 8
2022-10-11 20:54:03 INFO  ExcelOperation - Write to excel with : Row=8 | Cell =5 | Data =Pass
2022-10-11 20:54:40 INFO  CommonMethods - Test Report Mail sent successfully to dhiraj.landge@crmnext.com
2022-10-11 20:56:16 INFO  Utils - [TestNG] Running:
  C:\Users\Dhiraj Landge\eclipse-workspace\Talic_Life_Insurance\src\test\resources\RunnerFiles\testng.xml

2022-10-11 20:56:26 INFO  SetUp - Test Case_customer360CardViewTest_Successfully Started
2022-10-11 20:56:30 INFO  WebDriverManager - Using chromedriver 106.0.5249.61 (resolved driver for Chrome 106)
2022-10-11 20:56:30 INFO  WebDriverManager - Exporting webdriver.chrome.driver as C:\Users\Dhiraj Landge\.cache\selenium\chromedriver\win32\106.0.5249.61\chromedriver.exe
2022-10-11 20:56:33 INFO  SetUp - Chrome Browser Launched..
2022-10-11 20:56:36 INFO  SetUp - URL : https://talicaia.crmnext.biz/sn7_1/app/login/login
2022-10-11 20:56:36 INFO  CommonMethods - Sucessfully clicked on Username_XPATH
2022-10-11 20:56:37 INFO  CommonMethods - Data sucessfully entered on Username_XPATH = OOABC97
2022-10-11 20:56:38 INFO  CommonMethods - Sucessfully clicked on password_XPATH
2022-10-11 20:56:39 INFO  CommonMethods - Data sucessfully entered on password_XPATH = acid_qa
2022-10-11 20:56:40 INFO  ScreenShot - ScreenShot captured LoginPage || Status :Pass
2022-10-11 20:56:46 INFO  CommonMethods - Sucessfully clicked on loginBtn_XPATH
2022-10-11 20:56:47 INFO  ScreenShot - ScreenShot captured QuickLinks || Status :Pass
2022-10-11 20:56:54 INFO  CommonMethods - Sucessfully clicked on CustomerSearch_XPATH
2022-10-11 20:56:55 INFO  CommonMethods - Sucessfully clicked on PolicyNumber_XPATH
2022-10-11 20:56:57 INFO  CommonMethods - Data sucessfully entered on PolicyNumber_XPATH = U330119218
2022-10-11 20:56:58 INFO  CommonMethods - Sucessfully clicked on SideClick_XPATH
2022-10-11 20:56:58 INFO  ScreenShot - ScreenShot captured PolicyNumber || Status :Pass
2022-10-11 20:56:58 INFO  CommonMethods - Sucessfully clicked on Next_XPATH
2022-10-11 20:56:59 INFO  ScreenShot - ScreenShot captured ValidatePage || Status :Pass
2022-10-11 20:57:00 INFO  CommonMethods - Sucessfully clicked on ClickHere_XPATH
2022-10-11 20:57:05 INFO  ScreenShot - ScreenShot captured ClickHere || Status :Pass
2022-10-11 20:57:05 INFO  CommonMethods - Sucessfully clicked on Toggle1_XPATH
2022-10-11 20:57:06 INFO  CommonMethods - Sucessfully clicked on Toggle2_XPATH
2022-10-11 20:57:06 INFO  CommonMethods - Sucessfully clicked on Toggle3_XPATH
2022-10-11 20:57:06 INFO  ScreenShot - ScreenShot captured PassingCriteria || Status :Pass
2022-10-11 20:57:06 INFO  CommonMethods - Sucessfully clicked on Next1_XPATH
2022-10-11 20:57:07 INFO  ScreenShot - ScreenShot captured Customer || Status :Pass
2022-10-11 20:57:10 INFO  CommonMethods - Sucessfully clicked on KeyInfo_XPATH
2022-10-11 20:57:11 INFO  CommonMethods - Sucessfully clicked on ContactInfo_XPATH
2022-10-11 20:57:11 INFO  CommonMethods - Sucessfully clicked on Policies_XPATH
2022-10-11 20:57:12 INFO  CommonMethods - Sucessfully clicked on SRSummary_XPATH
2022-10-11 20:57:13 INFO  CommonMethods - Sucessfully clicked on SRAllFilter1_XPATH
2022-10-11 20:57:15 INFO  CommonMethods - Sucessfully clicked on SRNewFilter1_XPATH
2022-10-11 20:57:17 INFO  CommonMethods - Sucessfully clicked on SRInProgressFilter1_XPATH
2022-10-11 20:57:20 INFO  CommonMethods - Sucessfully clicked on Offers_XPATH
2022-10-11 20:57:23 INFO  CommonMethods - Sucessfully clicked on ProfileBtn_XPATH
2022-10-11 20:57:23 INFO  CommonMethods - Sucessfully clicked on logoutBtn_XPATH
2022-10-11 20:57:23 INFO  LoginPage - Sucessfully logout..
2022-10-11 20:57:23 INFO  SetUp - Test Case_customer360CardViewTest_Successfully Passed
2022-10-11 20:57:30 INFO  CommonMethods - Row num for TestScenario = customer360CardViewTest is = 8
2022-10-11 20:57:31 INFO  ExcelOperation - Write to excel with : Row=8 | Cell =5 | Data =Pass
2022-10-11 20:57:33 WARN  WebSocketHandler - onError
java.net.SocketException: Connection reset
	at sun.nio.ch.SocketChannelImpl.throwConnectionReset(SocketChannelImpl.java:394) ~[?:?]
	at sun.nio.ch.SocketChannelImpl.read(SocketChannelImpl.java:426) ~[?:?]
	at io.netty.buffer.PooledByteBuf.setBytes(PooledByteBuf.java:253) ~[netty-buffer-4.1.69.Final.jar:4.1.69.Final]
	at io.netty.buffer.AbstractByteBuf.writeBytes(AbstractByteBuf.java:1132) ~[netty-buffer-4.1.69.Final.jar:4.1.69.Final]
	at io.netty.channel.socket.nio.NioSocketChannel.doReadBytes(NioSocketChannel.java:350) ~[netty-transport-4.1.69.Final.jar:4.1.69.Final]
	at io.netty.channel.nio.AbstractNioByteChannel$NioByteUnsafe.read(AbstractNioByteChannel.java:151) [netty-transport-4.1.69.Final.jar:4.1.69.Final]
	at io.netty.channel.nio.NioEventLoop.processSelectedKey(NioEventLoop.java:719) [netty-transport-4.1.69.Final.jar:4.1.69.Final]
	at io.netty.channel.nio.NioEventLoop.processSelectedKeysOptimized(NioEventLoop.java:655) [netty-transport-4.1.69.Final.jar:4.1.69.Final]
	at io.netty.channel.nio.NioEventLoop.processSelectedKeys(NioEventLoop.java:581) [netty-transport-4.1.69.Final.jar:4.1.69.Final]
	at io.netty.channel.nio.NioEventLoop.run(NioEventLoop.java:493) [netty-transport-4.1.69.Final.jar:4.1.69.Final]
	at io.netty.util.concurrent.SingleThreadEventExecutor$4.run(SingleThreadEventExecutor.java:986) [netty-common-4.1.69.Final.jar:4.1.69.Final]
	at io.netty.util.internal.ThreadExecutorMap$2.run(ThreadExecutorMap.java:74) [netty-common-4.1.69.Final.jar:4.1.69.Final]
	at io.netty.util.concurrent.FastThreadLocalRunnable.run(FastThreadLocalRunnable.java:30) [netty-common-4.1.69.Final.jar:4.1.69.Final]
	at java.lang.Thread.run(Thread.java:833) [?:?]
2022-10-11 20:57:35 INFO  SetUp - Browser Closed..
2022-10-11 20:57:38 INFO  CommonMethods - Test Report Mail sent successfully to dhiraj.landge@crmnext.com
2022-10-11 20:58:40 INFO  Utils - [TestNG] Running:
  C:\Users\Dhiraj Landge\eclipse-workspace\Talic_Life_Insurance\src\test\resources\RunnerFiles\testng.xml

2022-10-11 20:58:50 INFO  SetUp - Test Case_customer360CardViewTest_Successfully Started
2022-10-11 20:58:55 INFO  WebDriverManager - Using chromedriver 106.0.5249.61 (resolved driver for Chrome 106)
2022-10-11 20:58:55 INFO  WebDriverManager - Exporting webdriver.chrome.driver as C:\Users\Dhiraj Landge\.cache\selenium\chromedriver\win32\106.0.5249.61\chromedriver.exe
2022-10-11 20:58:58 INFO  SetUp - Chrome Browser Launched..
2022-10-11 20:59:00 INFO  SetUp - URL : https://talicaia.crmnext.biz/sn7_1/app/login/login
2022-10-11 20:59:01 INFO  CommonMethods - Sucessfully clicked on Username_XPATH
2022-10-11 20:59:02 INFO  CommonMethods - Data sucessfully entered on Username_XPATH = OOABC97
2022-10-11 20:59:03 INFO  CommonMethods - Sucessfully clicked on password_XPATH
2022-10-11 20:59:05 INFO  CommonMethods - Data sucessfully entered on password_XPATH = acid_qa
2022-10-11 20:59:06 INFO  ScreenShot - ScreenShot captured LoginPage || Status :Pass
2022-10-11 20:59:12 INFO  CommonMethods - Sucessfully clicked on loginBtn_XPATH
2022-10-11 20:59:13 INFO  ScreenShot - ScreenShot captured QuickLinks || Status :Pass
2022-10-11 20:59:19 INFO  CommonMethods - Sucessfully clicked on CustomerSearch_XPATH
2022-10-11 20:59:20 INFO  CommonMethods - Sucessfully clicked on PolicyNumber_XPATH
2022-10-11 20:59:22 INFO  CommonMethods - Data sucessfully entered on PolicyNumber_XPATH = U330119218
2022-10-11 20:59:23 INFO  CommonMethods - Sucessfully clicked on SideClick_XPATH
2022-10-11 20:59:23 INFO  ScreenShot - ScreenShot captured PolicyNumber || Status :Pass
2022-10-11 20:59:23 INFO  CommonMethods - Sucessfully clicked on Next_XPATH
2022-10-11 20:59:25 INFO  ScreenShot - ScreenShot captured ValidatePage || Status :Pass
2022-10-11 20:59:25 INFO  CommonMethods - Sucessfully clicked on ClickHere_XPATH
2022-10-11 20:59:30 INFO  ScreenShot - ScreenShot captured ClickHere || Status :Pass
2022-10-11 20:59:30 INFO  CommonMethods - Sucessfully clicked on Toggle1_XPATH
2022-10-11 20:59:30 INFO  CommonMethods - Sucessfully clicked on Toggle2_XPATH
2022-10-11 20:59:31 INFO  CommonMethods - Sucessfully clicked on Toggle3_XPATH
2022-10-11 20:59:31 INFO  ScreenShot - ScreenShot captured PassingCriteria || Status :Pass
2022-10-11 20:59:31 INFO  CommonMethods - Sucessfully clicked on Next1_XPATH
2022-10-11 20:59:31 INFO  ScreenShot - ScreenShot captured Customer || Status :Pass
2022-10-11 20:59:35 INFO  CommonMethods - Sucessfully clicked on KeyInfo_XPATH
2022-10-11 20:59:35 INFO  CommonMethods - Sucessfully clicked on ContactInfo_XPATH
2022-10-11 20:59:36 INFO  CommonMethods - Sucessfully clicked on Policies_XPATH
2022-10-11 20:59:37 INFO  CommonMethods - Sucessfully clicked on SRSummary_XPATH
2022-10-11 20:59:37 INFO  CommonMethods - Sucessfully clicked on SRAllFilter1_XPATH
2022-10-11 20:59:40 INFO  CommonMethods - Sucessfully clicked on SRNewFilter1_XPATH
2022-10-11 20:59:42 INFO  CommonMethods - Sucessfully clicked on SRInProgressFilter1_XPATH
2022-10-11 20:59:45 INFO  CommonMethods - Sucessfully clicked on Offers_XPATH
2022-10-11 20:59:47 INFO  CommonMethods - Sucessfully clicked on ProfileBtn_XPATH
2022-10-11 20:59:49 INFO  CommonMethods - Sucessfully clicked on logoutBtn_XPATH
2022-10-11 20:59:49 INFO  LoginPage - Sucessfully logout..
2022-10-11 20:59:49 INFO  SetUp - Test Case_customer360CardViewTest_Successfully Passed
2022-10-11 20:59:55 INFO  CommonMethods - Row num for TestScenario = customer360CardViewTest is = 8
2022-10-11 20:59:57 INFO  ExcelOperation - Write to excel with : Row=8 | Cell =5 | Data =Pass
2022-10-11 20:59:59 WARN  WebSocketHandler - onError
java.net.SocketException: Connection reset
	at sun.nio.ch.SocketChannelImpl.throwConnectionReset(SocketChannelImpl.java:394) ~[?:?]
	at sun.nio.ch.SocketChannelImpl.read(SocketChannelImpl.java:426) ~[?:?]
	at io.netty.buffer.PooledByteBuf.setBytes(PooledByteBuf.java:253) ~[netty-buffer-4.1.69.Final.jar:4.1.69.Final]
	at io.netty.buffer.AbstractByteBuf.writeBytes(AbstractByteBuf.java:1132) ~[netty-buffer-4.1.69.Final.jar:4.1.69.Final]
	at io.netty.channel.socket.nio.NioSocketChannel.doReadBytes(NioSocketChannel.java:350) ~[netty-transport-4.1.69.Final.jar:4.1.69.Final]
	at io.netty.channel.nio.AbstractNioByteChannel$NioByteUnsafe.read(AbstractNioByteChannel.java:151) [netty-transport-4.1.69.Final.jar:4.1.69.Final]
	at io.netty.channel.nio.NioEventLoop.processSelectedKey(NioEventLoop.java:719) [netty-transport-4.1.69.Final.jar:4.1.69.Final]
	at io.netty.channel.nio.NioEventLoop.processSelectedKeysOptimized(NioEventLoop.java:655) [netty-transport-4.1.69.Final.jar:4.1.69.Final]
	at io.netty.channel.nio.NioEventLoop.processSelectedKeys(NioEventLoop.java:581) [netty-transport-4.1.69.Final.jar:4.1.69.Final]
	at io.netty.channel.nio.NioEventLoop.run(NioEventLoop.java:493) [netty-transport-4.1.69.Final.jar:4.1.69.Final]
	at io.netty.util.concurrent.SingleThreadEventExecutor$4.run(SingleThreadEventExecutor.java:986) [netty-common-4.1.69.Final.jar:4.1.69.Final]
	at io.netty.util.internal.ThreadExecutorMap$2.run(ThreadExecutorMap.java:74) [netty-common-4.1.69.Final.jar:4.1.69.Final]
	at io.netty.util.concurrent.FastThreadLocalRunnable.run(FastThreadLocalRunnable.java:30) [netty-common-4.1.69.Final.jar:4.1.69.Final]
	at java.lang.Thread.run(Thread.java:833) [?:?]
2022-10-11 21:00:00 INFO  SetUp - Browser Closed..
2022-10-11 21:00:04 INFO  CommonMethods - Test Report Mail sent successfully to dhiraj.landge@crmnext.com
