2022-11-25 15:52:32 INFO  ExtentReporterNG - Extent report Directory is created!
2022-11-25 15:52:42 INFO  Utils - [TestNG] Running:
  C:\Users\Dhiraj Landge\eclipse-workspace\Talic_Life_Insurance\src\test\resources\RunnerFiles\testng.xml

2022-11-25 15:52:56 INFO  SetUp - Test Case_customer360CardViewTest_Successfully Started
2022-11-25 15:53:13 INFO  WebDriverManager - Using chromedriver 107.0.5304.62 (resolved driver for Chrome 107)
2022-11-25 15:53:13 INFO  WebDriverManager - Exporting webdriver.chrome.driver as C:\Users\Dhiraj Landge\.cache\selenium\chromedriver\win32\107.0.5304.62\chromedriver.exe
2022-11-25 15:53:18 INFO  SetUp - Chrome Browser Launched..
2022-11-25 15:53:27 INFO  SetUp - URL : https://talicaia.crmnext.biz/sn7_1/app/login/login
2022-11-25 15:53:28 INFO  CommonMethods - Sucessfully clicked on Username_XPATH
2022-11-25 15:53:30 INFO  CommonMethods - Data sucessfully entered on Username_XPATH = OOABC97
2022-11-25 15:53:31 INFO  CommonMethods - Sucessfully clicked on password_XPATH
2022-11-25 15:53:32 INFO  CommonMethods - Data sucessfully entered on password_XPATH = acid_qa
2022-11-25 15:53:34 INFO  ScreenShot - ScreenShot captured LoginPage || Status :Pass
2022-11-25 15:53:47 INFO  CommonMethods - Sucessfully clicked on loginBtn_XPATH
2022-11-25 15:54:47 ERROR SetUp - customer360CardViewTest Get Failed due to 
Expected condition failed: waiting for visibility of element located by By.xpath: //i[@class="icon icon-link"] (tried for 60 second(s) with 500 milliseconds interval)
2022-11-25 15:54:47 ERROR ScreenShot - Unbale to capture screenshot due to no such window: target window already closed
from unknown error: web view not found
  (Session info: chrome=107.0.5304.108)
Build info: version: '4.1.0', revision: '87802e897b'
System info: host: 'DESKTOP-K1PV4OP', ip: '192.168.0.101', os.name: 'Windows 11', os.arch: 'amd64', os.version: '10.0', java.version: '17.0.2'
Driver info: org.openqa.selenium.chrome.ChromeDriver
Command: [bab4f5ccdd24ddd10cbc25ea25a087e0, screenshot {}]
Capabilities {acceptInsecureCerts: false, browserName: chrome, browserVersion: 107.0.5304.108, chrome: {chromedriverVersion: 107.0.5304.62 (1eec40d3a576..., userDataDir: C:\Users\DHIRAJ~1\AppData\L...}, goog:chromeOptions: {debuggerAddress: localhost:50573}, javascriptEnabled: true, networkConnectionEnabled: false, pageLoadStrategy: normal, platform: WINDOWS, platformName: WINDOWS, proxy: Proxy(), se:cdp: ws://localhost:50573/devtoo..., se:cdpVersion: 107.0.5304.108, setWindowRect: true, strictFileInteractability: false, timeouts: {implicit: 0, pageLoad: 300000, script: 30000}, unhandledPromptBehavior: dismiss and notify, webauthn:extension:credBlob: true, webauthn:extension:largeBlob: true, webauthn:virtualAuthenticators: true}
Session ID: bab4f5ccdd24ddd10cbc25ea25a087e0
2022-11-25 15:54:54 INFO  CommonMethods - Row num for TestScenario = customer360CardViewTest is = 8
2022-11-25 15:54:56 INFO  ExcelOperation - Write to excel with : Row=8 | Cell =5 | Data =Fail
2022-11-25 15:55:37 INFO  SetUp - Test Case_policy360CardViewTest_Successfully Started
2022-11-25 15:55:43 INFO  WebDriverManager - Using chromedriver 107.0.5304.62 (resolved driver for Chrome 107)
2022-11-25 15:55:43 INFO  WebDriverManager - Exporting webdriver.chrome.driver as C:\Users\Dhiraj Landge\.cache\selenium\chromedriver\win32\107.0.5304.62\chromedriver.exe
2022-11-25 15:55:45 INFO  SetUp - Chrome Browser Launched..
2022-11-25 15:55:47 INFO  SetUp - URL : https://talicaia.crmnext.biz/sn7_1/app/login/login
2022-11-25 15:55:48 INFO  CommonMethods - Sucessfully clicked on Username_XPATH
2022-11-25 15:55:49 INFO  CommonMethods - Data sucessfully entered on Username_XPATH = OLAAS33
2022-11-25 15:55:50 INFO  CommonMethods - Sucessfully clicked on password_XPATH
2022-11-25 15:55:52 INFO  CommonMethods - Data sucessfully entered on password_XPATH = acid_qa
2022-11-25 15:55:53 INFO  ScreenShot - ScreenShot captured LoginPage || Status :Pass
2022-11-25 15:56:02 INFO  CommonMethods - Sucessfully clicked on loginBtn_XPATH
2022-11-25 15:56:03 INFO  ScreenShot - ScreenShot captured QuickLinks || Status :Pass
2022-11-25 15:56:07 INFO  CommonMethods - Sucessfully clicked on PolicySearch_XPATH
2022-11-25 15:56:08 INFO  CommonMethods - Sucessfully clicked on PolicyNumber1_XPATH
2022-11-25 15:56:10 INFO  CommonMethods - Data sucessfully entered on PolicyNumber1_XPATH = M337738393
2022-11-25 15:56:11 INFO  ScreenShot - ScreenShot captured PolicySearch || Status :Pass
2022-11-25 15:56:11 INFO  CommonMethods - Sucessfully clicked on Fetch_XPATH
2022-11-25 15:56:12 INFO  ScreenShot - ScreenShot captured Action || Status :Pass
2022-11-25 15:56:13 INFO  CommonMethods - Sucessfully clicked on Action_XPATH
2022-11-25 15:56:19 INFO  CommonMethods - Sucessfully clicked on BasicDetails_XPATH
2022-11-25 15:56:19 INFO  ScreenShot - ScreenShot captured BasicDetails || Status :Pass
2022-11-25 15:56:19 INFO  CommonMethods - Sucessfully clicked on AgentDetails_XPATH
2022-11-25 15:56:20 INFO  ScreenShot - ScreenShot captured AgentDetails || Status :Pass
2022-11-25 15:56:20 INFO  CommonMethods - Sucessfully clicked on MoreInfo_XPATH
2022-11-25 15:56:20 INFO  ScreenShot - ScreenShot captured MoreInfo || Status :Pass
2022-11-25 15:56:21 INFO  CommonMethods - Sucessfully clicked on OwnerDetails_XPATH
2022-11-25 15:56:21 INFO  ScreenShot - ScreenShot captured OwnerDetails || Status :Pass
2022-11-25 15:56:21 INFO  CommonMethods - Sucessfully clicked on InsuredDetails_XPATH
2022-11-25 15:56:22 INFO  ScreenShot - ScreenShot captured InsureDetails || Status :Pass
2022-11-25 15:56:22 INFO  ScreenShot - ScreenShot captured ActionAlert || Status :pass
2022-11-25 15:56:23 INFO  CommonMethods - Sucessfully clicked on KeyInfo_XPATH
2022-11-25 15:56:23 INFO  ScreenShot - ScreenShot captured KeyInfo || Status :Pass
2022-11-25 15:56:23 INFO  CommonMethods - Sucessfully clicked on Primary_XPATH
2022-11-25 15:56:24 INFO  ScreenShot - ScreenShot captured Primary || Status :Pass
2022-11-25 15:56:24 INFO  CommonMethods - Sucessfully clicked on Secondary_XPATH
2022-11-25 15:56:24 INFO  ScreenShot - ScreenShot captured Secondary || Status :Pass
2022-11-25 15:57:24 ERROR SetUp - policy360CardViewTest Get Failed due to 
Expected condition failed: waiting for visibility of element located by By.xpath: //div[@data-autoid="Card_101154"] (tried for 60 second(s) with 500 milliseconds interval)
Build info: version: '4.1.0', revision: '87802e897b'
System info: host: 'DESKTOP-K1PV4OP', ip: '192.168.0.101', os.name: 'Windows 11', os.arch: 'amd64', os.version: '10.0', java.version: '17.0.2'
Driver info: org.openqa.selenium.chrome.ChromeDriver
Capabilities {acceptInsecureCerts: false, browserName: chrome, browserVersion: 107.0.5304.108, chrome: {chromedriverVersion: 107.0.5304.62 (1eec40d3a576..., userDataDir: C:\Users\DHIRAJ~1\AppData\L...}, goog:chromeOptions: {debuggerAddress: localhost:50652}, javascriptEnabled: true, networkConnectionEnabled: false, pageLoadStrategy: normal, platform: WINDOWS, platformName: WINDOWS, proxy: Proxy(), se:cdp: ws://localhost:50652/devtoo..., se:cdpVersion: 107.0.5304.108, setWindowRect: true, strictFileInteractability: false, timeouts: {implicit: 0, pageLoad: 300000, script: 30000}, unhandledPromptBehavior: dismiss and notify, webauthn:extension:credBlob: true, webauthn:extension:largeBlob: true, webauthn:virtualAuthenticators: true}
Session ID: 473ee4fbb76ad7e47fc4dfafeccb6947
2022-11-25 15:57:25 INFO  ScreenShot - ScreenShot captured policy360CardViewTest || Status :Fail
2022-11-25 15:57:30 INFO  CommonMethods - Row num for TestScenario = policy360CardViewTest is = 7
2022-11-25 15:57:32 INFO  ExcelOperation - Write to excel with : Row=7 | Cell =5 | Data =Fail
2022-11-25 15:57:34 WARN  WebSocketHandler - onError
java.net.SocketException: Connection reset
	at sun.nio.ch.SocketChannelImpl.throwConnectionReset(SocketChannelImpl.java:394) ~[?:?]
	at sun.nio.ch.SocketChannelImpl.read(SocketChannelImpl.java:426) ~[?:?]
	at io.netty.buffer.PooledByteBuf.setBytes(PooledByteBuf.java:253) ~[netty-buffer-4.1.69.Final.jar:4.1.69.Final]
	at io.netty.buffer.AbstractByteBuf.writeBytes(AbstractByteBuf.java:1132) ~[netty-buffer-4.1.69.Final.jar:4.1.69.Final]
	at io.netty.channel.socket.nio.NioSocketChannel.doReadBytes(NioSocketChannel.java:350) ~[netty-transport-4.1.69.Final.jar:4.1.69.Final]
	at io.netty.channel.nio.AbstractNioByteChannel$NioByteUnsafe.read(AbstractNioByteChannel.java:151) [netty-transport-4.1.69.Final.jar:4.1.69.Final]
	at io.netty.channel.nio.NioEventLoop.processSelectedKey(NioEventLoop.java:719) [netty-transport-4.1.69.Final.jar:4.1.69.Final]
	at io.netty.channel.nio.NioEventLoop.processSelectedKeysOptimized(NioEventLoop.java:655) [netty-transport-4.1.69.Final.jar:4.1.69.Final]
	at io.netty.channel.nio.NioEventLoop.processSelectedKeys(NioEventLoop.java:581) [netty-transport-4.1.69.Final.jar:4.1.69.Final]
	at io.netty.channel.nio.NioEventLoop.run(NioEventLoop.java:493) [netty-transport-4.1.69.Final.jar:4.1.69.Final]
	at io.netty.util.concurrent.SingleThreadEventExecutor$4.run(SingleThreadEventExecutor.java:986) [netty-common-4.1.69.Final.jar:4.1.69.Final]
	at io.netty.util.internal.ThreadExecutorMap$2.run(ThreadExecutorMap.java:74) [netty-common-4.1.69.Final.jar:4.1.69.Final]
	at io.netty.util.concurrent.FastThreadLocalRunnable.run(FastThreadLocalRunnable.java:30) [netty-common-4.1.69.Final.jar:4.1.69.Final]
	at java.lang.Thread.run(Thread.java:833) [?:?]
2022-11-25 15:57:35 INFO  SetUp - Browser Closed..
2022-11-25 15:57:37 INFO  SetUp - Test Case_cCLevel1ValidationTest_Successfully Started
2022-11-25 15:57:40 INFO  WebDriverManager - Using chromedriver 107.0.5304.62 (resolved driver for Chrome 107)
2022-11-25 15:57:40 INFO  WebDriverManager - Exporting webdriver.chrome.driver as C:\Users\Dhiraj Landge\.cache\selenium\chromedriver\win32\107.0.5304.62\chromedriver.exe
2022-11-25 15:57:42 INFO  SetUp - Chrome Browser Launched..
2022-11-25 15:57:46 INFO  SetUp - URL : https://talicaia.crmnext.biz/sn7_1/app/login/login
2022-11-25 15:57:46 INFO  CommonMethods - Sucessfully clicked on Username_XPATH
2022-11-25 15:57:48 INFO  CommonMethods - Data sucessfully entered on Username_XPATH = OOABC97
2022-11-25 15:57:49 INFO  CommonMethods - Sucessfully clicked on password_XPATH
2022-11-25 15:57:50 INFO  CommonMethods - Data sucessfully entered on password_XPATH = acid_qa
2022-11-25 15:57:52 INFO  ScreenShot - ScreenShot captured LoginPage || Status :Pass
2022-11-25 15:58:31 INFO  CommonMethods - Sucessfully clicked on loginBtn_XPATH
2022-11-25 15:58:32 INFO  ScreenShot - ScreenShot captured QuickLinks || Status :Pass
2022-11-25 15:58:33 INFO  CommonMethods - Sucessfully clicked on CustomerSearch_XPATH
2022-11-25 16:47:25 ERROR SetUp - cCLevel1ValidationTest Get Failed due to 
java.util.concurrent.TimeoutException
Build info: version: '4.1.0', revision: '87802e897b'
System info: host: 'DESKTOP-K1PV4OP', ip: '192.168.0.101', os.name: 'Windows 11', os.arch: 'amd64', os.version: '10.0', java.version: '17.0.2'
Driver info: org.openqa.selenium.chrome.ChromeDriver
Command: [b87d3b8422d874f48b455a070f29915f, findElement {using=xpath, value=//input[@name="cust_238"]}]
Capabilities {acceptInsecureCerts: false, browserName: chrome, browserVersion: 107.0.5304.108, chrome: {chromedriverVersion: 107.0.5304.62 (1eec40d3a576..., userDataDir: C:\Users\DHIRAJ~1\AppData\L...}, goog:chromeOptions: {debuggerAddress: localhost:50921}, javascriptEnabled: true, networkConnectionEnabled: false, pageLoadStrategy: normal, platform: WINDOWS, platformName: WINDOWS, proxy: Proxy(), se:cdp: ws://localhost:50921/devtoo..., se:cdpVersion: 107.0.5304.108, setWindowRect: true, strictFileInteractability: false, timeouts: {implicit: 0, pageLoad: 300000, script: 30000}, unhandledPromptBehavior: dismiss and notify, webauthn:extension:credBlob: true, webauthn:extension:largeBlob: true, webauthn:virtualAuthenticators: true}
Session ID: b87d3b8422d874f48b455a070f29915f
2022-11-25 16:49:36 ERROR ScreenShot - Unbale to capture screenshot due to disconnected: unable to connect to renderer
  (failed to check if window was closed: disconnected: unable to connect to renderer)
  (Session info: chrome=107.0.5304.108)
Build info: version: '4.1.0', revision: '87802e897b'
System info: host: 'DESKTOP-K1PV4OP', ip: '192.168.0.101', os.name: 'Windows 11', os.arch: 'amd64', os.version: '10.0', java.version: '17.0.2'
Driver info: org.openqa.selenium.chrome.ChromeDriver
Command: [b87d3b8422d874f48b455a070f29915f, screenshot {}]
Capabilities {acceptInsecureCerts: false, browserName: chrome, browserVersion: 107.0.5304.108, chrome: {chromedriverVersion: 107.0.5304.62 (1eec40d3a576..., userDataDir: C:\Users\DHIRAJ~1\AppData\L...}, goog:chromeOptions: {debuggerAddress: localhost:50921}, javascriptEnabled: true, networkConnectionEnabled: false, pageLoadStrategy: normal, platform: WINDOWS, platformName: WINDOWS, proxy: Proxy(), se:cdp: ws://localhost:50921/devtoo..., se:cdpVersion: 107.0.5304.108, setWindowRect: true, strictFileInteractability: false, timeouts: {implicit: 0, pageLoad: 300000, script: 30000}, unhandledPromptBehavior: dismiss and notify, webauthn:extension:credBlob: true, webauthn:extension:largeBlob: true, webauthn:virtualAuthenticators: true}
Session ID: b87d3b8422d874f48b455a070f29915f
2022-11-25 16:49:38 INFO  CommonMethods - Row num for TestScenario = cCLevel1ValidationTest is = 2
2022-11-25 16:49:40 INFO  ExcelOperation - Write to excel with : Row=2 | Cell =5 | Data =Fail
2022-11-25 16:50:17 INFO  SetUp - Test Case_cCLevel2ValidationTest_Successfully Started
2022-11-25 16:50:20 INFO  WebDriverManager - Using chromedriver 107.0.5304.62 (resolved driver for Chrome 107)
2022-11-25 16:50:20 INFO  WebDriverManager - Exporting webdriver.chrome.driver as C:\Users\Dhiraj Landge\.cache\selenium\chromedriver\win32\107.0.5304.62\chromedriver.exe
2022-11-25 16:50:22 INFO  SetUp - Chrome Browser Launched..
2022-11-25 16:50:30 INFO  SetUp - URL : https://talicaia.crmnext.biz/sn7_1/app/login/login
2022-11-25 16:50:31 INFO  CommonMethods - Sucessfully clicked on Username_XPATH
2022-11-25 16:50:32 INFO  CommonMethods - Data sucessfully entered on Username_XPATH = OOABC97
2022-11-25 16:50:33 INFO  CommonMethods - Sucessfully clicked on password_XPATH
2022-11-25 16:50:35 INFO  CommonMethods - Data sucessfully entered on password_XPATH = acid_qa
2022-11-25 16:50:36 INFO  ScreenShot - ScreenShot captured LoginPage || Status :Pass
2022-11-25 16:51:45 INFO  CommonMethods - Sucessfully clicked on loginBtn_XPATH
2022-11-25 16:51:46 INFO  ScreenShot - ScreenShot captured QuickLinks || Status :Pass
2022-11-25 16:51:51 INFO  CommonMethods - Sucessfully clicked on PolicySearch_XPATH
2022-11-25 16:51:51 INFO  CommonMethods - Sucessfully clicked on PolicyNumber1_XPATH
2022-11-25 16:51:53 INFO  CommonMethods - Data sucessfully entered on PolicyNumber1_XPATH = M337738393
2022-11-25 16:51:54 INFO  ScreenShot - ScreenShot captured PolicySearch || Status :Pass
2022-11-25 16:51:54 INFO  CommonMethods - Sucessfully clicked on Fetch_XPATH
2022-11-25 16:51:55 INFO  ScreenShot - ScreenShot captured Action || Status :Pass
2022-11-25 16:51:56 INFO  CommonMethods - Sucessfully clicked on Action_XPATH
2022-11-25 16:52:02 INFO  ScreenShot - ScreenShot captured ActionCentre || Status :Pass
2022-11-25 16:52:03 INFO  CommonMethods - Sucessfully clicked on ActionCentre_XPATH
2022-11-25 16:52:03 INFO  ScreenShot - ScreenShot captured Level2ValidationJourney || Status :Pass
2022-11-25 16:52:07 INFO  CommonMethods - Sucessfully clicked on Level2Validation_XPATH
2022-11-25 16:52:07 INFO  ScreenShot - ScreenShot captured Validate || Status :Pass
2022-11-25 16:52:08 INFO  CommonMethods - Sucessfully clicked on Toggle11_XPATH
2022-11-25 16:52:08 INFO  CommonMethods - Sucessfully clicked on Toggle12_XPATH
2022-11-25 16:52:09 INFO  ScreenShot - ScreenShot captured PassingCriteria || Status :Pass
2022-11-25 16:52:09 INFO  CommonMethods - Sucessfully clicked on Next3_XPATH
2022-11-25 16:53:09 ERROR SetUp - cCLevel2ValidationTest Get Failed due to 
Expected condition failed: waiting for visibility of element located by By.xpath: //i[@class="icon icon-cancel"] (tried for 60 second(s) with 500 milliseconds interval)
Build info: version: '4.1.0', revision: '87802e897b'
System info: host: 'DESKTOP-K1PV4OP', ip: '192.168.0.101', os.name: 'Windows 11', os.arch: 'amd64', os.version: '10.0', java.version: '17.0.2'
Driver info: org.openqa.selenium.chrome.ChromeDriver
Capabilities {acceptInsecureCerts: false, browserName: chrome, browserVersion: 107.0.5304.108, chrome: {chromedriverVersion: 107.0.5304.62 (1eec40d3a576..., userDataDir: C:\Users\DHIRAJ~1\AppData\L...}, goog:chromeOptions: {debuggerAddress: localhost:51432}, javascriptEnabled: true, networkConnectionEnabled: false, pageLoadStrategy: normal, platform: WINDOWS, platformName: WINDOWS, proxy: Proxy(), se:cdp: ws://localhost:51432/devtoo..., se:cdpVersion: 107.0.5304.108, setWindowRect: true, strictFileInteractability: false, timeouts: {implicit: 0, pageLoad: 300000, script: 30000}, unhandledPromptBehavior: dismiss and notify, webauthn:extension:credBlob: true, webauthn:extension:largeBlob: true, webauthn:virtualAuthenticators: true}
Session ID: c96d1421b60cbb6b50c01e16addf7543
2022-11-25 16:53:09 INFO  ScreenShot - ScreenShot captured cCLevel2ValidationTest || Status :Fail
2022-11-25 16:53:12 INFO  CommonMethods - Row num for TestScenario = cCLevel2ValidationTest is = 3
2022-11-25 16:53:14 INFO  ExcelOperation - Write to excel with : Row=3 | Cell =5 | Data =Fail
2022-11-25 16:53:15 WARN  WebSocketHandler - onError
java.net.SocketException: Connection reset
	at sun.nio.ch.SocketChannelImpl.throwConnectionReset(SocketChannelImpl.java:394) ~[?:?]
	at sun.nio.ch.SocketChannelImpl.read(SocketChannelImpl.java:426) ~[?:?]
	at io.netty.buffer.PooledByteBuf.setBytes(PooledByteBuf.java:253) ~[netty-buffer-4.1.69.Final.jar:4.1.69.Final]
	at io.netty.buffer.AbstractByteBuf.writeBytes(AbstractByteBuf.java:1132) ~[netty-buffer-4.1.69.Final.jar:4.1.69.Final]
	at io.netty.channel.socket.nio.NioSocketChannel.doReadBytes(NioSocketChannel.java:350) ~[netty-transport-4.1.69.Final.jar:4.1.69.Final]
	at io.netty.channel.nio.AbstractNioByteChannel$NioByteUnsafe.read(AbstractNioByteChannel.java:151) [netty-transport-4.1.69.Final.jar:4.1.69.Final]
	at io.netty.channel.nio.NioEventLoop.processSelectedKey(NioEventLoop.java:719) [netty-transport-4.1.69.Final.jar:4.1.69.Final]
	at io.netty.channel.nio.NioEventLoop.processSelectedKeysOptimized(NioEventLoop.java:655) [netty-transport-4.1.69.Final.jar:4.1.69.Final]
	at io.netty.channel.nio.NioEventLoop.processSelectedKeys(NioEventLoop.java:581) [netty-transport-4.1.69.Final.jar:4.1.69.Final]
	at io.netty.channel.nio.NioEventLoop.run(NioEventLoop.java:493) [netty-transport-4.1.69.Final.jar:4.1.69.Final]
	at io.netty.util.concurrent.SingleThreadEventExecutor$4.run(SingleThreadEventExecutor.java:986) [netty-common-4.1.69.Final.jar:4.1.69.Final]
	at io.netty.util.internal.ThreadExecutorMap$2.run(ThreadExecutorMap.java:74) [netty-common-4.1.69.Final.jar:4.1.69.Final]
	at io.netty.util.concurrent.FastThreadLocalRunnable.run(FastThreadLocalRunnable.java:30) [netty-common-4.1.69.Final.jar:4.1.69.Final]
	at java.lang.Thread.run(Thread.java:833) [?:?]
2022-11-25 16:53:16 INFO  SetUp - Browser Closed..
2022-11-25 16:53:21 INFO  SetUp - Test Case_branchLevel1ValidationTest_Successfully Started
2022-11-25 16:53:27 INFO  WebDriverManager - Using chromedriver 107.0.5304.62 (resolved driver for Chrome 107)
2022-11-25 16:53:27 INFO  WebDriverManager - Exporting webdriver.chrome.driver as C:\Users\Dhiraj Landge\.cache\selenium\chromedriver\win32\107.0.5304.62\chromedriver.exe
2022-11-25 16:53:29 INFO  SetUp - Chrome Browser Launched..
2022-11-25 16:53:33 INFO  SetUp - URL : https://talicaia.crmnext.biz/sn7_1/app/login/login
2022-11-25 16:53:33 INFO  CommonMethods - Sucessfully clicked on Username_XPATH
2022-11-25 16:53:35 INFO  CommonMethods - Data sucessfully entered on Username_XPATH = OLAAS33
2022-11-25 16:53:36 INFO  CommonMethods - Sucessfully clicked on password_XPATH
2022-11-25 16:53:37 INFO  CommonMethods - Data sucessfully entered on password_XPATH = acid_qa
2022-11-25 16:53:39 INFO  ScreenShot - ScreenShot captured LoginPage || Status :Pass
2022-11-25 16:54:21 INFO  CommonMethods - Sucessfully clicked on loginBtn_XPATH
2022-11-25 16:54:22 INFO  ScreenShot - ScreenShot captured QuickLinks || Status :Pass
2022-11-25 16:54:22 INFO  CommonMethods - Sucessfully clicked on CustomerSearch_XPATH
2022-11-25 16:55:23 ERROR SetUp - branchLevel1ValidationTest Get Failed due to 
Expected condition failed: waiting for visibility of element located by By.xpath: //input[@name="cust_238"] (tried for 60 second(s) with 500 milliseconds interval)
2022-11-25 16:55:23 ERROR ScreenShot - Unbale to capture screenshot due to no such window: target window already closed
from unknown error: web view not found
  (Session info: chrome=107.0.5304.108)
Build info: version: '4.1.0', revision: '87802e897b'
System info: host: 'DESKTOP-K1PV4OP', ip: '192.168.0.101', os.name: 'Windows 11', os.arch: 'amd64', os.version: '10.0', java.version: '17.0.2'
Driver info: org.openqa.selenium.chrome.ChromeDriver
Command: [930bd6486f99bbdb26ef2fdcb46f2cf9, screenshot {}]
Capabilities {acceptInsecureCerts: false, browserName: chrome, browserVersion: 107.0.5304.108, chrome: {chromedriverVersion: 107.0.5304.62 (1eec40d3a576..., userDataDir: C:\Users\DHIRAJ~1\AppData\L...}, goog:chromeOptions: {debuggerAddress: localhost:51673}, javascriptEnabled: true, networkConnectionEnabled: false, pageLoadStrategy: normal, platform: WINDOWS, platformName: WINDOWS, proxy: Proxy(), se:cdp: ws://localhost:51673/devtoo..., se:cdpVersion: 107.0.5304.108, setWindowRect: true, strictFileInteractability: false, timeouts: {implicit: 0, pageLoad: 300000, script: 30000}, unhandledPromptBehavior: dismiss and notify, webauthn:extension:credBlob: true, webauthn:extension:largeBlob: true, webauthn:virtualAuthenticators: true}
Session ID: 930bd6486f99bbdb26ef2fdcb46f2cf9
2022-11-25 16:55:26 INFO  CommonMethods - Row num for TestScenario = branchLevel1ValidationTest is = 5
2022-11-25 16:55:28 INFO  ExcelOperation - Write to excel with : Row=5 | Cell =5 | Data =Fail
2022-11-25 16:56:06 INFO  SetUp - Test Case_quickLinksTest_Successfully Started
2022-11-25 16:56:12 INFO  WebDriverManager - Using chromedriver 107.0.5304.62 (resolved driver for Chrome 107)
2022-11-25 16:56:12 INFO  WebDriverManager - Exporting webdriver.chrome.driver as C:\Users\Dhiraj Landge\.cache\selenium\chromedriver\win32\107.0.5304.62\chromedriver.exe
2022-11-25 16:56:14 INFO  SetUp - Chrome Browser Launched..
2022-11-25 16:56:19 INFO  SetUp - URL : https://talicaia.crmnext.biz/sn7_1/app/login/login
2022-11-25 16:56:19 INFO  CommonMethods - Sucessfully clicked on Username_XPATH
2022-11-25 16:56:21 INFO  CommonMethods - Data sucessfully entered on Username_XPATH = OOABC97
2022-11-25 16:56:22 INFO  CommonMethods - Sucessfully clicked on password_XPATH
2022-11-25 16:56:24 INFO  CommonMethods - Data sucessfully entered on password_XPATH = acid_qa
2022-11-25 16:56:25 INFO  ScreenShot - ScreenShot captured LoginPage || Status :Pass
2022-11-25 16:57:17 INFO  CommonMethods - Sucessfully clicked on loginBtn_XPATH
2022-11-25 16:57:18 INFO  ScreenShot - ScreenShot captured QuickLinks || Status :Pass
2022-11-25 16:57:24 INFO  CommonMethods - Sucessfully clicked on PolicySearch_XPATH
2022-11-25 16:57:24 INFO  CommonMethods - Sucessfully clicked on PolicyNumber1_XPATH
2022-11-25 16:57:26 INFO  CommonMethods - Data sucessfully entered on PolicyNumber1_XPATH = M337738393
2022-11-25 16:57:27 INFO  ScreenShot - ScreenShot captured PolicySearch || Status :Pass
2022-11-25 16:57:27 INFO  CommonMethods - Sucessfully clicked on Fetch_XPATH
2022-11-25 16:57:28 INFO  ScreenShot - ScreenShot captured Action || Status :Pass
2022-11-25 16:57:28 INFO  CommonMethods - Sucessfully clicked on Action_XPATH
2022-11-25 16:57:32 INFO  ScreenShot - ScreenShot captured ActionCentre || Status :Pass
2022-11-25 16:57:33 INFO  CommonMethods - Sucessfully clicked on ActionCentre_XPATH
2022-11-25 16:57:33 INFO  ScreenShot - ScreenShot captured QuickLinksJourney || Status :Pass
2022-11-25 16:57:36 INFO  CommonMethods - Sucessfully clicked on QuickLinksJourney_XPATH
2022-11-25 16:57:36 INFO  ScreenShot - ScreenShot captured QuickLinksPage || Status :Pass
2022-11-25 16:57:37 INFO  CommonMethods - Sucessfully clicked on Next3_XPATH
2022-11-25 16:58:37 ERROR SetUp - quickLinksTest Get Failed due to 
Expected condition failed: waiting for visibility of element located by By.xpath: //span[@data-autoid="CASE_NUMBER_ctrl"] (tried for 60 second(s) with 500 milliseconds interval)
2022-11-25 16:58:37 ERROR ScreenShot - Unbale to capture screenshot due to no such window: target window already closed
from unknown error: web view not found
  (Session info: chrome=107.0.5304.108)
Build info: version: '4.1.0', revision: '87802e897b'
System info: host: 'DESKTOP-K1PV4OP', ip: '192.168.0.101', os.name: 'Windows 11', os.arch: 'amd64', os.version: '10.0', java.version: '17.0.2'
Driver info: org.openqa.selenium.chrome.ChromeDriver
Command: [f1d39c4f9740b20984959da96bdb6827, screenshot {}]
Capabilities {acceptInsecureCerts: false, browserName: chrome, browserVersion: 107.0.5304.108, chrome: {chromedriverVersion: 107.0.5304.62 (1eec40d3a576..., userDataDir: C:\Users\DHIRAJ~1\AppData\L...}, goog:chromeOptions: {debuggerAddress: localhost:51870}, javascriptEnabled: true, networkConnectionEnabled: false, pageLoadStrategy: normal, platform: WINDOWS, platformName: WINDOWS, proxy: Proxy(), se:cdp: ws://localhost:51870/devtoo..., se:cdpVersion: 107.0.5304.108, setWindowRect: true, strictFileInteractability: false, timeouts: {implicit: 0, pageLoad: 300000, script: 30000}, unhandledPromptBehavior: dismiss and notify, webauthn:extension:credBlob: true, webauthn:extension:largeBlob: true, webauthn:virtualAuthenticators: true}
Session ID: f1d39c4f9740b20984959da96bdb6827
2022-11-25 16:58:42 INFO  CommonMethods - Row num for TestScenario = quickLinksTest is = 6
2022-11-25 16:58:44 INFO  ExcelOperation - Write to excel with : Row=6 | Cell =5 | Data =Fail
2022-11-25 16:59:25 INFO  SetUp - Test Case_cTAYesResponseTest_Successfully Started
2022-11-25 16:59:32 INFO  WebDriverManager - Using chromedriver 107.0.5304.62 (resolved driver for Chrome 107)
2022-11-25 16:59:32 INFO  WebDriverManager - Exporting webdriver.chrome.driver as C:\Users\Dhiraj Landge\.cache\selenium\chromedriver\win32\107.0.5304.62\chromedriver.exe
2022-11-25 16:59:34 INFO  SetUp - Chrome Browser Launched..
2022-11-25 16:59:37 INFO  SetUp - URL : https://talicaia.crmnext.biz/sn7_1/app/login/login
2022-11-25 16:59:38 INFO  CommonMethods - Sucessfully clicked on Username_XPATH
2022-11-25 16:59:39 INFO  CommonMethods - Data sucessfully entered on Username_XPATH = OLAAS33
2022-11-25 16:59:40 INFO  CommonMethods - Sucessfully clicked on password_XPATH
2022-11-25 16:59:42 INFO  CommonMethods - Data sucessfully entered on password_XPATH = acid_qa
2022-11-25 16:59:43 INFO  ScreenShot - ScreenShot captured LoginPage || Status :Pass
2022-11-25 17:00:29 INFO  CommonMethods - Sucessfully clicked on loginBtn_XPATH
2022-11-25 17:00:34 INFO  CommonMethods - Sucessfully clicked on PolicySearch_XPATH
2022-11-25 17:00:35 INFO  ScreenShot - ScreenShot captured QuickLinks || Status :Pass
2022-11-25 17:00:35 INFO  CommonMethods - Sucessfully clicked on PolicyNumber1_XPATH
2022-11-25 17:00:37 INFO  CommonMethods - Data sucessfully entered on PolicyNumber1_XPATH = M337738393
2022-11-25 17:00:38 INFO  CommonMethods - Sucessfully clicked on Fetch_XPATH
2022-11-25 17:00:39 INFO  CommonMethods - Sucessfully clicked on Action_XPATH
2022-11-25 17:00:45 INFO  CommonMethods - Sucessfully clicked on Yes_XPATH
2022-11-25 17:01:31 INFO  CommonMethods - Swiched to Child window name : Call To Action PAN || URL :https://talicaia.crmnext.biz/sn7_1/app/CRMNextObject/StartJourney?x=ypslkb5r3sxgmsfexn5kraugsb9vpvbmbxah43kpp5dah3jds7q9x2ubjptvmthrukdsgk347qthje8elgmhxsvpbq22cecetgegdq4q227zuzgayv7xl9w9hzk2tsfx5kn5b682ebrauddg8dsjyawmu3&winpop=1
2022-11-25 17:01:31 INFO  ScreenShot - ScreenShot captured Childwindow || Status :Pass
2022-11-25 17:01:32 INFO  CommonMethods - Data = Web Sucessfully Selected from dropdown Mode_XPATH
2022-11-25 17:01:33 INFO  CommonMethods - Sucessfully clicked on SubCategory_XPATH
2022-11-25 17:01:34 INFO  CommonMethods - Data sucessfully entered on SubCategory_XPATH = Others
2022-11-25 17:01:36 INFO  CommonMethods - Sucessfully clicked on Others_XPATH
2022-11-25 17:01:37 INFO  CommonMethods - Sucessfully clicked on SubSubCategory_XPATH
2022-11-25 17:01:39 INFO  CommonMethods - Data sucessfully entered on SubSubCategory_XPATH = Request
2022-11-25 17:01:40 INFO  CommonMethods - Sucessfully clicked on Request_XPATH
2022-11-25 17:01:41 INFO  CommonMethods - Sucessfully clicked on Subject_XPATH
2022-11-25 17:01:43 INFO  CommonMethods - Data sucessfully entered on Subject_XPATH = Others-Request
2022-11-25 17:01:44 INFO  CommonMethods - Sucessfully clicked on Next111_XPATH
2022-11-25 17:02:04 INFO  ExcelOperation - Write to excel with : Row=1 | Cell =10 | Data =77996667
2022-11-25 17:02:06 INFO  CommonMethods - Sucessfully clicked on Close_XPATH
2022-11-25 17:02:06 INFO  CommonMethods - Swiched to parent window Mansi - CRMnext - Smart.Easy.Complete with ID CDwindow-41AA956E5D1BA89FD7A91B40571C3D19
2022-11-25 17:02:08 INFO  CommonMethods - Sucessfully clicked on Report_XPATH
2022-11-25 17:02:09 INFO  CommonMethods - Sucessfully clicked on CallToAction_XPATH
2022-11-25 17:02:10 INFO  CommonMethods - Sucessfully clicked on CallToActionResponse_XPATH
2022-11-25 17:02:11 INFO  CommonMethods - Swiched to Child window name : Call To Action Response || URL :https://talicaia.crmnext.biz/sn7_1/app/Report/GetReportDetailControl?x=3nc2ksnk2m6gq7vf7478g2wpqc2knetj369xurxx3lcrwuqjly5q&winpop=1
2022-11-25 17:03:11 ERROR SetUp - cTAYesResponseTest Get Failed due to 
Expected condition failed: waiting for visibility of element located by By.xpath: (//tr)[3] (tried for 60 second(s) with 500 milliseconds interval)
Build info: version: '4.1.0', revision: '87802e897b'
System info: host: 'DESKTOP-K1PV4OP', ip: '192.168.0.101', os.name: 'Windows 11', os.arch: 'amd64', os.version: '10.0', java.version: '17.0.2'
Driver info: org.openqa.selenium.chrome.ChromeDriver
Capabilities {acceptInsecureCerts: false, browserName: chrome, browserVersion: 107.0.5304.108, chrome: {chromedriverVersion: 107.0.5304.62 (1eec40d3a576..., userDataDir: C:\Users\DHIRAJ~1\AppData\L...}, goog:chromeOptions: {debuggerAddress: localhost:52029}, javascriptEnabled: true, networkConnectionEnabled: false, pageLoadStrategy: normal, platform: WINDOWS, platformName: WINDOWS, proxy: Proxy(), se:cdp: ws://localhost:52029/devtoo..., se:cdpVersion: 107.0.5304.108, setWindowRect: true, strictFileInteractability: false, timeouts: {implicit: 0, pageLoad: 300000, script: 30000}, unhandledPromptBehavior: dismiss and notify, webauthn:extension:credBlob: true, webauthn:extension:largeBlob: true, webauthn:virtualAuthenticators: true}
Session ID: 11bc6824f33f4951af92fa684cc40dee
2022-11-25 17:03:11 INFO  ScreenShot - ScreenShot captured cTAYesResponseTest || Status :Fail
2022-11-25 17:03:18 INFO  CommonMethods - Row num for TestScenario = cTAYesResponseTest is = 9
2022-11-25 17:03:20 INFO  ExcelOperation - Write to excel with : Row=9 | Cell =5 | Data =Fail
2022-11-25 17:03:22 WARN  WebSocketHandler - onError
java.net.SocketException: Connection reset
	at sun.nio.ch.SocketChannelImpl.throwConnectionReset(SocketChannelImpl.java:394) ~[?:?]
	at sun.nio.ch.SocketChannelImpl.read(SocketChannelImpl.java:426) ~[?:?]
	at io.netty.buffer.PooledByteBuf.setBytes(PooledByteBuf.java:253) ~[netty-buffer-4.1.69.Final.jar:4.1.69.Final]
	at io.netty.buffer.AbstractByteBuf.writeBytes(AbstractByteBuf.java:1132) ~[netty-buffer-4.1.69.Final.jar:4.1.69.Final]
	at io.netty.channel.socket.nio.NioSocketChannel.doReadBytes(NioSocketChannel.java:350) ~[netty-transport-4.1.69.Final.jar:4.1.69.Final]
	at io.netty.channel.nio.AbstractNioByteChannel$NioByteUnsafe.read(AbstractNioByteChannel.java:151) [netty-transport-4.1.69.Final.jar:4.1.69.Final]
	at io.netty.channel.nio.NioEventLoop.processSelectedKey(NioEventLoop.java:719) [netty-transport-4.1.69.Final.jar:4.1.69.Final]
	at io.netty.channel.nio.NioEventLoop.processSelectedKeysOptimized(NioEventLoop.java:655) [netty-transport-4.1.69.Final.jar:4.1.69.Final]
	at io.netty.channel.nio.NioEventLoop.processSelectedKeys(NioEventLoop.java:581) [netty-transport-4.1.69.Final.jar:4.1.69.Final]
	at io.netty.channel.nio.NioEventLoop.run(NioEventLoop.java:493) [netty-transport-4.1.69.Final.jar:4.1.69.Final]
	at io.netty.util.concurrent.SingleThreadEventExecutor$4.run(SingleThreadEventExecutor.java:986) [netty-common-4.1.69.Final.jar:4.1.69.Final]
	at io.netty.util.internal.ThreadExecutorMap$2.run(ThreadExecutorMap.java:74) [netty-common-4.1.69.Final.jar:4.1.69.Final]
	at io.netty.util.concurrent.FastThreadLocalRunnable.run(FastThreadLocalRunnable.java:30) [netty-common-4.1.69.Final.jar:4.1.69.Final]
	at java.lang.Thread.run(Thread.java:833) [?:?]
2022-11-25 17:03:23 INFO  SetUp - Browser Closed..
2022-11-25 17:03:31 INFO  SetUp - Test Case_cTANoResponseTest_Successfully Started
2022-11-25 17:03:39 INFO  WebDriverManager - Using chromedriver 107.0.5304.62 (resolved driver for Chrome 107)
2022-11-25 17:03:39 INFO  WebDriverManager - Exporting webdriver.chrome.driver as C:\Users\Dhiraj Landge\.cache\selenium\chromedriver\win32\107.0.5304.62\chromedriver.exe
2022-11-25 17:03:41 INFO  SetUp - Chrome Browser Launched..
2022-11-25 17:03:43 INFO  SetUp - URL : https://talicaia.crmnext.biz/sn7_1/app/login/login
2022-11-25 17:03:43 INFO  CommonMethods - Sucessfully clicked on Username_XPATH
2022-11-25 17:03:45 INFO  CommonMethods - Data sucessfully entered on Username_XPATH = OLAAS33
2022-11-25 17:03:46 INFO  CommonMethods - Sucessfully clicked on password_XPATH
2022-11-25 17:03:47 INFO  CommonMethods - Data sucessfully entered on password_XPATH = acid_qa
2022-11-25 17:03:49 INFO  ScreenShot - ScreenShot captured LoginPage || Status :Pass
2022-11-25 17:03:54 INFO  CommonMethods - Sucessfully clicked on loginBtn_XPATH
2022-11-25 17:03:58 INFO  CommonMethods - Sucessfully clicked on PolicySearch_XPATH
2022-11-25 17:03:58 INFO  ScreenShot - ScreenShot captured QuickLinks || Status :Pass
2022-11-25 17:03:58 INFO  CommonMethods - Sucessfully clicked on PolicyNumber1_XPATH
2022-11-25 17:04:00 INFO  CommonMethods - Data sucessfully entered on PolicyNumber1_XPATH = M337738393
2022-11-25 17:04:02 INFO  CommonMethods - Sucessfully clicked on Fetch_XPATH
2022-11-25 17:04:02 INFO  CommonMethods - Sucessfully clicked on Action_XPATH
2022-11-25 17:04:06 INFO  CommonMethods - Sucessfully clicked on No_XPATH
2022-11-25 17:05:06 ERROR SetUp - cTANoResponseTest Get Failed due to 
Expected condition failed: waiting for visibility of element located by By.xpath: //select[@data-autoid="cust_7156_ctrl"] (tried for 60 second(s) with 500 milliseconds interval)
Build info: version: '4.1.0', revision: '87802e897b'
System info: host: 'DESKTOP-K1PV4OP', ip: '192.168.0.101', os.name: 'Windows 11', os.arch: 'amd64', os.version: '10.0', java.version: '17.0.2'
Driver info: org.openqa.selenium.chrome.ChromeDriver
Capabilities {acceptInsecureCerts: false, browserName: chrome, browserVersion: 107.0.5304.108, chrome: {chromedriverVersion: 107.0.5304.62 (1eec40d3a576..., userDataDir: C:\Users\DHIRAJ~1\AppData\L...}, goog:chromeOptions: {debuggerAddress: localhost:52409}, javascriptEnabled: true, networkConnectionEnabled: false, pageLoadStrategy: normal, platform: WINDOWS, platformName: WINDOWS, proxy: Proxy(), se:cdp: ws://localhost:52409/devtoo..., se:cdpVersion: 107.0.5304.108, setWindowRect: true, strictFileInteractability: false, timeouts: {implicit: 0, pageLoad: 300000, script: 30000}, unhandledPromptBehavior: dismiss and notify, webauthn:extension:credBlob: true, webauthn:extension:largeBlob: true, webauthn:virtualAuthenticators: true}
Session ID: 97c7e8cadccaa6186259a2fa4498b185
2022-11-25 17:05:07 INFO  ScreenShot - ScreenShot captured cTANoResponseTest || Status :Fail
2022-11-25 17:05:14 INFO  CommonMethods - Row num for TestScenario = cTANoResponseTest is = 10
2022-11-25 17:05:16 INFO  ExcelOperation - Write to excel with : Row=10 | Cell =5 | Data =Fail
2022-11-25 17:05:18 WARN  WebSocketHandler - onError
java.net.SocketException: Connection reset
	at sun.nio.ch.SocketChannelImpl.throwConnectionReset(SocketChannelImpl.java:394) ~[?:?]
	at sun.nio.ch.SocketChannelImpl.read(SocketChannelImpl.java:426) ~[?:?]
	at io.netty.buffer.PooledByteBuf.setBytes(PooledByteBuf.java:253) ~[netty-buffer-4.1.69.Final.jar:4.1.69.Final]
	at io.netty.buffer.AbstractByteBuf.writeBytes(AbstractByteBuf.java:1132) ~[netty-buffer-4.1.69.Final.jar:4.1.69.Final]
	at io.netty.channel.socket.nio.NioSocketChannel.doReadBytes(NioSocketChannel.java:350) ~[netty-transport-4.1.69.Final.jar:4.1.69.Final]
	at io.netty.channel.nio.AbstractNioByteChannel$NioByteUnsafe.read(AbstractNioByteChannel.java:151) [netty-transport-4.1.69.Final.jar:4.1.69.Final]
	at io.netty.channel.nio.NioEventLoop.processSelectedKey(NioEventLoop.java:719) [netty-transport-4.1.69.Final.jar:4.1.69.Final]
	at io.netty.channel.nio.NioEventLoop.processSelectedKeysOptimized(NioEventLoop.java:655) [netty-transport-4.1.69.Final.jar:4.1.69.Final]
	at io.netty.channel.nio.NioEventLoop.processSelectedKeys(NioEventLoop.java:581) [netty-transport-4.1.69.Final.jar:4.1.69.Final]
	at io.netty.channel.nio.NioEventLoop.run(NioEventLoop.java:493) [netty-transport-4.1.69.Final.jar:4.1.69.Final]
	at io.netty.util.concurrent.SingleThreadEventExecutor$4.run(SingleThreadEventExecutor.java:986) [netty-common-4.1.69.Final.jar:4.1.69.Final]
	at io.netty.util.internal.ThreadExecutorMap$2.run(ThreadExecutorMap.java:74) [netty-common-4.1.69.Final.jar:4.1.69.Final]
	at io.netty.util.concurrent.FastThreadLocalRunnable.run(FastThreadLocalRunnable.java:30) [netty-common-4.1.69.Final.jar:4.1.69.Final]
	at java.lang.Thread.run(Thread.java:833) [?:?]
2022-11-25 17:05:19 INFO  SetUp - Browser Closed..
2022-11-25 17:05:21 INFO  CommonMethods - Test Report Mail sent successfully to dhiraj.landge@crmnext.com
