2022-11-28 19:55:01 INFO  ExtentReporterNG - Extent report Directory is created!
2022-11-28 19:55:04 INFO  Utils - [TestNG] Running:
  C:\Users\Dhiraj Landge\eclipse-workspace\Talic_Life_Insurance\src\test\resources\RunnerFiles\testng.xml

2022-11-28 19:55:06 INFO  SetUp - Test Case_customer360CardViewTest_Successfully Started
2022-11-28 19:55:07 INFO  SetUp - Test Case_customer360CardViewTest_get Skipped as its Runmode is 'NO' 
2022-11-28 19:55:08 INFO  SetUp - Test Case_policy360CardViewTest_Successfully Started
2022-11-28 19:55:09 INFO  SetUp - Test Case_policy360CardViewTest_get Skipped as its Runmode is 'NO' 
2022-11-28 19:55:09 INFO  SetUp - Test Case_cCLevel1ValidationTest_Successfully Started
2022-11-28 19:55:09 INFO  SetUp - Test Case_cCLevel1ValidationTest_get Skipped as its Runmode is 'NO' 
2022-11-28 19:55:10 INFO  SetUp - Test Case_cCLevel1ValidationTest_Successfully Started
2022-11-28 19:55:10 INFO  SetUp - Test Case_cCLevel1ValidationTest_get Skipped as its Runmode is 'NO' 
2022-11-28 19:55:10 INFO  SetUp - Test Case_cCLevel1ValidationTest_Successfully Started
2022-11-28 19:55:10 INFO  SetUp - Test Case_cCLevel1ValidationTest_get Skipped as its Runmode is 'NO' 
2022-11-28 19:55:11 INFO  SetUp - Test Case_cCLevel1ValidationTest_Successfully Started
2022-11-28 19:55:11 INFO  SetUp - Test Case_cCLevel1ValidationTest_get Skipped as its Runmode is 'NO' 
2022-11-28 19:55:11 INFO  SetUp - Test Case_cCLevel1ValidationTest_Successfully Started
2022-11-28 19:55:11 INFO  SetUp - Test Case_cCLevel1ValidationTest_get Skipped as its Runmode is 'NO' 
2022-11-28 19:55:12 INFO  SetUp - Test Case_branchLevel1ValidationTest_Successfully Started
2022-11-28 19:55:18 INFO  WebDriverManager - Using chromedriver 107.0.5304.62 (resolved driver for Chrome 107)
2022-11-28 19:55:18 INFO  WebDriverManager - Exporting webdriver.chrome.driver as C:\Users\Dhiraj Landge\.cache\selenium\chromedriver\win32\107.0.5304.62\chromedriver.exe
2022-11-28 19:55:21 INFO  SetUp - Chrome Browser Launched..
2022-11-28 19:55:22 INFO  SetUp - URL : https://crmpreprod.tataaia.com/sng7/app/login/login
2022-11-28 19:55:22 INFO  CommonMethods - Sucessfully clicked on Username_XPATH
2022-11-28 19:55:23 INFO  CommonMethods - Data sucessfully entered on Username_XPATH = OEAIV36
2022-11-28 19:55:23 INFO  CommonMethods - Sucessfully clicked on password_XPATH
2022-11-28 19:55:23 INFO  CommonMethods - Data sucessfully entered on password_XPATH = acid_qa
2022-11-28 19:55:24 INFO  ScreenShot - ScreenShot captured LoginPage || Status :Pass
2022-11-28 19:55:28 INFO  CommonMethods - Sucessfully clicked on loginBtn_XPATH
2022-11-28 19:55:28 INFO  CommonMethods - Sucessfully clicked on ProfileBtn_XPATH
2022-11-28 19:55:28 INFO  CommonMethods - Sucessfully clicked on Role_XPATH
2022-11-28 19:55:29 INFO  CommonMethods - Data = Branch Operations Executive Sucessfully Selected from dropdown Role_XPATH
2022-11-28 19:55:43 INFO  ScreenShot - ScreenShot captured QuickLinks || Status :Pass
2022-11-28 19:55:46 INFO  CommonMethods - Sucessfully clicked on CustomerSearch_XPATH
2022-11-28 19:55:46 INFO  CommonMethods - Sucessfully clicked on PolicyNumber_XPATH
2022-11-28 19:55:46 INFO  CommonMethods - Sucessfully clicked on PolicyNumber_XPATH
2022-11-28 19:55:47 INFO  CommonMethods - Data sucessfully entered on PolicyNumber_XPATH = C000000013
2022-11-28 19:55:47 INFO  CommonMethods - Sucessfully clicked on SideClick_XPATH
2022-11-28 19:55:47 INFO  ScreenShot - ScreenShot captured PolicyNumber || Status :Pass
2022-11-28 19:55:50 INFO  CommonMethods - Sucessfully clicked on CustomerSearchNext_XPATH
2022-11-28 19:55:52 INFO  CommonMethods - Sucessfully clicked on PolicyValidate_XPATH
2022-11-28 19:55:52 INFO  CommonMethods - Data = Self Sucessfully Selected from dropdown Validatordropdown_XPATH
2022-11-28 19:55:53 INFO  CommonMethods - Data = ID Capture Sucessfully Selected from dropdown Typeofvalidation_XPATH
2022-11-28 19:56:53 ERROR SetUp - branchLevel1ValidationTest Get Failed due to 
Expected condition failed: waiting for visibility of element located by By.xpath: //input[@name='cust_7145'] (tried for 60 second(s) with 500 milliseconds interval)
Build info: version: '4.1.0', revision: '87802e897b'
System info: host: 'DESKTOP-K1PV4OP', ip: '192.168.0.102', os.name: 'Windows 11', os.arch: 'amd64', os.version: '10.0', java.version: '17.0.2'
Driver info: org.openqa.selenium.chrome.ChromeDriver
Capabilities {acceptInsecureCerts: false, browserName: chrome, browserVersion: 107.0.5304.108, chrome: {chromedriverVersion: 107.0.5304.62 (1eec40d3a576..., userDataDir: C:\Users\DHIRAJ~1\AppData\L...}, goog:chromeOptions: {debuggerAddress: localhost:63810}, javascriptEnabled: true, networkConnectionEnabled: false, pageLoadStrategy: normal, platform: WINDOWS, platformName: WINDOWS, proxy: Proxy(), se:cdp: ws://localhost:63810/devtoo..., se:cdpVersion: 107.0.5304.108, setWindowRect: true, strictFileInteractability: false, timeouts: {implicit: 0, pageLoad: 300000, script: 30000}, unhandledPromptBehavior: dismiss and notify, webauthn:extension:credBlob: true, webauthn:extension:largeBlob: true, webauthn:virtualAuthenticators: true}
Session ID: 35bef871d91d7bcd9d72b53a10a53137
2022-11-28 19:56:53 INFO  ScreenShot - ScreenShot captured branchLevel1ValidationTest || Status :Fail
2022-11-28 19:56:54 INFO  CommonMethods - Row num for TestScenario = branchLevel1ValidationTest is = 5
2022-11-28 19:56:55 INFO  ExcelOperation - Write to excel with : Row=5 | Cell =5 | Data =Fail
2022-11-28 19:56:55 WARN  WebSocketHandler - onError
java.net.SocketException: Connection reset
	at sun.nio.ch.SocketChannelImpl.throwConnectionReset(SocketChannelImpl.java:394) ~[?:?]
	at sun.nio.ch.SocketChannelImpl.read(SocketChannelImpl.java:426) ~[?:?]
	at io.netty.buffer.PooledByteBuf.setBytes(PooledByteBuf.java:253) ~[netty-buffer-4.1.69.Final.jar:4.1.69.Final]
	at io.netty.buffer.AbstractByteBuf.writeBytes(AbstractByteBuf.java:1132) ~[netty-buffer-4.1.69.Final.jar:4.1.69.Final]
	at io.netty.channel.socket.nio.NioSocketChannel.doReadBytes(NioSocketChannel.java:350) ~[netty-transport-4.1.69.Final.jar:4.1.69.Final]
	at io.netty.channel.nio.AbstractNioByteChannel$NioByteUnsafe.read(AbstractNioByteChannel.java:151) [netty-transport-4.1.69.Final.jar:4.1.69.Final]
	at io.netty.channel.nio.NioEventLoop.processSelectedKey(NioEventLoop.java:719) [netty-transport-4.1.69.Final.jar:4.1.69.Final]
	at io.netty.channel.nio.NioEventLoop.processSelectedKeysOptimized(NioEventLoop.java:655) [netty-transport-4.1.69.Final.jar:4.1.69.Final]
	at io.netty.channel.nio.NioEventLoop.processSelectedKeys(NioEventLoop.java:581) [netty-transport-4.1.69.Final.jar:4.1.69.Final]
	at io.netty.channel.nio.NioEventLoop.run(NioEventLoop.java:493) [netty-transport-4.1.69.Final.jar:4.1.69.Final]
	at io.netty.util.concurrent.SingleThreadEventExecutor$4.run(SingleThreadEventExecutor.java:986) [netty-common-4.1.69.Final.jar:4.1.69.Final]
	at io.netty.util.internal.ThreadExecutorMap$2.run(ThreadExecutorMap.java:74) [netty-common-4.1.69.Final.jar:4.1.69.Final]
	at io.netty.util.concurrent.FastThreadLocalRunnable.run(FastThreadLocalRunnable.java:30) [netty-common-4.1.69.Final.jar:4.1.69.Final]
	at java.lang.Thread.run(Thread.java:833) [?:?]
2022-11-28 19:56:56 INFO  SetUp - Browser Closed..
2022-11-28 19:56:57 INFO  SetUp - Test Case_branchLevel1ValidationTest_Successfully Started
2022-11-28 19:56:57 INFO  WebDriverManager - Using chromedriver 107.0.5304.62 (resolved driver for Chrome 107)
2022-11-28 19:56:57 INFO  WebDriverManager - Exporting webdriver.chrome.driver as C:\Users\Dhiraj Landge\.cache\selenium\chromedriver\win32\107.0.5304.62\chromedriver.exe
2022-11-28 19:56:59 INFO  SetUp - Chrome Browser Launched..
2022-11-28 19:57:00 INFO  SetUp - URL : https://crmpreprod.tataaia.com/sng7/app/login/login
2022-11-28 19:57:00 INFO  CommonMethods - Sucessfully clicked on Username_XPATH
2022-11-28 19:57:00 INFO  CommonMethods - Data sucessfully entered on Username_XPATH = OEAIV36
2022-11-28 19:57:01 INFO  CommonMethods - Sucessfully clicked on password_XPATH
2022-11-28 19:57:01 INFO  CommonMethods - Data sucessfully entered on password_XPATH = acid_qa
2022-11-28 19:57:01 INFO  ScreenShot - ScreenShot captured LoginPage || Status :Pass
2022-11-28 19:57:05 INFO  CommonMethods - Sucessfully clicked on loginBtn_XPATH
2022-11-28 19:57:06 INFO  CommonMethods - Sucessfully clicked on ProfileBtn_XPATH
2022-11-28 19:57:06 INFO  CommonMethods - Sucessfully clicked on Role_XPATH
2022-11-28 19:57:06 INFO  CommonMethods - Data = Branch Operations Executive Sucessfully Selected from dropdown Role_XPATH
2022-11-28 19:57:22 INFO  ScreenShot - ScreenShot captured QuickLinks || Status :Pass
2022-11-28 19:57:25 INFO  CommonMethods - Sucessfully clicked on CustomerSearch_XPATH
2022-11-28 19:57:25 INFO  CommonMethods - Sucessfully clicked on MobileNumber_XPATH
2022-11-28 19:57:25 INFO  CommonMethods - Sucessfully clicked on MobileNumber_XPATH
2022-11-28 19:57:26 INFO  CommonMethods - Data sucessfully entered on MobileNumber_XPATH = 7972553405
2022-11-28 19:57:26 INFO  CommonMethods - Sucessfully clicked on SideClick_XPATH
2022-11-28 19:57:29 INFO  ScreenShot - ScreenShot captured MobileNumber || Status :Pass
2022-11-28 19:57:30 INFO  CommonMethods - Sucessfully clicked on CustomerSearchNext_XPATH
2022-11-28 20:01:28 INFO  ExtentReporterNG - Extent report Directory is created!
2022-11-28 20:01:32 INFO  Utils - [TestNG] Running:
  C:\Users\Dhiraj Landge\eclipse-workspace\Talic_Life_Insurance\src\test\resources\RunnerFiles\testng.xml

2022-11-28 20:01:34 INFO  SetUp - Test Case_customer360CardViewTest_Successfully Started
2022-11-28 20:01:35 INFO  SetUp - Test Case_customer360CardViewTest_get Skipped as its Runmode is 'NO' 
2022-11-28 20:01:36 INFO  SetUp - Test Case_policy360CardViewTest_Successfully Started
2022-11-28 20:01:37 INFO  SetUp - Test Case_policy360CardViewTest_get Skipped as its Runmode is 'NO' 
2022-11-28 20:01:37 INFO  SetUp - Test Case_cCLevel1ValidationTest_Successfully Started
2022-11-28 20:01:37 INFO  SetUp - Test Case_cCLevel1ValidationTest_get Skipped as its Runmode is 'NO' 
2022-11-28 20:01:37 INFO  SetUp - Test Case_cCLevel1ValidationTest_Successfully Started
2022-11-28 20:01:38 INFO  SetUp - Test Case_cCLevel1ValidationTest_get Skipped as its Runmode is 'NO' 
2022-11-28 20:01:38 INFO  SetUp - Test Case_cCLevel1ValidationTest_Successfully Started
2022-11-28 20:01:38 INFO  SetUp - Test Case_cCLevel1ValidationTest_get Skipped as its Runmode is 'NO' 
2022-11-28 20:01:38 INFO  SetUp - Test Case_cCLevel1ValidationTest_Successfully Started
2022-11-28 20:01:39 INFO  SetUp - Test Case_cCLevel1ValidationTest_get Skipped as its Runmode is 'NO' 
2022-11-28 20:01:39 INFO  SetUp - Test Case_cCLevel1ValidationTest_Successfully Started
2022-11-28 20:01:39 INFO  SetUp - Test Case_cCLevel1ValidationTest_get Skipped as its Runmode is 'NO' 
2022-11-28 20:01:40 INFO  SetUp - Test Case_branchLevel1ValidationTest_Successfully Started
2022-11-28 20:01:41 INFO  WebDriverManager - Using chromedriver 107.0.5304.62 (resolved driver for Chrome 107)
2022-11-28 20:01:41 INFO  WebDriverManager - Exporting webdriver.chrome.driver as C:\Users\Dhiraj Landge\.cache\selenium\chromedriver\win32\107.0.5304.62\chromedriver.exe
2022-11-28 20:01:43 INFO  SetUp - Chrome Browser Launched..
2022-11-28 20:01:44 INFO  SetUp - URL : https://crmpreprod.tataaia.com/sng7/app/login/login
2022-11-28 20:01:45 INFO  CommonMethods - Sucessfully clicked on Username_XPATH
2022-11-28 20:01:45 INFO  CommonMethods - Data sucessfully entered on Username_XPATH = OEAIV36
2022-11-28 20:01:45 INFO  CommonMethods - Sucessfully clicked on password_XPATH
2022-11-28 20:01:45 INFO  CommonMethods - Data sucessfully entered on password_XPATH = acid_qa
2022-11-28 20:01:46 INFO  ScreenShot - ScreenShot captured LoginPage || Status :Pass
2022-11-28 20:01:50 INFO  CommonMethods - Sucessfully clicked on loginBtn_XPATH
2022-11-28 20:01:50 INFO  CommonMethods - Sucessfully clicked on ProfileBtn_XPATH
2022-11-28 20:01:51 INFO  CommonMethods - Sucessfully clicked on Role_XPATH
2022-11-28 20:01:51 INFO  CommonMethods - Data = Branch Operations Executive Sucessfully Selected from dropdown Role_XPATH
2022-11-28 20:02:07 INFO  ScreenShot - ScreenShot captured QuickLinks || Status :Pass
2022-11-28 20:02:10 INFO  CommonMethods - Sucessfully clicked on CustomerSearch_XPATH
2022-11-28 20:02:10 INFO  CommonMethods - Sucessfully clicked on PolicyNumber_XPATH
2022-11-28 20:02:10 INFO  CommonMethods - Sucessfully clicked on PolicyNumber_XPATH
2022-11-28 20:02:11 INFO  CommonMethods - Data sucessfully entered on PolicyNumber_XPATH = C000000013
2022-11-28 20:02:11 INFO  CommonMethods - Sucessfully clicked on SideClick_XPATH
2022-11-28 20:02:11 INFO  ScreenShot - ScreenShot captured PolicyNumber || Status :Pass
2022-11-28 20:02:13 INFO  CommonMethods - Sucessfully clicked on CustomerSearchNext_XPATH
2022-11-28 20:02:16 INFO  CommonMethods - Sucessfully clicked on PolicyValidate_XPATH
2022-11-28 20:02:16 INFO  CommonMethods - Data = Self Sucessfully Selected from dropdown Validatordropdown_XPATH
2022-11-28 20:02:16 INFO  CommonMethods - Data = ID Capture Sucessfully Selected from dropdown Typeofvalidation_XPATH
2022-11-28 20:02:17 INFO  CommonMethods - Sucessfully clicked on BranchValidateNext_XPATH
2022-11-28 20:02:17 ERROR CommonMethods - Not Sucessfully clicked on PhotoUploadNext_XPATH due to :stale element reference: element is not attached to the page document
  (Session info: chrome=107.0.5304.108)
For documentation on this error, please visit: https://selenium.dev/exceptions/#stale_element_reference
Build info: version: '4.1.0', revision: '87802e897b'
System info: host: 'DESKTOP-K1PV4OP', ip: '192.168.0.102', os.name: 'Windows 11', os.arch: 'amd64', os.version: '10.0', java.version: '17.0.2'
Driver info: org.openqa.selenium.chrome.ChromeDriver
Command: [f3b7ada6d37154303df304844ed3f432, clickElement {id=9e4a52ea-251a-442b-afaa-bb8dc8062b13}]
Capabilities {acceptInsecureCerts: false, browserName: chrome, browserVersion: 107.0.5304.108, chrome: {chromedriverVersion: 107.0.5304.62 (1eec40d3a576..., userDataDir: C:\Users\DHIRAJ~1\AppData\L...}, goog:chromeOptions: {debuggerAddress: localhost:64072}, javascriptEnabled: true, networkConnectionEnabled: false, pageLoadStrategy: normal, platform: WINDOWS, platformName: WINDOWS, proxy: Proxy(), se:cdp: ws://localhost:64072/devtoo..., se:cdpVersion: 107.0.5304.108, setWindowRect: true, strictFileInteractability: false, timeouts: {implicit: 0, pageLoad: 300000, script: 30000}, unhandledPromptBehavior: dismiss and notify, webauthn:extension:credBlob: true, webauthn:extension:largeBlob: true, webauthn:virtualAuthenticators: true}
Element: [[ChromeDriver: chrome on WINDOWS (f3b7ada6d37154303df304844ed3f432)] -> xpath: //span[normalize-space()='Next']]
Session ID: f3b7ada6d37154303df304844ed3f432
2022-11-28 20:02:22 INFO  CommonMethods - Sucessfully clicked on ProfileBtn_XPATH
2022-11-28 20:02:22 INFO  CommonMethods - Sucessfully clicked on logoutBtn_XPATH
2022-11-28 20:02:22 INFO  LoginPage - Sucessfully logout..
2022-11-28 20:02:22 INFO  SetUp - Test Case_branchLevel1ValidationTest_Successfully Passed
2022-11-28 20:02:23 INFO  CommonMethods - Row num for TestScenario = branchLevel1ValidationTest is = 5
2022-11-28 20:02:24 INFO  ExcelOperation - Write to excel with : Row=5 | Cell =5 | Data =Pass
2022-11-28 20:02:24 WARN  WebSocketHandler - onError
java.net.SocketException: Connection reset
	at sun.nio.ch.SocketChannelImpl.throwConnectionReset(SocketChannelImpl.java:394) ~[?:?]
	at sun.nio.ch.SocketChannelImpl.read(SocketChannelImpl.java:426) ~[?:?]
	at io.netty.buffer.PooledByteBuf.setBytes(PooledByteBuf.java:253) ~[netty-buffer-4.1.69.Final.jar:4.1.69.Final]
	at io.netty.buffer.AbstractByteBuf.writeBytes(AbstractByteBuf.java:1132) ~[netty-buffer-4.1.69.Final.jar:4.1.69.Final]
	at io.netty.channel.socket.nio.NioSocketChannel.doReadBytes(NioSocketChannel.java:350) ~[netty-transport-4.1.69.Final.jar:4.1.69.Final]
	at io.netty.channel.nio.AbstractNioByteChannel$NioByteUnsafe.read(AbstractNioByteChannel.java:151) [netty-transport-4.1.69.Final.jar:4.1.69.Final]
	at io.netty.channel.nio.NioEventLoop.processSelectedKey(NioEventLoop.java:719) [netty-transport-4.1.69.Final.jar:4.1.69.Final]
	at io.netty.channel.nio.NioEventLoop.processSelectedKeysOptimized(NioEventLoop.java:655) [netty-transport-4.1.69.Final.jar:4.1.69.Final]
	at io.netty.channel.nio.NioEventLoop.processSelectedKeys(NioEventLoop.java:581) [netty-transport-4.1.69.Final.jar:4.1.69.Final]
	at io.netty.channel.nio.NioEventLoop.run(NioEventLoop.java:493) [netty-transport-4.1.69.Final.jar:4.1.69.Final]
	at io.netty.util.concurrent.SingleThreadEventExecutor$4.run(SingleThreadEventExecutor.java:986) [netty-common-4.1.69.Final.jar:4.1.69.Final]
	at io.netty.util.internal.ThreadExecutorMap$2.run(ThreadExecutorMap.java:74) [netty-common-4.1.69.Final.jar:4.1.69.Final]
	at io.netty.util.concurrent.FastThreadLocalRunnable.run(FastThreadLocalRunnable.java:30) [netty-common-4.1.69.Final.jar:4.1.69.Final]
	at java.lang.Thread.run(Thread.java:833) [?:?]
2022-11-28 20:02:25 INFO  SetUp - Browser Closed..
2022-11-28 20:02:26 INFO  SetUp - Test Case_branchLevel1ValidationTest_Successfully Started
2022-11-28 20:02:27 INFO  WebDriverManager - Using chromedriver 107.0.5304.62 (resolved driver for Chrome 107)
2022-11-28 20:02:27 INFO  WebDriverManager - Exporting webdriver.chrome.driver as C:\Users\Dhiraj Landge\.cache\selenium\chromedriver\win32\107.0.5304.62\chromedriver.exe
2022-11-28 20:02:28 INFO  SetUp - Chrome Browser Launched..
2022-11-28 20:02:29 INFO  SetUp - URL : https://crmpreprod.tataaia.com/sng7/app/login/login
2022-11-28 20:02:30 INFO  CommonMethods - Sucessfully clicked on Username_XPATH
2022-11-28 20:02:30 INFO  CommonMethods - Data sucessfully entered on Username_XPATH = OEAIV36
2022-11-28 20:02:30 INFO  CommonMethods - Sucessfully clicked on password_XPATH
2022-11-28 20:02:31 INFO  CommonMethods - Data sucessfully entered on password_XPATH = acid_qa
2022-11-28 20:02:31 INFO  ScreenShot - ScreenShot captured LoginPage || Status :Pass
2022-11-28 20:02:35 INFO  CommonMethods - Sucessfully clicked on loginBtn_XPATH
2022-11-28 20:02:36 INFO  CommonMethods - Sucessfully clicked on ProfileBtn_XPATH
2022-11-28 20:02:36 INFO  CommonMethods - Sucessfully clicked on Role_XPATH
2022-11-28 20:02:36 INFO  CommonMethods - Data = Branch Operations Executive Sucessfully Selected from dropdown Role_XPATH
2022-11-28 20:02:51 INFO  ScreenShot - ScreenShot captured QuickLinks || Status :Pass
2022-11-28 20:02:53 INFO  CommonMethods - Sucessfully clicked on CustomerSearch_XPATH
2022-11-28 20:02:54 INFO  CommonMethods - Sucessfully clicked on MobileNumber_XPATH
2022-11-28 20:02:54 INFO  CommonMethods - Sucessfully clicked on MobileNumber_XPATH
2022-11-28 20:02:54 INFO  CommonMethods - Data sucessfully entered on MobileNumber_XPATH = 7972553405
2022-11-28 20:02:55 INFO  CommonMethods - Sucessfully clicked on SideClick_XPATH
2022-11-28 20:02:58 INFO  ScreenShot - ScreenShot captured MobileNumber || Status :Pass
2022-11-28 20:02:58 INFO  CommonMethods - Sucessfully clicked on CustomerSearchNext_XPATH
2022-11-28 20:03:01 INFO  CommonMethods - Sucessfully clicked on PolicyValidate_XPATH
2022-11-28 20:03:02 INFO  CommonMethods - Data = Third Party Sucessfully Selected from dropdown Validatordropdown_XPATH
2022-11-28 20:03:02 INFO  CommonMethods - Data = ID Capture Sucessfully Selected from dropdown Typeofvalidation_XPATH
2022-11-28 20:03:02 INFO  CommonMethods - Sucessfully clicked on ThirdPartyName_XPATH
2022-11-28 20:03:03 INFO  CommonMethods - Data sucessfully entered on ThirdPartyName_XPATH = Shubham Shobhito
2022-11-28 20:03:03 INFO  CommonMethods - Data = Husband Sucessfully Selected from dropdown ThirdPartyRelation_XPATH
2022-11-28 20:03:03 INFO  CommonMethods - Sucessfully clicked on ThirdPartyMobileNumber_XPATH
2022-11-28 20:03:04 INFO  CommonMethods - Data sucessfully entered on ThirdPartyMobileNumber_XPATH = 9876543212
2022-11-28 20:03:04 INFO  CommonMethods - Sucessfully clicked on BranchValidateNext_XPATH
2022-11-28 20:03:05 ERROR CommonMethods - Not Sucessfully clicked on PhotoUploadNext_XPATH due to :stale element reference: element is not attached to the page document
  (Session info: chrome=107.0.5304.108)
For documentation on this error, please visit: https://selenium.dev/exceptions/#stale_element_reference
Build info: version: '4.1.0', revision: '87802e897b'
System info: host: 'DESKTOP-K1PV4OP', ip: '192.168.0.102', os.name: 'Windows 11', os.arch: 'amd64', os.version: '10.0', java.version: '17.0.2'
Driver info: org.openqa.selenium.chrome.ChromeDriver
Command: [b1fc9047f82a130d91d482b0c525dbc9, clickElement {id=68cd12b3-9af0-4b1e-8f48-bc31a1e5a522}]
Capabilities {acceptInsecureCerts: false, browserName: chrome, browserVersion: 107.0.5304.108, chrome: {chromedriverVersion: 107.0.5304.62 (1eec40d3a576..., userDataDir: C:\Users\DHIRAJ~1\AppData\L...}, goog:chromeOptions: {debuggerAddress: localhost:64123}, javascriptEnabled: true, networkConnectionEnabled: false, pageLoadStrategy: normal, platform: WINDOWS, platformName: WINDOWS, proxy: Proxy(), se:cdp: ws://localhost:64123/devtoo..., se:cdpVersion: 107.0.5304.108, setWindowRect: true, strictFileInteractability: false, timeouts: {implicit: 0, pageLoad: 300000, script: 30000}, unhandledPromptBehavior: dismiss and notify, webauthn:extension:credBlob: true, webauthn:extension:largeBlob: true, webauthn:virtualAuthenticators: true}
Element: [[ChromeDriver: chrome on WINDOWS (b1fc9047f82a130d91d482b0c525dbc9)] -> xpath: //span[normalize-space()='Next']]
Session ID: b1fc9047f82a130d91d482b0c525dbc9
2022-11-28 20:03:09 INFO  CommonMethods - Sucessfully clicked on ProfileBtn_XPATH
2022-11-28 20:03:10 INFO  CommonMethods - Sucessfully clicked on logoutBtn_XPATH
2022-11-28 20:03:10 INFO  LoginPage - Sucessfully logout..
2022-11-28 20:03:10 INFO  SetUp - Test Case_branchLevel1ValidationTest_Successfully Passed
2022-11-28 20:03:10 INFO  CommonMethods - Row num for TestScenario = branchLevel1ValidationTest is = 5
2022-11-28 20:03:11 INFO  ExcelOperation - Write to excel with : Row=5 | Cell =5 | Data =Pass
2022-11-28 20:03:12 WARN  WebSocketHandler - onError
java.net.SocketException: Connection reset
	at sun.nio.ch.SocketChannelImpl.throwConnectionReset(SocketChannelImpl.java:394) ~[?:?]
	at sun.nio.ch.SocketChannelImpl.read(SocketChannelImpl.java:426) ~[?:?]
	at io.netty.buffer.PooledByteBuf.setBytes(PooledByteBuf.java:253) ~[netty-buffer-4.1.69.Final.jar:4.1.69.Final]
	at io.netty.buffer.AbstractByteBuf.writeBytes(AbstractByteBuf.java:1132) ~[netty-buffer-4.1.69.Final.jar:4.1.69.Final]
	at io.netty.channel.socket.nio.NioSocketChannel.doReadBytes(NioSocketChannel.java:350) ~[netty-transport-4.1.69.Final.jar:4.1.69.Final]
	at io.netty.channel.nio.AbstractNioByteChannel$NioByteUnsafe.read(AbstractNioByteChannel.java:151) [netty-transport-4.1.69.Final.jar:4.1.69.Final]
	at io.netty.channel.nio.NioEventLoop.processSelectedKey(NioEventLoop.java:719) [netty-transport-4.1.69.Final.jar:4.1.69.Final]
	at io.netty.channel.nio.NioEventLoop.processSelectedKeysOptimized(NioEventLoop.java:655) [netty-transport-4.1.69.Final.jar:4.1.69.Final]
	at io.netty.channel.nio.NioEventLoop.processSelectedKeys(NioEventLoop.java:581) [netty-transport-4.1.69.Final.jar:4.1.69.Final]
	at io.netty.channel.nio.NioEventLoop.run(NioEventLoop.java:493) [netty-transport-4.1.69.Final.jar:4.1.69.Final]
	at io.netty.util.concurrent.SingleThreadEventExecutor$4.run(SingleThreadEventExecutor.java:986) [netty-common-4.1.69.Final.jar:4.1.69.Final]
	at io.netty.util.internal.ThreadExecutorMap$2.run(ThreadExecutorMap.java:74) [netty-common-4.1.69.Final.jar:4.1.69.Final]
	at io.netty.util.concurrent.FastThreadLocalRunnable.run(FastThreadLocalRunnable.java:30) [netty-common-4.1.69.Final.jar:4.1.69.Final]
	at java.lang.Thread.run(Thread.java:833) [?:?]
2022-11-28 20:03:13 INFO  SetUp - Browser Closed..
2022-11-28 20:03:13 INFO  SetUp - Test Case_branchLevel1ValidationTest_Successfully Started
2022-11-28 20:05:14 INFO  Utils - [TestNG] Running:
  C:\Users\Dhiraj Landge\eclipse-workspace\Talic_Life_Insurance\src\test\resources\RunnerFiles\testng.xml

2022-11-28 20:05:16 INFO  SetUp - Test Case_customer360CardViewTest_Successfully Started
2022-11-28 20:05:16 INFO  SetUp - Test Case_customer360CardViewTest_get Skipped as its Runmode is 'NO' 
2022-11-28 20:05:18 INFO  SetUp - Test Case_policy360CardViewTest_Successfully Started
2022-11-28 20:05:19 INFO  SetUp - Test Case_policy360CardViewTest_get Skipped as its Runmode is 'NO' 
2022-11-28 20:05:19 INFO  SetUp - Test Case_cCLevel1ValidationTest_Successfully Started
2022-11-28 20:05:19 INFO  SetUp - Test Case_cCLevel1ValidationTest_get Skipped as its Runmode is 'NO' 
2022-11-28 20:05:19 INFO  SetUp - Test Case_cCLevel1ValidationTest_Successfully Started
2022-11-28 20:05:20 INFO  SetUp - Test Case_cCLevel1ValidationTest_get Skipped as its Runmode is 'NO' 
2022-11-28 20:05:20 INFO  SetUp - Test Case_cCLevel1ValidationTest_Successfully Started
2022-11-28 20:05:20 INFO  SetUp - Test Case_cCLevel1ValidationTest_get Skipped as its Runmode is 'NO' 
2022-11-28 20:05:20 INFO  SetUp - Test Case_cCLevel1ValidationTest_Successfully Started
2022-11-28 20:05:20 INFO  SetUp - Test Case_cCLevel1ValidationTest_get Skipped as its Runmode is 'NO' 
2022-11-28 20:05:21 INFO  SetUp - Test Case_cCLevel1ValidationTest_Successfully Started
2022-11-28 20:05:21 INFO  SetUp - Test Case_cCLevel1ValidationTest_get Skipped as its Runmode is 'NO' 
2022-11-28 20:05:21 INFO  SetUp - Test Case_branchLevel1ValidationTest_Successfully Started
2022-11-28 20:05:22 INFO  WebDriverManager - Using chromedriver 107.0.5304.62 (resolved driver for Chrome 107)
2022-11-28 20:05:22 INFO  WebDriverManager - Exporting webdriver.chrome.driver as C:\Users\Dhiraj Landge\.cache\selenium\chromedriver\win32\107.0.5304.62\chromedriver.exe
2022-11-28 20:05:25 INFO  SetUp - Chrome Browser Launched..
2022-11-28 20:05:26 INFO  SetUp - URL : https://crmpreprod.tataaia.com/sng7/app/login/login
2022-11-28 20:05:26 INFO  CommonMethods - Sucessfully clicked on Username_XPATH
2022-11-28 20:05:26 INFO  CommonMethods - Data sucessfully entered on Username_XPATH = OEAIV36
2022-11-28 20:05:27 INFO  CommonMethods - Sucessfully clicked on password_XPATH
2022-11-28 20:05:27 INFO  CommonMethods - Data sucessfully entered on password_XPATH = acid_qa
2022-11-28 20:05:27 INFO  ScreenShot - ScreenShot captured LoginPage || Status :Pass
2022-11-28 20:05:31 INFO  CommonMethods - Sucessfully clicked on loginBtn_XPATH
2022-11-28 20:05:32 INFO  CommonMethods - Sucessfully clicked on ProfileBtn_XPATH
2022-11-28 20:05:32 INFO  CommonMethods - Sucessfully clicked on Role_XPATH
2022-11-28 20:05:32 INFO  CommonMethods - Data = Branch Operations Executive Sucessfully Selected from dropdown Role_XPATH
2022-11-28 20:05:51 INFO  ScreenShot - ScreenShot captured QuickLinks || Status :Pass
2022-11-28 20:05:53 INFO  CommonMethods - Sucessfully clicked on CustomerSearch_XPATH
2022-11-28 20:05:53 INFO  CommonMethods - Sucessfully clicked on PolicyNumber_XPATH
2022-11-28 20:05:54 INFO  CommonMethods - Sucessfully clicked on PolicyNumber_XPATH
2022-11-28 20:05:54 INFO  CommonMethods - Data sucessfully entered on PolicyNumber_XPATH = C000000013
2022-11-28 20:05:54 INFO  CommonMethods - Sucessfully clicked on SideClick_XPATH
2022-11-28 20:05:55 INFO  ScreenShot - ScreenShot captured PolicyNumber || Status :Pass
2022-11-28 20:05:57 INFO  CommonMethods - Sucessfully clicked on CustomerSearchNext_XPATH
2022-11-28 20:05:59 INFO  CommonMethods - Sucessfully clicked on PolicyValidate_XPATH
2022-11-28 20:05:59 INFO  CommonMethods - Data = Self Sucessfully Selected from dropdown Validatordropdown_XPATH
2022-11-28 20:06:00 ERROR CommonMethods - Not able to select from dropdown Typeofvalidation_XPATHdue to Cannot locate option with text: Letter Of Authorisation
For documentation on this error, please visit: https://selenium.dev/exceptions/#no_such_element
Build info: version: '4.1.0', revision: '87802e897b'
System info: host: 'DESKTOP-K1PV4OP', ip: '192.168.0.102', os.name: 'Windows 11', os.arch: 'amd64', os.version: '10.0', java.version: '17.0.2'
Driver info: driver.version: unknown
2022-11-28 20:06:00 INFO  CommonMethods - Sucessfully clicked on BranchValidateNext_XPATH
2022-11-28 20:06:01 ERROR CommonMethods - Not Sucessfully clicked on PhotoUploadNext_XPATH due to :stale element reference: element is not attached to the page document
  (Session info: chrome=107.0.5304.108)
For documentation on this error, please visit: https://selenium.dev/exceptions/#stale_element_reference
Build info: version: '4.1.0', revision: '87802e897b'
System info: host: 'DESKTOP-K1PV4OP', ip: '192.168.0.102', os.name: 'Windows 11', os.arch: 'amd64', os.version: '10.0', java.version: '17.0.2'
Driver info: org.openqa.selenium.chrome.ChromeDriver
Command: [4c08569c49e6b141c5bdf0205d587a5f, clickElement {id=e6dddec8-3b7e-4f44-9598-053ac1d422ba}]
Capabilities {acceptInsecureCerts: false, browserName: chrome, browserVersion: 107.0.5304.108, chrome: {chromedriverVersion: 107.0.5304.62 (1eec40d3a576..., userDataDir: C:\Users\DHIRAJ~1\AppData\L...}, goog:chromeOptions: {debuggerAddress: localhost:64164}, javascriptEnabled: true, networkConnectionEnabled: false, pageLoadStrategy: normal, platform: WINDOWS, platformName: WINDOWS, proxy: Proxy(), se:cdp: ws://localhost:64164/devtoo..., se:cdpVersion: 107.0.5304.108, setWindowRect: true, strictFileInteractability: false, timeouts: {implicit: 0, pageLoad: 300000, script: 30000}, unhandledPromptBehavior: dismiss and notify, webauthn:extension:credBlob: true, webauthn:extension:largeBlob: true, webauthn:virtualAuthenticators: true}
Element: [[ChromeDriver: chrome on WINDOWS (4c08569c49e6b141c5bdf0205d587a5f)] -> xpath: //span[normalize-space()='Next']]
Session ID: 4c08569c49e6b141c5bdf0205d587a5f
2022-11-28 20:06:05 INFO  CommonMethods - Sucessfully clicked on ProfileBtn_XPATH
2022-11-28 20:06:06 INFO  CommonMethods - Sucessfully clicked on logoutBtn_XPATH
2022-11-28 20:06:06 INFO  LoginPage - Sucessfully logout..
2022-11-28 20:06:06 INFO  SetUp - Test Case_branchLevel1ValidationTest_Successfully Passed
2022-11-28 20:06:06 INFO  CommonMethods - Row num for TestScenario = branchLevel1ValidationTest is = 5
2022-11-28 20:06:08 INFO  ExcelOperation - Write to excel with : Row=5 | Cell =5 | Data =Pass
2022-11-28 20:06:08 WARN  WebSocketHandler - onError
java.net.SocketException: Connection reset
	at sun.nio.ch.SocketChannelImpl.throwConnectionReset(SocketChannelImpl.java:394) ~[?:?]
	at sun.nio.ch.SocketChannelImpl.read(SocketChannelImpl.java:426) ~[?:?]
	at io.netty.buffer.PooledByteBuf.setBytes(PooledByteBuf.java:253) ~[netty-buffer-4.1.69.Final.jar:4.1.69.Final]
	at io.netty.buffer.AbstractByteBuf.writeBytes(AbstractByteBuf.java:1132) ~[netty-buffer-4.1.69.Final.jar:4.1.69.Final]
	at io.netty.channel.socket.nio.NioSocketChannel.doReadBytes(NioSocketChannel.java:350) ~[netty-transport-4.1.69.Final.jar:4.1.69.Final]
	at io.netty.channel.nio.AbstractNioByteChannel$NioByteUnsafe.read(AbstractNioByteChannel.java:151) [netty-transport-4.1.69.Final.jar:4.1.69.Final]
	at io.netty.channel.nio.NioEventLoop.processSelectedKey(NioEventLoop.java:719) [netty-transport-4.1.69.Final.jar:4.1.69.Final]
	at io.netty.channel.nio.NioEventLoop.processSelectedKeysOptimized(NioEventLoop.java:655) [netty-transport-4.1.69.Final.jar:4.1.69.Final]
	at io.netty.channel.nio.NioEventLoop.processSelectedKeys(NioEventLoop.java:581) [netty-transport-4.1.69.Final.jar:4.1.69.Final]
	at io.netty.channel.nio.NioEventLoop.run(NioEventLoop.java:493) [netty-transport-4.1.69.Final.jar:4.1.69.Final]
	at io.netty.util.concurrent.SingleThreadEventExecutor$4.run(SingleThreadEventExecutor.java:986) [netty-common-4.1.69.Final.jar:4.1.69.Final]
	at io.netty.util.internal.ThreadExecutorMap$2.run(ThreadExecutorMap.java:74) [netty-common-4.1.69.Final.jar:4.1.69.Final]
	at io.netty.util.concurrent.FastThreadLocalRunnable.run(FastThreadLocalRunnable.java:30) [netty-common-4.1.69.Final.jar:4.1.69.Final]
	at java.lang.Thread.run(Thread.java:833) [?:?]
2022-11-28 20:06:09 INFO  SetUp - Browser Closed..
2022-11-28 20:06:10 INFO  SetUp - Test Case_branchLevel1ValidationTest_Successfully Started
2022-11-28 20:06:11 INFO  WebDriverManager - Using chromedriver 107.0.5304.62 (resolved driver for Chrome 107)
2022-11-28 20:06:11 INFO  WebDriverManager - Exporting webdriver.chrome.driver as C:\Users\Dhiraj Landge\.cache\selenium\chromedriver\win32\107.0.5304.62\chromedriver.exe
2022-11-28 20:07:50 INFO  Utils - [TestNG] Running:
  C:\Users\Dhiraj Landge\eclipse-workspace\Talic_Life_Insurance\src\test\resources\RunnerFiles\testng.xml

2022-11-28 20:07:52 INFO  SetUp - Test Case_customer360CardViewTest_Successfully Started
2022-11-28 20:07:53 INFO  SetUp - Test Case_customer360CardViewTest_get Skipped as its Runmode is 'NO' 
2022-11-28 20:07:54 INFO  SetUp - Test Case_policy360CardViewTest_Successfully Started
2022-11-28 20:07:55 INFO  SetUp - Test Case_policy360CardViewTest_get Skipped as its Runmode is 'NO' 
2022-11-28 20:07:55 INFO  SetUp - Test Case_cCLevel1ValidationTest_Successfully Started
2022-11-28 20:07:56 INFO  SetUp - Test Case_cCLevel1ValidationTest_get Skipped as its Runmode is 'NO' 
2022-11-28 20:07:56 INFO  SetUp - Test Case_cCLevel1ValidationTest_Successfully Started
2022-11-28 20:07:56 INFO  SetUp - Test Case_cCLevel1ValidationTest_get Skipped as its Runmode is 'NO' 
2022-11-28 20:07:56 INFO  SetUp - Test Case_cCLevel1ValidationTest_Successfully Started
2022-11-28 20:07:57 INFO  SetUp - Test Case_cCLevel1ValidationTest_get Skipped as its Runmode is 'NO' 
2022-11-28 20:07:57 INFO  SetUp - Test Case_cCLevel1ValidationTest_Successfully Started
2022-11-28 20:07:57 INFO  SetUp - Test Case_cCLevel1ValidationTest_get Skipped as its Runmode is 'NO' 
2022-11-28 20:07:57 INFO  SetUp - Test Case_cCLevel1ValidationTest_Successfully Started
2022-11-28 20:07:58 INFO  SetUp - Test Case_cCLevel1ValidationTest_get Skipped as its Runmode is 'NO' 
2022-11-28 20:07:58 INFO  SetUp - Test Case_branchLevel1ValidationTest_Successfully Started
2022-11-28 20:07:59 INFO  WebDriverManager - Using chromedriver 107.0.5304.62 (resolved driver for Chrome 107)
2022-11-28 20:07:59 INFO  WebDriverManager - Exporting webdriver.chrome.driver as C:\Users\Dhiraj Landge\.cache\selenium\chromedriver\win32\107.0.5304.62\chromedriver.exe
2022-11-28 20:08:02 INFO  SetUp - Chrome Browser Launched..
2022-11-28 20:08:03 INFO  SetUp - URL : https://crmpreprod.tataaia.com/sng7/app/login/login
2022-11-28 20:08:03 INFO  CommonMethods - Sucessfully clicked on Username_XPATH
2022-11-28 20:08:03 INFO  CommonMethods - Data sucessfully entered on Username_XPATH = OEAIV36
2022-11-28 20:08:03 INFO  CommonMethods - Sucessfully clicked on password_XPATH
2022-11-28 20:08:04 INFO  CommonMethods - Data sucessfully entered on password_XPATH = acid_qa
2022-11-28 20:08:04 INFO  ScreenShot - ScreenShot captured LoginPage || Status :Pass
2022-11-28 20:08:08 INFO  CommonMethods - Sucessfully clicked on loginBtn_XPATH
2022-11-28 20:08:09 INFO  CommonMethods - Sucessfully clicked on ProfileBtn_XPATH
2022-11-28 20:08:10 INFO  CommonMethods - Sucessfully clicked on Role_XPATH
2022-11-28 20:08:10 INFO  CommonMethods - Data = Branch Operations Executive Sucessfully Selected from dropdown Role_XPATH
2022-11-28 20:08:23 INFO  ScreenShot - ScreenShot captured QuickLinks || Status :Pass
2022-11-28 20:08:26 INFO  CommonMethods - Sucessfully clicked on CustomerSearch_XPATH
2022-11-28 20:08:27 INFO  CommonMethods - Sucessfully clicked on PolicyNumber_XPATH
2022-11-28 20:08:27 INFO  CommonMethods - Sucessfully clicked on PolicyNumber_XPATH
2022-11-28 20:08:27 INFO  CommonMethods - Data sucessfully entered on PolicyNumber_XPATH = C000000013
2022-11-28 20:08:28 INFO  CommonMethods - Sucessfully clicked on SideClick_XPATH
2022-11-28 20:08:28 INFO  ScreenShot - ScreenShot captured PolicyNumber || Status :Pass
2022-11-28 20:08:30 INFO  CommonMethods - Sucessfully clicked on CustomerSearchNext_XPATH
2022-11-28 20:08:32 INFO  CommonMethods - Sucessfully clicked on PolicyValidate_XPATH
2022-11-28 20:08:33 INFO  CommonMethods - Data = Self Sucessfully Selected from dropdown Validatordropdown_XPATH
2022-11-28 20:08:33 ERROR CommonMethods - Not able to select from dropdown Typeofvalidation_XPATHdue to Cannot locate option with text: Letter Of Authorisation
For documentation on this error, please visit: https://selenium.dev/exceptions/#no_such_element
Build info: version: '4.1.0', revision: '87802e897b'
System info: host: 'DESKTOP-K1PV4OP', ip: '192.168.0.102', os.name: 'Windows 11', os.arch: 'amd64', os.version: '10.0', java.version: '17.0.2'
Driver info: driver.version: unknown
2022-11-28 20:08:33 INFO  CommonMethods - Sucessfully clicked on BranchValidateNext_XPATH
2022-11-28 20:08:34 ERROR CommonMethods - Not Sucessfully clicked on PhotoUploadNext_XPATH due to :stale element reference: element is not attached to the page document
  (Session info: chrome=107.0.5304.108)
For documentation on this error, please visit: https://selenium.dev/exceptions/#stale_element_reference
Build info: version: '4.1.0', revision: '87802e897b'
System info: host: 'DESKTOP-K1PV4OP', ip: '192.168.0.102', os.name: 'Windows 11', os.arch: 'amd64', os.version: '10.0', java.version: '17.0.2'
Driver info: org.openqa.selenium.chrome.ChromeDriver
Command: [97c19c512a822e14de647ad6bfc98bbe, clickElement {id=0386e478-f96e-4a1f-a91c-f9e10ece1312}]
Capabilities {acceptInsecureCerts: false, browserName: chrome, browserVersion: 107.0.5304.108, chrome: {chromedriverVersion: 107.0.5304.62 (1eec40d3a576..., userDataDir: C:\Users\DHIRAJ~1\AppData\L...}, goog:chromeOptions: {debuggerAddress: localhost:64263}, javascriptEnabled: true, networkConnectionEnabled: false, pageLoadStrategy: normal, platform: WINDOWS, platformName: WINDOWS, proxy: Proxy(), se:cdp: ws://localhost:64263/devtoo..., se:cdpVersion: 107.0.5304.108, setWindowRect: true, strictFileInteractability: false, timeouts: {implicit: 0, pageLoad: 300000, script: 30000}, unhandledPromptBehavior: dismiss and notify, webauthn:extension:credBlob: true, webauthn:extension:largeBlob: true, webauthn:virtualAuthenticators: true}
Element: [[ChromeDriver: chrome on WINDOWS (97c19c512a822e14de647ad6bfc98bbe)] -> xpath: //a[contains(@data-autoid,'FlowNext')]]
Session ID: 97c19c512a822e14de647ad6bfc98bbe
2022-11-28 20:08:38 INFO  CommonMethods - Sucessfully clicked on ProfileBtn_XPATH
2022-11-28 20:08:39 INFO  CommonMethods - Sucessfully clicked on logoutBtn_XPATH
2022-11-28 20:08:39 INFO  LoginPage - Sucessfully logout..
2022-11-28 20:08:39 INFO  SetUp - Test Case_branchLevel1ValidationTest_Successfully Passed
2022-11-28 20:08:40 INFO  CommonMethods - Row num for TestScenario = branchLevel1ValidationTest is = 5
2022-11-28 20:08:41 INFO  ExcelOperation - Write to excel with : Row=5 | Cell =5 | Data =Pass
2022-11-28 20:08:41 WARN  WebSocketHandler - onError
java.net.SocketException: Connection reset
	at sun.nio.ch.SocketChannelImpl.throwConnectionReset(SocketChannelImpl.java:394) ~[?:?]
	at sun.nio.ch.SocketChannelImpl.read(SocketChannelImpl.java:426) ~[?:?]
	at io.netty.buffer.PooledByteBuf.setBytes(PooledByteBuf.java:253) ~[netty-buffer-4.1.69.Final.jar:4.1.69.Final]
	at io.netty.buffer.AbstractByteBuf.writeBytes(AbstractByteBuf.java:1132) ~[netty-buffer-4.1.69.Final.jar:4.1.69.Final]
	at io.netty.channel.socket.nio.NioSocketChannel.doReadBytes(NioSocketChannel.java:350) ~[netty-transport-4.1.69.Final.jar:4.1.69.Final]
	at io.netty.channel.nio.AbstractNioByteChannel$NioByteUnsafe.read(AbstractNioByteChannel.java:151) [netty-transport-4.1.69.Final.jar:4.1.69.Final]
	at io.netty.channel.nio.NioEventLoop.processSelectedKey(NioEventLoop.java:719) [netty-transport-4.1.69.Final.jar:4.1.69.Final]
	at io.netty.channel.nio.NioEventLoop.processSelectedKeysOptimized(NioEventLoop.java:655) [netty-transport-4.1.69.Final.jar:4.1.69.Final]
	at io.netty.channel.nio.NioEventLoop.processSelectedKeys(NioEventLoop.java:581) [netty-transport-4.1.69.Final.jar:4.1.69.Final]
	at io.netty.channel.nio.NioEventLoop.run(NioEventLoop.java:493) [netty-transport-4.1.69.Final.jar:4.1.69.Final]
	at io.netty.util.concurrent.SingleThreadEventExecutor$4.run(SingleThreadEventExecutor.java:986) [netty-common-4.1.69.Final.jar:4.1.69.Final]
	at io.netty.util.internal.ThreadExecutorMap$2.run(ThreadExecutorMap.java:74) [netty-common-4.1.69.Final.jar:4.1.69.Final]
	at io.netty.util.concurrent.FastThreadLocalRunnable.run(FastThreadLocalRunnable.java:30) [netty-common-4.1.69.Final.jar:4.1.69.Final]
	at java.lang.Thread.run(Thread.java:833) [?:?]
2022-11-28 20:08:42 INFO  SetUp - Browser Closed..
2022-11-28 20:12:31 INFO  Utils - [TestNG] Running:
  C:\Users\Dhiraj Landge\eclipse-workspace\Talic_Life_Insurance\src\test\resources\RunnerFiles\testng.xml

2022-11-28 20:12:33 INFO  SetUp - Test Case_customer360CardViewTest_Successfully Started
2022-11-28 20:12:34 INFO  SetUp - Test Case_customer360CardViewTest_get Skipped as its Runmode is 'NO' 
2022-11-28 20:12:35 INFO  SetUp - Test Case_policy360CardViewTest_Successfully Started
2022-11-28 20:12:36 INFO  SetUp - Test Case_policy360CardViewTest_get Skipped as its Runmode is 'NO' 
2022-11-28 20:12:36 INFO  SetUp - Test Case_cCLevel1ValidationTest_Successfully Started
2022-11-28 20:12:36 INFO  SetUp - Test Case_cCLevel1ValidationTest_get Skipped as its Runmode is 'NO' 
2022-11-28 20:12:36 INFO  SetUp - Test Case_cCLevel1ValidationTest_Successfully Started
2022-11-28 20:12:37 INFO  SetUp - Test Case_cCLevel1ValidationTest_get Skipped as its Runmode is 'NO' 
2022-11-28 20:12:37 INFO  SetUp - Test Case_cCLevel1ValidationTest_Successfully Started
2022-11-28 20:12:37 INFO  SetUp - Test Case_cCLevel1ValidationTest_get Skipped as its Runmode is 'NO' 
2022-11-28 20:12:37 INFO  SetUp - Test Case_cCLevel1ValidationTest_Successfully Started
2022-11-28 20:12:38 INFO  SetUp - Test Case_cCLevel1ValidationTest_get Skipped as its Runmode is 'NO' 
2022-11-28 20:12:38 INFO  SetUp - Test Case_cCLevel1ValidationTest_Successfully Started
2022-11-28 20:12:38 INFO  SetUp - Test Case_cCLevel1ValidationTest_get Skipped as its Runmode is 'NO' 
2022-11-28 20:12:39 INFO  SetUp - Test Case_branchLevel1ValidationTest_Successfully Started
2022-11-28 20:12:39 INFO  WebDriverManager - Using chromedriver 107.0.5304.62 (resolved driver for Chrome 107)
2022-11-28 20:12:40 INFO  WebDriverManager - Exporting webdriver.chrome.driver as C:\Users\Dhiraj Landge\.cache\selenium\chromedriver\win32\107.0.5304.62\chromedriver.exe
2022-11-28 20:12:42 INFO  SetUp - Chrome Browser Launched..
2022-11-28 20:12:43 INFO  SetUp - URL : https://crmpreprod.tataaia.com/sng7/app/login/login
2022-11-28 20:12:43 INFO  CommonMethods - Sucessfully clicked on Username_XPATH
2022-11-28 20:12:44 INFO  CommonMethods - Data sucessfully entered on Username_XPATH = OEAIV36
2022-11-28 20:12:44 INFO  CommonMethods - Sucessfully clicked on password_XPATH
2022-11-28 20:12:44 INFO  CommonMethods - Data sucessfully entered on password_XPATH = acid_qa
2022-11-28 20:12:45 INFO  ScreenShot - ScreenShot captured LoginPage || Status :Pass
2022-11-28 20:12:49 INFO  CommonMethods - Sucessfully clicked on loginBtn_XPATH
2022-11-28 20:12:49 INFO  CommonMethods - Sucessfully clicked on ProfileBtn_XPATH
2022-11-28 20:12:49 INFO  CommonMethods - Sucessfully clicked on Role_XPATH
2022-11-28 20:12:50 INFO  CommonMethods - Data = Branch Operations Executive Sucessfully Selected from dropdown Role_XPATH
2022-11-28 20:13:06 INFO  ScreenShot - ScreenShot captured QuickLinks || Status :Pass
2022-11-28 20:13:09 INFO  CommonMethods - Sucessfully clicked on CustomerSearch_XPATH
2022-11-28 20:13:09 INFO  CommonMethods - Sucessfully clicked on PolicyNumber_XPATH
2022-11-28 20:13:09 INFO  CommonMethods - Sucessfully clicked on PolicyNumber_XPATH
2022-11-28 20:13:10 INFO  CommonMethods - Data sucessfully entered on PolicyNumber_XPATH = C000000013
2022-11-28 20:13:10 INFO  CommonMethods - Sucessfully clicked on SideClick_XPATH
2022-11-28 20:13:10 INFO  ScreenShot - ScreenShot captured PolicyNumber || Status :Pass
2022-11-28 20:13:12 INFO  CommonMethods - Sucessfully clicked on CustomerSearchNext_XPATH
2022-11-28 20:13:15 INFO  CommonMethods - Sucessfully clicked on PolicyValidate_XPATH
2022-11-28 20:13:15 INFO  CommonMethods - Data = Self Sucessfully Selected from dropdown Validatordropdown_XPATH
2022-11-28 20:13:15 ERROR CommonMethods - Not able to select from dropdown Typeofvalidation_XPATHdue to Cannot locate option with text: Letter Of Authorisation
For documentation on this error, please visit: https://selenium.dev/exceptions/#no_such_element
Build info: version: '4.1.0', revision: '87802e897b'
System info: host: 'DESKTOP-K1PV4OP', ip: '192.168.0.102', os.name: 'Windows 11', os.arch: 'amd64', os.version: '10.0', java.version: '17.0.2'
Driver info: driver.version: unknown
2022-11-28 20:13:16 INFO  CommonMethods - Sucessfully clicked on BranchValidateNext_XPATH
2022-11-28 20:13:16 ERROR CommonMethods - Not Sucessfully clicked on PhotoUploadNext_XPATH due to :stale element reference: element is not attached to the page document
  (Session info: chrome=107.0.5304.108)
For documentation on this error, please visit: https://selenium.dev/exceptions/#stale_element_reference
Build info: version: '4.1.0', revision: '87802e897b'
System info: host: 'DESKTOP-K1PV4OP', ip: '192.168.0.102', os.name: 'Windows 11', os.arch: 'amd64', os.version: '10.0', java.version: '17.0.2'
Driver info: org.openqa.selenium.chrome.ChromeDriver
Command: [c18c86f542fd6d57e7189a7a0e91b03e, clickElement {id=edf0eb21-323a-42f8-a065-2a9ec61b16b1}]
Capabilities {acceptInsecureCerts: false, browserName: chrome, browserVersion: 107.0.5304.108, chrome: {chromedriverVersion: 107.0.5304.62 (1eec40d3a576..., userDataDir: C:\Users\DHIRAJ~1\AppData\L...}, goog:chromeOptions: {debuggerAddress: localhost:64402}, javascriptEnabled: true, networkConnectionEnabled: false, pageLoadStrategy: normal, platform: WINDOWS, platformName: WINDOWS, proxy: Proxy(), se:cdp: ws://localhost:64402/devtoo..., se:cdpVersion: 107.0.5304.108, setWindowRect: true, strictFileInteractability: false, timeouts: {implicit: 0, pageLoad: 300000, script: 30000}, unhandledPromptBehavior: dismiss and notify, webauthn:extension:credBlob: true, webauthn:extension:largeBlob: true, webauthn:virtualAuthenticators: true}
Element: [[ChromeDriver: chrome on WINDOWS (c18c86f542fd6d57e7189a7a0e91b03e)] -> xpath: (//span[@class="ff-regular"])[1]]
Session ID: c18c86f542fd6d57e7189a7a0e91b03e
2022-11-28 20:13:21 INFO  CommonMethods - Sucessfully clicked on ProfileBtn_XPATH
2022-11-28 20:13:21 INFO  CommonMethods - Sucessfully clicked on logoutBtn_XPATH
2022-11-28 20:13:21 INFO  LoginPage - Sucessfully logout..
2022-11-28 20:13:21 INFO  SetUp - Test Case_branchLevel1ValidationTest_Successfully Passed
2022-11-28 20:13:22 INFO  CommonMethods - Row num for TestScenario = branchLevel1ValidationTest is = 5
2022-11-28 20:13:23 INFO  ExcelOperation - Write to excel with : Row=5 | Cell =5 | Data =Pass
2022-11-28 20:13:24 WARN  WebSocketHandler - onError
java.net.SocketException: Connection reset
	at sun.nio.ch.SocketChannelImpl.throwConnectionReset(SocketChannelImpl.java:394) ~[?:?]
	at sun.nio.ch.SocketChannelImpl.read(SocketChannelImpl.java:426) ~[?:?]
	at io.netty.buffer.PooledByteBuf.setBytes(PooledByteBuf.java:253) ~[netty-buffer-4.1.69.Final.jar:4.1.69.Final]
	at io.netty.buffer.AbstractByteBuf.writeBytes(AbstractByteBuf.java:1132) ~[netty-buffer-4.1.69.Final.jar:4.1.69.Final]
	at io.netty.channel.socket.nio.NioSocketChannel.doReadBytes(NioSocketChannel.java:350) ~[netty-transport-4.1.69.Final.jar:4.1.69.Final]
	at io.netty.channel.nio.AbstractNioByteChannel$NioByteUnsafe.read(AbstractNioByteChannel.java:151) [netty-transport-4.1.69.Final.jar:4.1.69.Final]
	at io.netty.channel.nio.NioEventLoop.processSelectedKey(NioEventLoop.java:719) [netty-transport-4.1.69.Final.jar:4.1.69.Final]
	at io.netty.channel.nio.NioEventLoop.processSelectedKeysOptimized(NioEventLoop.java:655) [netty-transport-4.1.69.Final.jar:4.1.69.Final]
	at io.netty.channel.nio.NioEventLoop.processSelectedKeys(NioEventLoop.java:581) [netty-transport-4.1.69.Final.jar:4.1.69.Final]
	at io.netty.channel.nio.NioEventLoop.run(NioEventLoop.java:493) [netty-transport-4.1.69.Final.jar:4.1.69.Final]
	at io.netty.util.concurrent.SingleThreadEventExecutor$4.run(SingleThreadEventExecutor.java:986) [netty-common-4.1.69.Final.jar:4.1.69.Final]
	at io.netty.util.internal.ThreadExecutorMap$2.run(ThreadExecutorMap.java:74) [netty-common-4.1.69.Final.jar:4.1.69.Final]
	at io.netty.util.concurrent.FastThreadLocalRunnable.run(FastThreadLocalRunnable.java:30) [netty-common-4.1.69.Final.jar:4.1.69.Final]
	at java.lang.Thread.run(Thread.java:833) [?:?]
2022-11-28 20:13:24 INFO  SetUp - Browser Closed..
2022-11-28 20:13:25 INFO  SetUp - Test Case_branchLevel1ValidationTest_Successfully Started
2022-11-28 20:13:26 INFO  WebDriverManager - Using chromedriver 107.0.5304.62 (resolved driver for Chrome 107)
2022-11-28 20:13:26 INFO  WebDriverManager - Exporting webdriver.chrome.driver as C:\Users\Dhiraj Landge\.cache\selenium\chromedriver\win32\107.0.5304.62\chromedriver.exe
2022-11-28 20:13:27 INFO  SetUp - Chrome Browser Launched..
2022-11-28 20:13:28 INFO  SetUp - URL : https://crmpreprod.tataaia.com/sng7/app/login/login
2022-11-28 20:13:28 INFO  CommonMethods - Sucessfully clicked on Username_XPATH
2022-11-28 20:13:29 INFO  CommonMethods - Data sucessfully entered on Username_XPATH = OEAIV36
2022-11-28 20:13:29 INFO  CommonMethods - Sucessfully clicked on password_XPATH
2022-11-28 20:13:29 INFO  CommonMethods - Data sucessfully entered on password_XPATH = acid_qa
2022-11-28 20:13:30 INFO  ScreenShot - ScreenShot captured LoginPage || Status :Pass
2022-11-28 20:13:52 INFO  CommonMethods - Sucessfully clicked on loginBtn_XPATH
2022-11-28 20:13:52 INFO  CommonMethods - Sucessfully clicked on ProfileBtn_XPATH
2022-11-28 20:13:52 INFO  CommonMethods - Sucessfully clicked on Role_XPATH
2022-11-28 20:13:53 INFO  CommonMethods - Data = Branch Operations Executive Sucessfully Selected from dropdown Role_XPATH
2022-11-28 20:13:53 INFO  ScreenShot - ScreenShot captured QuickLinks || Status :Pass
2022-11-28 20:13:56 INFO  CommonMethods - Sucessfully clicked on CustomerSearch_XPATH
2022-11-28 20:13:56 INFO  CommonMethods - Sucessfully clicked on MobileNumber_XPATH
2022-11-28 20:13:57 INFO  CommonMethods - Sucessfully clicked on MobileNumber_XPATH
2022-11-28 20:13:57 INFO  CommonMethods - Data sucessfully entered on MobileNumber_XPATH = 7972553405
2022-11-28 20:13:57 INFO  CommonMethods - Sucessfully clicked on SideClick_XPATH
2022-11-28 20:14:01 INFO  ScreenShot - ScreenShot captured MobileNumber || Status :Pass
2022-11-28 20:14:01 INFO  CommonMethods - Sucessfully clicked on CustomerSearchNext_XPATH
2022-11-28 20:14:03 INFO  CommonMethods - Sucessfully clicked on PolicyValidate_XPATH
2022-11-28 20:14:03 INFO  CommonMethods - Data = Third Party Sucessfully Selected from dropdown Validatordropdown_XPATH
2022-11-28 20:14:04 ERROR CommonMethods - Not able to select from dropdown Typeofvalidation_XPATHdue to Cannot locate option with text: Letter Of Authorisation
For documentation on this error, please visit: https://selenium.dev/exceptions/#no_such_element
Build info: version: '4.1.0', revision: '87802e897b'
System info: host: 'DESKTOP-K1PV4OP', ip: '192.168.0.102', os.name: 'Windows 11', os.arch: 'amd64', os.version: '10.0', java.version: '17.0.2'
Driver info: driver.version: unknown
2022-11-28 20:14:04 INFO  CommonMethods - Sucessfully clicked on ThirdPartyName_XPATH
2022-11-28 20:14:05 INFO  CommonMethods - Data sucessfully entered on ThirdPartyName_XPATH = Shubham Shobhito
2022-11-28 20:14:05 INFO  CommonMethods - Data = Husband Sucessfully Selected from dropdown ThirdPartyRelation_XPATH
2022-11-28 20:14:05 INFO  CommonMethods - Sucessfully clicked on ThirdPartyMobileNumber_XPATH
2022-11-28 20:14:06 INFO  CommonMethods - Data sucessfully entered on ThirdPartyMobileNumber_XPATH = 9876543212
2022-11-28 20:14:06 INFO  CommonMethods - Sucessfully clicked on BranchValidateNext_XPATH
2022-11-28 20:14:10 INFO  CommonMethods - Sucessfully clicked on ProfileBtn_XPATH
2022-11-28 20:14:11 INFO  CommonMethods - Sucessfully clicked on logoutBtn_XPATH
2022-11-28 20:14:11 INFO  LoginPage - Sucessfully logout..
2022-11-28 20:14:11 INFO  SetUp - Test Case_branchLevel1ValidationTest_Successfully Passed
2022-11-28 20:14:12 INFO  CommonMethods - Row num for TestScenario = branchLevel1ValidationTest is = 5
2022-11-28 20:14:13 INFO  ExcelOperation - Write to excel with : Row=5 | Cell =5 | Data =Pass
2022-11-28 20:14:13 WARN  WebSocketHandler - onError
java.net.SocketException: Connection reset
	at sun.nio.ch.SocketChannelImpl.throwConnectionReset(SocketChannelImpl.java:394) ~[?:?]
	at sun.nio.ch.SocketChannelImpl.read(SocketChannelImpl.java:426) ~[?:?]
	at io.netty.buffer.PooledByteBuf.setBytes(PooledByteBuf.java:253) ~[netty-buffer-4.1.69.Final.jar:4.1.69.Final]
	at io.netty.buffer.AbstractByteBuf.writeBytes(AbstractByteBuf.java:1132) ~[netty-buffer-4.1.69.Final.jar:4.1.69.Final]
	at io.netty.channel.socket.nio.NioSocketChannel.doReadBytes(NioSocketChannel.java:350) ~[netty-transport-4.1.69.Final.jar:4.1.69.Final]
	at io.netty.channel.nio.AbstractNioByteChannel$NioByteUnsafe.read(AbstractNioByteChannel.java:151) [netty-transport-4.1.69.Final.jar:4.1.69.Final]
	at io.netty.channel.nio.NioEventLoop.processSelectedKey(NioEventLoop.java:719) [netty-transport-4.1.69.Final.jar:4.1.69.Final]
	at io.netty.channel.nio.NioEventLoop.processSelectedKeysOptimized(NioEventLoop.java:655) [netty-transport-4.1.69.Final.jar:4.1.69.Final]
	at io.netty.channel.nio.NioEventLoop.processSelectedKeys(NioEventLoop.java:581) [netty-transport-4.1.69.Final.jar:4.1.69.Final]
	at io.netty.channel.nio.NioEventLoop.run(NioEventLoop.java:493) [netty-transport-4.1.69.Final.jar:4.1.69.Final]
	at io.netty.util.concurrent.SingleThreadEventExecutor$4.run(SingleThreadEventExecutor.java:986) [netty-common-4.1.69.Final.jar:4.1.69.Final]
	at io.netty.util.internal.ThreadExecutorMap$2.run(ThreadExecutorMap.java:74) [netty-common-4.1.69.Final.jar:4.1.69.Final]
	at io.netty.util.concurrent.FastThreadLocalRunnable.run(FastThreadLocalRunnable.java:30) [netty-common-4.1.69.Final.jar:4.1.69.Final]
	at java.lang.Thread.run(Thread.java:833) [?:?]
2022-11-28 20:14:14 INFO  SetUp - Browser Closed..
2022-11-28 20:14:15 INFO  SetUp - Test Case_branchLevel1ValidationTest_Successfully Started
2022-11-28 20:14:15 INFO  WebDriverManager - Using chromedriver 107.0.5304.62 (resolved driver for Chrome 107)
2022-11-28 20:14:15 INFO  WebDriverManager - Exporting webdriver.chrome.driver as C:\Users\Dhiraj Landge\.cache\selenium\chromedriver\win32\107.0.5304.62\chromedriver.exe
2022-11-28 20:14:17 INFO  SetUp - Chrome Browser Launched..
2022-11-28 20:14:18 INFO  SetUp - URL : https://crmpreprod.tataaia.com/sng7/app/login/login
2022-11-28 20:14:18 INFO  CommonMethods - Sucessfully clicked on Username_XPATH
2022-11-28 20:14:18 INFO  CommonMethods - Data sucessfully entered on Username_XPATH = OEAIV36
2022-11-28 20:14:18 INFO  CommonMethods - Sucessfully clicked on password_XPATH
2022-11-28 20:14:19 INFO  CommonMethods - Data sucessfully entered on password_XPATH = acid_qa
2022-11-28 20:14:19 INFO  ScreenShot - ScreenShot captured LoginPage || Status :Pass
2022-11-28 20:14:23 INFO  CommonMethods - Sucessfully clicked on loginBtn_XPATH
2022-11-28 20:14:23 INFO  CommonMethods - Sucessfully clicked on ProfileBtn_XPATH
2022-11-28 20:14:23 INFO  CommonMethods - Sucessfully clicked on Role_XPATH
2022-11-28 20:14:24 INFO  CommonMethods - Data = Branch Operations Executive Sucessfully Selected from dropdown Role_XPATH
2022-11-28 20:14:38 INFO  ScreenShot - ScreenShot captured QuickLinks || Status :Pass
2022-11-28 20:14:40 INFO  CommonMethods - Sucessfully clicked on CustomerSearch_XPATH
2022-11-28 20:14:41 INFO  CommonMethods - Sucessfully clicked on EmailID_XPATH
2022-11-28 20:14:41 INFO  CommonMethods - Sucessfully clicked on EmailID_XPATH
2022-11-28 20:14:41 INFO  CommonMethods - Data sucessfully entered on EmailID_XPATH = dhiraj.landge@crmnext.com
2022-11-28 20:14:42 INFO  CommonMethods - Sucessfully clicked on SideClick_XPATH
2022-11-28 20:14:45 INFO  ScreenShot - ScreenShot captured EmailID || Status :Pass
2022-11-28 20:14:45 INFO  CommonMethods - Sucessfully clicked on CustomerSearchNext_XPATH
2022-11-28 20:15:31 INFO  CommonMethods - Sucessfully clicked on PolicyValidate_XPATH
2022-11-28 20:15:32 INFO  CommonMethods - Data = Third Party Sucessfully Selected from dropdown Validatordropdown_XPATH
2022-11-28 20:15:32 ERROR CommonMethods - Not able to select from dropdown Typeofvalidation_XPATHdue to Cannot locate option with text: Letter Of Authorisation
For documentation on this error, please visit: https://selenium.dev/exceptions/#no_such_element
Build info: version: '4.1.0', revision: '87802e897b'
System info: host: 'DESKTOP-K1PV4OP', ip: '192.168.0.102', os.name: 'Windows 11', os.arch: 'amd64', os.version: '10.0', java.version: '17.0.2'
Driver info: driver.version: unknown
2022-11-28 20:15:32 INFO  CommonMethods - Sucessfully clicked on ThirdPartyName_XPATH
2022-11-28 20:15:33 INFO  CommonMethods - Data sucessfully entered on ThirdPartyName_XPATH = Shubham Shobhito
2022-11-28 20:15:33 INFO  CommonMethods - Data = Husband Sucessfully Selected from dropdown ThirdPartyRelation_XPATH
2022-11-28 20:15:33 INFO  CommonMethods - Sucessfully clicked on ThirdPartyMobileNumber_XPATH
2022-11-28 20:15:34 INFO  CommonMethods - Data sucessfully entered on ThirdPartyMobileNumber_XPATH = 9876543212
2022-11-28 20:15:34 INFO  CommonMethods - Sucessfully clicked on BranchValidateNext_XPATH
2022-11-28 20:15:38 INFO  CommonMethods - Sucessfully clicked on ProfileBtn_XPATH
2022-11-28 20:15:39 INFO  CommonMethods - Sucessfully clicked on logoutBtn_XPATH
2022-11-28 20:15:39 INFO  LoginPage - Sucessfully logout..
2022-11-28 20:15:39 INFO  SetUp - Test Case_branchLevel1ValidationTest_Successfully Passed
2022-11-28 20:15:40 INFO  CommonMethods - Row num for TestScenario = branchLevel1ValidationTest is = 5
2022-11-28 20:15:41 INFO  ExcelOperation - Write to excel with : Row=5 | Cell =5 | Data =Pass
2022-11-28 20:15:41 WARN  WebSocketHandler - onError
java.net.SocketException: Connection reset
	at sun.nio.ch.SocketChannelImpl.throwConnectionReset(SocketChannelImpl.java:394) ~[?:?]
	at sun.nio.ch.SocketChannelImpl.read(SocketChannelImpl.java:426) ~[?:?]
	at io.netty.buffer.PooledByteBuf.setBytes(PooledByteBuf.java:253) ~[netty-buffer-4.1.69.Final.jar:4.1.69.Final]
	at io.netty.buffer.AbstractByteBuf.writeBytes(AbstractByteBuf.java:1132) ~[netty-buffer-4.1.69.Final.jar:4.1.69.Final]
	at io.netty.channel.socket.nio.NioSocketChannel.doReadBytes(NioSocketChannel.java:350) ~[netty-transport-4.1.69.Final.jar:4.1.69.Final]
	at io.netty.channel.nio.AbstractNioByteChannel$NioByteUnsafe.read(AbstractNioByteChannel.java:151) [netty-transport-4.1.69.Final.jar:4.1.69.Final]
	at io.netty.channel.nio.NioEventLoop.processSelectedKey(NioEventLoop.java:719) [netty-transport-4.1.69.Final.jar:4.1.69.Final]
	at io.netty.channel.nio.NioEventLoop.processSelectedKeysOptimized(NioEventLoop.java:655) [netty-transport-4.1.69.Final.jar:4.1.69.Final]
	at io.netty.channel.nio.NioEventLoop.processSelectedKeys(NioEventLoop.java:581) [netty-transport-4.1.69.Final.jar:4.1.69.Final]
	at io.netty.channel.nio.NioEventLoop.run(NioEventLoop.java:493) [netty-transport-4.1.69.Final.jar:4.1.69.Final]
	at io.netty.util.concurrent.SingleThreadEventExecutor$4.run(SingleThreadEventExecutor.java:986) [netty-common-4.1.69.Final.jar:4.1.69.Final]
	at io.netty.util.internal.ThreadExecutorMap$2.run(ThreadExecutorMap.java:74) [netty-common-4.1.69.Final.jar:4.1.69.Final]
	at io.netty.util.concurrent.FastThreadLocalRunnable.run(FastThreadLocalRunnable.java:30) [netty-common-4.1.69.Final.jar:4.1.69.Final]
	at java.lang.Thread.run(Thread.java:833) [?:?]
2022-11-28 20:15:42 INFO  SetUp - Browser Closed..
2022-11-28 20:15:43 INFO  SetUp - Test Case_branchLevel1ValidationTest_Successfully Started
2022-11-28 20:15:43 INFO  WebDriverManager - Using chromedriver 107.0.5304.62 (resolved driver for Chrome 107)
2022-11-28 20:15:43 INFO  WebDriverManager - Exporting webdriver.chrome.driver as C:\Users\Dhiraj Landge\.cache\selenium\chromedriver\win32\107.0.5304.62\chromedriver.exe
2022-11-28 20:15:45 INFO  SetUp - Chrome Browser Launched..
2022-11-28 20:15:45 INFO  SetUp - URL : https://crmpreprod.tataaia.com/sng7/app/login/login
2022-11-28 20:15:46 INFO  CommonMethods - Sucessfully clicked on Username_XPATH
2022-11-28 20:15:46 INFO  CommonMethods - Data sucessfully entered on Username_XPATH = OEAIV36
2022-11-28 20:15:46 INFO  CommonMethods - Sucessfully clicked on password_XPATH
2022-11-28 20:15:47 INFO  CommonMethods - Data sucessfully entered on password_XPATH = acid_qa
2022-11-28 20:15:47 INFO  ScreenShot - ScreenShot captured LoginPage || Status :Pass
2022-11-28 20:16:08 INFO  CommonMethods - Sucessfully clicked on loginBtn_XPATH
2022-11-28 20:16:08 INFO  CommonMethods - Sucessfully clicked on ProfileBtn_XPATH
2022-11-28 20:16:08 INFO  CommonMethods - Sucessfully clicked on Role_XPATH
2022-11-28 20:16:08 INFO  CommonMethods - Data = Branch Operations Executive Sucessfully Selected from dropdown Role_XPATH
2022-11-28 20:16:09 INFO  ScreenShot - ScreenShot captured QuickLinks || Status :Pass
2022-11-28 20:16:12 INFO  CommonMethods - Sucessfully clicked on CustomerSearch_XPATH
2022-11-28 20:16:13 INFO  CommonMethods - Sucessfully clicked on PANNumber_XPATH
2022-11-28 20:16:13 INFO  CommonMethods - Sucessfully clicked on PANNumber_XPATH
2022-11-28 20:16:13 INFO  CommonMethods - Data sucessfully entered on PANNumber_XPATH = ABCDE9898F
2022-11-28 20:16:13 INFO  CommonMethods - Sucessfully clicked on SideClick_XPATH
2022-11-28 20:16:17 INFO  ScreenShot - ScreenShot captured PANNumber || Status :Pass
2022-11-28 20:16:17 INFO  CommonMethods - Sucessfully clicked on CustomerSearchNext_XPATH
2022-11-28 20:16:30 INFO  CommonMethods - Sucessfully clicked on PolicyValidate_XPATH
2022-11-28 20:16:31 INFO  CommonMethods - Data = Third Party Sucessfully Selected from dropdown Validatordropdown_XPATH
2022-11-28 20:16:31 ERROR CommonMethods - Not able to select from dropdown Typeofvalidation_XPATHdue to Cannot locate option with text: Letter Of Authorisation
For documentation on this error, please visit: https://selenium.dev/exceptions/#no_such_element
Build info: version: '4.1.0', revision: '87802e897b'
System info: host: 'DESKTOP-K1PV4OP', ip: '192.168.0.102', os.name: 'Windows 11', os.arch: 'amd64', os.version: '10.0', java.version: '17.0.2'
Driver info: driver.version: unknown
2022-11-28 20:16:32 INFO  CommonMethods - Sucessfully clicked on ThirdPartyName_XPATH
2022-11-28 20:16:32 INFO  CommonMethods - Data sucessfully entered on ThirdPartyName_XPATH = Shubham Shobhito
2022-11-28 20:16:32 INFO  CommonMethods - Data = Husband Sucessfully Selected from dropdown ThirdPartyRelation_XPATH
2022-11-28 20:16:33 INFO  CommonMethods - Sucessfully clicked on ThirdPartyMobileNumber_XPATH
2022-11-28 20:16:33 INFO  CommonMethods - Data sucessfully entered on ThirdPartyMobileNumber_XPATH = 9876543212
2022-11-28 20:16:33 INFO  CommonMethods - Sucessfully clicked on BranchValidateNext_XPATH
2022-11-28 20:16:38 INFO  CommonMethods - Sucessfully clicked on ProfileBtn_XPATH
2022-11-28 20:16:38 INFO  CommonMethods - Sucessfully clicked on logoutBtn_XPATH
2022-11-28 20:16:38 INFO  LoginPage - Sucessfully logout..
2022-11-28 20:16:38 INFO  SetUp - Test Case_branchLevel1ValidationTest_Successfully Passed
2022-11-28 20:16:39 INFO  CommonMethods - Row num for TestScenario = branchLevel1ValidationTest is = 5
2022-11-28 20:16:40 INFO  ExcelOperation - Write to excel with : Row=5 | Cell =5 | Data =Pass
2022-11-28 20:16:40 WARN  WebSocketHandler - onError
java.net.SocketException: Connection reset
	at sun.nio.ch.SocketChannelImpl.throwConnectionReset(SocketChannelImpl.java:394) ~[?:?]
	at sun.nio.ch.SocketChannelImpl.read(SocketChannelImpl.java:426) ~[?:?]
	at io.netty.buffer.PooledByteBuf.setBytes(PooledByteBuf.java:253) ~[netty-buffer-4.1.69.Final.jar:4.1.69.Final]
	at io.netty.buffer.AbstractByteBuf.writeBytes(AbstractByteBuf.java:1132) ~[netty-buffer-4.1.69.Final.jar:4.1.69.Final]
	at io.netty.channel.socket.nio.NioSocketChannel.doReadBytes(NioSocketChannel.java:350) ~[netty-transport-4.1.69.Final.jar:4.1.69.Final]
	at io.netty.channel.nio.AbstractNioByteChannel$NioByteUnsafe.read(AbstractNioByteChannel.java:151) [netty-transport-4.1.69.Final.jar:4.1.69.Final]
	at io.netty.channel.nio.NioEventLoop.processSelectedKey(NioEventLoop.java:719) [netty-transport-4.1.69.Final.jar:4.1.69.Final]
	at io.netty.channel.nio.NioEventLoop.processSelectedKeysOptimized(NioEventLoop.java:655) [netty-transport-4.1.69.Final.jar:4.1.69.Final]
	at io.netty.channel.nio.NioEventLoop.processSelectedKeys(NioEventLoop.java:581) [netty-transport-4.1.69.Final.jar:4.1.69.Final]
	at io.netty.channel.nio.NioEventLoop.run(NioEventLoop.java:493) [netty-transport-4.1.69.Final.jar:4.1.69.Final]
	at io.netty.util.concurrent.SingleThreadEventExecutor$4.run(SingleThreadEventExecutor.java:986) [netty-common-4.1.69.Final.jar:4.1.69.Final]
	at io.netty.util.internal.ThreadExecutorMap$2.run(ThreadExecutorMap.java:74) [netty-common-4.1.69.Final.jar:4.1.69.Final]
	at io.netty.util.concurrent.FastThreadLocalRunnable.run(FastThreadLocalRunnable.java:30) [netty-common-4.1.69.Final.jar:4.1.69.Final]
	at java.lang.Thread.run(Thread.java:833) [?:?]
2022-11-28 20:16:41 INFO  SetUp - Browser Closed..
2022-11-28 20:16:42 INFO  SetUp - Test Case_branchLevel1ValidationTest_Successfully Started
2022-11-28 20:16:42 INFO  WebDriverManager - Using chromedriver 107.0.5304.62 (resolved driver for Chrome 107)
2022-11-28 20:16:42 INFO  WebDriverManager - Exporting webdriver.chrome.driver as C:\Users\Dhiraj Landge\.cache\selenium\chromedriver\win32\107.0.5304.62\chromedriver.exe
2022-11-28 20:16:44 INFO  SetUp - Chrome Browser Launched..
2022-11-28 20:16:45 INFO  SetUp - URL : https://crmpreprod.tataaia.com/sng7/app/login/login
2022-11-28 20:16:45 INFO  CommonMethods - Sucessfully clicked on Username_XPATH
2022-11-28 20:16:45 INFO  CommonMethods - Data sucessfully entered on Username_XPATH = OEAIV36
2022-11-28 20:16:45 INFO  CommonMethods - Sucessfully clicked on password_XPATH
2022-11-28 20:16:46 INFO  CommonMethods - Data sucessfully entered on password_XPATH = acid_qa
2022-11-28 20:16:46 INFO  ScreenShot - ScreenShot captured LoginPage || Status :Pass
2022-11-28 20:16:50 INFO  CommonMethods - Sucessfully clicked on loginBtn_XPATH
2022-11-28 20:16:51 INFO  CommonMethods - Sucessfully clicked on ProfileBtn_XPATH
2022-11-28 20:16:51 INFO  CommonMethods - Sucessfully clicked on Role_XPATH
2022-11-28 20:16:51 INFO  CommonMethods - Data = Branch Operations Executive Sucessfully Selected from dropdown Role_XPATH
2022-11-28 20:17:05 INFO  ScreenShot - ScreenShot captured QuickLinks || Status :Pass
2022-11-28 20:17:09 INFO  CommonMethods - Sucessfully clicked on CustomerSearch_XPATH
2022-11-28 20:17:09 INFO  CommonMethods - Sucessfully clicked on BankAccountNumber_XPATH
2022-11-28 20:17:10 INFO  CommonMethods - Sucessfully clicked on BankAccountNumber_XPATH
2022-11-28 20:17:10 INFO  CommonMethods - Data sucessfully entered on BankAccountNumber_XPATH = 05571600001166
2022-11-28 20:17:10 INFO  CommonMethods - Sucessfully clicked on SideClick_XPATH
2022-11-28 20:17:15 INFO  ScreenShot - ScreenShot captured BankAccountNumber || Status :Pass
2022-11-28 20:17:15 INFO  CommonMethods - Sucessfully clicked on CustomerSearchNext_XPATH
2022-11-28 20:17:44 INFO  CommonMethods - Sucessfully clicked on PolicyValidate_XPATH
2022-11-28 20:17:45 INFO  CommonMethods - Data = Third Party Sucessfully Selected from dropdown Validatordropdown_XPATH
2022-11-28 20:17:45 ERROR CommonMethods - Not able to select from dropdown Typeofvalidation_XPATHdue to Cannot locate option with text: Letter Of Authorisation
For documentation on this error, please visit: https://selenium.dev/exceptions/#no_such_element
Build info: version: '4.1.0', revision: '87802e897b'
System info: host: 'DESKTOP-K1PV4OP', ip: '192.168.0.102', os.name: 'Windows 11', os.arch: 'amd64', os.version: '10.0', java.version: '17.0.2'
Driver info: driver.version: unknown
2022-11-28 20:17:45 INFO  CommonMethods - Sucessfully clicked on ThirdPartyName_XPATH
2022-11-28 20:17:46 INFO  CommonMethods - Data sucessfully entered on ThirdPartyName_XPATH = Shubham Shobhito
2022-11-28 20:17:46 INFO  CommonMethods - Data = Husband Sucessfully Selected from dropdown ThirdPartyRelation_XPATH
2022-11-28 20:17:47 INFO  CommonMethods - Sucessfully clicked on ThirdPartyMobileNumber_XPATH
2022-11-28 20:17:47 INFO  CommonMethods - Data sucessfully entered on ThirdPartyMobileNumber_XPATH = 9876543212
2022-11-28 20:17:47 INFO  CommonMethods - Sucessfully clicked on BranchValidateNext_XPATH
2022-11-28 20:17:52 INFO  CommonMethods - Sucessfully clicked on ProfileBtn_XPATH
2022-11-28 20:17:52 INFO  CommonMethods - Sucessfully clicked on logoutBtn_XPATH
2022-11-28 20:17:52 INFO  LoginPage - Sucessfully logout..
2022-11-28 20:17:52 INFO  SetUp - Test Case_branchLevel1ValidationTest_Successfully Passed
2022-11-28 20:17:53 INFO  CommonMethods - Row num for TestScenario = branchLevel1ValidationTest is = 5
2022-11-28 20:17:54 INFO  ExcelOperation - Write to excel with : Row=5 | Cell =5 | Data =Pass
2022-11-28 20:17:54 WARN  WebSocketHandler - onError
java.net.SocketException: Connection reset
	at sun.nio.ch.SocketChannelImpl.throwConnectionReset(SocketChannelImpl.java:394) ~[?:?]
	at sun.nio.ch.SocketChannelImpl.read(SocketChannelImpl.java:426) ~[?:?]
	at io.netty.buffer.PooledByteBuf.setBytes(PooledByteBuf.java:253) ~[netty-buffer-4.1.69.Final.jar:4.1.69.Final]
	at io.netty.buffer.AbstractByteBuf.writeBytes(AbstractByteBuf.java:1132) ~[netty-buffer-4.1.69.Final.jar:4.1.69.Final]
	at io.netty.channel.socket.nio.NioSocketChannel.doReadBytes(NioSocketChannel.java:350) ~[netty-transport-4.1.69.Final.jar:4.1.69.Final]
	at io.netty.channel.nio.AbstractNioByteChannel$NioByteUnsafe.read(AbstractNioByteChannel.java:151) [netty-transport-4.1.69.Final.jar:4.1.69.Final]
	at io.netty.channel.nio.NioEventLoop.processSelectedKey(NioEventLoop.java:719) [netty-transport-4.1.69.Final.jar:4.1.69.Final]
	at io.netty.channel.nio.NioEventLoop.processSelectedKeysOptimized(NioEventLoop.java:655) [netty-transport-4.1.69.Final.jar:4.1.69.Final]
	at io.netty.channel.nio.NioEventLoop.processSelectedKeys(NioEventLoop.java:581) [netty-transport-4.1.69.Final.jar:4.1.69.Final]
	at io.netty.channel.nio.NioEventLoop.run(NioEventLoop.java:493) [netty-transport-4.1.69.Final.jar:4.1.69.Final]
	at io.netty.util.concurrent.SingleThreadEventExecutor$4.run(SingleThreadEventExecutor.java:986) [netty-common-4.1.69.Final.jar:4.1.69.Final]
	at io.netty.util.internal.ThreadExecutorMap$2.run(ThreadExecutorMap.java:74) [netty-common-4.1.69.Final.jar:4.1.69.Final]
	at io.netty.util.concurrent.FastThreadLocalRunnable.run(FastThreadLocalRunnable.java:30) [netty-common-4.1.69.Final.jar:4.1.69.Final]
	at java.lang.Thread.run(Thread.java:833) [?:?]
2022-11-28 20:17:55 INFO  SetUp - Browser Closed..
2022-11-28 20:17:56 INFO  SetUp - Test Case_cCLevel2ValidationTest_Successfully Started
2022-11-28 20:17:56 INFO  SetUp - Test Case_cCLevel2ValidationTest_get Skipped as its Runmode is 'NO' 
2022-11-28 20:17:57 INFO  SetUp - Test Case_quickLinksTest_Successfully Started
2022-11-28 20:17:57 INFO  SetUp - Test Case_quickLinksTest_get Skipped as its Runmode is 'NO' 
2022-11-28 20:17:58 INFO  SetUp - Test Case_cTAYesResponseTest_Successfully Started
2022-11-28 20:17:59 INFO  SetUp - Test Case_cTAYesResponseTest_get Skipped as its Runmode is 'NO' 
2022-11-28 20:17:59 INFO  SetUp - Test Case_cTANoResponseTest_Successfully Started
2022-11-28 20:18:00 INFO  SetUp - Test Case_cTANoResponseTest_get Skipped as its Runmode is 'NO' 
2022-11-28 20:18:00 INFO  SetUp - Test Case_cTAResponseReportTest_Successfully Started
2022-11-28 20:18:00 INFO  SetUp - Test Case_cTAResponseReportTest_get Skipped as its Runmode is 'NO' 
2022-11-28 20:18:04 INFO  CommonMethods - Test Report Mail sent successfully to dhiraj.landge@crmnext.com
2022-11-28 20:19:44 INFO  Utils - [TestNG] Running:
  C:\Users\Dhiraj Landge\eclipse-workspace\Talic_Life_Insurance\src\test\resources\RunnerFiles\testng.xml

2022-11-28 20:19:46 INFO  SetUp - Test Case_customer360CardViewTest_Successfully Started
2022-11-28 20:19:47 INFO  SetUp - Test Case_customer360CardViewTest_get Skipped as its Runmode is 'NO' 
2022-11-28 20:19:48 INFO  SetUp - Test Case_policy360CardViewTest_Successfully Started
2022-11-28 20:19:48 INFO  SetUp - Test Case_policy360CardViewTest_get Skipped as its Runmode is 'NO' 
2022-11-28 20:19:49 INFO  SetUp - Test Case_cCLevel1ValidationTest_Successfully Started
2022-11-28 20:19:49 INFO  SetUp - Test Case_cCLevel1ValidationTest_get Skipped as its Runmode is 'NO' 
2022-11-28 20:19:49 INFO  SetUp - Test Case_cCLevel1ValidationTest_Successfully Started
2022-11-28 20:19:50 INFO  SetUp - Test Case_cCLevel1ValidationTest_get Skipped as its Runmode is 'NO' 
2022-11-28 20:19:50 INFO  SetUp - Test Case_cCLevel1ValidationTest_Successfully Started
2022-11-28 20:19:50 INFO  SetUp - Test Case_cCLevel1ValidationTest_get Skipped as its Runmode is 'NO' 
2022-11-28 20:19:50 INFO  SetUp - Test Case_cCLevel1ValidationTest_Successfully Started
2022-11-28 20:19:51 INFO  SetUp - Test Case_cCLevel1ValidationTest_get Skipped as its Runmode is 'NO' 
2022-11-28 20:19:51 INFO  SetUp - Test Case_cCLevel1ValidationTest_Successfully Started
2022-11-28 20:19:51 INFO  SetUp - Test Case_cCLevel1ValidationTest_get Skipped as its Runmode is 'NO' 
2022-11-28 20:19:52 INFO  SetUp - Test Case_branchLevel1ValidationTest_Successfully Started
2022-11-28 20:19:53 INFO  WebDriverManager - Using chromedriver 107.0.5304.62 (resolved driver for Chrome 107)
2022-11-28 20:19:53 INFO  WebDriverManager - Exporting webdriver.chrome.driver as C:\Users\Dhiraj Landge\.cache\selenium\chromedriver\win32\107.0.5304.62\chromedriver.exe
2022-11-28 20:19:55 INFO  SetUp - Chrome Browser Launched..
2022-11-28 20:19:56 INFO  SetUp - URL : https://crmpreprod.tataaia.com/sng7/app/login/login
2022-11-28 20:19:57 INFO  CommonMethods - Sucessfully clicked on Username_XPATH
2022-11-28 20:19:57 INFO  CommonMethods - Data sucessfully entered on Username_XPATH = OEAIV36
2022-11-28 20:19:57 INFO  CommonMethods - Sucessfully clicked on password_XPATH
2022-11-28 20:19:57 INFO  CommonMethods - Data sucessfully entered on password_XPATH = acid_qa
2022-11-28 20:19:58 INFO  ScreenShot - ScreenShot captured LoginPage || Status :Pass
2022-11-28 20:20:02 INFO  CommonMethods - Sucessfully clicked on loginBtn_XPATH
2022-11-28 20:20:02 INFO  CommonMethods - Sucessfully clicked on ProfileBtn_XPATH
2022-11-28 20:20:03 INFO  CommonMethods - Sucessfully clicked on Role_XPATH
2022-11-28 20:20:03 INFO  CommonMethods - Data = Branch Operations Executive Sucessfully Selected from dropdown Role_XPATH
2022-11-28 20:20:19 INFO  ScreenShot - ScreenShot captured QuickLinks || Status :Pass
2022-11-28 20:20:22 INFO  CommonMethods - Sucessfully clicked on CustomerSearch_XPATH
2022-11-28 20:20:22 INFO  CommonMethods - Sucessfully clicked on PolicyNumber_XPATH
2022-11-28 20:20:22 INFO  CommonMethods - Sucessfully clicked on PolicyNumber_XPATH
2022-11-28 20:20:23 INFO  CommonMethods - Data sucessfully entered on PolicyNumber_XPATH = C000000013
2022-11-28 20:20:23 INFO  CommonMethods - Sucessfully clicked on SideClick_XPATH
2022-11-28 20:20:23 INFO  ScreenShot - ScreenShot captured PolicyNumber || Status :Pass
2022-11-28 20:20:25 INFO  CommonMethods - Sucessfully clicked on CustomerSearchNext_XPATH
2022-11-28 20:20:28 INFO  CommonMethods - Sucessfully clicked on PolicyValidate_XPATH
2022-11-28 20:20:28 INFO  CommonMethods - Data = Self Sucessfully Selected from dropdown Validatordropdown_XPATH
2022-11-28 20:20:28 ERROR CommonMethods - Not able to select from dropdown Typeofvalidation_XPATHdue to Cannot locate option with text: Letter Of Authorisation
For documentation on this error, please visit: https://selenium.dev/exceptions/#no_such_element
Build info: version: '4.1.0', revision: '87802e897b'
System info: host: 'DESKTOP-K1PV4OP', ip: '192.168.0.102', os.name: 'Windows 11', os.arch: 'amd64', os.version: '10.0', java.version: '17.0.2'
Driver info: driver.version: unknown
2022-11-28 20:20:29 INFO  CommonMethods - Sucessfully clicked on BranchValidateNext_XPATH
2022-11-28 20:20:29 ERROR CommonMethods - Not Sucessfully clicked on PhotoUploadNext_XPATH due to :stale element reference: element is not attached to the page document
  (Session info: chrome=107.0.5304.108)
For documentation on this error, please visit: https://selenium.dev/exceptions/#stale_element_reference
Build info: version: '4.1.0', revision: '87802e897b'
System info: host: 'DESKTOP-K1PV4OP', ip: '192.168.0.102', os.name: 'Windows 11', os.arch: 'amd64', os.version: '10.0', java.version: '17.0.2'
Driver info: org.openqa.selenium.chrome.ChromeDriver
Command: [a3d53312c780116686d59563fbcdbe38, clickElement {id=28fed586-5558-4be3-91cf-a5fb1d40d892}]
Capabilities {acceptInsecureCerts: false, browserName: chrome, browserVersion: 107.0.5304.108, chrome: {chromedriverVersion: 107.0.5304.62 (1eec40d3a576..., userDataDir: C:\Users\DHIRAJ~1\AppData\L...}, goog:chromeOptions: {debuggerAddress: localhost:64960}, javascriptEnabled: true, networkConnectionEnabled: false, pageLoadStrategy: normal, platform: WINDOWS, platformName: WINDOWS, proxy: Proxy(), se:cdp: ws://localhost:64960/devtoo..., se:cdpVersion: 107.0.5304.108, setWindowRect: true, strictFileInteractability: false, timeouts: {implicit: 0, pageLoad: 300000, script: 30000}, unhandledPromptBehavior: dismiss and notify, webauthn:extension:credBlob: true, webauthn:extension:largeBlob: true, webauthn:virtualAuthenticators: true}
Element: [[ChromeDriver: chrome on WINDOWS (a3d53312c780116686d59563fbcdbe38)] -> xpath: (//span[@class="ff-regular"])[1]]
Session ID: a3d53312c780116686d59563fbcdbe38
2022-11-28 20:20:34 INFO  CommonMethods - Sucessfully clicked on ProfileBtn_XPATH
2022-11-28 20:20:35 INFO  CommonMethods - Sucessfully clicked on logoutBtn_XPATH
2022-11-28 20:20:35 INFO  LoginPage - Sucessfully logout..
2022-11-28 20:20:35 INFO  SetUp - Test Case_branchLevel1ValidationTest_Successfully Passed
2022-11-28 20:20:35 INFO  CommonMethods - Row num for TestScenario = branchLevel1ValidationTest is = 5
2022-11-28 20:20:36 INFO  ExcelOperation - Write to excel with : Row=5 | Cell =5 | Data =Pass
2022-11-28 20:20:37 WARN  WebSocketHandler - onError
java.net.SocketException: Connection reset
	at sun.nio.ch.SocketChannelImpl.throwConnectionReset(SocketChannelImpl.java:394) ~[?:?]
	at sun.nio.ch.SocketChannelImpl.read(SocketChannelImpl.java:426) ~[?:?]
	at io.netty.buffer.PooledByteBuf.setBytes(PooledByteBuf.java:253) ~[netty-buffer-4.1.69.Final.jar:4.1.69.Final]
	at io.netty.buffer.AbstractByteBuf.writeBytes(AbstractByteBuf.java:1132) ~[netty-buffer-4.1.69.Final.jar:4.1.69.Final]
	at io.netty.channel.socket.nio.NioSocketChannel.doReadBytes(NioSocketChannel.java:350) ~[netty-transport-4.1.69.Final.jar:4.1.69.Final]
	at io.netty.channel.nio.AbstractNioByteChannel$NioByteUnsafe.read(AbstractNioByteChannel.java:151) [netty-transport-4.1.69.Final.jar:4.1.69.Final]
	at io.netty.channel.nio.NioEventLoop.processSelectedKey(NioEventLoop.java:719) [netty-transport-4.1.69.Final.jar:4.1.69.Final]
	at io.netty.channel.nio.NioEventLoop.processSelectedKeysOptimized(NioEventLoop.java:655) [netty-transport-4.1.69.Final.jar:4.1.69.Final]
	at io.netty.channel.nio.NioEventLoop.processSelectedKeys(NioEventLoop.java:581) [netty-transport-4.1.69.Final.jar:4.1.69.Final]
	at io.netty.channel.nio.NioEventLoop.run(NioEventLoop.java:493) [netty-transport-4.1.69.Final.jar:4.1.69.Final]
	at io.netty.util.concurrent.SingleThreadEventExecutor$4.run(SingleThreadEventExecutor.java:986) [netty-common-4.1.69.Final.jar:4.1.69.Final]
	at io.netty.util.internal.ThreadExecutorMap$2.run(ThreadExecutorMap.java:74) [netty-common-4.1.69.Final.jar:4.1.69.Final]
	at io.netty.util.concurrent.FastThreadLocalRunnable.run(FastThreadLocalRunnable.java:30) [netty-common-4.1.69.Final.jar:4.1.69.Final]
	at java.lang.Thread.run(Thread.java:833) [?:?]
2022-11-28 20:20:38 INFO  SetUp - Browser Closed..
2022-11-28 20:20:38 INFO  SetUp - Test Case_branchLevel1ValidationTest_Successfully Started
2022-11-28 20:24:20 INFO  Utils - [TestNG] Running:
  C:\Users\Dhiraj Landge\eclipse-workspace\Talic_Life_Insurance\src\test\resources\RunnerFiles\testng.xml

2022-11-28 20:24:22 INFO  SetUp - Test Case_customer360CardViewTest_Successfully Started
2022-11-28 20:24:22 INFO  SetUp - Test Case_customer360CardViewTest_get Skipped as its Runmode is 'NO' 
2022-11-28 20:24:23 INFO  SetUp - Test Case_policy360CardViewTest_Successfully Started
2022-11-28 20:24:24 INFO  SetUp - Test Case_policy360CardViewTest_get Skipped as its Runmode is 'NO' 
2022-11-28 20:24:24 INFO  SetUp - Test Case_cCLevel1ValidationTest_Successfully Started
2022-11-28 20:24:25 INFO  SetUp - Test Case_cCLevel1ValidationTest_get Skipped as its Runmode is 'NO' 
2022-11-28 20:24:25 INFO  SetUp - Test Case_cCLevel1ValidationTest_Successfully Started
2022-11-28 20:24:25 INFO  SetUp - Test Case_cCLevel1ValidationTest_get Skipped as its Runmode is 'NO' 
2022-11-28 20:24:25 INFO  SetUp - Test Case_cCLevel1ValidationTest_Successfully Started
2022-11-28 20:24:26 INFO  SetUp - Test Case_cCLevel1ValidationTest_get Skipped as its Runmode is 'NO' 
2022-11-28 20:24:26 INFO  SetUp - Test Case_cCLevel1ValidationTest_Successfully Started
2022-11-28 20:24:26 INFO  SetUp - Test Case_cCLevel1ValidationTest_get Skipped as its Runmode is 'NO' 
2022-11-28 20:24:26 INFO  SetUp - Test Case_cCLevel1ValidationTest_Successfully Started
2022-11-28 20:24:26 INFO  SetUp - Test Case_cCLevel1ValidationTest_get Skipped as its Runmode is 'NO' 
2022-11-28 20:24:27 INFO  SetUp - Test Case_branchLevel1ValidationTest_Successfully Started
2022-11-28 20:24:28 INFO  WebDriverManager - Using chromedriver 107.0.5304.62 (resolved driver for Chrome 107)
2022-11-28 20:24:28 INFO  WebDriverManager - Exporting webdriver.chrome.driver as C:\Users\Dhiraj Landge\.cache\selenium\chromedriver\win32\107.0.5304.62\chromedriver.exe
2022-11-28 20:24:31 INFO  SetUp - Chrome Browser Launched..
2022-11-28 20:24:31 INFO  SetUp - URL : https://crmpreprod.tataaia.com/sng7/app/login/login
2022-11-28 20:24:32 INFO  CommonMethods - Sucessfully clicked on Username_XPATH
2022-11-28 20:24:32 INFO  CommonMethods - Data sucessfully entered on Username_XPATH = OEAIV36
2022-11-28 20:24:32 INFO  CommonMethods - Sucessfully clicked on password_XPATH
2022-11-28 20:24:33 INFO  CommonMethods - Data sucessfully entered on password_XPATH = acid_qa
2022-11-28 20:24:33 INFO  ScreenShot - ScreenShot captured LoginPage || Status :Pass
2022-11-28 20:24:37 INFO  CommonMethods - Sucessfully clicked on loginBtn_XPATH
2022-11-28 20:24:37 INFO  CommonMethods - Sucessfully clicked on ProfileBtn_XPATH
2022-11-28 20:24:37 INFO  CommonMethods - Sucessfully clicked on Role_XPATH
2022-11-28 20:24:37 INFO  CommonMethods - Data = Branch Operations Executive Sucessfully Selected from dropdown Role_XPATH
2022-11-28 20:24:52 INFO  ScreenShot - ScreenShot captured QuickLinks || Status :Pass
2022-11-28 20:24:55 INFO  CommonMethods - Sucessfully clicked on CustomerSearch_XPATH
2022-11-28 20:24:55 INFO  CommonMethods - Sucessfully clicked on PolicyNumber_XPATH
2022-11-28 20:24:55 INFO  CommonMethods - Sucessfully clicked on PolicyNumber_XPATH
2022-11-28 20:24:56 INFO  CommonMethods - Data sucessfully entered on PolicyNumber_XPATH = C000000013
2022-11-28 20:24:56 INFO  CommonMethods - Sucessfully clicked on SideClick_XPATH
2022-11-28 20:24:56 INFO  ScreenShot - ScreenShot captured PolicyNumber || Status :Pass
2022-11-28 20:24:59 INFO  CommonMethods - Sucessfully clicked on CustomerSearchNext_XPATH
2022-11-28 20:25:01 INFO  CommonMethods - Sucessfully clicked on PolicyValidate_XPATH
2022-11-28 20:25:01 INFO  CommonMethods - Data = Self Sucessfully Selected from dropdown Validatordropdown_XPATH
2022-11-28 20:25:02 INFO  CommonMethods - Data = Letter Of Authorization Sucessfully Selected from dropdown Typeofvalidation_XPATH
2022-11-28 20:25:02 INFO  CommonMethods - Sucessfully clicked on BranchValidateNext_XPATH
2022-11-28 20:25:03 INFO  CommonMethods - Sucessfully clicked on PhotoUploadNext_XPATH
2022-11-28 20:25:08 INFO  CommonMethods - Sucessfully clicked on ProfileBtn_XPATH
2022-11-28 20:25:08 INFO  CommonMethods - Sucessfully clicked on logoutBtn_XPATH
2022-11-28 20:25:08 INFO  LoginPage - Sucessfully logout..
2022-11-28 20:25:08 INFO  SetUp - Test Case_branchLevel1ValidationTest_Successfully Passed
2022-11-28 20:25:09 INFO  CommonMethods - Row num for TestScenario = branchLevel1ValidationTest is = 5
2022-11-28 20:25:10 INFO  ExcelOperation - Write to excel with : Row=5 | Cell =5 | Data =Pass
2022-11-28 20:25:10 WARN  WebSocketHandler - onError
java.net.SocketException: Connection reset
	at sun.nio.ch.SocketChannelImpl.throwConnectionReset(SocketChannelImpl.java:394) ~[?:?]
	at sun.nio.ch.SocketChannelImpl.read(SocketChannelImpl.java:426) ~[?:?]
	at io.netty.buffer.PooledByteBuf.setBytes(PooledByteBuf.java:253) ~[netty-buffer-4.1.69.Final.jar:4.1.69.Final]
	at io.netty.buffer.AbstractByteBuf.writeBytes(AbstractByteBuf.java:1132) ~[netty-buffer-4.1.69.Final.jar:4.1.69.Final]
	at io.netty.channel.socket.nio.NioSocketChannel.doReadBytes(NioSocketChannel.java:350) ~[netty-transport-4.1.69.Final.jar:4.1.69.Final]
	at io.netty.channel.nio.AbstractNioByteChannel$NioByteUnsafe.read(AbstractNioByteChannel.java:151) [netty-transport-4.1.69.Final.jar:4.1.69.Final]
	at io.netty.channel.nio.NioEventLoop.processSelectedKey(NioEventLoop.java:719) [netty-transport-4.1.69.Final.jar:4.1.69.Final]
	at io.netty.channel.nio.NioEventLoop.processSelectedKeysOptimized(NioEventLoop.java:655) [netty-transport-4.1.69.Final.jar:4.1.69.Final]
	at io.netty.channel.nio.NioEventLoop.processSelectedKeys(NioEventLoop.java:581) [netty-transport-4.1.69.Final.jar:4.1.69.Final]
	at io.netty.channel.nio.NioEventLoop.run(NioEventLoop.java:493) [netty-transport-4.1.69.Final.jar:4.1.69.Final]
	at io.netty.util.concurrent.SingleThreadEventExecutor$4.run(SingleThreadEventExecutor.java:986) [netty-common-4.1.69.Final.jar:4.1.69.Final]
	at io.netty.util.internal.ThreadExecutorMap$2.run(ThreadExecutorMap.java:74) [netty-common-4.1.69.Final.jar:4.1.69.Final]
	at io.netty.util.concurrent.FastThreadLocalRunnable.run(FastThreadLocalRunnable.java:30) [netty-common-4.1.69.Final.jar:4.1.69.Final]
	at java.lang.Thread.run(Thread.java:833) [?:?]
2022-11-28 20:25:11 INFO  SetUp - Browser Closed..
2022-11-28 20:25:12 INFO  SetUp - Test Case_branchLevel1ValidationTest_Successfully Started
2022-11-28 20:25:13 INFO  WebDriverManager - Using chromedriver 107.0.5304.62 (resolved driver for Chrome 107)
2022-11-28 20:25:13 INFO  WebDriverManager - Exporting webdriver.chrome.driver as C:\Users\Dhiraj Landge\.cache\selenium\chromedriver\win32\107.0.5304.62\chromedriver.exe
2022-11-28 20:25:15 INFO  SetUp - Chrome Browser Launched..
2022-11-28 20:25:16 INFO  SetUp - URL : https://crmpreprod.tataaia.com/sng7/app/login/login
2022-11-28 20:25:16 INFO  CommonMethods - Sucessfully clicked on Username_XPATH
2022-11-28 20:25:16 INFO  CommonMethods - Data sucessfully entered on Username_XPATH = OEAIV36
2022-11-28 20:25:17 INFO  CommonMethods - Sucessfully clicked on password_XPATH
2022-11-28 20:25:17 INFO  CommonMethods - Data sucessfully entered on password_XPATH = acid_qa
2022-11-28 20:25:17 INFO  ScreenShot - ScreenShot captured LoginPage || Status :Pass
2022-11-28 20:25:21 INFO  CommonMethods - Sucessfully clicked on loginBtn_XPATH
2022-11-28 20:25:22 INFO  CommonMethods - Sucessfully clicked on ProfileBtn_XPATH
2022-11-28 20:25:22 INFO  CommonMethods - Sucessfully clicked on Role_XPATH
2022-11-28 20:25:23 INFO  CommonMethods - Data = Branch Operations Executive Sucessfully Selected from dropdown Role_XPATH
2022-11-28 20:25:36 INFO  ScreenShot - ScreenShot captured QuickLinks || Status :Pass
2022-11-28 20:25:39 INFO  CommonMethods - Sucessfully clicked on CustomerSearch_XPATH
2022-11-28 20:25:39 INFO  CommonMethods - Sucessfully clicked on MobileNumber_XPATH
2022-11-28 20:25:40 INFO  CommonMethods - Sucessfully clicked on MobileNumber_XPATH
2022-11-28 20:25:40 INFO  CommonMethods - Data sucessfully entered on MobileNumber_XPATH = 7972553405
2022-11-28 20:25:40 INFO  CommonMethods - Sucessfully clicked on SideClick_XPATH
2022-11-28 20:25:45 INFO  ScreenShot - ScreenShot captured MobileNumber || Status :Pass
2022-11-28 20:25:45 INFO  CommonMethods - Sucessfully clicked on CustomerSearchNext_XPATH
2022-11-28 20:25:47 INFO  CommonMethods - Sucessfully clicked on PolicyValidate_XPATH
2022-11-28 20:25:48 INFO  CommonMethods - Data = Third Party Sucessfully Selected from dropdown Validatordropdown_XPATH
2022-11-28 20:25:48 INFO  CommonMethods - Data = Letter Of Authorization Sucessfully Selected from dropdown Typeofvalidation_XPATH
2022-11-28 20:25:49 INFO  CommonMethods - Sucessfully clicked on ThirdPartyName_XPATH
2022-11-28 20:25:49 INFO  CommonMethods - Data sucessfully entered on ThirdPartyName_XPATH = Shubham Shobhito
2022-11-28 20:25:50 INFO  CommonMethods - Data = Husband Sucessfully Selected from dropdown ThirdPartyRelation_XPATH
2022-11-28 20:25:50 INFO  CommonMethods - Sucessfully clicked on ThirdPartyMobileNumber_XPATH
2022-11-28 20:25:50 INFO  CommonMethods - Data sucessfully entered on ThirdPartyMobileNumber_XPATH = 9876543212
2022-11-28 20:25:51 INFO  CommonMethods - Sucessfully clicked on BranchValidateNext_XPATH
2022-11-28 20:25:55 INFO  CommonMethods - Sucessfully clicked on ProfileBtn_XPATH
2022-11-28 20:25:55 INFO  CommonMethods - Sucessfully clicked on logoutBtn_XPATH
2022-11-28 20:25:55 INFO  LoginPage - Sucessfully logout..
2022-11-28 20:25:55 INFO  SetUp - Test Case_branchLevel1ValidationTest_Successfully Passed
2022-11-28 20:25:56 INFO  CommonMethods - Row num for TestScenario = branchLevel1ValidationTest is = 5
2022-11-28 20:25:57 INFO  ExcelOperation - Write to excel with : Row=5 | Cell =5 | Data =Pass
2022-11-28 20:25:58 WARN  WebSocketHandler - onError
java.net.SocketException: Connection reset
	at sun.nio.ch.SocketChannelImpl.throwConnectionReset(SocketChannelImpl.java:394) ~[?:?]
	at sun.nio.ch.SocketChannelImpl.read(SocketChannelImpl.java:426) ~[?:?]
	at io.netty.buffer.PooledByteBuf.setBytes(PooledByteBuf.java:253) ~[netty-buffer-4.1.69.Final.jar:4.1.69.Final]
	at io.netty.buffer.AbstractByteBuf.writeBytes(AbstractByteBuf.java:1132) ~[netty-buffer-4.1.69.Final.jar:4.1.69.Final]
	at io.netty.channel.socket.nio.NioSocketChannel.doReadBytes(NioSocketChannel.java:350) ~[netty-transport-4.1.69.Final.jar:4.1.69.Final]
	at io.netty.channel.nio.AbstractNioByteChannel$NioByteUnsafe.read(AbstractNioByteChannel.java:151) [netty-transport-4.1.69.Final.jar:4.1.69.Final]
	at io.netty.channel.nio.NioEventLoop.processSelectedKey(NioEventLoop.java:719) [netty-transport-4.1.69.Final.jar:4.1.69.Final]
	at io.netty.channel.nio.NioEventLoop.processSelectedKeysOptimized(NioEventLoop.java:655) [netty-transport-4.1.69.Final.jar:4.1.69.Final]
	at io.netty.channel.nio.NioEventLoop.processSelectedKeys(NioEventLoop.java:581) [netty-transport-4.1.69.Final.jar:4.1.69.Final]
	at io.netty.channel.nio.NioEventLoop.run(NioEventLoop.java:493) [netty-transport-4.1.69.Final.jar:4.1.69.Final]
	at io.netty.util.concurrent.SingleThreadEventExecutor$4.run(SingleThreadEventExecutor.java:986) [netty-common-4.1.69.Final.jar:4.1.69.Final]
	at io.netty.util.internal.ThreadExecutorMap$2.run(ThreadExecutorMap.java:74) [netty-common-4.1.69.Final.jar:4.1.69.Final]
	at io.netty.util.concurrent.FastThreadLocalRunnable.run(FastThreadLocalRunnable.java:30) [netty-common-4.1.69.Final.jar:4.1.69.Final]
	at java.lang.Thread.run(Thread.java:833) [?:?]
2022-11-28 20:25:58 INFO  SetUp - Browser Closed..
2022-11-28 20:25:59 INFO  SetUp - Test Case_branchLevel1ValidationTest_Successfully Started
2022-11-28 20:26:00 INFO  WebDriverManager - Using chromedriver 107.0.5304.62 (resolved driver for Chrome 107)
2022-11-28 20:26:00 INFO  WebDriverManager - Exporting webdriver.chrome.driver as C:\Users\Dhiraj Landge\.cache\selenium\chromedriver\win32\107.0.5304.62\chromedriver.exe
2022-11-28 20:26:01 INFO  SetUp - Chrome Browser Launched..
2022-11-28 20:26:02 INFO  SetUp - URL : https://crmpreprod.tataaia.com/sng7/app/login/login
2022-11-28 20:26:02 INFO  CommonMethods - Sucessfully clicked on Username_XPATH
2022-11-28 20:26:03 INFO  CommonMethods - Data sucessfully entered on Username_XPATH = OEAIV36
2022-11-28 20:26:03 INFO  CommonMethods - Sucessfully clicked on password_XPATH
2022-11-28 20:26:03 INFO  CommonMethods - Data sucessfully entered on password_XPATH = acid_qa
2022-11-28 20:26:04 INFO  ScreenShot - ScreenShot captured LoginPage || Status :Pass
2022-11-28 20:26:08 INFO  CommonMethods - Sucessfully clicked on loginBtn_XPATH
2022-11-28 20:26:08 INFO  CommonMethods - Sucessfully clicked on ProfileBtn_XPATH
2022-11-28 20:26:08 INFO  CommonMethods - Sucessfully clicked on Role_XPATH
2022-11-28 20:26:08 INFO  CommonMethods - Data = Branch Operations Executive Sucessfully Selected from dropdown Role_XPATH
2022-11-28 20:26:24 INFO  ScreenShot - ScreenShot captured QuickLinks || Status :Pass
2022-11-28 20:26:27 INFO  CommonMethods - Sucessfully clicked on CustomerSearch_XPATH
2022-11-28 20:26:27 INFO  CommonMethods - Sucessfully clicked on EmailID_XPATH
2022-11-28 20:26:27 INFO  CommonMethods - Sucessfully clicked on EmailID_XPATH
2022-11-28 20:26:28 INFO  CommonMethods - Data sucessfully entered on EmailID_XPATH = dhiraj.landge@crmnext.com
2022-11-28 20:26:28 INFO  CommonMethods - Sucessfully clicked on SideClick_XPATH
2022-11-28 20:26:33 INFO  ScreenShot - ScreenShot captured EmailID || Status :Pass
2022-11-28 20:26:33 INFO  CommonMethods - Sucessfully clicked on CustomerSearchNext_XPATH
2022-11-28 20:26:36 INFO  CommonMethods - Sucessfully clicked on PolicyValidate_XPATH
2022-11-28 20:26:36 INFO  CommonMethods - Data = Third Party Sucessfully Selected from dropdown Validatordropdown_XPATH
2022-11-28 20:26:36 INFO  CommonMethods - Data = Letter Of Authorization Sucessfully Selected from dropdown Typeofvalidation_XPATH
2022-11-28 20:26:37 INFO  CommonMethods - Sucessfully clicked on ThirdPartyName_XPATH
2022-11-28 20:26:37 INFO  CommonMethods - Data sucessfully entered on ThirdPartyName_XPATH = Shubham Shobhito
2022-11-28 20:26:38 INFO  CommonMethods - Data = Husband Sucessfully Selected from dropdown ThirdPartyRelation_XPATH
2022-11-28 20:26:38 INFO  CommonMethods - Sucessfully clicked on ThirdPartyMobileNumber_XPATH
2022-11-28 20:26:38 INFO  CommonMethods - Data sucessfully entered on ThirdPartyMobileNumber_XPATH = 9876543212
2022-11-28 20:26:39 INFO  CommonMethods - Sucessfully clicked on BranchValidateNext_XPATH
2022-11-28 20:26:43 INFO  CommonMethods - Sucessfully clicked on ProfileBtn_XPATH
2022-11-28 20:26:44 INFO  CommonMethods - Sucessfully clicked on logoutBtn_XPATH
2022-11-28 20:26:44 INFO  LoginPage - Sucessfully logout..
2022-11-28 20:26:44 INFO  SetUp - Test Case_branchLevel1ValidationTest_Successfully Passed
2022-11-28 20:26:44 INFO  CommonMethods - Row num for TestScenario = branchLevel1ValidationTest is = 5
2022-11-28 20:26:45 INFO  ExcelOperation - Write to excel with : Row=5 | Cell =5 | Data =Pass
2022-11-28 20:26:46 WARN  WebSocketHandler - onError
java.net.SocketException: Connection reset
	at sun.nio.ch.SocketChannelImpl.throwConnectionReset(SocketChannelImpl.java:394) ~[?:?]
	at sun.nio.ch.SocketChannelImpl.read(SocketChannelImpl.java:426) ~[?:?]
	at io.netty.buffer.PooledByteBuf.setBytes(PooledByteBuf.java:253) ~[netty-buffer-4.1.69.Final.jar:4.1.69.Final]
	at io.netty.buffer.AbstractByteBuf.writeBytes(AbstractByteBuf.java:1132) ~[netty-buffer-4.1.69.Final.jar:4.1.69.Final]
	at io.netty.channel.socket.nio.NioSocketChannel.doReadBytes(NioSocketChannel.java:350) ~[netty-transport-4.1.69.Final.jar:4.1.69.Final]
	at io.netty.channel.nio.AbstractNioByteChannel$NioByteUnsafe.read(AbstractNioByteChannel.java:151) [netty-transport-4.1.69.Final.jar:4.1.69.Final]
	at io.netty.channel.nio.NioEventLoop.processSelectedKey(NioEventLoop.java:719) [netty-transport-4.1.69.Final.jar:4.1.69.Final]
	at io.netty.channel.nio.NioEventLoop.processSelectedKeysOptimized(NioEventLoop.java:655) [netty-transport-4.1.69.Final.jar:4.1.69.Final]
	at io.netty.channel.nio.NioEventLoop.processSelectedKeys(NioEventLoop.java:581) [netty-transport-4.1.69.Final.jar:4.1.69.Final]
	at io.netty.channel.nio.NioEventLoop.run(NioEventLoop.java:493) [netty-transport-4.1.69.Final.jar:4.1.69.Final]
	at io.netty.util.concurrent.SingleThreadEventExecutor$4.run(SingleThreadEventExecutor.java:986) [netty-common-4.1.69.Final.jar:4.1.69.Final]
	at io.netty.util.internal.ThreadExecutorMap$2.run(ThreadExecutorMap.java:74) [netty-common-4.1.69.Final.jar:4.1.69.Final]
	at io.netty.util.concurrent.FastThreadLocalRunnable.run(FastThreadLocalRunnable.java:30) [netty-common-4.1.69.Final.jar:4.1.69.Final]
	at java.lang.Thread.run(Thread.java:833) [?:?]
2022-11-28 20:26:47 INFO  SetUp - Browser Closed..
2022-11-28 20:26:47 INFO  SetUp - Test Case_branchLevel1ValidationTest_Successfully Started
2022-11-28 20:26:48 INFO  WebDriverManager - Using chromedriver 107.0.5304.62 (resolved driver for Chrome 107)
2022-11-28 20:26:48 INFO  WebDriverManager - Exporting webdriver.chrome.driver as C:\Users\Dhiraj Landge\.cache\selenium\chromedriver\win32\107.0.5304.62\chromedriver.exe
2022-11-28 20:26:49 INFO  SetUp - Chrome Browser Launched..
2022-11-28 20:26:50 INFO  SetUp - URL : https://crmpreprod.tataaia.com/sng7/app/login/login
2022-11-28 20:26:51 INFO  CommonMethods - Sucessfully clicked on Username_XPATH
2022-11-28 20:26:51 INFO  CommonMethods - Data sucessfully entered on Username_XPATH = OEAIV36
2022-11-28 20:26:51 INFO  CommonMethods - Sucessfully clicked on password_XPATH
2022-11-28 20:26:52 INFO  CommonMethods - Data sucessfully entered on password_XPATH = acid_qa
2022-11-28 20:26:52 INFO  ScreenShot - ScreenShot captured LoginPage || Status :Pass
2022-11-28 20:26:57 INFO  CommonMethods - Sucessfully clicked on loginBtn_XPATH
2022-11-28 20:26:57 INFO  CommonMethods - Sucessfully clicked on ProfileBtn_XPATH
2022-11-28 20:26:57 INFO  CommonMethods - Sucessfully clicked on Role_XPATH
2022-11-28 20:26:58 INFO  CommonMethods - Data = Branch Operations Executive Sucessfully Selected from dropdown Role_XPATH
2022-11-28 20:27:12 INFO  ScreenShot - ScreenShot captured QuickLinks || Status :Pass
2022-11-28 20:27:15 INFO  CommonMethods - Sucessfully clicked on CustomerSearch_XPATH
2022-11-28 20:27:15 INFO  CommonMethods - Sucessfully clicked on PANNumber_XPATH
2022-11-28 20:27:16 INFO  CommonMethods - Sucessfully clicked on PANNumber_XPATH
2022-11-28 20:27:16 INFO  CommonMethods - Data sucessfully entered on PANNumber_XPATH = ABCDE9898F
2022-11-28 20:27:16 INFO  CommonMethods - Sucessfully clicked on SideClick_XPATH
2022-11-28 20:27:22 INFO  ScreenShot - ScreenShot captured PANNumber || Status :Pass
2022-11-28 20:27:22 INFO  CommonMethods - Sucessfully clicked on CustomerSearchNext_XPATH
2022-11-28 20:27:24 INFO  CommonMethods - Sucessfully clicked on PolicyValidate_XPATH
2022-11-28 20:27:24 INFO  CommonMethods - Data = Third Party Sucessfully Selected from dropdown Validatordropdown_XPATH
2022-11-28 20:27:25 INFO  CommonMethods - Data = Letter Of Authorization Sucessfully Selected from dropdown Typeofvalidation_XPATH
2022-11-28 20:27:25 INFO  CommonMethods - Sucessfully clicked on ThirdPartyName_XPATH
2022-11-28 20:27:26 INFO  CommonMethods - Data sucessfully entered on ThirdPartyName_XPATH = Shubham Shobhito
2022-11-28 20:27:26 INFO  CommonMethods - Data = Husband Sucessfully Selected from dropdown ThirdPartyRelation_XPATH
2022-11-28 20:27:26 INFO  CommonMethods - Sucessfully clicked on ThirdPartyMobileNumber_XPATH
2022-11-28 20:27:27 INFO  CommonMethods - Data sucessfully entered on ThirdPartyMobileNumber_XPATH = 9876543212
2022-11-28 20:27:27 INFO  CommonMethods - Sucessfully clicked on BranchValidateNext_XPATH
2022-11-28 20:27:31 INFO  CommonMethods - Sucessfully clicked on ProfileBtn_XPATH
2022-11-28 20:27:32 INFO  CommonMethods - Sucessfully clicked on logoutBtn_XPATH
2022-11-28 20:27:32 INFO  LoginPage - Sucessfully logout..
2022-11-28 20:27:32 INFO  SetUp - Test Case_branchLevel1ValidationTest_Successfully Passed
2022-11-28 20:27:32 INFO  CommonMethods - Row num for TestScenario = branchLevel1ValidationTest is = 5
2022-11-28 20:27:33 INFO  ExcelOperation - Write to excel with : Row=5 | Cell =5 | Data =Pass
2022-11-28 20:27:34 WARN  WebSocketHandler - onError
java.net.SocketException: Connection reset
	at sun.nio.ch.SocketChannelImpl.throwConnectionReset(SocketChannelImpl.java:394) ~[?:?]
	at sun.nio.ch.SocketChannelImpl.read(SocketChannelImpl.java:426) ~[?:?]
	at io.netty.buffer.PooledByteBuf.setBytes(PooledByteBuf.java:253) ~[netty-buffer-4.1.69.Final.jar:4.1.69.Final]
	at io.netty.buffer.AbstractByteBuf.writeBytes(AbstractByteBuf.java:1132) ~[netty-buffer-4.1.69.Final.jar:4.1.69.Final]
	at io.netty.channel.socket.nio.NioSocketChannel.doReadBytes(NioSocketChannel.java:350) ~[netty-transport-4.1.69.Final.jar:4.1.69.Final]
	at io.netty.channel.nio.AbstractNioByteChannel$NioByteUnsafe.read(AbstractNioByteChannel.java:151) [netty-transport-4.1.69.Final.jar:4.1.69.Final]
	at io.netty.channel.nio.NioEventLoop.processSelectedKey(NioEventLoop.java:719) [netty-transport-4.1.69.Final.jar:4.1.69.Final]
	at io.netty.channel.nio.NioEventLoop.processSelectedKeysOptimized(NioEventLoop.java:655) [netty-transport-4.1.69.Final.jar:4.1.69.Final]
	at io.netty.channel.nio.NioEventLoop.processSelectedKeys(NioEventLoop.java:581) [netty-transport-4.1.69.Final.jar:4.1.69.Final]
	at io.netty.channel.nio.NioEventLoop.run(NioEventLoop.java:493) [netty-transport-4.1.69.Final.jar:4.1.69.Final]
	at io.netty.util.concurrent.SingleThreadEventExecutor$4.run(SingleThreadEventExecutor.java:986) [netty-common-4.1.69.Final.jar:4.1.69.Final]
	at io.netty.util.internal.ThreadExecutorMap$2.run(ThreadExecutorMap.java:74) [netty-common-4.1.69.Final.jar:4.1.69.Final]
	at io.netty.util.concurrent.FastThreadLocalRunnable.run(FastThreadLocalRunnable.java:30) [netty-common-4.1.69.Final.jar:4.1.69.Final]
	at java.lang.Thread.run(Thread.java:833) [?:?]
2022-11-28 20:27:35 INFO  SetUp - Browser Closed..
2022-11-28 20:27:35 INFO  SetUp - Test Case_branchLevel1ValidationTest_Successfully Started
2022-11-28 20:27:36 INFO  WebDriverManager - Using chromedriver 107.0.5304.62 (resolved driver for Chrome 107)
2022-11-28 20:27:36 INFO  WebDriverManager - Exporting webdriver.chrome.driver as C:\Users\Dhiraj Landge\.cache\selenium\chromedriver\win32\107.0.5304.62\chromedriver.exe
2022-11-28 20:27:37 INFO  SetUp - Chrome Browser Launched..
2022-11-28 20:27:38 INFO  SetUp - URL : https://crmpreprod.tataaia.com/sng7/app/login/login
2022-11-28 20:27:38 INFO  CommonMethods - Sucessfully clicked on Username_XPATH
2022-11-28 20:27:39 INFO  CommonMethods - Data sucessfully entered on Username_XPATH = OEAIV36
2022-11-28 20:27:39 INFO  CommonMethods - Sucessfully clicked on password_XPATH
2022-11-28 20:27:39 INFO  CommonMethods - Data sucessfully entered on password_XPATH = acid_qa
2022-11-28 20:27:40 INFO  ScreenShot - ScreenShot captured LoginPage || Status :Pass
2022-11-28 20:27:44 INFO  CommonMethods - Sucessfully clicked on loginBtn_XPATH
2022-11-28 20:27:44 INFO  CommonMethods - Sucessfully clicked on ProfileBtn_XPATH
2022-11-28 20:27:44 INFO  CommonMethods - Sucessfully clicked on Role_XPATH
2022-11-28 20:27:45 INFO  CommonMethods - Data = Branch Operations Executive Sucessfully Selected from dropdown Role_XPATH
2022-11-28 20:27:58 INFO  ScreenShot - ScreenShot captured QuickLinks || Status :Pass
2022-11-28 20:28:01 INFO  CommonMethods - Sucessfully clicked on CustomerSearch_XPATH
2022-11-28 20:28:01 INFO  CommonMethods - Sucessfully clicked on BankAccountNumber_XPATH
2022-11-28 20:28:02 INFO  CommonMethods - Sucessfully clicked on BankAccountNumber_XPATH
2022-11-28 20:28:02 INFO  CommonMethods - Data sucessfully entered on BankAccountNumber_XPATH = 05571600001166
2022-11-28 20:28:02 INFO  CommonMethods - Sucessfully clicked on SideClick_XPATH
2022-11-28 20:28:08 INFO  ScreenShot - ScreenShot captured BankAccountNumber || Status :Pass
2022-11-28 20:28:08 INFO  CommonMethods - Sucessfully clicked on CustomerSearchNext_XPATH
2022-11-28 20:28:10 INFO  CommonMethods - Sucessfully clicked on PolicyValidate_XPATH
2022-11-28 20:28:11 INFO  CommonMethods - Data = Third Party Sucessfully Selected from dropdown Validatordropdown_XPATH
2022-11-28 20:28:11 INFO  CommonMethods - Data = Letter Of Authorization Sucessfully Selected from dropdown Typeofvalidation_XPATH
2022-11-28 20:28:11 INFO  CommonMethods - Sucessfully clicked on ThirdPartyName_XPATH
2022-11-28 20:28:12 INFO  CommonMethods - Data sucessfully entered on ThirdPartyName_XPATH = Shubham Shobhito
2022-11-28 20:28:12 INFO  CommonMethods - Data = Husband Sucessfully Selected from dropdown ThirdPartyRelation_XPATH
2022-11-28 20:28:13 INFO  CommonMethods - Sucessfully clicked on ThirdPartyMobileNumber_XPATH
2022-11-28 20:28:13 INFO  CommonMethods - Data sucessfully entered on ThirdPartyMobileNumber_XPATH = 9876543212
2022-11-28 20:28:13 INFO  CommonMethods - Sucessfully clicked on BranchValidateNext_XPATH
2022-11-28 20:28:17 INFO  CommonMethods - Sucessfully clicked on ProfileBtn_XPATH
2022-11-28 20:28:18 INFO  CommonMethods - Sucessfully clicked on logoutBtn_XPATH
2022-11-28 20:28:18 INFO  LoginPage - Sucessfully logout..
2022-11-28 20:28:18 INFO  SetUp - Test Case_branchLevel1ValidationTest_Successfully Passed
2022-11-28 20:28:19 INFO  CommonMethods - Row num for TestScenario = branchLevel1ValidationTest is = 5
2022-11-28 20:28:20 INFO  ExcelOperation - Write to excel with : Row=5 | Cell =5 | Data =Pass
2022-11-28 20:28:20 WARN  WebSocketHandler - onError
java.net.SocketException: Connection reset
	at sun.nio.ch.SocketChannelImpl.throwConnectionReset(SocketChannelImpl.java:394) ~[?:?]
	at sun.nio.ch.SocketChannelImpl.read(SocketChannelImpl.java:426) ~[?:?]
	at io.netty.buffer.PooledByteBuf.setBytes(PooledByteBuf.java:253) ~[netty-buffer-4.1.69.Final.jar:4.1.69.Final]
	at io.netty.buffer.AbstractByteBuf.writeBytes(AbstractByteBuf.java:1132) ~[netty-buffer-4.1.69.Final.jar:4.1.69.Final]
	at io.netty.channel.socket.nio.NioSocketChannel.doReadBytes(NioSocketChannel.java:350) ~[netty-transport-4.1.69.Final.jar:4.1.69.Final]
	at io.netty.channel.nio.AbstractNioByteChannel$NioByteUnsafe.read(AbstractNioByteChannel.java:151) [netty-transport-4.1.69.Final.jar:4.1.69.Final]
	at io.netty.channel.nio.NioEventLoop.processSelectedKey(NioEventLoop.java:719) [netty-transport-4.1.69.Final.jar:4.1.69.Final]
	at io.netty.channel.nio.NioEventLoop.processSelectedKeysOptimized(NioEventLoop.java:655) [netty-transport-4.1.69.Final.jar:4.1.69.Final]
	at io.netty.channel.nio.NioEventLoop.processSelectedKeys(NioEventLoop.java:581) [netty-transport-4.1.69.Final.jar:4.1.69.Final]
	at io.netty.channel.nio.NioEventLoop.run(NioEventLoop.java:493) [netty-transport-4.1.69.Final.jar:4.1.69.Final]
	at io.netty.util.concurrent.SingleThreadEventExecutor$4.run(SingleThreadEventExecutor.java:986) [netty-common-4.1.69.Final.jar:4.1.69.Final]
	at io.netty.util.internal.ThreadExecutorMap$2.run(ThreadExecutorMap.java:74) [netty-common-4.1.69.Final.jar:4.1.69.Final]
	at io.netty.util.concurrent.FastThreadLocalRunnable.run(FastThreadLocalRunnable.java:30) [netty-common-4.1.69.Final.jar:4.1.69.Final]
	at java.lang.Thread.run(Thread.java:833) [?:?]
2022-11-28 20:28:21 INFO  SetUp - Browser Closed..
2022-11-28 20:28:22 INFO  SetUp - Test Case_cCLevel2ValidationTest_Successfully Started
2022-11-28 20:28:22 INFO  SetUp - Test Case_cCLevel2ValidationTest_get Skipped as its Runmode is 'NO' 
2022-11-28 20:28:22 INFO  SetUp - Test Case_quickLinksTest_Successfully Started
2022-11-28 20:28:23 INFO  SetUp - Test Case_quickLinksTest_get Skipped as its Runmode is 'NO' 
2022-11-28 20:28:24 INFO  SetUp - Test Case_cTAYesResponseTest_Successfully Started
2022-11-28 20:28:24 INFO  SetUp - Test Case_cTAYesResponseTest_get Skipped as its Runmode is 'NO' 
2022-11-28 20:28:25 INFO  SetUp - Test Case_cTANoResponseTest_Successfully Started
2022-11-28 20:28:25 INFO  SetUp - Test Case_cTANoResponseTest_get Skipped as its Runmode is 'NO' 
2022-11-28 20:28:26 INFO  SetUp - Test Case_cTAResponseReportTest_Successfully Started
2022-11-28 20:28:26 INFO  SetUp - Test Case_cTAResponseReportTest_get Skipped as its Runmode is 'NO' 
2022-11-28 20:28:29 INFO  CommonMethods - Test Report Mail sent successfully to dhiraj.landge@crmnext.com
2022-11-28 20:37:09 INFO  Utils - [TestNG] Running:
  C:\Users\Dhiraj Landge\eclipse-workspace\Talic_Life_Insurance\src\test\resources\RunnerFiles\testng.xml

2022-11-28 20:37:12 INFO  SetUp - Test Case_customer360CardViewTest_Successfully Started
2022-11-28 20:37:13 INFO  SetUp - Test Case_customer360CardViewTest_get Skipped as its Runmode is 'NO' 
2022-11-28 20:37:14 INFO  SetUp - Test Case_policy360CardViewTest_Successfully Started
2022-11-28 20:37:16 INFO  SetUp - Test Case_policy360CardViewTest_get Skipped as its Runmode is 'NO' 
2022-11-28 20:37:16 INFO  SetUp - Test Case_cCLevel1ValidationTest_Successfully Started
2022-11-28 20:37:17 INFO  WebDriverManager - Using chromedriver 107.0.5304.62 (resolved driver for Chrome 107)
2022-11-28 20:37:17 INFO  WebDriverManager - Exporting webdriver.chrome.driver as C:\Users\Dhiraj Landge\.cache\selenium\chromedriver\win32\107.0.5304.62\chromedriver.exe
2022-11-28 20:37:21 INFO  SetUp - Chrome Browser Launched..
2022-11-28 20:37:22 INFO  SetUp - URL : https://crmpreprod.tataaia.com/sng7/app/login/login
2022-11-28 20:37:22 INFO  CommonMethods - Sucessfully clicked on Username_XPATH
2022-11-28 20:37:23 INFO  CommonMethods - Data sucessfully entered on Username_XPATH = OEAIV36
2022-11-28 20:37:23 INFO  CommonMethods - Sucessfully clicked on password_XPATH
2022-11-28 20:37:23 INFO  CommonMethods - Data sucessfully entered on password_XPATH = acid_qa
2022-11-28 20:37:24 INFO  ScreenShot - ScreenShot captured LoginPage || Status :Pass
2022-11-28 20:37:28 INFO  CommonMethods - Sucessfully clicked on loginBtn_XPATH
2022-11-28 20:37:28 INFO  CommonMethods - Sucessfully clicked on ProfileBtn_XPATH
2022-11-28 20:37:28 INFO  CommonMethods - Sucessfully clicked on Role_XPATH
2022-11-28 20:37:29 INFO  CommonMethods - Data = CC Quality Executive Sucessfully Selected from dropdown Role_XPATH
2022-11-28 20:37:44 INFO  ScreenShot - ScreenShot captured QuickLinks || Status :Pass
2022-11-28 20:38:03 INFO  CommonMethods - Sucessfully clicked on CustomerSearch_XPATH
2022-11-28 20:38:03 INFO  CommonMethods - Sucessfully clicked on PolicyNumber_XPATH
2022-11-28 20:38:04 INFO  CommonMethods - Sucessfully clicked on PolicyNumber_XPATH
2022-11-28 20:38:04 INFO  CommonMethods - Data sucessfully entered on PolicyNumber_XPATH = C000000013
2022-11-28 20:38:04 INFO  CommonMethods - Sucessfully clicked on SideClick_XPATH
2022-11-28 20:38:05 INFO  ScreenShot - ScreenShot captured PolicyNumber || Status :Pass
2022-11-28 20:38:07 INFO  CommonMethods - Sucessfully clicked on CustomerSearchNext_XPATH
2022-11-28 20:38:20 INFO  Utils - [TestNG] Running:
  C:\Users\Dhiraj Landge\eclipse-workspace\Talic_Life_Insurance\src\test\resources\RunnerFiles\testng.xml

2022-11-28 20:38:22 INFO  SetUp - Test Case_customer360CardViewTest_Successfully Started
2022-11-28 20:38:23 INFO  SetUp - Test Case_customer360CardViewTest_get Skipped as its Runmode is 'NO' 
2022-11-28 20:38:24 INFO  SetUp - Test Case_policy360CardViewTest_Successfully Started
2022-11-28 20:38:25 INFO  SetUp - Test Case_policy360CardViewTest_get Skipped as its Runmode is 'NO' 
2022-11-28 20:38:25 INFO  SetUp - Test Case_cCLevel1ValidationTest_Successfully Started
2022-11-28 20:38:26 INFO  WebDriverManager - Using chromedriver 107.0.5304.62 (resolved driver for Chrome 107)
2022-11-28 20:38:26 INFO  WebDriverManager - Exporting webdriver.chrome.driver as C:\Users\Dhiraj Landge\.cache\selenium\chromedriver\win32\107.0.5304.62\chromedriver.exe
2022-11-28 20:38:29 INFO  SetUp - Chrome Browser Launched..
2022-11-28 20:38:29 INFO  SetUp - URL : https://crmpreprod.tataaia.com/sng7/app/login/login
2022-11-28 20:38:30 INFO  CommonMethods - Sucessfully clicked on Username_XPATH
2022-11-28 20:38:30 INFO  CommonMethods - Data sucessfully entered on Username_XPATH = OEAIV36
2022-11-28 20:38:30 INFO  CommonMethods - Sucessfully clicked on password_XPATH
2022-11-28 20:38:31 INFO  CommonMethods - Data sucessfully entered on password_XPATH = acid_qa
2022-11-28 20:38:31 INFO  ScreenShot - ScreenShot captured LoginPage || Status :Pass
2022-11-28 20:38:35 INFO  CommonMethods - Sucessfully clicked on loginBtn_XPATH
2022-11-28 20:38:35 INFO  CommonMethods - Sucessfully clicked on ProfileBtn_XPATH
2022-11-28 20:38:35 INFO  CommonMethods - Sucessfully clicked on Role_XPATH
2022-11-28 20:38:35 INFO  CommonMethods - Data = CC Quality Executive Sucessfully Selected from dropdown Role_XPATH
2022-11-28 20:38:49 INFO  ScreenShot - ScreenShot captured QuickLinks || Status :Pass
2022-11-28 20:38:52 INFO  CommonMethods - Sucessfully clicked on CustomerSearch_XPATH
2022-11-28 20:38:53 INFO  CommonMethods - Sucessfully clicked on PolicyNumber_XPATH
2022-11-28 20:38:53 INFO  CommonMethods - Sucessfully clicked on PolicyNumber_XPATH
2022-11-28 20:38:53 INFO  CommonMethods - Data sucessfully entered on PolicyNumber_XPATH = C000000013
2022-11-28 20:38:54 INFO  CommonMethods - Sucessfully clicked on SideClick_XPATH
2022-11-28 20:38:54 INFO  ScreenShot - ScreenShot captured PolicyNumber || Status :Pass
2022-11-28 20:38:56 INFO  CommonMethods - Sucessfully clicked on CustomerSearchNext_XPATH
2022-11-28 20:38:58 INFO  CommonMethods - Sucessfully clicked on PolicyValidate_XPATH
2022-11-28 20:38:59 INFO  CommonMethods - Sucessfully clicked on ClickHere_XPATH
2022-11-28 20:39:01 INFO  CommonMethods - Sucessfully clicked on Question1Response_XPATH
2022-11-28 20:39:01 INFO  CommonMethods - Data = Pass Sucessfully Selected from dropdown Question1Response_XPATH
2022-11-28 20:39:02 INFO  CommonMethods - Sucessfully clicked on Question2Response_XPATH
2022-11-28 20:39:02 INFO  CommonMethods - Data = Pass Sucessfully Selected from dropdown Question2Response_XPATH
2022-11-28 20:39:02 INFO  CommonMethods - Sucessfully clicked on Question3Response_XPATH
2022-11-28 20:39:02 INFO  CommonMethods - Data = Pass Sucessfully Selected from dropdown Question3Response_XPATH
2022-11-28 20:39:03 INFO  CommonMethods - Sucessfully clicked on Question4Response_XPATH
2022-11-28 20:39:03 INFO  CommonMethods - Data = Fail Sucessfully Selected from dropdown Question4Response_XPATH
2022-11-28 20:39:03 INFO  CommonMethods - Sucessfully clicked on CustomerValidateNext_XPATH
2022-11-28 20:39:06 INFO  CommonMethods - Sucessfully clicked on ProfileBtn_XPATH
2022-11-28 20:39:06 INFO  CommonMethods - Sucessfully clicked on logoutBtn_XPATH
2022-11-28 20:39:06 INFO  LoginPage - Sucessfully logout..
2022-11-28 20:39:06 INFO  SetUp - Test Case_cCLevel1ValidationTest_Successfully Passed
2022-11-28 20:39:07 INFO  CommonMethods - Row num for TestScenario = cCLevel1ValidationTest is = 2
2022-11-28 20:39:08 INFO  ExcelOperation - Write to excel with : Row=2 | Cell =5 | Data =Pass
2022-11-28 20:39:08 WARN  WebSocketHandler - onError
java.net.SocketException: Connection reset
	at sun.nio.ch.SocketChannelImpl.throwConnectionReset(SocketChannelImpl.java:394) ~[?:?]
	at sun.nio.ch.SocketChannelImpl.read(SocketChannelImpl.java:426) ~[?:?]
	at io.netty.buffer.PooledByteBuf.setBytes(PooledByteBuf.java:253) ~[netty-buffer-4.1.69.Final.jar:4.1.69.Final]
	at io.netty.buffer.AbstractByteBuf.writeBytes(AbstractByteBuf.java:1132) ~[netty-buffer-4.1.69.Final.jar:4.1.69.Final]
	at io.netty.channel.socket.nio.NioSocketChannel.doReadBytes(NioSocketChannel.java:350) ~[netty-transport-4.1.69.Final.jar:4.1.69.Final]
	at io.netty.channel.nio.AbstractNioByteChannel$NioByteUnsafe.read(AbstractNioByteChannel.java:151) [netty-transport-4.1.69.Final.jar:4.1.69.Final]
	at io.netty.channel.nio.NioEventLoop.processSelectedKey(NioEventLoop.java:719) [netty-transport-4.1.69.Final.jar:4.1.69.Final]
	at io.netty.channel.nio.NioEventLoop.processSelectedKeysOptimized(NioEventLoop.java:655) [netty-transport-4.1.69.Final.jar:4.1.69.Final]
	at io.netty.channel.nio.NioEventLoop.processSelectedKeys(NioEventLoop.java:581) [netty-transport-4.1.69.Final.jar:4.1.69.Final]
	at io.netty.channel.nio.NioEventLoop.run(NioEventLoop.java:493) [netty-transport-4.1.69.Final.jar:4.1.69.Final]
	at io.netty.util.concurrent.SingleThreadEventExecutor$4.run(SingleThreadEventExecutor.java:986) [netty-common-4.1.69.Final.jar:4.1.69.Final]
	at io.netty.util.internal.ThreadExecutorMap$2.run(ThreadExecutorMap.java:74) [netty-common-4.1.69.Final.jar:4.1.69.Final]
	at io.netty.util.concurrent.FastThreadLocalRunnable.run(FastThreadLocalRunnable.java:30) [netty-common-4.1.69.Final.jar:4.1.69.Final]
	at java.lang.Thread.run(Thread.java:833) [?:?]
2022-11-28 20:39:09 INFO  SetUp - Browser Closed..
2022-11-28 20:39:10 INFO  SetUp - Test Case_cCLevel1ValidationTest_Successfully Started
2022-11-28 20:39:10 INFO  WebDriverManager - Using chromedriver 107.0.5304.62 (resolved driver for Chrome 107)
2022-11-28 20:39:10 INFO  WebDriverManager - Exporting webdriver.chrome.driver as C:\Users\Dhiraj Landge\.cache\selenium\chromedriver\win32\107.0.5304.62\chromedriver.exe
2022-11-28 20:39:12 INFO  SetUp - Chrome Browser Launched..
2022-11-28 20:39:12 INFO  SetUp - URL : https://crmpreprod.tataaia.com/sng7/app/login/login
2022-11-28 20:39:13 INFO  CommonMethods - Sucessfully clicked on Username_XPATH
2022-11-28 20:39:13 INFO  CommonMethods - Data sucessfully entered on Username_XPATH = OEAIV36
2022-11-28 20:39:13 INFO  CommonMethods - Sucessfully clicked on password_XPATH
2022-11-28 20:39:14 INFO  CommonMethods - Data sucessfully entered on password_XPATH = acid_qa
2022-11-28 20:39:14 INFO  ScreenShot - ScreenShot captured LoginPage || Status :Pass
2022-11-28 20:39:18 INFO  CommonMethods - Sucessfully clicked on loginBtn_XPATH
2022-11-28 20:39:18 INFO  CommonMethods - Sucessfully clicked on ProfileBtn_XPATH
2022-11-28 20:39:19 INFO  CommonMethods - Sucessfully clicked on Role_XPATH
2022-11-28 20:39:19 INFO  CommonMethods - Data = CC Quality Executive Sucessfully Selected from dropdown Role_XPATH
2022-11-28 20:39:32 INFO  ScreenShot - ScreenShot captured QuickLinks || Status :Pass
2022-11-28 20:39:35 INFO  CommonMethods - Sucessfully clicked on CustomerSearch_XPATH
2022-11-28 20:39:36 INFO  CommonMethods - Sucessfully clicked on MobileNumber_XPATH
2022-11-28 20:39:36 INFO  CommonMethods - Sucessfully clicked on MobileNumber_XPATH
2022-11-28 20:39:36 INFO  CommonMethods - Data sucessfully entered on MobileNumber_XPATH = 7972553405
2022-11-28 20:39:37 INFO  CommonMethods - Sucessfully clicked on SideClick_XPATH
2022-11-28 20:39:41 INFO  ScreenShot - ScreenShot captured MobileNumber || Status :Pass
2022-11-28 20:39:41 INFO  CommonMethods - Sucessfully clicked on CustomerSearchNext_XPATH
2022-11-28 20:39:43 INFO  CommonMethods - Sucessfully clicked on PolicyValidate_XPATH
2022-11-28 20:39:44 INFO  CommonMethods - Sucessfully clicked on ClickHere_XPATH
2022-11-28 20:39:46 INFO  CommonMethods - Sucessfully clicked on Question1Response_XPATH
2022-11-28 20:39:46 INFO  CommonMethods - Data = Pass Sucessfully Selected from dropdown Question1Response_XPATH
2022-11-28 20:39:46 INFO  CommonMethods - Sucessfully clicked on Question2Response_XPATH
2022-11-28 20:39:47 INFO  CommonMethods - Data = Pass Sucessfully Selected from dropdown Question2Response_XPATH
2022-11-28 20:39:47 INFO  CommonMethods - Sucessfully clicked on Question3Response_XPATH
2022-11-28 20:39:47 INFO  CommonMethods - Data = Pass Sucessfully Selected from dropdown Question3Response_XPATH
2022-11-28 20:39:47 INFO  CommonMethods - Sucessfully clicked on Question4Response_XPATH
2022-11-28 20:39:48 INFO  CommonMethods - Data = Fail Sucessfully Selected from dropdown Question4Response_XPATH
2022-11-28 20:39:48 INFO  CommonMethods - Sucessfully clicked on CustomerValidateNext_XPATH
2022-11-28 20:39:50 INFO  CommonMethods - Sucessfully clicked on ProfileBtn_XPATH
2022-11-28 20:39:51 INFO  CommonMethods - Sucessfully clicked on logoutBtn_XPATH
2022-11-28 20:39:51 INFO  LoginPage - Sucessfully logout..
2022-11-28 20:39:51 INFO  SetUp - Test Case_cCLevel1ValidationTest_Successfully Passed
2022-11-28 20:39:51 INFO  CommonMethods - Row num for TestScenario = cCLevel1ValidationTest is = 2
2022-11-28 20:39:52 INFO  ExcelOperation - Write to excel with : Row=2 | Cell =5 | Data =Pass
2022-11-28 20:39:53 WARN  WebSocketHandler - onError
java.net.SocketException: Connection reset
	at sun.nio.ch.SocketChannelImpl.throwConnectionReset(SocketChannelImpl.java:394) ~[?:?]
	at sun.nio.ch.SocketChannelImpl.read(SocketChannelImpl.java:426) ~[?:?]
	at io.netty.buffer.PooledByteBuf.setBytes(PooledByteBuf.java:253) ~[netty-buffer-4.1.69.Final.jar:4.1.69.Final]
	at io.netty.buffer.AbstractByteBuf.writeBytes(AbstractByteBuf.java:1132) ~[netty-buffer-4.1.69.Final.jar:4.1.69.Final]
	at io.netty.channel.socket.nio.NioSocketChannel.doReadBytes(NioSocketChannel.java:350) ~[netty-transport-4.1.69.Final.jar:4.1.69.Final]
	at io.netty.channel.nio.AbstractNioByteChannel$NioByteUnsafe.read(AbstractNioByteChannel.java:151) [netty-transport-4.1.69.Final.jar:4.1.69.Final]
	at io.netty.channel.nio.NioEventLoop.processSelectedKey(NioEventLoop.java:719) [netty-transport-4.1.69.Final.jar:4.1.69.Final]
	at io.netty.channel.nio.NioEventLoop.processSelectedKeysOptimized(NioEventLoop.java:655) [netty-transport-4.1.69.Final.jar:4.1.69.Final]
	at io.netty.channel.nio.NioEventLoop.processSelectedKeys(NioEventLoop.java:581) [netty-transport-4.1.69.Final.jar:4.1.69.Final]
	at io.netty.channel.nio.NioEventLoop.run(NioEventLoop.java:493) [netty-transport-4.1.69.Final.jar:4.1.69.Final]
	at io.netty.util.concurrent.SingleThreadEventExecutor$4.run(SingleThreadEventExecutor.java:986) [netty-common-4.1.69.Final.jar:4.1.69.Final]
	at io.netty.util.internal.ThreadExecutorMap$2.run(ThreadExecutorMap.java:74) [netty-common-4.1.69.Final.jar:4.1.69.Final]
	at io.netty.util.concurrent.FastThreadLocalRunnable.run(FastThreadLocalRunnable.java:30) [netty-common-4.1.69.Final.jar:4.1.69.Final]
	at java.lang.Thread.run(Thread.java:833) [?:?]
2022-11-28 20:39:54 INFO  SetUp - Browser Closed..
2022-11-28 20:39:54 INFO  SetUp - Test Case_cCLevel1ValidationTest_Successfully Started
2022-11-28 20:39:55 INFO  WebDriverManager - Using chromedriver 107.0.5304.62 (resolved driver for Chrome 107)
2022-11-28 20:39:55 INFO  WebDriverManager - Exporting webdriver.chrome.driver as C:\Users\Dhiraj Landge\.cache\selenium\chromedriver\win32\107.0.5304.62\chromedriver.exe
2022-11-28 20:39:56 INFO  SetUp - Chrome Browser Launched..
2022-11-28 20:39:57 INFO  SetUp - URL : https://crmpreprod.tataaia.com/sng7/app/login/login
2022-11-28 20:39:57 INFO  CommonMethods - Sucessfully clicked on Username_XPATH
2022-11-28 20:39:58 INFO  CommonMethods - Data sucessfully entered on Username_XPATH = OEAIV36
2022-11-28 20:39:58 INFO  CommonMethods - Sucessfully clicked on password_XPATH
2022-11-28 20:39:58 INFO  CommonMethods - Data sucessfully entered on password_XPATH = acid_qa
2022-11-28 20:39:59 INFO  ScreenShot - ScreenShot captured LoginPage || Status :Pass
2022-11-28 20:40:03 INFO  CommonMethods - Sucessfully clicked on loginBtn_XPATH
2022-11-28 20:40:03 INFO  CommonMethods - Sucessfully clicked on ProfileBtn_XPATH
2022-11-28 20:40:03 INFO  CommonMethods - Sucessfully clicked on Role_XPATH
2022-11-28 20:40:04 INFO  CommonMethods - Data = CC Quality Executive Sucessfully Selected from dropdown Role_XPATH
2022-11-28 20:40:20 INFO  ScreenShot - ScreenShot captured QuickLinks || Status :Pass
2022-11-28 20:40:23 INFO  CommonMethods - Sucessfully clicked on CustomerSearch_XPATH
2022-11-28 20:40:24 INFO  CommonMethods - Sucessfully clicked on EmailID_XPATH
2022-11-28 20:40:24 INFO  CommonMethods - Sucessfully clicked on EmailID_XPATH
2022-11-28 20:40:24 INFO  CommonMethods - Data sucessfully entered on EmailID_XPATH = dhiraj.landge@crmnext.com
2022-11-28 20:40:25 INFO  CommonMethods - Sucessfully clicked on SideClick_XPATH
2022-11-28 20:40:30 INFO  ScreenShot - ScreenShot captured EmailID || Status :Pass
2022-11-28 20:40:30 INFO  CommonMethods - Sucessfully clicked on CustomerSearchNext_XPATH
2022-11-28 20:40:32 INFO  CommonMethods - Sucessfully clicked on PolicyValidate_XPATH
2022-11-28 20:40:33 INFO  CommonMethods - Sucessfully clicked on ClickHere_XPATH
2022-11-28 20:40:35 INFO  CommonMethods - Sucessfully clicked on Question1Response_XPATH
2022-11-28 20:40:35 INFO  CommonMethods - Data = Pass Sucessfully Selected from dropdown Question1Response_XPATH
2022-11-28 20:40:35 INFO  CommonMethods - Sucessfully clicked on Question2Response_XPATH
2022-11-28 20:40:36 INFO  CommonMethods - Data = Pass Sucessfully Selected from dropdown Question2Response_XPATH
2022-11-28 20:40:36 INFO  CommonMethods - Sucessfully clicked on Question3Response_XPATH
2022-11-28 20:40:37 INFO  CommonMethods - Data = Pass Sucessfully Selected from dropdown Question3Response_XPATH
2022-11-28 20:40:37 INFO  CommonMethods - Sucessfully clicked on Question4Response_XPATH
2022-11-28 20:40:38 INFO  CommonMethods - Data = Fail Sucessfully Selected from dropdown Question4Response_XPATH
2022-11-28 20:40:39 INFO  CommonMethods - Sucessfully clicked on CustomerValidateNext_XPATH
2022-11-28 20:40:41 INFO  CommonMethods - Sucessfully clicked on ProfileBtn_XPATH
2022-11-28 20:40:42 INFO  CommonMethods - Sucessfully clicked on logoutBtn_XPATH
2022-11-28 20:40:42 INFO  LoginPage - Sucessfully logout..
2022-11-28 20:40:42 INFO  SetUp - Test Case_cCLevel1ValidationTest_Successfully Passed
2022-11-28 20:40:42 INFO  CommonMethods - Row num for TestScenario = cCLevel1ValidationTest is = 2
2022-11-28 20:40:43 INFO  ExcelOperation - Write to excel with : Row=2 | Cell =5 | Data =Pass
2022-11-28 20:40:45 WARN  WebSocketHandler - onError
java.net.SocketException: Connection reset
	at sun.nio.ch.SocketChannelImpl.throwConnectionReset(SocketChannelImpl.java:394) ~[?:?]
	at sun.nio.ch.SocketChannelImpl.read(SocketChannelImpl.java:426) ~[?:?]
	at io.netty.buffer.PooledByteBuf.setBytes(PooledByteBuf.java:253) ~[netty-buffer-4.1.69.Final.jar:4.1.69.Final]
	at io.netty.buffer.AbstractByteBuf.writeBytes(AbstractByteBuf.java:1132) ~[netty-buffer-4.1.69.Final.jar:4.1.69.Final]
	at io.netty.channel.socket.nio.NioSocketChannel.doReadBytes(NioSocketChannel.java:350) ~[netty-transport-4.1.69.Final.jar:4.1.69.Final]
	at io.netty.channel.nio.AbstractNioByteChannel$NioByteUnsafe.read(AbstractNioByteChannel.java:151) [netty-transport-4.1.69.Final.jar:4.1.69.Final]
	at io.netty.channel.nio.NioEventLoop.processSelectedKey(NioEventLoop.java:719) [netty-transport-4.1.69.Final.jar:4.1.69.Final]
	at io.netty.channel.nio.NioEventLoop.processSelectedKeysOptimized(NioEventLoop.java:655) [netty-transport-4.1.69.Final.jar:4.1.69.Final]
	at io.netty.channel.nio.NioEventLoop.processSelectedKeys(NioEventLoop.java:581) [netty-transport-4.1.69.Final.jar:4.1.69.Final]
	at io.netty.channel.nio.NioEventLoop.run(NioEventLoop.java:493) [netty-transport-4.1.69.Final.jar:4.1.69.Final]
	at io.netty.util.concurrent.SingleThreadEventExecutor$4.run(SingleThreadEventExecutor.java:986) [netty-common-4.1.69.Final.jar:4.1.69.Final]
	at io.netty.util.internal.ThreadExecutorMap$2.run(ThreadExecutorMap.java:74) [netty-common-4.1.69.Final.jar:4.1.69.Final]
	at io.netty.util.concurrent.FastThreadLocalRunnable.run(FastThreadLocalRunnable.java:30) [netty-common-4.1.69.Final.jar:4.1.69.Final]
	at java.lang.Thread.run(Thread.java:833) [?:?]
2022-11-28 20:40:46 INFO  SetUp - Browser Closed..
2022-11-28 20:40:46 INFO  SetUp - Test Case_cCLevel1ValidationTest_Successfully Started
2022-11-28 20:40:47 INFO  WebDriverManager - Using chromedriver 107.0.5304.62 (resolved driver for Chrome 107)
2022-11-28 20:40:47 INFO  WebDriverManager - Exporting webdriver.chrome.driver as C:\Users\Dhiraj Landge\.cache\selenium\chromedriver\win32\107.0.5304.62\chromedriver.exe
2022-11-28 20:40:48 INFO  SetUp - Chrome Browser Launched..
2022-11-28 20:40:49 INFO  SetUp - URL : https://crmpreprod.tataaia.com/sng7/app/login/login
2022-11-28 20:40:50 INFO  CommonMethods - Sucessfully clicked on Username_XPATH
2022-11-28 20:40:50 INFO  CommonMethods - Data sucessfully entered on Username_XPATH = OEAIV36
2022-11-28 20:40:50 INFO  CommonMethods - Sucessfully clicked on password_XPATH
2022-11-28 20:40:51 INFO  CommonMethods - Data sucessfully entered on password_XPATH = acid_qa
2022-11-28 20:40:51 INFO  ScreenShot - ScreenShot captured LoginPage || Status :Pass
2022-11-28 20:40:55 INFO  CommonMethods - Sucessfully clicked on loginBtn_XPATH
2022-11-28 20:40:56 INFO  CommonMethods - Sucessfully clicked on ProfileBtn_XPATH
2022-11-28 20:40:56 INFO  CommonMethods - Sucessfully clicked on Role_XPATH
2022-11-28 20:40:56 INFO  CommonMethods - Data = CC Quality Executive Sucessfully Selected from dropdown Role_XPATH
2022-11-28 20:41:11 INFO  ScreenShot - ScreenShot captured QuickLinks || Status :Pass
2022-11-28 20:41:14 INFO  CommonMethods - Sucessfully clicked on CustomerSearch_XPATH
2022-11-28 20:41:14 INFO  CommonMethods - Sucessfully clicked on PANNumber_XPATH
2022-11-28 20:41:14 INFO  CommonMethods - Sucessfully clicked on PANNumber_XPATH
2022-11-28 20:41:15 INFO  CommonMethods - Data sucessfully entered on PANNumber_XPATH = ABCDE9898F
2022-11-28 20:41:15 INFO  CommonMethods - Sucessfully clicked on SideClick_XPATH
2022-11-28 20:41:20 INFO  ScreenShot - ScreenShot captured PANNumber || Status :Pass
2022-11-28 20:41:21 INFO  CommonMethods - Sucessfully clicked on CustomerSearchNext_XPATH
2022-11-28 20:41:23 INFO  CommonMethods - Sucessfully clicked on PolicyValidate_XPATH
2022-11-28 20:41:23 INFO  CommonMethods - Sucessfully clicked on ClickHere_XPATH
2022-11-28 20:41:25 INFO  CommonMethods - Sucessfully clicked on Question1Response_XPATH
2022-11-28 20:41:26 INFO  CommonMethods - Data = Pass Sucessfully Selected from dropdown Question1Response_XPATH
2022-11-28 20:41:26 INFO  CommonMethods - Sucessfully clicked on Question2Response_XPATH
2022-11-28 20:41:26 INFO  CommonMethods - Data = Pass Sucessfully Selected from dropdown Question2Response_XPATH
2022-11-28 20:41:26 INFO  CommonMethods - Sucessfully clicked on Question3Response_XPATH
2022-11-28 20:41:27 INFO  CommonMethods - Data = Pass Sucessfully Selected from dropdown Question3Response_XPATH
2022-11-28 20:41:27 INFO  CommonMethods - Sucessfully clicked on Question4Response_XPATH
2022-11-28 20:41:27 INFO  CommonMethods - Data = Fail Sucessfully Selected from dropdown Question4Response_XPATH
2022-11-28 20:41:27 INFO  CommonMethods - Sucessfully clicked on CustomerValidateNext_XPATH
2022-11-28 20:41:30 INFO  CommonMethods - Sucessfully clicked on ProfileBtn_XPATH
2022-11-28 20:41:31 INFO  CommonMethods - Sucessfully clicked on logoutBtn_XPATH
2022-11-28 20:41:31 INFO  LoginPage - Sucessfully logout..
2022-11-28 20:41:31 INFO  SetUp - Test Case_cCLevel1ValidationTest_Successfully Passed
2022-11-28 20:41:31 INFO  CommonMethods - Row num for TestScenario = cCLevel1ValidationTest is = 2
2022-11-28 20:41:32 INFO  ExcelOperation - Write to excel with : Row=2 | Cell =5 | Data =Pass
2022-11-28 20:41:33 WARN  WebSocketHandler - onError
java.net.SocketException: Connection reset
	at sun.nio.ch.SocketChannelImpl.throwConnectionReset(SocketChannelImpl.java:394) ~[?:?]
	at sun.nio.ch.SocketChannelImpl.read(SocketChannelImpl.java:426) ~[?:?]
	at io.netty.buffer.PooledByteBuf.setBytes(PooledByteBuf.java:253) ~[netty-buffer-4.1.69.Final.jar:4.1.69.Final]
	at io.netty.buffer.AbstractByteBuf.writeBytes(AbstractByteBuf.java:1132) ~[netty-buffer-4.1.69.Final.jar:4.1.69.Final]
	at io.netty.channel.socket.nio.NioSocketChannel.doReadBytes(NioSocketChannel.java:350) ~[netty-transport-4.1.69.Final.jar:4.1.69.Final]
	at io.netty.channel.nio.AbstractNioByteChannel$NioByteUnsafe.read(AbstractNioByteChannel.java:151) [netty-transport-4.1.69.Final.jar:4.1.69.Final]
	at io.netty.channel.nio.NioEventLoop.processSelectedKey(NioEventLoop.java:719) [netty-transport-4.1.69.Final.jar:4.1.69.Final]
	at io.netty.channel.nio.NioEventLoop.processSelectedKeysOptimized(NioEventLoop.java:655) [netty-transport-4.1.69.Final.jar:4.1.69.Final]
	at io.netty.channel.nio.NioEventLoop.processSelectedKeys(NioEventLoop.java:581) [netty-transport-4.1.69.Final.jar:4.1.69.Final]
	at io.netty.channel.nio.NioEventLoop.run(NioEventLoop.java:493) [netty-transport-4.1.69.Final.jar:4.1.69.Final]
	at io.netty.util.concurrent.SingleThreadEventExecutor$4.run(SingleThreadEventExecutor.java:986) [netty-common-4.1.69.Final.jar:4.1.69.Final]
	at io.netty.util.internal.ThreadExecutorMap$2.run(ThreadExecutorMap.java:74) [netty-common-4.1.69.Final.jar:4.1.69.Final]
	at io.netty.util.concurrent.FastThreadLocalRunnable.run(FastThreadLocalRunnable.java:30) [netty-common-4.1.69.Final.jar:4.1.69.Final]
	at java.lang.Thread.run(Thread.java:833) [?:?]
2022-11-28 20:41:34 INFO  SetUp - Browser Closed..
2022-11-28 20:41:35 INFO  SetUp - Test Case_cCLevel1ValidationTest_Successfully Started
2022-11-28 20:41:35 INFO  WebDriverManager - Using chromedriver 107.0.5304.62 (resolved driver for Chrome 107)
2022-11-28 20:41:35 INFO  WebDriverManager - Exporting webdriver.chrome.driver as C:\Users\Dhiraj Landge\.cache\selenium\chromedriver\win32\107.0.5304.62\chromedriver.exe
2022-11-28 20:41:37 INFO  SetUp - Chrome Browser Launched..
2022-11-28 20:41:37 INFO  SetUp - URL : https://crmpreprod.tataaia.com/sng7/app/login/login
2022-11-28 20:41:38 INFO  CommonMethods - Sucessfully clicked on Username_XPATH
2022-11-28 20:41:38 INFO  CommonMethods - Data sucessfully entered on Username_XPATH = OEAIV36
2022-11-28 20:41:38 INFO  CommonMethods - Sucessfully clicked on password_XPATH
2022-11-28 20:41:39 INFO  CommonMethods - Data sucessfully entered on password_XPATH = acid_qa
2022-11-28 20:41:39 INFO  ScreenShot - ScreenShot captured LoginPage || Status :Pass
2022-11-28 20:41:43 INFO  CommonMethods - Sucessfully clicked on loginBtn_XPATH
2022-11-28 20:41:44 INFO  CommonMethods - Sucessfully clicked on ProfileBtn_XPATH
2022-11-28 20:41:44 INFO  CommonMethods - Sucessfully clicked on Role_XPATH
2022-11-28 20:41:44 INFO  CommonMethods - Data = CC Quality Executive Sucessfully Selected from dropdown Role_XPATH
2022-11-28 20:41:57 INFO  ScreenShot - ScreenShot captured QuickLinks || Status :Pass
2022-11-28 20:42:00 INFO  CommonMethods - Sucessfully clicked on CustomerSearch_XPATH
2022-11-28 20:42:01 INFO  CommonMethods - Sucessfully clicked on BankAccountNumber_XPATH
2022-11-28 20:42:01 INFO  CommonMethods - Sucessfully clicked on BankAccountNumber_XPATH
2022-11-28 20:42:01 INFO  CommonMethods - Data sucessfully entered on BankAccountNumber_XPATH = 05571600001166
2022-11-28 20:42:02 INFO  CommonMethods - Sucessfully clicked on SideClick_XPATH
2022-11-28 20:42:07 INFO  ScreenShot - ScreenShot captured BankAccountNumber || Status :Pass
2022-11-28 20:42:07 INFO  CommonMethods - Sucessfully clicked on CustomerSearchNext_XPATH
2022-11-28 20:42:10 INFO  CommonMethods - Sucessfully clicked on PolicyValidate_XPATH
2022-11-28 20:42:10 INFO  CommonMethods - Sucessfully clicked on ClickHere_XPATH
2022-11-28 20:42:12 INFO  CommonMethods - Sucessfully clicked on Question1Response_XPATH
2022-11-28 20:42:12 INFO  CommonMethods - Data = Pass Sucessfully Selected from dropdown Question1Response_XPATH
2022-11-28 20:42:13 INFO  CommonMethods - Sucessfully clicked on Question2Response_XPATH
2022-11-28 20:42:13 INFO  CommonMethods - Data = Pass Sucessfully Selected from dropdown Question2Response_XPATH
2022-11-28 20:42:13 INFO  CommonMethods - Sucessfully clicked on Question3Response_XPATH
2022-11-28 20:42:14 INFO  CommonMethods - Data = Pass Sucessfully Selected from dropdown Question3Response_XPATH
2022-11-28 20:42:14 INFO  CommonMethods - Sucessfully clicked on Question4Response_XPATH
2022-11-28 20:42:14 INFO  CommonMethods - Data = Fail Sucessfully Selected from dropdown Question4Response_XPATH
2022-11-28 20:42:15 INFO  CommonMethods - Sucessfully clicked on CustomerValidateNext_XPATH
2022-11-28 20:42:17 INFO  CommonMethods - Sucessfully clicked on ProfileBtn_XPATH
2022-11-28 20:42:18 INFO  CommonMethods - Sucessfully clicked on logoutBtn_XPATH
2022-11-28 20:42:18 INFO  LoginPage - Sucessfully logout..
2022-11-28 20:42:18 INFO  SetUp - Test Case_cCLevel1ValidationTest_Successfully Passed
2022-11-28 20:42:18 INFO  CommonMethods - Row num for TestScenario = cCLevel1ValidationTest is = 2
2022-11-28 20:42:19 INFO  ExcelOperation - Write to excel with : Row=2 | Cell =5 | Data =Pass
2022-11-28 20:42:20 WARN  WebSocketHandler - onError
java.net.SocketException: Connection reset
	at sun.nio.ch.SocketChannelImpl.throwConnectionReset(SocketChannelImpl.java:394) ~[?:?]
	at sun.nio.ch.SocketChannelImpl.read(SocketChannelImpl.java:426) ~[?:?]
	at io.netty.buffer.PooledByteBuf.setBytes(PooledByteBuf.java:253) ~[netty-buffer-4.1.69.Final.jar:4.1.69.Final]
	at io.netty.buffer.AbstractByteBuf.writeBytes(AbstractByteBuf.java:1132) ~[netty-buffer-4.1.69.Final.jar:4.1.69.Final]
	at io.netty.channel.socket.nio.NioSocketChannel.doReadBytes(NioSocketChannel.java:350) ~[netty-transport-4.1.69.Final.jar:4.1.69.Final]
	at io.netty.channel.nio.AbstractNioByteChannel$NioByteUnsafe.read(AbstractNioByteChannel.java:151) [netty-transport-4.1.69.Final.jar:4.1.69.Final]
	at io.netty.channel.nio.NioEventLoop.processSelectedKey(NioEventLoop.java:719) [netty-transport-4.1.69.Final.jar:4.1.69.Final]
	at io.netty.channel.nio.NioEventLoop.processSelectedKeysOptimized(NioEventLoop.java:655) [netty-transport-4.1.69.Final.jar:4.1.69.Final]
	at io.netty.channel.nio.NioEventLoop.processSelectedKeys(NioEventLoop.java:581) [netty-transport-4.1.69.Final.jar:4.1.69.Final]
	at io.netty.channel.nio.NioEventLoop.run(NioEventLoop.java:493) [netty-transport-4.1.69.Final.jar:4.1.69.Final]
	at io.netty.util.concurrent.SingleThreadEventExecutor$4.run(SingleThreadEventExecutor.java:986) [netty-common-4.1.69.Final.jar:4.1.69.Final]
	at io.netty.util.internal.ThreadExecutorMap$2.run(ThreadExecutorMap.java:74) [netty-common-4.1.69.Final.jar:4.1.69.Final]
	at io.netty.util.concurrent.FastThreadLocalRunnable.run(FastThreadLocalRunnable.java:30) [netty-common-4.1.69.Final.jar:4.1.69.Final]
	at java.lang.Thread.run(Thread.java:833) [?:?]
2022-11-28 20:42:21 INFO  SetUp - Browser Closed..
2022-11-28 20:42:21 INFO  SetUp - Test Case_branchLevel1ValidationTest_Successfully Started
2022-11-28 20:42:22 INFO  WebDriverManager - Using chromedriver 107.0.5304.62 (resolved driver for Chrome 107)
2022-11-28 20:42:22 INFO  WebDriverManager - Exporting webdriver.chrome.driver as C:\Users\Dhiraj Landge\.cache\selenium\chromedriver\win32\107.0.5304.62\chromedriver.exe
2022-11-28 20:42:24 INFO  SetUp - Chrome Browser Launched..
2022-11-28 20:42:24 INFO  SetUp - URL : https://crmpreprod.tataaia.com/sng7/app/login/login
2022-11-28 20:42:25 INFO  CommonMethods - Sucessfully clicked on Username_XPATH
2022-11-28 20:42:25 INFO  CommonMethods - Data sucessfully entered on Username_XPATH = OEAIV36
2022-11-28 20:42:25 INFO  CommonMethods - Sucessfully clicked on password_XPATH
2022-11-28 20:42:26 INFO  CommonMethods - Data sucessfully entered on password_XPATH = acid_qa
2022-11-28 20:42:26 INFO  ScreenShot - ScreenShot captured LoginPage || Status :Pass
2022-11-28 20:42:30 INFO  CommonMethods - Sucessfully clicked on loginBtn_XPATH
2022-11-28 20:42:30 INFO  CommonMethods - Sucessfully clicked on ProfileBtn_XPATH
2022-11-28 20:42:31 INFO  CommonMethods - Sucessfully clicked on Role_XPATH
2022-11-28 20:42:31 INFO  CommonMethods - Data = Branch Operations Executive Sucessfully Selected from dropdown Role_XPATH
2022-11-28 20:43:00 INFO  ScreenShot - ScreenShot captured QuickLinks || Status :Pass
2022-11-28 20:43:02 ERROR CommonMethods - Not Sucessfully clicked on CustomerSearch_XPATH due to :element click intercepted: Element <span class="sub-menu-list__label  sm-list__labelThr f13 pointer " style="border: 4px solid yellow;">...</span> is not clickable at point (169, 178). Other element would receive the click: <div class="sub-menu__heading f16 ht60 ph-16 flex items-center justify-between">...</div>
  (Session info: chrome=107.0.5304.108)
Build info: version: '4.1.0', revision: '87802e897b'
System info: host: 'DESKTOP-K1PV4OP', ip: '192.168.0.102', os.name: 'Windows 11', os.arch: 'amd64', os.version: '10.0', java.version: '17.0.2'
Driver info: org.openqa.selenium.chrome.ChromeDriver
Command: [e56d947932eacbcad0851b8656f6f0d6, clickElement {id=353532fc-95b1-4a1f-963e-45f46013a9fe}]
Capabilities {acceptInsecureCerts: false, browserName: chrome, browserVersion: 107.0.5304.108, chrome: {chromedriverVersion: 107.0.5304.62 (1eec40d3a576..., userDataDir: C:\Users\DHIRAJ~1\AppData\L...}, goog:chromeOptions: {debuggerAddress: localhost:50059}, javascriptEnabled: true, networkConnectionEnabled: false, pageLoadStrategy: normal, platform: WINDOWS, platformName: WINDOWS, proxy: Proxy(), se:cdp: ws://localhost:50059/devtoo..., se:cdpVersion: 107.0.5304.108, setWindowRect: true, strictFileInteractability: false, timeouts: {implicit: 0, pageLoad: 300000, script: 30000}, unhandledPromptBehavior: dismiss and notify, webauthn:extension:credBlob: true, webauthn:extension:largeBlob: true, webauthn:virtualAuthenticators: true}
Element: [[ChromeDriver: chrome on WINDOWS (e56d947932eacbcad0851b8656f6f0d6)] -> xpath: //span[normalize-space()='tomer Search']]
Session ID: e56d947932eacbcad0851b8656f6f0d6
2022-11-28 20:43:08 INFO  CommonMethods - Sucessfully clicked on PolicyNumber_XPATH
2022-11-28 20:43:08 INFO  CommonMethods - Sucessfully clicked on PolicyNumber_XPATH
2022-11-28 20:43:09 INFO  CommonMethods - Data sucessfully entered on PolicyNumber_XPATH = C000000013
2022-11-28 20:43:09 INFO  CommonMethods - Sucessfully clicked on SideClick_XPATH
2022-11-28 20:43:09 INFO  ScreenShot - ScreenShot captured PolicyNumber || Status :Pass
2022-11-28 20:43:12 INFO  CommonMethods - Sucessfully clicked on CustomerSearchNext_XPATH
2022-11-28 20:43:14 INFO  CommonMethods - Sucessfully clicked on PolicyValidate_XPATH
2022-11-28 20:43:14 INFO  CommonMethods - Data = Third Party Sucessfully Selected from dropdown Validatordropdown_XPATH
2022-11-28 20:43:15 INFO  CommonMethods - Data = Letter Of Authorization Sucessfully Selected from dropdown Typeofvalidation_XPATH
2022-11-28 20:43:15 INFO  CommonMethods - Sucessfully clicked on ThirdPartyName_XPATH
2022-11-28 20:43:15 INFO  CommonMethods - Data sucessfully entered on ThirdPartyName_XPATH = Shubham Shobhito
2022-11-28 20:43:16 INFO  CommonMethods - Data = Husband Sucessfully Selected from dropdown ThirdPartyRelation_XPATH
2022-11-28 20:43:16 INFO  CommonMethods - Sucessfully clicked on ThirdPartyMobileNumber_XPATH
2022-11-28 20:43:17 INFO  CommonMethods - Data sucessfully entered on ThirdPartyMobileNumber_XPATH = 9876543212
2022-11-28 20:43:17 INFO  CommonMethods - Sucessfully clicked on BranchValidateNext_XPATH
2022-11-28 20:43:21 INFO  CommonMethods - Sucessfully clicked on ProfileBtn_XPATH
2022-11-28 20:43:22 INFO  CommonMethods - Sucessfully clicked on logoutBtn_XPATH
2022-11-28 20:43:22 INFO  LoginPage - Sucessfully logout..
2022-11-28 20:43:22 INFO  SetUp - Test Case_branchLevel1ValidationTest_Successfully Passed
2022-11-28 20:43:22 INFO  CommonMethods - Row num for TestScenario = branchLevel1ValidationTest is = 5
2022-11-28 20:43:23 INFO  ExcelOperation - Write to excel with : Row=5 | Cell =5 | Data =Pass
2022-11-28 20:43:24 WARN  WebSocketHandler - onError
java.net.SocketException: Connection reset
	at sun.nio.ch.SocketChannelImpl.throwConnectionReset(SocketChannelImpl.java:394) ~[?:?]
	at sun.nio.ch.SocketChannelImpl.read(SocketChannelImpl.java:426) ~[?:?]
	at io.netty.buffer.PooledByteBuf.setBytes(PooledByteBuf.java:253) ~[netty-buffer-4.1.69.Final.jar:4.1.69.Final]
	at io.netty.buffer.AbstractByteBuf.writeBytes(AbstractByteBuf.java:1132) ~[netty-buffer-4.1.69.Final.jar:4.1.69.Final]
	at io.netty.channel.socket.nio.NioSocketChannel.doReadBytes(NioSocketChannel.java:350) ~[netty-transport-4.1.69.Final.jar:4.1.69.Final]
	at io.netty.channel.nio.AbstractNioByteChannel$NioByteUnsafe.read(AbstractNioByteChannel.java:151) [netty-transport-4.1.69.Final.jar:4.1.69.Final]
	at io.netty.channel.nio.NioEventLoop.processSelectedKey(NioEventLoop.java:719) [netty-transport-4.1.69.Final.jar:4.1.69.Final]
	at io.netty.channel.nio.NioEventLoop.processSelectedKeysOptimized(NioEventLoop.java:655) [netty-transport-4.1.69.Final.jar:4.1.69.Final]
	at io.netty.channel.nio.NioEventLoop.processSelectedKeys(NioEventLoop.java:581) [netty-transport-4.1.69.Final.jar:4.1.69.Final]
	at io.netty.channel.nio.NioEventLoop.run(NioEventLoop.java:493) [netty-transport-4.1.69.Final.jar:4.1.69.Final]
	at io.netty.util.concurrent.SingleThreadEventExecutor$4.run(SingleThreadEventExecutor.java:986) [netty-common-4.1.69.Final.jar:4.1.69.Final]
	at io.netty.util.internal.ThreadExecutorMap$2.run(ThreadExecutorMap.java:74) [netty-common-4.1.69.Final.jar:4.1.69.Final]
	at io.netty.util.concurrent.FastThreadLocalRunnable.run(FastThreadLocalRunnable.java:30) [netty-common-4.1.69.Final.jar:4.1.69.Final]
	at java.lang.Thread.run(Thread.java:833) [?:?]
2022-11-28 20:43:25 INFO  SetUp - Browser Closed..
2022-11-28 20:43:26 INFO  SetUp - Test Case_branchLevel1ValidationTest_Successfully Started
2022-11-28 20:43:26 INFO  WebDriverManager - Using chromedriver 107.0.5304.62 (resolved driver for Chrome 107)
2022-11-28 20:43:26 INFO  WebDriverManager - Exporting webdriver.chrome.driver as C:\Users\Dhiraj Landge\.cache\selenium\chromedriver\win32\107.0.5304.62\chromedriver.exe
2022-11-28 20:43:28 INFO  SetUp - Chrome Browser Launched..
2022-11-28 20:43:29 INFO  SetUp - URL : https://crmpreprod.tataaia.com/sng7/app/login/login
2022-11-28 20:43:29 INFO  CommonMethods - Sucessfully clicked on Username_XPATH
2022-11-28 20:43:29 INFO  CommonMethods - Data sucessfully entered on Username_XPATH = OEAIV36
2022-11-28 20:43:29 INFO  CommonMethods - Sucessfully clicked on password_XPATH
2022-11-28 20:43:30 INFO  CommonMethods - Data sucessfully entered on password_XPATH = acid_qa
2022-11-28 20:43:30 INFO  ScreenShot - ScreenShot captured LoginPage || Status :Pass
2022-11-28 20:43:34 INFO  CommonMethods - Sucessfully clicked on loginBtn_XPATH
2022-11-28 20:43:35 INFO  CommonMethods - Sucessfully clicked on ProfileBtn_XPATH
2022-11-28 20:43:35 INFO  CommonMethods - Sucessfully clicked on Role_XPATH
2022-11-28 20:43:36 INFO  CommonMethods - Data = Branch Operations Executive Sucessfully Selected from dropdown Role_XPATH
2022-11-28 20:43:49 INFO  ScreenShot - ScreenShot captured QuickLinks || Status :Pass
2022-11-28 20:43:51 INFO  CommonMethods - Sucessfully clicked on CustomerSearch_XPATH
2022-11-28 20:43:52 INFO  CommonMethods - Sucessfully clicked on MobileNumber_XPATH
2022-11-28 20:43:52 INFO  CommonMethods - Sucessfully clicked on MobileNumber_XPATH
2022-11-28 20:43:52 INFO  CommonMethods - Data sucessfully entered on MobileNumber_XPATH = 7972553405
2022-11-28 20:43:52 INFO  CommonMethods - Sucessfully clicked on SideClick_XPATH
2022-11-28 20:43:57 INFO  ScreenShot - ScreenShot captured MobileNumber || Status :Pass
2022-11-28 20:43:57 INFO  CommonMethods - Sucessfully clicked on CustomerSearchNext_XPATH
2022-11-28 20:43:59 INFO  CommonMethods - Sucessfully clicked on PolicyValidate_XPATH
2022-11-28 20:43:59 INFO  CommonMethods - Data = Third Party Sucessfully Selected from dropdown Validatordropdown_XPATH
2022-11-28 20:44:00 INFO  CommonMethods - Data = Letter Of Authorization Sucessfully Selected from dropdown Typeofvalidation_XPATH
2022-11-28 20:44:00 INFO  CommonMethods - Sucessfully clicked on ThirdPartyName_XPATH
2022-11-28 20:44:01 INFO  CommonMethods - Data sucessfully entered on ThirdPartyName_XPATH = Shubham Shobhito
2022-11-28 20:44:01 INFO  CommonMethods - Data = Husband Sucessfully Selected from dropdown ThirdPartyRelation_XPATH
2022-11-28 20:44:01 INFO  CommonMethods - Sucessfully clicked on ThirdPartyMobileNumber_XPATH
2022-11-28 20:44:02 INFO  CommonMethods - Data sucessfully entered on ThirdPartyMobileNumber_XPATH = 9876543212
2022-11-28 20:44:02 INFO  CommonMethods - Sucessfully clicked on BranchValidateNext_XPATH
2022-11-28 20:44:06 INFO  CommonMethods - Sucessfully clicked on ProfileBtn_XPATH
2022-11-28 20:44:07 INFO  CommonMethods - Sucessfully clicked on logoutBtn_XPATH
2022-11-28 20:44:07 INFO  LoginPage - Sucessfully logout..
2022-11-28 20:44:07 INFO  SetUp - Test Case_branchLevel1ValidationTest_Successfully Passed
2022-11-28 20:44:07 INFO  CommonMethods - Row num for TestScenario = branchLevel1ValidationTest is = 5
2022-11-28 20:44:08 INFO  ExcelOperation - Write to excel with : Row=5 | Cell =5 | Data =Pass
2022-11-28 20:44:09 WARN  WebSocketHandler - onError
java.net.SocketException: Connection reset
	at sun.nio.ch.SocketChannelImpl.throwConnectionReset(SocketChannelImpl.java:394) ~[?:?]
	at sun.nio.ch.SocketChannelImpl.read(SocketChannelImpl.java:426) ~[?:?]
	at io.netty.buffer.PooledByteBuf.setBytes(PooledByteBuf.java:253) ~[netty-buffer-4.1.69.Final.jar:4.1.69.Final]
	at io.netty.buffer.AbstractByteBuf.writeBytes(AbstractByteBuf.java:1132) ~[netty-buffer-4.1.69.Final.jar:4.1.69.Final]
	at io.netty.channel.socket.nio.NioSocketChannel.doReadBytes(NioSocketChannel.java:350) ~[netty-transport-4.1.69.Final.jar:4.1.69.Final]
	at io.netty.channel.nio.AbstractNioByteChannel$NioByteUnsafe.read(AbstractNioByteChannel.java:151) [netty-transport-4.1.69.Final.jar:4.1.69.Final]
	at io.netty.channel.nio.NioEventLoop.processSelectedKey(NioEventLoop.java:719) [netty-transport-4.1.69.Final.jar:4.1.69.Final]
	at io.netty.channel.nio.NioEventLoop.processSelectedKeysOptimized(NioEventLoop.java:655) [netty-transport-4.1.69.Final.jar:4.1.69.Final]
	at io.netty.channel.nio.NioEventLoop.processSelectedKeys(NioEventLoop.java:581) [netty-transport-4.1.69.Final.jar:4.1.69.Final]
	at io.netty.channel.nio.NioEventLoop.run(NioEventLoop.java:493) [netty-transport-4.1.69.Final.jar:4.1.69.Final]
	at io.netty.util.concurrent.SingleThreadEventExecutor$4.run(SingleThreadEventExecutor.java:986) [netty-common-4.1.69.Final.jar:4.1.69.Final]
	at io.netty.util.internal.ThreadExecutorMap$2.run(ThreadExecutorMap.java:74) [netty-common-4.1.69.Final.jar:4.1.69.Final]
	at io.netty.util.concurrent.FastThreadLocalRunnable.run(FastThreadLocalRunnable.java:30) [netty-common-4.1.69.Final.jar:4.1.69.Final]
	at java.lang.Thread.run(Thread.java:833) [?:?]
2022-11-28 20:44:10 INFO  SetUp - Browser Closed..
2022-11-28 20:44:10 INFO  SetUp - Test Case_branchLevel1ValidationTest_Successfully Started
2022-11-28 20:44:11 INFO  WebDriverManager - Using chromedriver 107.0.5304.62 (resolved driver for Chrome 107)
2022-11-28 20:44:11 INFO  WebDriverManager - Exporting webdriver.chrome.driver as C:\Users\Dhiraj Landge\.cache\selenium\chromedriver\win32\107.0.5304.62\chromedriver.exe
2022-11-28 20:44:12 INFO  SetUp - Chrome Browser Launched..
2022-11-28 20:44:13 INFO  SetUp - URL : https://crmpreprod.tataaia.com/sng7/app/login/login
2022-11-28 20:44:13 INFO  CommonMethods - Sucessfully clicked on Username_XPATH
2022-11-28 20:44:14 INFO  CommonMethods - Data sucessfully entered on Username_XPATH = OEAIV36
2022-11-28 20:44:14 INFO  CommonMethods - Sucessfully clicked on password_XPATH
2022-11-28 20:44:14 INFO  CommonMethods - Data sucessfully entered on password_XPATH = acid_qa
2022-11-28 20:44:15 INFO  ScreenShot - ScreenShot captured LoginPage || Status :Pass
2022-11-28 20:44:33 INFO  CommonMethods - Sucessfully clicked on loginBtn_XPATH
2022-11-28 20:44:33 INFO  CommonMethods - Sucessfully clicked on ProfileBtn_XPATH
2022-11-28 20:44:33 INFO  CommonMethods - Sucessfully clicked on Role_XPATH
2022-11-28 20:44:33 INFO  CommonMethods - Data = Branch Operations Executive Sucessfully Selected from dropdown Role_XPATH
2022-11-28 20:44:34 INFO  ScreenShot - ScreenShot captured QuickLinks || Status :Pass
2022-11-28 20:44:37 INFO  CommonMethods - Sucessfully clicked on CustomerSearch_XPATH
2022-11-28 20:44:37 INFO  CommonMethods - Sucessfully clicked on EmailID_XPATH
2022-11-28 20:44:37 INFO  CommonMethods - Sucessfully clicked on EmailID_XPATH
2022-11-28 20:44:38 INFO  CommonMethods - Data sucessfully entered on EmailID_XPATH = dhiraj.landge@crmnext.com
2022-11-28 20:44:38 INFO  CommonMethods - Sucessfully clicked on SideClick_XPATH
2022-11-28 20:44:43 INFO  ScreenShot - ScreenShot captured EmailID || Status :Pass
2022-11-28 20:44:43 INFO  CommonMethods - Sucessfully clicked on CustomerSearchNext_XPATH
2022-11-28 20:44:46 INFO  CommonMethods - Sucessfully clicked on PolicyValidate_XPATH
2022-11-28 20:44:46 INFO  CommonMethods - Data = Third Party Sucessfully Selected from dropdown Validatordropdown_XPATH
2022-11-28 20:44:46 INFO  CommonMethods - Data = Letter Of Authorization Sucessfully Selected from dropdown Typeofvalidation_XPATH
2022-11-28 20:44:47 INFO  CommonMethods - Sucessfully clicked on ThirdPartyName_XPATH
2022-11-28 20:44:47 INFO  CommonMethods - Data sucessfully entered on ThirdPartyName_XPATH = Shubham Shobhito
2022-11-28 20:44:48 INFO  CommonMethods - Data = Husband Sucessfully Selected from dropdown ThirdPartyRelation_XPATH
2022-11-28 20:44:48 INFO  CommonMethods - Sucessfully clicked on ThirdPartyMobileNumber_XPATH
2022-11-28 20:44:48 INFO  CommonMethods - Data sucessfully entered on ThirdPartyMobileNumber_XPATH = 9876543212
2022-11-28 20:44:48 INFO  CommonMethods - Sucessfully clicked on BranchValidateNext_XPATH
2022-11-28 20:44:53 INFO  CommonMethods - Sucessfully clicked on ProfileBtn_XPATH
2022-11-28 20:44:53 INFO  CommonMethods - Sucessfully clicked on logoutBtn_XPATH
2022-11-28 20:44:53 INFO  LoginPage - Sucessfully logout..
2022-11-28 20:44:53 INFO  SetUp - Test Case_branchLevel1ValidationTest_Successfully Passed
2022-11-28 20:44:54 INFO  CommonMethods - Row num for TestScenario = branchLevel1ValidationTest is = 5
2022-11-28 20:44:55 INFO  ExcelOperation - Write to excel with : Row=5 | Cell =5 | Data =Pass
2022-11-28 20:44:56 WARN  WebSocketHandler - onError
java.net.SocketException: Connection reset
	at sun.nio.ch.SocketChannelImpl.throwConnectionReset(SocketChannelImpl.java:394) ~[?:?]
	at sun.nio.ch.SocketChannelImpl.read(SocketChannelImpl.java:426) ~[?:?]
	at io.netty.buffer.PooledByteBuf.setBytes(PooledByteBuf.java:253) ~[netty-buffer-4.1.69.Final.jar:4.1.69.Final]
	at io.netty.buffer.AbstractByteBuf.writeBytes(AbstractByteBuf.java:1132) ~[netty-buffer-4.1.69.Final.jar:4.1.69.Final]
	at io.netty.channel.socket.nio.NioSocketChannel.doReadBytes(NioSocketChannel.java:350) ~[netty-transport-4.1.69.Final.jar:4.1.69.Final]
	at io.netty.channel.nio.AbstractNioByteChannel$NioByteUnsafe.read(AbstractNioByteChannel.java:151) [netty-transport-4.1.69.Final.jar:4.1.69.Final]
	at io.netty.channel.nio.NioEventLoop.processSelectedKey(NioEventLoop.java:719) [netty-transport-4.1.69.Final.jar:4.1.69.Final]
	at io.netty.channel.nio.NioEventLoop.processSelectedKeysOptimized(NioEventLoop.java:655) [netty-transport-4.1.69.Final.jar:4.1.69.Final]
	at io.netty.channel.nio.NioEventLoop.processSelectedKeys(NioEventLoop.java:581) [netty-transport-4.1.69.Final.jar:4.1.69.Final]
	at io.netty.channel.nio.NioEventLoop.run(NioEventLoop.java:493) [netty-transport-4.1.69.Final.jar:4.1.69.Final]
	at io.netty.util.concurrent.SingleThreadEventExecutor$4.run(SingleThreadEventExecutor.java:986) [netty-common-4.1.69.Final.jar:4.1.69.Final]
	at io.netty.util.internal.ThreadExecutorMap$2.run(ThreadExecutorMap.java:74) [netty-common-4.1.69.Final.jar:4.1.69.Final]
	at io.netty.util.concurrent.FastThreadLocalRunnable.run(FastThreadLocalRunnable.java:30) [netty-common-4.1.69.Final.jar:4.1.69.Final]
	at java.lang.Thread.run(Thread.java:833) [?:?]
2022-11-28 20:44:56 INFO  SetUp - Browser Closed..
2022-11-28 20:44:57 INFO  SetUp - Test Case_branchLevel1ValidationTest_Successfully Started
2022-11-28 20:44:57 INFO  WebDriverManager - Using chromedriver 107.0.5304.62 (resolved driver for Chrome 107)
2022-11-28 20:44:57 INFO  WebDriverManager - Exporting webdriver.chrome.driver as C:\Users\Dhiraj Landge\.cache\selenium\chromedriver\win32\107.0.5304.62\chromedriver.exe
2022-11-28 20:44:59 INFO  SetUp - Chrome Browser Launched..
2022-11-28 20:45:00 INFO  SetUp - URL : https://crmpreprod.tataaia.com/sng7/app/login/login
2022-11-28 20:45:00 INFO  CommonMethods - Sucessfully clicked on Username_XPATH
2022-11-28 20:45:00 INFO  CommonMethods - Data sucessfully entered on Username_XPATH = OEAIV36
2022-11-28 20:45:00 INFO  CommonMethods - Sucessfully clicked on password_XPATH
2022-11-28 20:45:01 INFO  CommonMethods - Data sucessfully entered on password_XPATH = acid_qa
2022-11-28 20:45:01 INFO  ScreenShot - ScreenShot captured LoginPage || Status :Pass
2022-11-28 20:45:04 INFO  CommonMethods - Sucessfully clicked on loginBtn_XPATH
2022-11-28 20:45:05 INFO  CommonMethods - Sucessfully clicked on ProfileBtn_XPATH
2022-11-28 20:45:05 INFO  CommonMethods - Sucessfully clicked on Role_XPATH
2022-11-28 20:45:05 INFO  CommonMethods - Data = Branch Operations Executive Sucessfully Selected from dropdown Role_XPATH
2022-11-28 20:45:18 INFO  ScreenShot - ScreenShot captured QuickLinks || Status :Pass
2022-11-28 20:45:21 INFO  CommonMethods - Sucessfully clicked on CustomerSearch_XPATH
2022-11-28 20:45:21 INFO  CommonMethods - Sucessfully clicked on PANNumber_XPATH
2022-11-28 20:45:21 INFO  CommonMethods - Sucessfully clicked on PANNumber_XPATH
2022-11-28 20:45:22 INFO  CommonMethods - Data sucessfully entered on PANNumber_XPATH = ABCDE9898F
2022-11-28 20:45:22 INFO  CommonMethods - Sucessfully clicked on SideClick_XPATH
2022-11-28 20:45:27 INFO  ScreenShot - ScreenShot captured PANNumber || Status :Pass
2022-11-28 20:45:27 INFO  CommonMethods - Sucessfully clicked on CustomerSearchNext_XPATH
2022-11-28 20:45:30 INFO  CommonMethods - Sucessfully clicked on PolicyValidate_XPATH
2022-11-28 20:45:30 INFO  CommonMethods - Data = Third Party Sucessfully Selected from dropdown Validatordropdown_XPATH
2022-11-28 20:45:30 INFO  CommonMethods - Data = Letter Of Authorization Sucessfully Selected from dropdown Typeofvalidation_XPATH
2022-11-28 20:45:31 INFO  CommonMethods - Sucessfully clicked on ThirdPartyName_XPATH
2022-11-28 20:45:31 INFO  CommonMethods - Data sucessfully entered on ThirdPartyName_XPATH = Shubham Shobhito
2022-11-28 20:45:31 INFO  CommonMethods - Data = Husband Sucessfully Selected from dropdown ThirdPartyRelation_XPATH
2022-11-28 20:45:32 INFO  CommonMethods - Sucessfully clicked on ThirdPartyMobileNumber_XPATH
2022-11-28 20:45:32 INFO  CommonMethods - Data sucessfully entered on ThirdPartyMobileNumber_XPATH = 9876543212
2022-11-28 20:45:32 INFO  CommonMethods - Sucessfully clicked on BranchValidateNext_XPATH
2022-11-28 20:45:37 INFO  CommonMethods - Sucessfully clicked on ProfileBtn_XPATH
2022-11-28 20:45:37 INFO  CommonMethods - Sucessfully clicked on logoutBtn_XPATH
2022-11-28 20:45:37 INFO  LoginPage - Sucessfully logout..
2022-11-28 20:45:37 INFO  SetUp - Test Case_branchLevel1ValidationTest_Successfully Passed
2022-11-28 20:45:38 INFO  CommonMethods - Row num for TestScenario = branchLevel1ValidationTest is = 5
2022-11-28 20:45:39 INFO  ExcelOperation - Write to excel with : Row=5 | Cell =5 | Data =Pass
2022-11-28 20:45:39 WARN  WebSocketHandler - onError
java.net.SocketException: Connection reset
	at sun.nio.ch.SocketChannelImpl.throwConnectionReset(SocketChannelImpl.java:394) ~[?:?]
	at sun.nio.ch.SocketChannelImpl.read(SocketChannelImpl.java:426) ~[?:?]
	at io.netty.buffer.PooledByteBuf.setBytes(PooledByteBuf.java:253) ~[netty-buffer-4.1.69.Final.jar:4.1.69.Final]
	at io.netty.buffer.AbstractByteBuf.writeBytes(AbstractByteBuf.java:1132) ~[netty-buffer-4.1.69.Final.jar:4.1.69.Final]
	at io.netty.channel.socket.nio.NioSocketChannel.doReadBytes(NioSocketChannel.java:350) ~[netty-transport-4.1.69.Final.jar:4.1.69.Final]
	at io.netty.channel.nio.AbstractNioByteChannel$NioByteUnsafe.read(AbstractNioByteChannel.java:151) [netty-transport-4.1.69.Final.jar:4.1.69.Final]
	at io.netty.channel.nio.NioEventLoop.processSelectedKey(NioEventLoop.java:719) [netty-transport-4.1.69.Final.jar:4.1.69.Final]
	at io.netty.channel.nio.NioEventLoop.processSelectedKeysOptimized(NioEventLoop.java:655) [netty-transport-4.1.69.Final.jar:4.1.69.Final]
	at io.netty.channel.nio.NioEventLoop.processSelectedKeys(NioEventLoop.java:581) [netty-transport-4.1.69.Final.jar:4.1.69.Final]
	at io.netty.channel.nio.NioEventLoop.run(NioEventLoop.java:493) [netty-transport-4.1.69.Final.jar:4.1.69.Final]
	at io.netty.util.concurrent.SingleThreadEventExecutor$4.run(SingleThreadEventExecutor.java:986) [netty-common-4.1.69.Final.jar:4.1.69.Final]
	at io.netty.util.internal.ThreadExecutorMap$2.run(ThreadExecutorMap.java:74) [netty-common-4.1.69.Final.jar:4.1.69.Final]
	at io.netty.util.concurrent.FastThreadLocalRunnable.run(FastThreadLocalRunnable.java:30) [netty-common-4.1.69.Final.jar:4.1.69.Final]
	at java.lang.Thread.run(Thread.java:833) [?:?]
2022-11-28 20:45:41 INFO  SetUp - Browser Closed..
2022-11-28 20:45:41 INFO  SetUp - Test Case_branchLevel1ValidationTest_Successfully Started
2022-11-28 20:45:41 INFO  WebDriverManager - Using chromedriver 107.0.5304.62 (resolved driver for Chrome 107)
2022-11-28 20:45:42 INFO  WebDriverManager - Exporting webdriver.chrome.driver as C:\Users\Dhiraj Landge\.cache\selenium\chromedriver\win32\107.0.5304.62\chromedriver.exe
2022-11-28 20:45:43 INFO  SetUp - Chrome Browser Launched..
2022-11-28 20:45:44 INFO  SetUp - URL : https://crmpreprod.tataaia.com/sng7/app/login/login
2022-11-28 20:45:44 INFO  CommonMethods - Sucessfully clicked on Username_XPATH
2022-11-28 20:45:45 INFO  CommonMethods - Data sucessfully entered on Username_XPATH = OEAIV36
2022-11-28 20:45:45 INFO  CommonMethods - Sucessfully clicked on password_XPATH
2022-11-28 20:45:45 INFO  CommonMethods - Data sucessfully entered on password_XPATH = acid_qa
2022-11-28 20:45:46 INFO  ScreenShot - ScreenShot captured LoginPage || Status :Pass
2022-11-28 20:46:02 INFO  CommonMethods - Sucessfully clicked on loginBtn_XPATH
2022-11-28 20:46:02 INFO  CommonMethods - Sucessfully clicked on ProfileBtn_XPATH
2022-11-28 20:46:02 INFO  CommonMethods - Sucessfully clicked on Role_XPATH
2022-11-28 20:46:03 INFO  CommonMethods - Data = Branch Operations Executive Sucessfully Selected from dropdown Role_XPATH
2022-11-28 20:46:03 INFO  ScreenShot - ScreenShot captured QuickLinks || Status :Pass
2022-11-28 20:46:05 INFO  CommonMethods - Sucessfully clicked on CustomerSearch_XPATH
2022-11-28 20:46:06 INFO  CommonMethods - Sucessfully clicked on BankAccountNumber_XPATH
2022-11-28 20:46:06 INFO  CommonMethods - Sucessfully clicked on BankAccountNumber_XPATH
2022-11-28 20:46:06 INFO  CommonMethods - Data sucessfully entered on BankAccountNumber_XPATH = 05571600001166
2022-11-28 20:46:06 INFO  CommonMethods - Sucessfully clicked on SideClick_XPATH
2022-11-28 20:46:12 INFO  ScreenShot - ScreenShot captured BankAccountNumber || Status :Pass
2022-11-28 20:46:12 INFO  CommonMethods - Sucessfully clicked on CustomerSearchNext_XPATH
2022-11-28 20:46:14 INFO  CommonMethods - Sucessfully clicked on PolicyValidate_XPATH
2022-11-28 20:46:14 INFO  CommonMethods - Data = Third Party Sucessfully Selected from dropdown Validatordropdown_XPATH
2022-11-28 20:46:15 INFO  CommonMethods - Data = Letter Of Authorization Sucessfully Selected from dropdown Typeofvalidation_XPATH
2022-11-28 20:46:15 INFO  CommonMethods - Sucessfully clicked on ThirdPartyName_XPATH
2022-11-28 20:46:16 INFO  CommonMethods - Data sucessfully entered on ThirdPartyName_XPATH = Shubham Shobhito
2022-11-28 20:46:16 INFO  CommonMethods - Data = Husband Sucessfully Selected from dropdown ThirdPartyRelation_XPATH
2022-11-28 20:46:16 INFO  CommonMethods - Sucessfully clicked on ThirdPartyMobileNumber_XPATH
2022-11-28 20:46:17 INFO  CommonMethods - Data sucessfully entered on ThirdPartyMobileNumber_XPATH = 9876543212
2022-11-28 20:46:17 INFO  CommonMethods - Sucessfully clicked on BranchValidateNext_XPATH
2022-11-28 20:46:21 INFO  CommonMethods - Sucessfully clicked on ProfileBtn_XPATH
2022-11-28 20:46:22 INFO  CommonMethods - Sucessfully clicked on logoutBtn_XPATH
2022-11-28 20:46:22 INFO  LoginPage - Sucessfully logout..
2022-11-28 20:46:22 INFO  SetUp - Test Case_branchLevel1ValidationTest_Successfully Passed
2022-11-28 20:46:22 INFO  CommonMethods - Row num for TestScenario = branchLevel1ValidationTest is = 5
2022-11-28 20:46:23 INFO  ExcelOperation - Write to excel with : Row=5 | Cell =5 | Data =Pass
2022-11-28 20:46:24 WARN  WebSocketHandler - onError
java.net.SocketException: Connection reset
	at sun.nio.ch.SocketChannelImpl.throwConnectionReset(SocketChannelImpl.java:394) ~[?:?]
	at sun.nio.ch.SocketChannelImpl.read(SocketChannelImpl.java:426) ~[?:?]
	at io.netty.buffer.PooledByteBuf.setBytes(PooledByteBuf.java:253) ~[netty-buffer-4.1.69.Final.jar:4.1.69.Final]
	at io.netty.buffer.AbstractByteBuf.writeBytes(AbstractByteBuf.java:1132) ~[netty-buffer-4.1.69.Final.jar:4.1.69.Final]
	at io.netty.channel.socket.nio.NioSocketChannel.doReadBytes(NioSocketChannel.java:350) ~[netty-transport-4.1.69.Final.jar:4.1.69.Final]
	at io.netty.channel.nio.AbstractNioByteChannel$NioByteUnsafe.read(AbstractNioByteChannel.java:151) [netty-transport-4.1.69.Final.jar:4.1.69.Final]
	at io.netty.channel.nio.NioEventLoop.processSelectedKey(NioEventLoop.java:719) [netty-transport-4.1.69.Final.jar:4.1.69.Final]
	at io.netty.channel.nio.NioEventLoop.processSelectedKeysOptimized(NioEventLoop.java:655) [netty-transport-4.1.69.Final.jar:4.1.69.Final]
	at io.netty.channel.nio.NioEventLoop.processSelectedKeys(NioEventLoop.java:581) [netty-transport-4.1.69.Final.jar:4.1.69.Final]
	at io.netty.channel.nio.NioEventLoop.run(NioEventLoop.java:493) [netty-transport-4.1.69.Final.jar:4.1.69.Final]
	at io.netty.util.concurrent.SingleThreadEventExecutor$4.run(SingleThreadEventExecutor.java:986) [netty-common-4.1.69.Final.jar:4.1.69.Final]
	at io.netty.util.internal.ThreadExecutorMap$2.run(ThreadExecutorMap.java:74) [netty-common-4.1.69.Final.jar:4.1.69.Final]
	at io.netty.util.concurrent.FastThreadLocalRunnable.run(FastThreadLocalRunnable.java:30) [netty-common-4.1.69.Final.jar:4.1.69.Final]
	at java.lang.Thread.run(Thread.java:833) [?:?]
2022-11-28 20:46:25 INFO  SetUp - Browser Closed..
2022-11-28 20:46:25 INFO  SetUp - Test Case_cCLevel2ValidationTest_Successfully Started
2022-11-28 20:46:25 INFO  SetUp - Test Case_cCLevel2ValidationTest_get Skipped as its Runmode is 'NO' 
2022-11-28 20:46:26 INFO  SetUp - Test Case_quickLinksTest_Successfully Started
2022-11-28 20:46:26 INFO  SetUp - Test Case_quickLinksTest_get Skipped as its Runmode is 'NO' 
2022-11-28 20:46:27 INFO  SetUp - Test Case_cTAYesResponseTest_Successfully Started
2022-11-28 20:46:28 INFO  SetUp - Test Case_cTAYesResponseTest_get Skipped as its Runmode is 'NO' 
2022-11-28 20:46:28 INFO  SetUp - Test Case_cTANoResponseTest_Successfully Started
2022-11-28 20:46:29 INFO  SetUp - Test Case_cTANoResponseTest_get Skipped as its Runmode is 'NO' 
2022-11-28 20:46:29 INFO  SetUp - Test Case_cTAResponseReportTest_Successfully Started
2022-11-28 20:46:29 INFO  SetUp - Test Case_cTAResponseReportTest_get Skipped as its Runmode is 'NO' 
2022-11-28 20:46:31 INFO  CommonMethods - Test Report Mail sent successfully to dhiraj.landge@crmnext.com
2022-11-28 20:59:08 INFO  Utils - [TestNG] Running:
  C:\Users\Dhiraj Landge\eclipse-workspace\Talic_Life_Insurance\src\test\resources\RunnerFiles\testng.xml

2022-11-28 20:59:10 INFO  SetUp - Test Case_customer360CardViewTest_Successfully Started
2022-11-28 20:59:11 INFO  SetUp - Test Case_customer360CardViewTest_get Skipped as its Runmode is 'NO' 
2022-11-28 20:59:12 INFO  SetUp - Test Case_policy360CardViewTest_Successfully Started
2022-11-28 20:59:12 INFO  SetUp - Test Case_policy360CardViewTest_get Skipped as its Runmode is 'NO' 
2022-11-28 20:59:13 INFO  SetUp - Test Case_cCLevel1ValidationTest_Successfully Started
2022-11-28 20:59:13 INFO  SetUp - Test Case_cCLevel1ValidationTest_get Skipped as its Runmode is 'NO' 
2022-11-28 20:59:13 INFO  SetUp - Test Case_cCLevel1ValidationTest_Successfully Started
2022-11-28 20:59:13 INFO  SetUp - Test Case_cCLevel1ValidationTest_get Skipped as its Runmode is 'NO' 
2022-11-28 20:59:14 INFO  SetUp - Test Case_cCLevel1ValidationTest_Successfully Started
2022-11-28 20:59:14 INFO  SetUp - Test Case_cCLevel1ValidationTest_get Skipped as its Runmode is 'NO' 
2022-11-28 20:59:14 INFO  SetUp - Test Case_cCLevel1ValidationTest_Successfully Started
2022-11-28 20:59:14 INFO  SetUp - Test Case_cCLevel1ValidationTest_get Skipped as its Runmode is 'NO' 
2022-11-28 20:59:15 INFO  SetUp - Test Case_cCLevel1ValidationTest_Successfully Started
2022-11-28 20:59:15 INFO  SetUp - Test Case_cCLevel1ValidationTest_get Skipped as its Runmode is 'NO' 
2022-11-28 20:59:16 INFO  SetUp - Test Case_branchLevel1ValidationTest_Successfully Started
2022-11-28 20:59:16 INFO  SetUp - Test Case_branchLevel1ValidationTest_get Skipped as its Runmode is 'NO' 
2022-11-28 20:59:16 INFO  SetUp - Test Case_branchLevel1ValidationTest_Successfully Started
2022-11-28 20:59:17 INFO  SetUp - Test Case_branchLevel1ValidationTest_get Skipped as its Runmode is 'NO' 
2022-11-28 20:59:17 INFO  SetUp - Test Case_branchLevel1ValidationTest_Successfully Started
2022-11-28 20:59:17 INFO  SetUp - Test Case_branchLevel1ValidationTest_get Skipped as its Runmode is 'NO' 
2022-11-28 20:59:17 INFO  SetUp - Test Case_branchLevel1ValidationTest_Successfully Started
2022-11-28 20:59:18 INFO  SetUp - Test Case_branchLevel1ValidationTest_get Skipped as its Runmode is 'NO' 
2022-11-28 20:59:18 INFO  SetUp - Test Case_branchLevel1ValidationTest_Successfully Started
2022-11-28 20:59:18 INFO  SetUp - Test Case_branchLevel1ValidationTest_get Skipped as its Runmode is 'NO' 
2022-11-28 20:59:19 INFO  SetUp - Test Case_branchLevel1ValidationTest_Successfully Started
2022-11-28 20:59:19 INFO  SetUp - Test Case_branchLevel1ValidationTest_get Skipped as its Runmode is 'NO' 
2022-11-28 20:59:19 INFO  SetUp - Test Case_branchLevel1ValidationTest_Successfully Started
2022-11-28 20:59:20 INFO  SetUp - Test Case_branchLevel1ValidationTest_get Skipped as its Runmode is 'NO' 
2022-11-28 20:59:20 INFO  SetUp - Test Case_branchLevel1ValidationTest_Successfully Started
2022-11-28 20:59:20 INFO  SetUp - Test Case_branchLevel1ValidationTest_get Skipped as its Runmode is 'NO' 
2022-11-28 20:59:20 INFO  SetUp - Test Case_branchLevel1ValidationTest_Successfully Started
2022-11-28 20:59:21 INFO  SetUp - Test Case_branchLevel1ValidationTest_get Skipped as its Runmode is 'NO' 
2022-11-28 20:59:21 INFO  SetUp - Test Case_branchLevel1ValidationTest_Successfully Started
2022-11-28 20:59:21 INFO  SetUp - Test Case_branchLevel1ValidationTest_get Skipped as its Runmode is 'NO' 
2022-11-28 20:59:22 INFO  SetUp - Test Case_cCLevel2ValidationTest_Successfully Started
2022-11-28 20:59:23 INFO  WebDriverManager - Using chromedriver 107.0.5304.62 (resolved driver for Chrome 107)
2022-11-28 20:59:23 INFO  WebDriverManager - Exporting webdriver.chrome.driver as C:\Users\Dhiraj Landge\.cache\selenium\chromedriver\win32\107.0.5304.62\chromedriver.exe
2022-11-28 20:59:26 INFO  SetUp - Chrome Browser Launched..
2022-11-28 20:59:35 INFO  SetUp - URL : https://talicaia.crmnext.biz/sn7_1/app/login/login
2022-11-28 20:59:35 INFO  CommonMethods - Sucessfully clicked on Username_XPATH
2022-11-28 20:59:35 INFO  CommonMethods - Data sucessfully entered on Username_XPATH = OOABC97
2022-11-28 20:59:36 INFO  CommonMethods - Sucessfully clicked on password_XPATH
2022-11-28 20:59:36 INFO  CommonMethods - Data sucessfully entered on password_XPATH = acid_qa
2022-11-28 20:59:36 INFO  ScreenShot - ScreenShot captured LoginPage || Status :Pass
2022-11-28 21:00:19 INFO  CommonMethods - Sucessfully clicked on loginBtn_XPATH
2022-11-28 21:00:20 INFO  ScreenShot - ScreenShot captured QuickLinks || Status :Pass
2022-11-28 21:00:24 INFO  CommonMethods - Sucessfully clicked on PolicySearch_XPATH
2022-11-28 21:00:24 INFO  CommonMethods - Sucessfully clicked on PolicyNumber1_XPATH
2022-11-28 21:00:25 INFO  CommonMethods - Data sucessfully entered on PolicyNumber1_XPATH = M337738393
2022-11-28 21:00:25 INFO  ScreenShot - ScreenShot captured PolicySearch || Status :Pass
2022-11-28 21:00:25 INFO  CommonMethods - Sucessfully clicked on Fetch_XPATH
2022-11-28 21:00:27 INFO  ScreenShot - ScreenShot captured Action || Status :Pass
2022-11-28 21:00:27 INFO  CommonMethods - Sucessfully clicked on Action_XPATH
2022-11-28 21:00:33 INFO  ScreenShot - ScreenShot captured ActionCentre || Status :Pass
2022-11-28 21:00:34 INFO  CommonMethods - Sucessfully clicked on ActionCentre_XPATH
2022-11-28 21:00:34 INFO  ScreenShot - ScreenShot captured Level2ValidationJourney || Status :Pass
2022-11-28 21:00:40 INFO  CommonMethods - Sucessfully clicked on Level2Validation_XPATH
2022-11-28 21:00:40 INFO  ScreenShot - ScreenShot captured Validate || Status :Pass
2022-11-28 21:00:41 INFO  CommonMethods - Sucessfully clicked on Toggle11_XPATH
2022-11-28 21:00:41 INFO  CommonMethods - Sucessfully clicked on Toggle12_XPATH
2022-11-28 21:00:42 INFO  ScreenShot - ScreenShot captured PassingCriteria || Status :Pass
2022-11-28 21:00:42 INFO  CommonMethods - Sucessfully clicked on Next3_XPATH
2022-11-28 21:00:55 INFO  CommonMethods - Sucessfully clicked on Close22_XPATH
2022-11-28 21:00:57 INFO  CommonMethods - Sucessfully clicked on ProfileBtn_XPATH
2022-11-28 21:00:58 INFO  CommonMethods - Sucessfully clicked on logoutBtn_XPATH
2022-11-28 21:00:58 INFO  LoginPage - Sucessfully logout..
2022-11-28 21:00:58 INFO  SetUp - Test Case_cCLevel2ValidationTest_Successfully Passed
2022-11-28 21:00:58 INFO  CommonMethods - Row num for TestScenario = cCLevel2ValidationTest is = 3
2022-11-28 21:00:59 INFO  ExcelOperation - Write to excel with : Row=3 | Cell =5 | Data =Pass
2022-11-28 21:01:01 WARN  WebSocketHandler - onError
java.net.SocketException: Connection reset
	at sun.nio.ch.SocketChannelImpl.throwConnectionReset(SocketChannelImpl.java:394) ~[?:?]
	at sun.nio.ch.SocketChannelImpl.read(SocketChannelImpl.java:426) ~[?:?]
	at io.netty.buffer.PooledByteBuf.setBytes(PooledByteBuf.java:253) ~[netty-buffer-4.1.69.Final.jar:4.1.69.Final]
	at io.netty.buffer.AbstractByteBuf.writeBytes(AbstractByteBuf.java:1132) ~[netty-buffer-4.1.69.Final.jar:4.1.69.Final]
	at io.netty.channel.socket.nio.NioSocketChannel.doReadBytes(NioSocketChannel.java:350) ~[netty-transport-4.1.69.Final.jar:4.1.69.Final]
	at io.netty.channel.nio.AbstractNioByteChannel$NioByteUnsafe.read(AbstractNioByteChannel.java:151) [netty-transport-4.1.69.Final.jar:4.1.69.Final]
	at io.netty.channel.nio.NioEventLoop.processSelectedKey(NioEventLoop.java:719) [netty-transport-4.1.69.Final.jar:4.1.69.Final]
	at io.netty.channel.nio.NioEventLoop.processSelectedKeysOptimized(NioEventLoop.java:655) [netty-transport-4.1.69.Final.jar:4.1.69.Final]
	at io.netty.channel.nio.NioEventLoop.processSelectedKeys(NioEventLoop.java:581) [netty-transport-4.1.69.Final.jar:4.1.69.Final]
	at io.netty.channel.nio.NioEventLoop.run(NioEventLoop.java:493) [netty-transport-4.1.69.Final.jar:4.1.69.Final]
	at io.netty.util.concurrent.SingleThreadEventExecutor$4.run(SingleThreadEventExecutor.java:986) [netty-common-4.1.69.Final.jar:4.1.69.Final]
	at io.netty.util.internal.ThreadExecutorMap$2.run(ThreadExecutorMap.java:74) [netty-common-4.1.69.Final.jar:4.1.69.Final]
	at io.netty.util.concurrent.FastThreadLocalRunnable.run(FastThreadLocalRunnable.java:30) [netty-common-4.1.69.Final.jar:4.1.69.Final]
	at java.lang.Thread.run(Thread.java:833) [?:?]
2022-11-28 21:01:02 INFO  SetUp - Browser Closed..
2022-11-28 21:01:09 INFO  SetUp - Test Case_quickLinksTest_Successfully Started
2022-11-28 21:01:14 INFO  SetUp - Test Case_quickLinksTest_get Skipped as its Runmode is 'NO' 
2022-11-28 21:01:23 INFO  SetUp - Test Case_cTAYesResponseTest_Successfully Started
2022-11-28 21:01:29 INFO  SetUp - Test Case_cTAYesResponseTest_get Skipped as its Runmode is 'NO' 
2022-11-28 21:01:34 INFO  SetUp - Test Case_cTANoResponseTest_Successfully Started
2022-11-28 21:01:39 INFO  SetUp - Test Case_cTANoResponseTest_get Skipped as its Runmode is 'NO' 
2022-11-28 21:01:41 INFO  SetUp - Test Case_cTAResponseReportTest_Successfully Started
2022-11-28 21:01:43 INFO  SetUp - Test Case_cTAResponseReportTest_get Skipped as its Runmode is 'NO' 
2022-11-28 21:01:46 INFO  CommonMethods - Test Report Mail sent successfully to dhiraj.landge@businessnext.com
2022-11-28 22:03:06 INFO  ExtentReporterNG - Extent report Directory is created!
2022-11-28 22:03:10 INFO  Utils - [TestNG] Running:
  C:\Users\Dhiraj Landge\eclipse-workspace\Talic_Life_Insurance\src\test\resources\RunnerFiles\testng.xml

2022-11-28 22:03:15 INFO  SetUp - Test Case_customer360CardViewTest_Successfully Started
2022-11-28 22:03:17 INFO  SetUp - Test Case_customer360CardViewTest_get Skipped as its Runmode is 'NO' 
2022-11-28 22:03:20 INFO  SetUp - Test Case_policy360CardViewTest_Successfully Started
2022-11-28 22:03:21 INFO  SetUp - Test Case_policy360CardViewTest_get Skipped as its Runmode is 'NO' 
2022-11-28 22:03:22 INFO  SetUp - Test Case_cCLevel1ValidationTest_Successfully Started
2022-11-28 22:03:22 INFO  SetUp - Test Case_cCLevel1ValidationTest_get Skipped as its Runmode is 'NO' 
2022-11-28 22:03:23 INFO  SetUp - Test Case_cCLevel1ValidationTest_Successfully Started
2022-11-28 22:03:23 INFO  SetUp - Test Case_cCLevel1ValidationTest_get Skipped as its Runmode is 'NO' 
2022-11-28 22:03:24 INFO  SetUp - Test Case_cCLevel1ValidationTest_Successfully Started
2022-11-28 22:03:24 INFO  SetUp - Test Case_cCLevel1ValidationTest_get Skipped as its Runmode is 'NO' 
2022-11-28 22:03:24 INFO  SetUp - Test Case_cCLevel1ValidationTest_Successfully Started
2022-11-28 22:03:25 INFO  SetUp - Test Case_cCLevel1ValidationTest_get Skipped as its Runmode is 'NO' 
2022-11-28 22:03:25 INFO  SetUp - Test Case_cCLevel1ValidationTest_Successfully Started
2022-11-28 22:03:25 INFO  SetUp - Test Case_cCLevel1ValidationTest_get Skipped as its Runmode is 'NO' 
2022-11-28 22:03:26 INFO  SetUp - Test Case_branchLevel1ValidationTest_Successfully Started
2022-11-28 22:03:26 INFO  SetUp - Test Case_branchLevel1ValidationTest_get Skipped as its Runmode is 'NO' 
2022-11-28 22:03:27 INFO  SetUp - Test Case_branchLevel1ValidationTest_Successfully Started
2022-11-28 22:03:27 INFO  SetUp - Test Case_branchLevel1ValidationTest_get Skipped as its Runmode is 'NO' 
2022-11-28 22:03:28 INFO  SetUp - Test Case_branchLevel1ValidationTest_Successfully Started
2022-11-28 22:03:28 INFO  SetUp - Test Case_branchLevel1ValidationTest_get Skipped as its Runmode is 'NO' 
2022-11-28 22:03:28 INFO  SetUp - Test Case_branchLevel1ValidationTest_Successfully Started
2022-11-28 22:03:29 INFO  SetUp - Test Case_branchLevel1ValidationTest_get Skipped as its Runmode is 'NO' 
2022-11-28 22:03:29 INFO  SetUp - Test Case_branchLevel1ValidationTest_Successfully Started
2022-11-28 22:03:30 INFO  SetUp - Test Case_branchLevel1ValidationTest_get Skipped as its Runmode is 'NO' 
2022-11-28 22:03:30 INFO  SetUp - Test Case_branchLevel1ValidationTest_Successfully Started
2022-11-28 22:03:30 INFO  SetUp - Test Case_branchLevel1ValidationTest_get Skipped as its Runmode is 'NO' 
2022-11-28 22:03:31 INFO  SetUp - Test Case_branchLevel1ValidationTest_Successfully Started
2022-11-28 22:03:31 INFO  SetUp - Test Case_branchLevel1ValidationTest_get Skipped as its Runmode is 'NO' 
2022-11-28 22:03:31 INFO  SetUp - Test Case_branchLevel1ValidationTest_Successfully Started
2022-11-28 22:03:31 INFO  SetUp - Test Case_branchLevel1ValidationTest_get Skipped as its Runmode is 'NO' 
2022-11-28 22:03:32 INFO  SetUp - Test Case_branchLevel1ValidationTest_Successfully Started
2022-11-28 22:03:32 INFO  SetUp - Test Case_branchLevel1ValidationTest_get Skipped as its Runmode is 'NO' 
2022-11-28 22:03:32 INFO  SetUp - Test Case_branchLevel1ValidationTest_Successfully Started
2022-11-28 22:03:33 INFO  SetUp - Test Case_branchLevel1ValidationTest_get Skipped as its Runmode is 'NO' 
2022-11-28 22:03:33 INFO  SetUp - Test Case_cCLevel2ValidationTest_Successfully Started
2022-11-28 22:03:34 INFO  WebDriverManager - Using chromedriver 107.0.5304.62 (resolved driver for Chrome 107)
2022-11-28 22:03:34 INFO  WebDriverManager - Exporting webdriver.chrome.driver as C:\Users\Dhiraj Landge\.cache\selenium\chromedriver\win32\107.0.5304.62\chromedriver.exe
2022-11-28 22:03:37 INFO  SetUp - Chrome Browser Launched..
2022-11-28 22:03:38 INFO  SetUp - URL : https://crmpreprod.tataaia.com/sng7/app/login/login
2022-11-28 22:03:38 INFO  CommonMethods - Sucessfully clicked on Username_XPATH
2022-11-28 22:03:39 INFO  CommonMethods - Data sucessfully entered on Username_XPATH = OEAIV36
2022-11-28 22:03:39 INFO  CommonMethods - Sucessfully clicked on password_XPATH
2022-11-28 22:03:39 INFO  CommonMethods - Data sucessfully entered on password_XPATH = acid_qa
2022-11-28 22:03:40 INFO  ScreenShot - ScreenShot captured LoginPage || Status :Pass
2022-11-28 22:03:43 INFO  CommonMethods - Sucessfully clicked on loginBtn_XPATH
2022-11-28 22:03:43 INFO  CommonMethods - Sucessfully clicked on ProfileBtn_XPATH
2022-11-28 22:03:44 INFO  CommonMethods - Sucessfully clicked on Role_XPATH
2022-11-28 22:03:44 INFO  CommonMethods - Data = CC Quality Executive Sucessfully Selected from dropdown Role_XPATH
2022-11-28 22:04:45 ERROR SetUp - cCLevel2ValidationTest Get Failed due to 
Expected condition failed: waiting for visibility of element located by By.xpath: //span[normalize-space()='Policy Search'] (tried for 60 second(s) with 500 milliseconds interval)
Build info: version: '4.1.0', revision: '87802e897b'
System info: host: 'DESKTOP-K1PV4OP', ip: '192.168.0.102', os.name: 'Windows 11', os.arch: 'amd64', os.version: '10.0', java.version: '17.0.2'
Driver info: org.openqa.selenium.chrome.ChromeDriver
Capabilities {acceptInsecureCerts: false, browserName: chrome, browserVersion: 107.0.5304.108, chrome: {chromedriverVersion: 107.0.5304.62 (1eec40d3a576..., userDataDir: C:\Users\DHIRAJ~1\AppData\L...}, goog:chromeOptions: {debuggerAddress: localhost:51521}, javascriptEnabled: true, networkConnectionEnabled: false, pageLoadStrategy: normal, platform: WINDOWS, platformName: WINDOWS, proxy: Proxy(), se:cdp: ws://localhost:51521/devtoo..., se:cdpVersion: 107.0.5304.108, setWindowRect: true, strictFileInteractability: false, timeouts: {implicit: 0, pageLoad: 300000, script: 30000}, unhandledPromptBehavior: dismiss and notify, webauthn:extension:credBlob: true, webauthn:extension:largeBlob: true, webauthn:virtualAuthenticators: true}
Session ID: a48ebcc2b14ec222c3de19d0c4b4cc64
2022-11-28 22:04:45 INFO  ScreenShot - ScreenShot captured cCLevel2ValidationTest || Status :Fail
2022-11-28 22:04:45 INFO  CommonMethods - Row num for TestScenario = cCLevel2ValidationTest is = 3
2022-11-28 22:04:46 INFO  ExcelOperation - Write to excel with : Row=3 | Cell =5 | Data =Fail
2022-11-28 22:04:47 WARN  WebSocketHandler - onError
java.net.SocketException: Connection reset
	at sun.nio.ch.SocketChannelImpl.throwConnectionReset(SocketChannelImpl.java:394) ~[?:?]
	at sun.nio.ch.SocketChannelImpl.read(SocketChannelImpl.java:426) ~[?:?]
	at io.netty.buffer.PooledByteBuf.setBytes(PooledByteBuf.java:253) ~[netty-buffer-4.1.69.Final.jar:4.1.69.Final]
	at io.netty.buffer.AbstractByteBuf.writeBytes(AbstractByteBuf.java:1132) ~[netty-buffer-4.1.69.Final.jar:4.1.69.Final]
	at io.netty.channel.socket.nio.NioSocketChannel.doReadBytes(NioSocketChannel.java:350) ~[netty-transport-4.1.69.Final.jar:4.1.69.Final]
	at io.netty.channel.nio.AbstractNioByteChannel$NioByteUnsafe.read(AbstractNioByteChannel.java:151) [netty-transport-4.1.69.Final.jar:4.1.69.Final]
	at io.netty.channel.nio.NioEventLoop.processSelectedKey(NioEventLoop.java:719) [netty-transport-4.1.69.Final.jar:4.1.69.Final]
	at io.netty.channel.nio.NioEventLoop.processSelectedKeysOptimized(NioEventLoop.java:655) [netty-transport-4.1.69.Final.jar:4.1.69.Final]
	at io.netty.channel.nio.NioEventLoop.processSelectedKeys(NioEventLoop.java:581) [netty-transport-4.1.69.Final.jar:4.1.69.Final]
	at io.netty.channel.nio.NioEventLoop.run(NioEventLoop.java:493) [netty-transport-4.1.69.Final.jar:4.1.69.Final]
	at io.netty.util.concurrent.SingleThreadEventExecutor$4.run(SingleThreadEventExecutor.java:986) [netty-common-4.1.69.Final.jar:4.1.69.Final]
	at io.netty.util.internal.ThreadExecutorMap$2.run(ThreadExecutorMap.java:74) [netty-common-4.1.69.Final.jar:4.1.69.Final]
	at io.netty.util.concurrent.FastThreadLocalRunnable.run(FastThreadLocalRunnable.java:30) [netty-common-4.1.69.Final.jar:4.1.69.Final]
	at java.lang.Thread.run(Thread.java:833) [?:?]
2022-11-28 22:04:48 INFO  SetUp - Browser Closed..
2022-11-28 22:04:49 INFO  SetUp - Test Case_quickLinksTest_Successfully Started
2022-11-28 22:04:49 INFO  SetUp - Test Case_quickLinksTest_get Skipped as its Runmode is 'NO' 
2022-11-28 22:04:50 INFO  SetUp - Test Case_cTAYesResponseTest_Successfully Started
2022-11-28 22:04:51 INFO  SetUp - Test Case_cTAYesResponseTest_get Skipped as its Runmode is 'NO' 
2022-11-28 22:06:20 INFO  Utils - [TestNG] Running:
  C:\Users\Dhiraj Landge\eclipse-workspace\Talic_Life_Insurance\src\test\resources\RunnerFiles\testng.xml

2022-11-28 22:06:22 INFO  SetUp - Test Case_customer360CardViewTest_Successfully Started
2022-11-28 22:06:23 INFO  SetUp - Test Case_customer360CardViewTest_get Skipped as its Runmode is 'NO' 
2022-11-28 22:06:24 INFO  SetUp - Test Case_policy360CardViewTest_Successfully Started
2022-11-28 22:06:25 INFO  SetUp - Test Case_policy360CardViewTest_get Skipped as its Runmode is 'NO' 
2022-11-28 22:06:25 INFO  SetUp - Test Case_cCLevel1ValidationTest_Successfully Started
2022-11-28 22:06:25 INFO  SetUp - Test Case_cCLevel1ValidationTest_get Skipped as its Runmode is 'NO' 
2022-11-28 22:06:25 INFO  SetUp - Test Case_cCLevel1ValidationTest_Successfully Started
2022-11-28 22:06:26 INFO  SetUp - Test Case_cCLevel1ValidationTest_get Skipped as its Runmode is 'NO' 
2022-11-28 22:06:26 INFO  SetUp - Test Case_cCLevel1ValidationTest_Successfully Started
2022-11-28 22:06:26 INFO  SetUp - Test Case_cCLevel1ValidationTest_get Skipped as its Runmode is 'NO' 
2022-11-28 22:06:27 INFO  SetUp - Test Case_cCLevel1ValidationTest_Successfully Started
2022-11-28 22:06:27 INFO  SetUp - Test Case_cCLevel1ValidationTest_get Skipped as its Runmode is 'NO' 
2022-11-28 22:06:27 INFO  SetUp - Test Case_cCLevel1ValidationTest_Successfully Started
2022-11-28 22:06:27 INFO  SetUp - Test Case_cCLevel1ValidationTest_get Skipped as its Runmode is 'NO' 
2022-11-28 22:06:28 INFO  SetUp - Test Case_branchLevel1ValidationTest_Successfully Started
2022-11-28 22:06:28 INFO  SetUp - Test Case_branchLevel1ValidationTest_get Skipped as its Runmode is 'NO' 
2022-11-28 22:06:28 INFO  SetUp - Test Case_branchLevel1ValidationTest_Successfully Started
2022-11-28 22:06:29 INFO  SetUp - Test Case_branchLevel1ValidationTest_get Skipped as its Runmode is 'NO' 
2022-11-28 22:06:29 INFO  SetUp - Test Case_branchLevel1ValidationTest_Successfully Started
2022-11-28 22:06:30 INFO  SetUp - Test Case_branchLevel1ValidationTest_get Skipped as its Runmode is 'NO' 
2022-11-28 22:06:30 INFO  SetUp - Test Case_branchLevel1ValidationTest_Successfully Started
2022-11-28 22:06:30 INFO  SetUp - Test Case_branchLevel1ValidationTest_get Skipped as its Runmode is 'NO' 
2022-11-28 22:06:31 INFO  SetUp - Test Case_branchLevel1ValidationTest_Successfully Started
2022-11-28 22:06:31 INFO  SetUp - Test Case_branchLevel1ValidationTest_get Skipped as its Runmode is 'NO' 
2022-11-28 22:06:31 INFO  SetUp - Test Case_branchLevel1ValidationTest_Successfully Started
2022-11-28 22:06:32 INFO  SetUp - Test Case_branchLevel1ValidationTest_get Skipped as its Runmode is 'NO' 
2022-11-28 22:06:32 INFO  SetUp - Test Case_branchLevel1ValidationTest_Successfully Started
2022-11-28 22:06:32 INFO  SetUp - Test Case_branchLevel1ValidationTest_get Skipped as its Runmode is 'NO' 
2022-11-28 22:06:33 INFO  SetUp - Test Case_branchLevel1ValidationTest_Successfully Started
2022-11-28 22:06:33 INFO  SetUp - Test Case_branchLevel1ValidationTest_get Skipped as its Runmode is 'NO' 
2022-11-28 22:06:33 INFO  SetUp - Test Case_branchLevel1ValidationTest_Successfully Started
2022-11-28 22:06:34 INFO  SetUp - Test Case_branchLevel1ValidationTest_get Skipped as its Runmode is 'NO' 
2022-11-28 22:06:34 INFO  SetUp - Test Case_branchLevel1ValidationTest_Successfully Started
2022-11-28 22:06:34 INFO  SetUp - Test Case_branchLevel1ValidationTest_get Skipped as its Runmode is 'NO' 
2022-11-28 22:06:34 INFO  SetUp - Test Case_cCLevel2ValidationTest_Successfully Started
2022-11-28 22:06:35 INFO  WebDriverManager - Using chromedriver 107.0.5304.62 (resolved driver for Chrome 107)
2022-11-28 22:06:35 INFO  WebDriverManager - Exporting webdriver.chrome.driver as C:\Users\Dhiraj Landge\.cache\selenium\chromedriver\win32\107.0.5304.62\chromedriver.exe
2022-11-28 22:06:38 INFO  SetUp - Chrome Browser Launched..
2022-11-28 22:06:39 INFO  SetUp - URL : https://crmpreprod.tataaia.com/sng7/app/login/login
2022-11-28 22:06:39 INFO  CommonMethods - Sucessfully clicked on Username_XPATH
2022-11-28 22:06:39 INFO  CommonMethods - Data sucessfully entered on Username_XPATH = OEAIV36
2022-11-28 22:06:40 INFO  CommonMethods - Sucessfully clicked on password_XPATH
2022-11-28 22:06:40 INFO  CommonMethods - Data sucessfully entered on password_XPATH = acid_qa
2022-11-28 22:06:40 INFO  ScreenShot - ScreenShot captured LoginPage || Status :Pass
2022-11-28 22:06:43 INFO  CommonMethods - Sucessfully clicked on loginBtn_XPATH
2022-11-28 22:06:43 INFO  CommonMethods - Sucessfully clicked on ProfileBtn_XPATH
2022-11-28 22:06:44 INFO  CommonMethods - Sucessfully clicked on Role_XPATH
2022-11-28 22:06:44 ERROR CommonMethods - Not able to select from dropdown Role_XPATHdue to Cannot locate option with text: Contact Centre Head
For documentation on this error, please visit: https://selenium.dev/exceptions/#no_such_element
Build info: version: '4.1.0', revision: '87802e897b'
System info: host: 'DESKTOP-K1PV4OP', ip: '192.168.0.102', os.name: 'Windows 11', os.arch: 'amd64', os.version: '10.0', java.version: '17.0.2'
Driver info: driver.version: unknown
2022-11-28 22:06:58 INFO  ScreenShot - ScreenShot captured QuickLinks || Status :Pass
2022-11-28 22:07:00 INFO  CommonMethods - Sucessfully clicked on PolicySearch_XPATH
2022-11-28 22:07:00 INFO  CommonMethods - Sucessfully clicked on PolicyNumber1_XPATH
2022-11-28 22:07:01 INFO  CommonMethods - Data sucessfully entered on PolicyNumber1_XPATH = M337738393
2022-11-28 22:07:01 INFO  ScreenShot - ScreenShot captured PolicySearch || Status :Pass
2022-11-28 22:07:01 INFO  CommonMethods - Sucessfully clicked on Fetch_XPATH
2022-11-28 22:07:36 INFO  Utils - [TestNG] Running:
  C:\Users\Dhiraj Landge\eclipse-workspace\Talic_Life_Insurance\src\test\resources\RunnerFiles\testng.xml

2022-11-28 22:07:38 INFO  SetUp - Test Case_customer360CardViewTest_Successfully Started
2022-11-28 22:07:39 INFO  SetUp - Test Case_customer360CardViewTest_get Skipped as its Runmode is 'NO' 
2022-11-28 22:07:40 INFO  SetUp - Test Case_policy360CardViewTest_Successfully Started
2022-11-28 22:07:41 INFO  SetUp - Test Case_policy360CardViewTest_get Skipped as its Runmode is 'NO' 
2022-11-28 22:07:41 INFO  SetUp - Test Case_cCLevel1ValidationTest_Successfully Started
2022-11-28 22:07:41 INFO  SetUp - Test Case_cCLevel1ValidationTest_get Skipped as its Runmode is 'NO' 
2022-11-28 22:07:42 INFO  SetUp - Test Case_cCLevel1ValidationTest_Successfully Started
2022-11-28 22:07:42 INFO  SetUp - Test Case_cCLevel1ValidationTest_get Skipped as its Runmode is 'NO' 
2022-11-28 22:07:42 INFO  SetUp - Test Case_cCLevel1ValidationTest_Successfully Started
2022-11-28 22:07:42 INFO  SetUp - Test Case_cCLevel1ValidationTest_get Skipped as its Runmode is 'NO' 
2022-11-28 22:07:43 INFO  SetUp - Test Case_cCLevel1ValidationTest_Successfully Started
2022-11-28 22:07:43 INFO  SetUp - Test Case_cCLevel1ValidationTest_get Skipped as its Runmode is 'NO' 
2022-11-28 22:07:43 INFO  SetUp - Test Case_cCLevel1ValidationTest_Successfully Started
2022-11-28 22:07:43 INFO  SetUp - Test Case_cCLevel1ValidationTest_get Skipped as its Runmode is 'NO' 
2022-11-28 22:07:44 INFO  SetUp - Test Case_branchLevel1ValidationTest_Successfully Started
2022-11-28 22:07:44 INFO  SetUp - Test Case_branchLevel1ValidationTest_get Skipped as its Runmode is 'NO' 
2022-11-28 22:07:44 INFO  SetUp - Test Case_branchLevel1ValidationTest_Successfully Started
2022-11-28 22:07:45 INFO  SetUp - Test Case_branchLevel1ValidationTest_get Skipped as its Runmode is 'NO' 
2022-11-28 22:07:45 INFO  SetUp - Test Case_branchLevel1ValidationTest_Successfully Started
2022-11-28 22:07:45 INFO  SetUp - Test Case_branchLevel1ValidationTest_get Skipped as its Runmode is 'NO' 
2022-11-28 22:07:46 INFO  SetUp - Test Case_branchLevel1ValidationTest_Successfully Started
2022-11-28 22:07:46 INFO  SetUp - Test Case_branchLevel1ValidationTest_get Skipped as its Runmode is 'NO' 
2022-11-28 22:07:46 INFO  SetUp - Test Case_branchLevel1ValidationTest_Successfully Started
2022-11-28 22:07:47 INFO  SetUp - Test Case_branchLevel1ValidationTest_get Skipped as its Runmode is 'NO' 
2022-11-28 22:07:47 INFO  SetUp - Test Case_branchLevel1ValidationTest_Successfully Started
2022-11-28 22:07:47 INFO  SetUp - Test Case_branchLevel1ValidationTest_get Skipped as its Runmode is 'NO' 
2022-11-28 22:07:48 INFO  SetUp - Test Case_branchLevel1ValidationTest_Successfully Started
2022-11-28 22:07:48 INFO  SetUp - Test Case_branchLevel1ValidationTest_get Skipped as its Runmode is 'NO' 
2022-11-28 22:07:48 INFO  SetUp - Test Case_branchLevel1ValidationTest_Successfully Started
2022-11-28 22:07:48 INFO  SetUp - Test Case_branchLevel1ValidationTest_get Skipped as its Runmode is 'NO' 
2022-11-28 22:07:49 INFO  SetUp - Test Case_branchLevel1ValidationTest_Successfully Started
2022-11-28 22:07:49 INFO  SetUp - Test Case_branchLevel1ValidationTest_get Skipped as its Runmode is 'NO' 
2022-11-28 22:07:49 INFO  SetUp - Test Case_branchLevel1ValidationTest_Successfully Started
2022-11-28 22:07:49 INFO  SetUp - Test Case_branchLevel1ValidationTest_get Skipped as its Runmode is 'NO' 
2022-11-28 22:07:50 INFO  SetUp - Test Case_cCLevel2ValidationTest_Successfully Started
2022-11-28 22:07:51 INFO  WebDriverManager - Using chromedriver 107.0.5304.62 (resolved driver for Chrome 107)
2022-11-28 22:07:51 INFO  WebDriverManager - Exporting webdriver.chrome.driver as C:\Users\Dhiraj Landge\.cache\selenium\chromedriver\win32\107.0.5304.62\chromedriver.exe
2022-11-28 22:07:53 INFO  SetUp - Chrome Browser Launched..
2022-11-28 22:07:54 INFO  SetUp - URL : https://crmpreprod.tataaia.com/sng7/app/login/login
2022-11-28 22:07:55 INFO  CommonMethods - Sucessfully clicked on Username_XPATH
2022-11-28 22:07:55 INFO  CommonMethods - Data sucessfully entered on Username_XPATH = OEAIV36
2022-11-28 22:07:55 INFO  CommonMethods - Sucessfully clicked on password_XPATH
2022-11-28 22:07:55 INFO  CommonMethods - Data sucessfully entered on password_XPATH = acid_qa
2022-11-28 22:07:56 INFO  ScreenShot - ScreenShot captured LoginPage || Status :Pass
2022-11-28 22:07:59 INFO  CommonMethods - Sucessfully clicked on loginBtn_XPATH
2022-11-28 22:07:59 INFO  CommonMethods - Sucessfully clicked on ProfileBtn_XPATH
2022-11-28 22:07:59 INFO  CommonMethods - Sucessfully clicked on Role_XPATH
2022-11-28 22:08:00 ERROR CommonMethods - Not able to select from dropdown Role_XPATHdue to Cannot locate option with text: Contact Centre Head
For documentation on this error, please visit: https://selenium.dev/exceptions/#no_such_element
Build info: version: '4.1.0', revision: '87802e897b'
System info: host: 'DESKTOP-K1PV4OP', ip: '192.168.0.102', os.name: 'Windows 11', os.arch: 'amd64', os.version: '10.0', java.version: '17.0.2'
Driver info: driver.version: unknown
2022-11-28 22:08:13 INFO  ScreenShot - ScreenShot captured QuickLinks || Status :Pass
2022-11-28 22:08:15 INFO  CommonMethods - Sucessfully clicked on PolicySearch_XPATH
2022-11-28 22:08:15 INFO  CommonMethods - Sucessfully clicked on PolicyNumber1_XPATH
2022-11-28 22:08:15 INFO  CommonMethods - Data sucessfully entered on PolicyNumber1_XPATH = C000000013
2022-11-28 22:08:16 INFO  ScreenShot - ScreenShot captured PolicySearch || Status :Pass
2022-11-28 22:08:16 INFO  CommonMethods - Sucessfully clicked on Fetch_XPATH
2022-11-28 22:08:17 INFO  ScreenShot - ScreenShot captured Action || Status :Pass
2022-11-28 22:08:17 INFO  CommonMethods - Sucessfully clicked on Action_XPATH
2022-11-28 22:08:20 INFO  ScreenShot - ScreenShot captured ActionCentre || Status :Pass
2022-11-28 22:08:21 INFO  CommonMethods - Sucessfully clicked on ActionCentre_XPATH
2022-11-28 22:08:21 INFO  ScreenShot - ScreenShot captured Level2ValidationJourney || Status :Pass
2022-11-28 22:08:23 INFO  CommonMethods - Sucessfully clicked on Level2Validation_XPATH
2022-11-28 22:08:23 INFO  ScreenShot - ScreenShot captured Validate || Status :Pass
2022-11-28 22:08:23 INFO  CommonMethods - Sucessfully clicked on Toggle11_XPATH
2022-11-28 22:08:24 INFO  CommonMethods - Sucessfully clicked on Toggle12_XPATH
2022-11-28 22:08:26 INFO  ScreenShot - ScreenShot captured PassingCriteria || Status :Pass
2022-11-28 22:08:26 INFO  CommonMethods - Sucessfully clicked on Next3_XPATH
2022-11-28 22:08:29 INFO  CommonMethods - Sucessfully clicked on Close22_XPATH
2022-11-28 22:08:32 INFO  CommonMethods - Sucessfully clicked on ProfileBtn_XPATH
2022-11-28 22:08:32 INFO  CommonMethods - Sucessfully clicked on logoutBtn_XPATH
2022-11-28 22:08:32 INFO  LoginPage - Sucessfully logout..
2022-11-28 22:08:32 INFO  SetUp - Test Case_cCLevel2ValidationTest_Successfully Passed
2022-11-28 22:08:33 INFO  CommonMethods - Row num for TestScenario = cCLevel2ValidationTest is = 3
2022-11-28 22:08:34 INFO  ExcelOperation - Write to excel with : Row=3 | Cell =5 | Data =Pass
2022-11-28 22:08:34 WARN  WebSocketHandler - onError
java.net.SocketException: Connection reset
	at sun.nio.ch.SocketChannelImpl.throwConnectionReset(SocketChannelImpl.java:394) ~[?:?]
	at sun.nio.ch.SocketChannelImpl.read(SocketChannelImpl.java:426) ~[?:?]
	at io.netty.buffer.PooledByteBuf.setBytes(PooledByteBuf.java:253) ~[netty-buffer-4.1.69.Final.jar:4.1.69.Final]
	at io.netty.buffer.AbstractByteBuf.writeBytes(AbstractByteBuf.java:1132) ~[netty-buffer-4.1.69.Final.jar:4.1.69.Final]
	at io.netty.channel.socket.nio.NioSocketChannel.doReadBytes(NioSocketChannel.java:350) ~[netty-transport-4.1.69.Final.jar:4.1.69.Final]
	at io.netty.channel.nio.AbstractNioByteChannel$NioByteUnsafe.read(AbstractNioByteChannel.java:151) [netty-transport-4.1.69.Final.jar:4.1.69.Final]
	at io.netty.channel.nio.NioEventLoop.processSelectedKey(NioEventLoop.java:719) [netty-transport-4.1.69.Final.jar:4.1.69.Final]
	at io.netty.channel.nio.NioEventLoop.processSelectedKeysOptimized(NioEventLoop.java:655) [netty-transport-4.1.69.Final.jar:4.1.69.Final]
	at io.netty.channel.nio.NioEventLoop.processSelectedKeys(NioEventLoop.java:581) [netty-transport-4.1.69.Final.jar:4.1.69.Final]
	at io.netty.channel.nio.NioEventLoop.run(NioEventLoop.java:493) [netty-transport-4.1.69.Final.jar:4.1.69.Final]
	at io.netty.util.concurrent.SingleThreadEventExecutor$4.run(SingleThreadEventExecutor.java:986) [netty-common-4.1.69.Final.jar:4.1.69.Final]
	at io.netty.util.internal.ThreadExecutorMap$2.run(ThreadExecutorMap.java:74) [netty-common-4.1.69.Final.jar:4.1.69.Final]
	at io.netty.util.concurrent.FastThreadLocalRunnable.run(FastThreadLocalRunnable.java:30) [netty-common-4.1.69.Final.jar:4.1.69.Final]
	at java.lang.Thread.run(Thread.java:833) [?:?]
2022-11-28 22:08:35 INFO  SetUp - Browser Closed..
2022-11-28 22:08:36 INFO  SetUp - Test Case_quickLinksTest_Successfully Started
2022-11-28 22:08:36 INFO  SetUp - Test Case_quickLinksTest_get Skipped as its Runmode is 'NO' 
2022-11-28 22:08:37 INFO  SetUp - Test Case_cTAYesResponseTest_Successfully Started
2022-11-28 22:08:38 INFO  SetUp - Test Case_cTAYesResponseTest_get Skipped as its Runmode is 'NO' 
2022-11-28 22:08:39 INFO  SetUp - Test Case_cTANoResponseTest_Successfully Started
2022-11-28 22:08:39 INFO  SetUp - Test Case_cTANoResponseTest_get Skipped as its Runmode is 'NO' 
2022-11-28 22:08:39 INFO  SetUp - Test Case_cTAResponseReportTest_Successfully Started
2022-11-28 22:08:40 INFO  SetUp - Test Case_cTAResponseReportTest_get Skipped as its Runmode is 'NO' 
2022-11-28 22:08:42 INFO  CommonMethods - Test Report Mail sent successfully to dhiraj.landge@businessnext.com
2022-11-28 22:10:33 INFO  Utils - [TestNG] Running:
  C:\Users\Dhiraj Landge\eclipse-workspace\Talic_Life_Insurance\src\test\resources\RunnerFiles\testng.xml

2022-11-28 22:10:35 INFO  SetUp - Test Case_customer360CardViewTest_Successfully Started
2022-11-28 22:10:36 INFO  SetUp - Test Case_customer360CardViewTest_get Skipped as its Runmode is 'NO' 
2022-11-28 22:10:37 INFO  SetUp - Test Case_policy360CardViewTest_Successfully Started
2022-11-28 22:10:37 INFO  SetUp - Test Case_policy360CardViewTest_get Skipped as its Runmode is 'NO' 
2022-11-28 22:10:38 INFO  SetUp - Test Case_cCLevel1ValidationTest_Successfully Started
2022-11-28 22:10:38 INFO  SetUp - Test Case_cCLevel1ValidationTest_get Skipped as its Runmode is 'NO' 
2022-11-28 22:10:38 INFO  SetUp - Test Case_cCLevel1ValidationTest_Successfully Started
2022-11-28 22:10:38 INFO  SetUp - Test Case_cCLevel1ValidationTest_get Skipped as its Runmode is 'NO' 
2022-11-28 22:10:39 INFO  SetUp - Test Case_cCLevel1ValidationTest_Successfully Started
2022-11-28 22:10:39 INFO  SetUp - Test Case_cCLevel1ValidationTest_get Skipped as its Runmode is 'NO' 
2022-11-28 22:10:39 INFO  SetUp - Test Case_cCLevel1ValidationTest_Successfully Started
2022-11-28 22:10:40 INFO  SetUp - Test Case_cCLevel1ValidationTest_get Skipped as its Runmode is 'NO' 
2022-11-28 22:10:40 INFO  SetUp - Test Case_cCLevel1ValidationTest_Successfully Started
2022-11-28 22:10:40 INFO  SetUp - Test Case_cCLevel1ValidationTest_get Skipped as its Runmode is 'NO' 
2022-11-28 22:10:40 INFO  SetUp - Test Case_branchLevel1ValidationTest_Successfully Started
2022-11-28 22:10:41 INFO  SetUp - Test Case_branchLevel1ValidationTest_get Skipped as its Runmode is 'NO' 
2022-11-28 22:10:41 INFO  SetUp - Test Case_branchLevel1ValidationTest_Successfully Started
2022-11-28 22:10:42 INFO  SetUp - Test Case_branchLevel1ValidationTest_get Skipped as its Runmode is 'NO' 
2022-11-28 22:10:42 INFO  SetUp - Test Case_branchLevel1ValidationTest_Successfully Started
2022-11-28 22:10:42 INFO  SetUp - Test Case_branchLevel1ValidationTest_get Skipped as its Runmode is 'NO' 
2022-11-28 22:10:43 INFO  SetUp - Test Case_branchLevel1ValidationTest_Successfully Started
2022-11-28 22:10:43 INFO  SetUp - Test Case_branchLevel1ValidationTest_get Skipped as its Runmode is 'NO' 
2022-11-28 22:10:43 INFO  SetUp - Test Case_branchLevel1ValidationTest_Successfully Started
2022-11-28 22:10:44 INFO  SetUp - Test Case_branchLevel1ValidationTest_get Skipped as its Runmode is 'NO' 
2022-11-28 22:10:44 INFO  SetUp - Test Case_branchLevel1ValidationTest_Successfully Started
2022-11-28 22:10:44 INFO  SetUp - Test Case_branchLevel1ValidationTest_get Skipped as its Runmode is 'NO' 
2022-11-28 22:10:45 INFO  SetUp - Test Case_branchLevel1ValidationTest_Successfully Started
2022-11-28 22:10:45 INFO  SetUp - Test Case_branchLevel1ValidationTest_get Skipped as its Runmode is 'NO' 
2022-11-28 22:10:45 INFO  SetUp - Test Case_branchLevel1ValidationTest_Successfully Started
2022-11-28 22:10:45 INFO  SetUp - Test Case_branchLevel1ValidationTest_get Skipped as its Runmode is 'NO' 
2022-11-28 22:10:46 INFO  SetUp - Test Case_branchLevel1ValidationTest_Successfully Started
2022-11-28 22:10:46 INFO  SetUp - Test Case_branchLevel1ValidationTest_get Skipped as its Runmode is 'NO' 
2022-11-28 22:10:46 INFO  SetUp - Test Case_branchLevel1ValidationTest_Successfully Started
2022-11-28 22:10:47 INFO  SetUp - Test Case_branchLevel1ValidationTest_get Skipped as its Runmode is 'NO' 
2022-11-28 22:10:47 INFO  SetUp - Test Case_cCLevel2ValidationTest_Successfully Started
2022-11-28 22:10:47 INFO  SetUp - Test Case_cCLevel2ValidationTest_get Skipped as its Runmode is 'NO' 
2022-11-28 22:10:47 INFO  SetUp - Test Case_quickLinksTest_Successfully Started
2022-11-28 22:10:47 INFO  SetUp - Test Case_quickLinksTest_get Skipped as its Runmode is 'NO' 
2022-11-28 22:10:48 INFO  SetUp - Test Case_cTAYesResponseTest_Successfully Started
2022-11-28 22:10:48 INFO  SetUp - Test Case_cTAYesResponseTest_get Skipped as its Runmode is 'NO' 
2022-11-28 22:10:49 INFO  SetUp - Test Case_cTANoResponseTest_Successfully Started
2022-11-28 22:10:49 INFO  SetUp - Test Case_cTANoResponseTest_get Skipped as its Runmode is 'NO' 
2022-11-28 22:10:49 INFO  SetUp - Test Case_cTAResponseReportTest_Successfully Started
2022-11-28 22:10:50 INFO  WebDriverManager - Using chromedriver 107.0.5304.62 (resolved driver for Chrome 107)
2022-11-28 22:10:50 INFO  WebDriverManager - Exporting webdriver.chrome.driver as C:\Users\Dhiraj Landge\.cache\selenium\chromedriver\win32\107.0.5304.62\chromedriver.exe
2022-11-28 22:10:53 INFO  SetUp - Chrome Browser Launched..
2022-11-28 22:10:54 INFO  SetUp - URL : https://crmpreprod.tataaia.com/sng7/app/login/login
2022-11-28 22:10:54 INFO  CommonMethods - Sucessfully clicked on Username_XPATH
2022-11-28 22:10:55 INFO  CommonMethods - Data sucessfully entered on Username_XPATH = OEAIV36
2022-11-28 22:10:55 INFO  CommonMethods - Sucessfully clicked on password_XPATH
2022-11-28 22:10:55 INFO  CommonMethods - Data sucessfully entered on password_XPATH = acid_qa
2022-11-28 22:10:56 INFO  ScreenShot - ScreenShot captured LoginPage || Status :Pass
2022-11-28 22:10:58 INFO  CommonMethods - Sucessfully clicked on loginBtn_XPATH
2022-11-28 22:11:13 INFO  CommonMethods - Sucessfully clicked on Report_XPATH
2022-11-28 22:11:14 INFO  CommonMethods - Sucessfully clicked on CallToAction_XPATH
2022-11-28 22:11:15 INFO  CommonMethods - Sucessfully clicked on CallToActionResponse_XPATH
2022-11-28 22:11:16 INFO  CommonMethods - Swiched to Child window name : Call To Action Response || URL :https://crmpreprod.tataaia.com/sng7/app/Report/GetReportDetailControl?x=3nc2ksnk2m6gtyass5rhgl42ww5c7v2e7emfl8nzjzb5l6x2z3ya&winpop=1
2022-11-28 22:11:25 INFO  CommonMethods - Sucessfully clicked on CSV_XPATH
2022-11-28 22:12:27 ERROR SetUp - cTAResponseReportTest Get Failed due to 
Expected condition failed: waiting for visibility of element located by By.xpath: //div[@class="header__item header__profile ht-3 mid relative pointer"]/a (tried for 60 second(s) with 500 milliseconds interval)
2022-11-28 22:12:27 ERROR ScreenShot - Unbale to capture screenshot due to no such window: target window already closed
from unknown error: web view not found
  (Session info: chrome=107.0.5304.108)
Build info: version: '4.1.0', revision: '87802e897b'
System info: host: 'DESKTOP-K1PV4OP', ip: '192.168.0.102', os.name: 'Windows 11', os.arch: 'amd64', os.version: '10.0', java.version: '17.0.2'
Driver info: org.openqa.selenium.chrome.ChromeDriver
Command: [980df6898ef3eeadeb7ed94c76fd6570, screenshot {}]
Capabilities {acceptInsecureCerts: false, browserName: chrome, browserVersion: 107.0.5304.108, chrome: {chromedriverVersion: 107.0.5304.62 (1eec40d3a576..., userDataDir: C:\Users\DHIRAJ~1\AppData\L...}, goog:chromeOptions: {debuggerAddress: localhost:51785}, javascriptEnabled: true, networkConnectionEnabled: false, pageLoadStrategy: normal, platform: WINDOWS, platformName: WINDOWS, proxy: Proxy(), se:cdp: ws://localhost:51785/devtoo..., se:cdpVersion: 107.0.5304.108, setWindowRect: true, strictFileInteractability: false, timeouts: {implicit: 0, pageLoad: 300000, script: 30000}, unhandledPromptBehavior: dismiss and notify, webauthn:extension:credBlob: true, webauthn:extension:largeBlob: true, webauthn:virtualAuthenticators: true}
Session ID: 980df6898ef3eeadeb7ed94c76fd6570
2022-11-28 22:12:27 INFO  CommonMethods - Row num for TestScenario = cTAResponseReportTest is = 4
2022-11-28 22:12:29 INFO  ExcelOperation - Write to excel with : Row=4 | Cell =5 | Data =Fail
2022-11-28 22:12:31 INFO  CommonMethods - Test Report Mail sent successfully to dhiraj.landge@businessnext.com
2022-11-28 22:14:13 INFO  Utils - [TestNG] Running:
  C:\Users\Dhiraj Landge\eclipse-workspace\Talic_Life_Insurance\src\test\resources\RunnerFiles\testng.xml

2022-11-28 22:14:15 INFO  SetUp - Test Case_customer360CardViewTest_Successfully Started
2022-11-28 22:14:16 INFO  SetUp - Test Case_customer360CardViewTest_get Skipped as its Runmode is 'NO' 
2022-11-28 22:14:17 INFO  SetUp - Test Case_policy360CardViewTest_Successfully Started
2022-11-28 22:14:18 INFO  SetUp - Test Case_policy360CardViewTest_get Skipped as its Runmode is 'NO' 
2022-11-28 22:14:18 INFO  SetUp - Test Case_cCLevel1ValidationTest_Successfully Started
2022-11-28 22:14:18 INFO  SetUp - Test Case_cCLevel1ValidationTest_get Skipped as its Runmode is 'NO' 
2022-11-28 22:14:19 INFO  SetUp - Test Case_cCLevel1ValidationTest_Successfully Started
2022-11-28 22:14:19 INFO  SetUp - Test Case_cCLevel1ValidationTest_get Skipped as its Runmode is 'NO' 
2022-11-28 22:14:19 INFO  SetUp - Test Case_cCLevel1ValidationTest_Successfully Started
2022-11-28 22:14:19 INFO  SetUp - Test Case_cCLevel1ValidationTest_get Skipped as its Runmode is 'NO' 
2022-11-28 22:14:20 INFO  SetUp - Test Case_cCLevel1ValidationTest_Successfully Started
2022-11-28 22:14:20 INFO  SetUp - Test Case_cCLevel1ValidationTest_get Skipped as its Runmode is 'NO' 
2022-11-28 22:14:20 INFO  SetUp - Test Case_cCLevel1ValidationTest_Successfully Started
2022-11-28 22:14:20 INFO  SetUp - Test Case_cCLevel1ValidationTest_get Skipped as its Runmode is 'NO' 
2022-11-28 22:14:21 INFO  SetUp - Test Case_branchLevel1ValidationTest_Successfully Started
2022-11-28 22:14:21 INFO  SetUp - Test Case_branchLevel1ValidationTest_get Skipped as its Runmode is 'NO' 
2022-11-28 22:14:22 INFO  SetUp - Test Case_branchLevel1ValidationTest_Successfully Started
2022-11-28 22:14:22 INFO  SetUp - Test Case_branchLevel1ValidationTest_get Skipped as its Runmode is 'NO' 
2022-11-28 22:14:22 INFO  SetUp - Test Case_branchLevel1ValidationTest_Successfully Started
2022-11-28 22:14:23 INFO  SetUp - Test Case_branchLevel1ValidationTest_get Skipped as its Runmode is 'NO' 
2022-11-28 22:14:23 INFO  SetUp - Test Case_branchLevel1ValidationTest_Successfully Started
2022-11-28 22:14:24 INFO  SetUp - Test Case_branchLevel1ValidationTest_get Skipped as its Runmode is 'NO' 
2022-11-28 22:14:24 INFO  SetUp - Test Case_branchLevel1ValidationTest_Successfully Started
2022-11-28 22:14:24 INFO  SetUp - Test Case_branchLevel1ValidationTest_get Skipped as its Runmode is 'NO' 
2022-11-28 22:14:25 INFO  SetUp - Test Case_branchLevel1ValidationTest_Successfully Started
2022-11-28 22:14:25 INFO  SetUp - Test Case_branchLevel1ValidationTest_get Skipped as its Runmode is 'NO' 
2022-11-28 22:14:25 INFO  SetUp - Test Case_branchLevel1ValidationTest_Successfully Started
2022-11-28 22:14:26 INFO  SetUp - Test Case_branchLevel1ValidationTest_get Skipped as its Runmode is 'NO' 
2022-11-28 22:14:26 INFO  SetUp - Test Case_branchLevel1ValidationTest_Successfully Started
2022-11-28 22:14:26 INFO  SetUp - Test Case_branchLevel1ValidationTest_get Skipped as its Runmode is 'NO' 
2022-11-28 22:14:27 INFO  SetUp - Test Case_branchLevel1ValidationTest_Successfully Started
2022-11-28 22:14:27 INFO  SetUp - Test Case_branchLevel1ValidationTest_get Skipped as its Runmode is 'NO' 
2022-11-28 22:14:27 INFO  SetUp - Test Case_branchLevel1ValidationTest_Successfully Started
2022-11-28 22:14:27 INFO  SetUp - Test Case_branchLevel1ValidationTest_get Skipped as its Runmode is 'NO' 
2022-11-28 22:14:28 INFO  SetUp - Test Case_cCLevel2ValidationTest_Successfully Started
2022-11-28 22:14:28 INFO  SetUp - Test Case_cCLevel2ValidationTest_get Skipped as its Runmode is 'NO' 
2022-11-28 22:14:28 INFO  SetUp - Test Case_quickLinksTest_Successfully Started
2022-11-28 22:14:29 INFO  SetUp - Test Case_quickLinksTest_get Skipped as its Runmode is 'NO' 
2022-11-28 22:14:29 INFO  SetUp - Test Case_cTAYesResponseTest_Successfully Started
2022-11-28 22:14:29 INFO  SetUp - Test Case_cTAYesResponseTest_get Skipped as its Runmode is 'NO' 
2022-11-28 22:14:30 INFO  SetUp - Test Case_cTANoResponseTest_Successfully Started
2022-11-28 22:14:31 INFO  SetUp - Test Case_cTANoResponseTest_get Skipped as its Runmode is 'NO' 
2022-11-28 22:14:31 INFO  SetUp - Test Case_cTAResponseReportTest_Successfully Started
2022-11-28 22:14:32 INFO  WebDriverManager - Using chromedriver 107.0.5304.62 (resolved driver for Chrome 107)
2022-11-28 22:14:32 INFO  WebDriverManager - Exporting webdriver.chrome.driver as C:\Users\Dhiraj Landge\.cache\selenium\chromedriver\win32\107.0.5304.62\chromedriver.exe
2022-11-28 22:14:35 INFO  SetUp - Chrome Browser Launched..
2022-11-28 22:14:36 INFO  SetUp - URL : https://crmpreprod.tataaia.com/sng7/app/login/login
2022-11-28 22:14:37 INFO  CommonMethods - Sucessfully clicked on Username_XPATH
2022-11-28 22:14:37 INFO  CommonMethods - Data sucessfully entered on Username_XPATH = OEAIV36
2022-11-28 22:14:37 INFO  CommonMethods - Sucessfully clicked on password_XPATH
2022-11-28 22:14:38 INFO  CommonMethods - Data sucessfully entered on password_XPATH = acid_qa
2022-11-28 22:14:38 INFO  ScreenShot - ScreenShot captured LoginPage || Status :Pass
2022-11-28 22:14:41 INFO  CommonMethods - Sucessfully clicked on loginBtn_XPATH
2022-11-28 22:14:56 INFO  CommonMethods - Sucessfully clicked on Report_XPATH
2022-11-28 22:14:57 INFO  CommonMethods - Sucessfully clicked on CallToAction_XPATH
2022-11-28 22:14:57 INFO  CommonMethods - Sucessfully clicked on CallToActionResponse_XPATH
2022-11-28 22:14:58 INFO  CommonMethods - Swiched to Child window name : Call To Action Response || URL :https://crmpreprod.tataaia.com/sng7/app/Report/GetReportDetailControl?x=3nc2ksnk2m6gtyass5rhgl42ww5c7v2e7emfl8nzjzb5l6x2z3ya&winpop=1
2022-11-28 22:14:59 INFO  CommonMethods - Sucessfully clicked on Execute_XPATH
2022-11-28 22:15:00 INFO  CommonMethods - Sucessfully clicked on CSV_XPATH
2022-11-28 22:16:03 ERROR SetUp - cTAResponseReportTest Get Failed due to 
Expected condition failed: waiting for visibility of element located by By.xpath: //div[@class="header__item header__profile ht-3 mid relative pointer"]/a (tried for 60 second(s) with 500 milliseconds interval)
Build info: version: '4.1.0', revision: '87802e897b'
System info: host: 'DESKTOP-K1PV4OP', ip: '192.168.0.102', os.name: 'Windows 11', os.arch: 'amd64', os.version: '10.0', java.version: '17.0.2'
Driver info: org.openqa.selenium.chrome.ChromeDriver
Capabilities {acceptInsecureCerts: false, browserName: chrome, browserVersion: 107.0.5304.108, chrome: {chromedriverVersion: 107.0.5304.62 (1eec40d3a576..., userDataDir: C:\Users\DHIRAJ~1\AppData\L...}, goog:chromeOptions: {debuggerAddress: localhost:52099}, javascriptEnabled: true, networkConnectionEnabled: false, pageLoadStrategy: normal, platform: WINDOWS, platformName: WINDOWS, proxy: Proxy(), se:cdp: ws://localhost:52099/devtoo..., se:cdpVersion: 107.0.5304.108, setWindowRect: true, strictFileInteractability: false, timeouts: {implicit: 0, pageLoad: 300000, script: 30000}, unhandledPromptBehavior: dismiss and notify, webauthn:extension:credBlob: true, webauthn:extension:largeBlob: true, webauthn:virtualAuthenticators: true}
Session ID: 85aa650b12b93443924e2a1fa6b33927
2022-11-28 22:16:03 INFO  ScreenShot - ScreenShot captured cTAResponseReportTest || Status :Fail
2022-11-28 22:16:03 INFO  CommonMethods - Row num for TestScenario = cTAResponseReportTest is = 4
2022-11-28 22:16:04 INFO  ExcelOperation - Write to excel with : Row=4 | Cell =5 | Data =Fail
2022-11-28 22:16:06 INFO  SetUp - Browser Closed..
2022-11-28 22:16:09 INFO  CommonMethods - Test Report Mail sent successfully to dhiraj.landge@businessnext.com
2022-11-28 22:17:36 INFO  Utils - [TestNG] Running:
  C:\Users\Dhiraj Landge\eclipse-workspace\Talic_Life_Insurance\src\test\resources\RunnerFiles\testng.xml

2022-11-28 22:17:38 INFO  SetUp - Test Case_customer360CardViewTest_Successfully Started
2022-11-28 22:17:39 INFO  SetUp - Test Case_customer360CardViewTest_get Skipped as its Runmode is 'NO' 
2022-11-28 22:17:40 INFO  SetUp - Test Case_policy360CardViewTest_Successfully Started
2022-11-28 22:17:41 INFO  SetUp - Test Case_policy360CardViewTest_get Skipped as its Runmode is 'NO' 
2022-11-28 22:17:41 INFO  SetUp - Test Case_cCLevel1ValidationTest_Successfully Started
2022-11-28 22:17:42 INFO  SetUp - Test Case_cCLevel1ValidationTest_get Skipped as its Runmode is 'NO' 
2022-11-28 22:17:42 INFO  SetUp - Test Case_cCLevel1ValidationTest_Successfully Started
2022-11-28 22:17:42 INFO  SetUp - Test Case_cCLevel1ValidationTest_get Skipped as its Runmode is 'NO' 
2022-11-28 22:17:42 INFO  SetUp - Test Case_cCLevel1ValidationTest_Successfully Started
2022-11-28 22:17:43 INFO  SetUp - Test Case_cCLevel1ValidationTest_get Skipped as its Runmode is 'NO' 
2022-11-28 22:17:43 INFO  SetUp - Test Case_cCLevel1ValidationTest_Successfully Started
2022-11-28 22:17:43 INFO  SetUp - Test Case_cCLevel1ValidationTest_get Skipped as its Runmode is 'NO' 
2022-11-28 22:17:43 INFO  SetUp - Test Case_cCLevel1ValidationTest_Successfully Started
2022-11-28 22:17:44 INFO  SetUp - Test Case_cCLevel1ValidationTest_get Skipped as its Runmode is 'NO' 
2022-11-28 22:17:44 INFO  SetUp - Test Case_branchLevel1ValidationTest_Successfully Started
2022-11-28 22:17:44 INFO  SetUp - Test Case_branchLevel1ValidationTest_get Skipped as its Runmode is 'NO' 
2022-11-28 22:17:45 INFO  SetUp - Test Case_branchLevel1ValidationTest_Successfully Started
2022-11-28 22:17:45 INFO  SetUp - Test Case_branchLevel1ValidationTest_get Skipped as its Runmode is 'NO' 
2022-11-28 22:17:46 INFO  SetUp - Test Case_branchLevel1ValidationTest_Successfully Started
2022-11-28 22:17:46 INFO  SetUp - Test Case_branchLevel1ValidationTest_get Skipped as its Runmode is 'NO' 
2022-11-28 22:17:46 INFO  SetUp - Test Case_branchLevel1ValidationTest_Successfully Started
2022-11-28 22:17:47 INFO  SetUp - Test Case_branchLevel1ValidationTest_get Skipped as its Runmode is 'NO' 
2022-11-28 22:17:47 INFO  SetUp - Test Case_branchLevel1ValidationTest_Successfully Started
2022-11-28 22:17:47 INFO  SetUp - Test Case_branchLevel1ValidationTest_get Skipped as its Runmode is 'NO' 
2022-11-28 22:17:48 INFO  SetUp - Test Case_branchLevel1ValidationTest_Successfully Started
2022-11-28 22:17:48 INFO  SetUp - Test Case_branchLevel1ValidationTest_get Skipped as its Runmode is 'NO' 
2022-11-28 22:17:49 INFO  SetUp - Test Case_branchLevel1ValidationTest_Successfully Started
2022-11-28 22:17:49 INFO  SetUp - Test Case_branchLevel1ValidationTest_get Skipped as its Runmode is 'NO' 
2022-11-28 22:17:49 INFO  SetUp - Test Case_branchLevel1ValidationTest_Successfully Started
2022-11-28 22:17:50 INFO  SetUp - Test Case_branchLevel1ValidationTest_get Skipped as its Runmode is 'NO' 
2022-11-28 22:17:50 INFO  SetUp - Test Case_branchLevel1ValidationTest_Successfully Started
2022-11-28 22:17:50 INFO  SetUp - Test Case_branchLevel1ValidationTest_get Skipped as its Runmode is 'NO' 
2022-11-28 22:17:51 INFO  SetUp - Test Case_branchLevel1ValidationTest_Successfully Started
2022-11-28 22:17:51 INFO  SetUp - Test Case_branchLevel1ValidationTest_get Skipped as its Runmode is 'NO' 
2022-11-28 22:17:51 INFO  SetUp - Test Case_cCLevel2ValidationTest_Successfully Started
2022-11-28 22:17:51 INFO  SetUp - Test Case_cCLevel2ValidationTest_get Skipped as its Runmode is 'NO' 
2022-11-28 22:17:52 INFO  SetUp - Test Case_quickLinksTest_Successfully Started
2022-11-28 22:17:52 INFO  SetUp - Test Case_quickLinksTest_get Skipped as its Runmode is 'NO' 
2022-11-28 22:17:53 INFO  SetUp - Test Case_cTAYesResponseTest_Successfully Started
2022-11-28 22:17:53 INFO  SetUp - Test Case_cTAYesResponseTest_get Skipped as its Runmode is 'NO' 
2022-11-28 22:17:54 INFO  SetUp - Test Case_cTANoResponseTest_Successfully Started
2022-11-28 22:17:54 INFO  SetUp - Test Case_cTANoResponseTest_get Skipped as its Runmode is 'NO' 
2022-11-28 22:17:54 INFO  SetUp - Test Case_cTAResponseReportTest_Successfully Started
2022-11-28 22:17:55 INFO  WebDriverManager - Using chromedriver 107.0.5304.62 (resolved driver for Chrome 107)
2022-11-28 22:17:55 INFO  WebDriverManager - Exporting webdriver.chrome.driver as C:\Users\Dhiraj Landge\.cache\selenium\chromedriver\win32\107.0.5304.62\chromedriver.exe
2022-11-28 22:17:58 INFO  SetUp - Chrome Browser Launched..
2022-11-28 22:17:59 INFO  SetUp - URL : https://crmpreprod.tataaia.com/sng7/app/login/login
2022-11-28 22:18:00 INFO  CommonMethods - Sucessfully clicked on Username_XPATH
2022-11-28 22:18:00 INFO  CommonMethods - Data sucessfully entered on Username_XPATH = OEAIV36
2022-11-28 22:18:00 INFO  CommonMethods - Sucessfully clicked on password_XPATH
2022-11-28 22:18:01 INFO  CommonMethods - Data sucessfully entered on password_XPATH = acid_qa
2022-11-28 22:18:01 INFO  ScreenShot - ScreenShot captured LoginPage || Status :Pass
2022-11-28 22:18:04 INFO  CommonMethods - Sucessfully clicked on loginBtn_XPATH
2022-11-28 22:18:19 INFO  CommonMethods - Sucessfully clicked on Report_XPATH
2022-11-28 22:18:20 INFO  CommonMethods - Sucessfully clicked on CallToAction_XPATH
2022-11-28 22:18:20 INFO  CommonMethods - Sucessfully clicked on CallToActionResponse_XPATH
2022-11-28 22:18:21 INFO  CommonMethods - Swiched to Child window name : Call To Action Response || URL :https://crmpreprod.tataaia.com/sng7/app/Report/GetReportDetailControl?x=3nc2ksnk2m6gtyass5rhgl42ww5c7v2e7emfl8nzjzb5l6x2z3ya&winpop=1
2022-11-28 22:18:22 INFO  CommonMethods - Sucessfully clicked on Execute_XPATH
2022-11-28 22:18:23 INFO  CommonMethods - Sucessfully clicked on CSV_XPATH
2022-11-28 22:18:23 INFO  CommonMethods - Swiched to parent window Call To Action Response with ID CDwindow-2C90B8DA8D6ADC6A75372C99A48D5377
2022-11-28 22:19:25 ERROR SetUp - cTAResponseReportTest Get Failed due to 
Expected condition failed: waiting for visibility of element located by By.xpath: //div[@class="header__item header__profile ht-3 mid relative pointer"]/a (tried for 60 second(s) with 500 milliseconds interval)
2022-11-28 22:19:25 ERROR ScreenShot - Unbale to capture screenshot due to no such window: target window already closed
from unknown error: web view not found
  (Session info: chrome=107.0.5304.108)
Build info: version: '4.1.0', revision: '87802e897b'
System info: host: 'DESKTOP-K1PV4OP', ip: '192.168.0.102', os.name: 'Windows 11', os.arch: 'amd64', os.version: '10.0', java.version: '17.0.2'
Driver info: org.openqa.selenium.chrome.ChromeDriver
Command: [dd0870b680cee6c7e787748a9aa8cff4, screenshot {}]
Capabilities {acceptInsecureCerts: false, browserName: chrome, browserVersion: 107.0.5304.108, chrome: {chromedriverVersion: 107.0.5304.62 (1eec40d3a576..., userDataDir: C:\Users\DHIRAJ~1\AppData\L...}, goog:chromeOptions: {debuggerAddress: localhost:52360}, javascriptEnabled: true, networkConnectionEnabled: false, pageLoadStrategy: normal, platform: WINDOWS, platformName: WINDOWS, proxy: Proxy(), se:cdp: ws://localhost:52360/devtoo..., se:cdpVersion: 107.0.5304.108, setWindowRect: true, strictFileInteractability: false, timeouts: {implicit: 0, pageLoad: 300000, script: 30000}, unhandledPromptBehavior: dismiss and notify, webauthn:extension:credBlob: true, webauthn:extension:largeBlob: true, webauthn:virtualAuthenticators: true}
Session ID: dd0870b680cee6c7e787748a9aa8cff4
2022-11-28 22:19:25 INFO  CommonMethods - Row num for TestScenario = cTAResponseReportTest is = 4
2022-11-28 22:19:27 INFO  ExcelOperation - Write to excel with : Row=4 | Cell =5 | Data =Fail
2022-11-28 22:35:40 INFO  Utils - [TestNG] Running:
  C:\Users\Dhiraj Landge\eclipse-workspace\Talic_Life_Insurance\src\test\resources\RunnerFiles\testng.xml

2022-11-28 22:35:42 INFO  SetUp - Test Case_customer360CardViewTest_Successfully Started
2022-11-28 22:35:43 INFO  SetUp - Test Case_customer360CardViewTest_get Skipped as its Runmode is 'NO' 
2022-11-28 22:35:44 INFO  SetUp - Test Case_policy360CardViewTest_Successfully Started
2022-11-28 22:35:46 INFO  WebDriverManager - Using chromedriver 107.0.5304.62 (resolved driver for Chrome 107)
2022-11-28 22:35:46 INFO  WebDriverManager - Exporting webdriver.chrome.driver as C:\Users\Dhiraj Landge\.cache\selenium\chromedriver\win32\107.0.5304.62\chromedriver.exe
2022-11-28 22:35:48 INFO  SetUp - Chrome Browser Launched..
2022-11-28 22:35:49 INFO  SetUp - URL : https://crmpreprod.tataaia.com/sng7/app/login/login
2022-11-28 22:35:50 INFO  CommonMethods - Sucessfully clicked on Username_XPATH
2022-11-28 22:35:50 INFO  CommonMethods - Data sucessfully entered on Username_XPATH = OEAIV36
2022-11-28 22:35:50 INFO  CommonMethods - Sucessfully clicked on password_XPATH
2022-11-28 22:35:51 INFO  CommonMethods - Data sucessfully entered on password_XPATH = acid_qa
2022-11-28 22:35:51 INFO  ScreenShot - ScreenShot captured LoginPage || Status :Pass
2022-11-28 22:35:56 INFO  CommonMethods - Sucessfully clicked on loginBtn_XPATH
2022-11-28 22:35:56 INFO  CommonMethods - Sucessfully clicked on ProfileBtn_XPATH
2022-11-28 22:35:57 INFO  CommonMethods - Sucessfully clicked on Role_XPATH
2022-11-28 22:35:57 INFO  CommonMethods - Data = Branch Operations Executive Sucessfully Selected from dropdown Role_XPATH
2022-11-28 22:36:58 ERROR SetUp - policy360CardViewTest Get Failed due to 
Expected condition failed: waiting for visibility of element located by By.xpath: //span[normalize-space()='Policy Search'] (tried for 60 second(s) with 500 milliseconds interval)
Build info: version: '4.1.0', revision: '87802e897b'
System info: host: 'DESKTOP-K1PV4OP', ip: '192.168.0.102', os.name: 'Windows 11', os.arch: 'amd64', os.version: '10.0', java.version: '17.0.2'
Driver info: org.openqa.selenium.chrome.ChromeDriver
Capabilities {acceptInsecureCerts: false, browserName: chrome, browserVersion: 107.0.5304.108, chrome: {chromedriverVersion: 107.0.5304.62 (1eec40d3a576..., userDataDir: C:\Users\DHIRAJ~1\AppData\L...}, goog:chromeOptions: {debuggerAddress: localhost:53005}, javascriptEnabled: true, networkConnectionEnabled: false, pageLoadStrategy: normal, platform: WINDOWS, platformName: WINDOWS, proxy: Proxy(), se:cdp: ws://localhost:53005/devtoo..., se:cdpVersion: 107.0.5304.108, setWindowRect: true, strictFileInteractability: false, timeouts: {implicit: 0, pageLoad: 300000, script: 30000}, unhandledPromptBehavior: dismiss and notify, webauthn:extension:credBlob: true, webauthn:extension:largeBlob: true, webauthn:virtualAuthenticators: true}
Session ID: 472bf3b14084ef4e8b905dcc238463c9
2022-11-28 22:36:59 INFO  ScreenShot - ScreenShot captured policy360CardViewTest || Status :Fail
2022-11-28 22:37:00 INFO  CommonMethods - Row num for TestScenario = policy360CardViewTest is = 7
2022-11-28 22:37:01 INFO  ExcelOperation - Write to excel with : Row=7 | Cell =5 | Data =Fail
2022-11-28 22:37:01 WARN  WebSocketHandler - onError
java.net.SocketException: Connection reset
	at sun.nio.ch.SocketChannelImpl.throwConnectionReset(SocketChannelImpl.java:394) ~[?:?]
	at sun.nio.ch.SocketChannelImpl.read(SocketChannelImpl.java:426) ~[?:?]
	at io.netty.buffer.PooledByteBuf.setBytes(PooledByteBuf.java:253) ~[netty-buffer-4.1.69.Final.jar:4.1.69.Final]
	at io.netty.buffer.AbstractByteBuf.writeBytes(AbstractByteBuf.java:1132) ~[netty-buffer-4.1.69.Final.jar:4.1.69.Final]
	at io.netty.channel.socket.nio.NioSocketChannel.doReadBytes(NioSocketChannel.java:350) ~[netty-transport-4.1.69.Final.jar:4.1.69.Final]
	at io.netty.channel.nio.AbstractNioByteChannel$NioByteUnsafe.read(AbstractNioByteChannel.java:151) [netty-transport-4.1.69.Final.jar:4.1.69.Final]
	at io.netty.channel.nio.NioEventLoop.processSelectedKey(NioEventLoop.java:719) [netty-transport-4.1.69.Final.jar:4.1.69.Final]
	at io.netty.channel.nio.NioEventLoop.processSelectedKeysOptimized(NioEventLoop.java:655) [netty-transport-4.1.69.Final.jar:4.1.69.Final]
	at io.netty.channel.nio.NioEventLoop.processSelectedKeys(NioEventLoop.java:581) [netty-transport-4.1.69.Final.jar:4.1.69.Final]
	at io.netty.channel.nio.NioEventLoop.run(NioEventLoop.java:493) [netty-transport-4.1.69.Final.jar:4.1.69.Final]
	at io.netty.util.concurrent.SingleThreadEventExecutor$4.run(SingleThreadEventExecutor.java:986) [netty-common-4.1.69.Final.jar:4.1.69.Final]
	at io.netty.util.internal.ThreadExecutorMap$2.run(ThreadExecutorMap.java:74) [netty-common-4.1.69.Final.jar:4.1.69.Final]
	at io.netty.util.concurrent.FastThreadLocalRunnable.run(FastThreadLocalRunnable.java:30) [netty-common-4.1.69.Final.jar:4.1.69.Final]
	at java.lang.Thread.run(Thread.java:833) [?:?]
2022-11-28 22:37:02 INFO  SetUp - Browser Closed..
2022-11-28 22:37:03 INFO  SetUp - Test Case_cCLevel1ValidationTest_Successfully Started
2022-11-28 22:37:03 INFO  SetUp - Test Case_cCLevel1ValidationTest_get Skipped as its Runmode is 'NO' 
2022-11-28 22:37:04 INFO  SetUp - Test Case_cCLevel1ValidationTest_Successfully Started
2022-11-28 22:37:04 INFO  SetUp - Test Case_cCLevel1ValidationTest_get Skipped as its Runmode is 'NO' 
2022-11-28 22:37:05 INFO  SetUp - Test Case_cCLevel1ValidationTest_Successfully Started
2022-11-28 22:37:05 INFO  SetUp - Test Case_cCLevel1ValidationTest_get Skipped as its Runmode is 'NO' 
2022-11-28 22:37:05 INFO  SetUp - Test Case_cCLevel1ValidationTest_Successfully Started
2022-11-28 22:37:06 INFO  SetUp - Test Case_cCLevel1ValidationTest_get Skipped as its Runmode is 'NO' 
2022-11-28 22:42:23 INFO  Utils - [TestNG] Running:
  C:\Users\Dhiraj Landge\eclipse-workspace\Talic_Life_Insurance\src\test\resources\RunnerFiles\testng.xml

2022-11-28 22:42:25 INFO  SetUp - Test Case_customer360CardViewTest_Successfully Started
2022-11-28 22:42:25 INFO  SetUp - Test Case_customer360CardViewTest_get Skipped as its Runmode is 'NO' 
2022-11-28 22:42:27 INFO  SetUp - Test Case_policy360CardViewTest_Successfully Started
2022-11-28 22:42:28 INFO  WebDriverManager - Using chromedriver 107.0.5304.62 (resolved driver for Chrome 107)
2022-11-28 22:42:28 INFO  WebDriverManager - Exporting webdriver.chrome.driver as C:\Users\Dhiraj Landge\.cache\selenium\chromedriver\win32\107.0.5304.62\chromedriver.exe
2022-11-28 22:42:31 INFO  SetUp - Chrome Browser Launched..
2022-11-28 22:42:32 INFO  SetUp - URL : https://crmpreprod.tataaia.com/sng7/app/login/login
2022-11-28 22:42:32 INFO  CommonMethods - Sucessfully clicked on Username_XPATH
2022-11-28 22:42:32 INFO  CommonMethods - Data sucessfully entered on Username_XPATH = OEAIV36
2022-11-28 22:42:32 INFO  CommonMethods - Sucessfully clicked on password_XPATH
2022-11-28 22:42:33 INFO  CommonMethods - Data sucessfully entered on password_XPATH = acid_qa
2022-11-28 22:42:33 INFO  ScreenShot - ScreenShot captured LoginPage || Status :Pass
2022-11-28 22:42:50 INFO  CommonMethods - Sucessfully clicked on loginBtn_XPATH
2022-11-28 22:42:50 INFO  CommonMethods - Sucessfully clicked on ProfileBtn_XPATH
2022-11-28 22:42:50 INFO  CommonMethods - Sucessfully clicked on Role_XPATH
2022-11-28 22:42:50 ERROR CommonMethods - Not able to select from dropdown Role_XPATHdue to Cannot invoke "org.apache.poi.xssf.usermodel.XSSFSheet.getRow(int)" because "com.crm.commonUtilities.ExcelOperation.sheet" is null
2022-11-28 22:42:51 INFO  ScreenShot - ScreenShot captured QuickLinks || Status :Pass
2022-11-28 22:42:53 INFO  CommonMethods - Sucessfully clicked on PolicySearch_XPATH
2022-11-28 22:42:53 INFO  CommonMethods - Sucessfully clicked on PolicyNumber1_XPATH
2022-11-28 22:42:54 INFO  CommonMethods - Data sucessfully entered on PolicyNumber1_XPATH = C000000013
2022-11-28 22:42:54 INFO  ScreenShot - ScreenShot captured PolicySearch || Status :Pass
2022-11-28 22:42:54 INFO  CommonMethods - Sucessfully clicked on Fetch_XPATH
2022-11-28 22:42:55 INFO  ScreenShot - ScreenShot captured Action || Status :Pass
2022-11-28 22:42:55 INFO  CommonMethods - Sucessfully clicked on Action_XPATH
2022-11-28 22:43:56 ERROR SetUp - policy360CardViewTest Get Failed due to 
Expected condition failed: waiting for visibility of element located by By.xpath: (//div[@class="card-media__text truncate w--100"])[1] (tried for 60 second(s) with 500 milliseconds interval)
Build info: version: '4.1.0', revision: '87802e897b'
System info: host: 'DESKTOP-K1PV4OP', ip: '192.168.0.102', os.name: 'Windows 11', os.arch: 'amd64', os.version: '10.0', java.version: '17.0.2'
Driver info: org.openqa.selenium.chrome.ChromeDriver
Capabilities {acceptInsecureCerts: false, browserName: chrome, browserVersion: 107.0.5304.108, chrome: {chromedriverVersion: 107.0.5304.62 (1eec40d3a576..., userDataDir: C:\Users\DHIRAJ~1\AppData\L...}, goog:chromeOptions: {debuggerAddress: localhost:53267}, javascriptEnabled: true, networkConnectionEnabled: false, pageLoadStrategy: normal, platform: WINDOWS, platformName: WINDOWS, proxy: Proxy(), se:cdp: ws://localhost:53267/devtoo..., se:cdpVersion: 107.0.5304.108, setWindowRect: true, strictFileInteractability: false, timeouts: {implicit: 0, pageLoad: 300000, script: 30000}, unhandledPromptBehavior: dismiss and notify, webauthn:extension:credBlob: true, webauthn:extension:largeBlob: true, webauthn:virtualAuthenticators: true}
Session ID: 6050106a00e088dbab7f94fbd35ba344
2022-11-28 22:43:56 INFO  ScreenShot - ScreenShot captured policy360CardViewTest || Status :Fail
2022-11-28 22:43:57 INFO  CommonMethods - Row num for TestScenario = policy360CardViewTest is = 7
2022-11-28 22:43:58 INFO  ExcelOperation - Write to excel with : Row=7 | Cell =5 | Data =Fail
2022-11-28 22:43:58 WARN  WebSocketHandler - onError
java.net.SocketException: Connection reset
	at sun.nio.ch.SocketChannelImpl.throwConnectionReset(SocketChannelImpl.java:394) ~[?:?]
	at sun.nio.ch.SocketChannelImpl.read(SocketChannelImpl.java:426) ~[?:?]
	at io.netty.buffer.PooledByteBuf.setBytes(PooledByteBuf.java:253) ~[netty-buffer-4.1.69.Final.jar:4.1.69.Final]
	at io.netty.buffer.AbstractByteBuf.writeBytes(AbstractByteBuf.java:1132) ~[netty-buffer-4.1.69.Final.jar:4.1.69.Final]
	at io.netty.channel.socket.nio.NioSocketChannel.doReadBytes(NioSocketChannel.java:350) ~[netty-transport-4.1.69.Final.jar:4.1.69.Final]
	at io.netty.channel.nio.AbstractNioByteChannel$NioByteUnsafe.read(AbstractNioByteChannel.java:151) [netty-transport-4.1.69.Final.jar:4.1.69.Final]
	at io.netty.channel.nio.NioEventLoop.processSelectedKey(NioEventLoop.java:719) [netty-transport-4.1.69.Final.jar:4.1.69.Final]
	at io.netty.channel.nio.NioEventLoop.processSelectedKeysOptimized(NioEventLoop.java:655) [netty-transport-4.1.69.Final.jar:4.1.69.Final]
	at io.netty.channel.nio.NioEventLoop.processSelectedKeys(NioEventLoop.java:581) [netty-transport-4.1.69.Final.jar:4.1.69.Final]
	at io.netty.channel.nio.NioEventLoop.run(NioEventLoop.java:493) [netty-transport-4.1.69.Final.jar:4.1.69.Final]
	at io.netty.util.concurrent.SingleThreadEventExecutor$4.run(SingleThreadEventExecutor.java:986) [netty-common-4.1.69.Final.jar:4.1.69.Final]
	at io.netty.util.internal.ThreadExecutorMap$2.run(ThreadExecutorMap.java:74) [netty-common-4.1.69.Final.jar:4.1.69.Final]
	at io.netty.util.concurrent.FastThreadLocalRunnable.run(FastThreadLocalRunnable.java:30) [netty-common-4.1.69.Final.jar:4.1.69.Final]
	at java.lang.Thread.run(Thread.java:833) [?:?]
2022-11-28 22:43:59 INFO  SetUp - Browser Closed..
2022-11-28 22:44:00 INFO  SetUp - Test Case_cCLevel1ValidationTest_Successfully Started
2022-11-28 22:44:00 INFO  SetUp - Test Case_cCLevel1ValidationTest_get Skipped as its Runmode is 'NO' 
2022-11-28 22:44:01 INFO  SetUp - Test Case_cCLevel1ValidationTest_Successfully Started
2022-11-28 22:44:01 INFO  SetUp - Test Case_cCLevel1ValidationTest_get Skipped as its Runmode is 'NO' 
2022-11-28 22:44:01 INFO  SetUp - Test Case_cCLevel1ValidationTest_Successfully Started
2022-11-28 22:44:02 INFO  SetUp - Test Case_cCLevel1ValidationTest_get Skipped as its Runmode is 'NO' 
2022-11-28 22:44:02 INFO  SetUp - Test Case_cCLevel1ValidationTest_Successfully Started
2022-11-28 22:44:02 INFO  SetUp - Test Case_cCLevel1ValidationTest_get Skipped as its Runmode is 'NO' 
2022-11-28 22:44:03 INFO  SetUp - Test Case_cCLevel1ValidationTest_Successfully Started
2022-11-28 22:44:03 INFO  SetUp - Test Case_cCLevel1ValidationTest_get Skipped as its Runmode is 'NO' 
2022-11-28 22:44:04 INFO  SetUp - Test Case_branchLevel1ValidationTest_Successfully Started
2022-11-28 22:44:04 INFO  SetUp - Test Case_branchLevel1ValidationTest_get Skipped as its Runmode is 'NO' 
2022-11-28 22:44:05 INFO  SetUp - Test Case_branchLevel1ValidationTest_Successfully Started
2022-11-28 22:44:06 INFO  SetUp - Test Case_branchLevel1ValidationTest_get Skipped as its Runmode is 'NO' 
2022-11-28 22:44:06 INFO  SetUp - Test Case_branchLevel1ValidationTest_Successfully Started
2022-11-28 22:44:07 INFO  SetUp - Test Case_branchLevel1ValidationTest_get Skipped as its Runmode is 'NO' 
2022-11-28 22:44:07 INFO  SetUp - Test Case_branchLevel1ValidationTest_Successfully Started
2022-11-28 22:44:08 INFO  SetUp - Test Case_branchLevel1ValidationTest_get Skipped as its Runmode is 'NO' 
2022-11-28 22:44:08 INFO  SetUp - Test Case_branchLevel1ValidationTest_Successfully Started
2022-11-28 22:44:09 INFO  SetUp - Test Case_branchLevel1ValidationTest_get Skipped as its Runmode is 'NO' 
2022-11-28 22:44:09 INFO  SetUp - Test Case_branchLevel1ValidationTest_Successfully Started
2022-11-28 22:44:10 INFO  SetUp - Test Case_branchLevel1ValidationTest_get Skipped as its Runmode is 'NO' 
2022-11-28 22:44:11 INFO  SetUp - Test Case_branchLevel1ValidationTest_Successfully Started
2022-11-28 22:44:11 INFO  SetUp - Test Case_branchLevel1ValidationTest_get Skipped as its Runmode is 'NO' 
2022-11-28 22:44:12 INFO  SetUp - Test Case_branchLevel1ValidationTest_Successfully Started
2022-11-28 22:44:12 INFO  SetUp - Test Case_branchLevel1ValidationTest_get Skipped as its Runmode is 'NO' 
2022-11-28 22:44:13 INFO  SetUp - Test Case_branchLevel1ValidationTest_Successfully Started
2022-11-28 22:44:13 INFO  SetUp - Test Case_branchLevel1ValidationTest_get Skipped as its Runmode is 'NO' 
2022-11-28 22:44:14 INFO  SetUp - Test Case_branchLevel1ValidationTest_Successfully Started
2022-11-28 22:44:14 INFO  SetUp - Test Case_branchLevel1ValidationTest_get Skipped as its Runmode is 'NO' 
2022-11-28 22:44:15 INFO  SetUp - Test Case_cCLevel2ValidationTest_Successfully Started
2022-11-28 22:44:15 INFO  SetUp - Test Case_cCLevel2ValidationTest_get Skipped as its Runmode is 'NO' 
2022-11-28 22:44:16 INFO  SetUp - Test Case_quickLinksTest_Successfully Started
2022-11-28 22:44:16 INFO  SetUp - Test Case_quickLinksTest_get Skipped as its Runmode is 'NO' 
2022-11-28 22:44:17 INFO  SetUp - Test Case_cTAYesResponseTest_Successfully Started
2022-11-28 22:44:18 INFO  SetUp - Test Case_cTAYesResponseTest_get Skipped as its Runmode is 'NO' 
2022-11-28 22:44:18 INFO  SetUp - Test Case_cTANoResponseTest_Successfully Started
2022-11-28 22:44:19 INFO  SetUp - Test Case_cTANoResponseTest_get Skipped as its Runmode is 'NO' 
2022-11-28 22:44:20 INFO  SetUp - Test Case_cTAResponseReportTest_Successfully Started
2022-11-28 22:44:20 INFO  SetUp - Test Case_cTAResponseReportTest_get Skipped as its Runmode is 'NO' 
2022-11-28 22:44:23 INFO  CommonMethods - Test Report Mail sent successfully to dhiraj.landge@businessnext.com
2022-11-28 22:45:57 INFO  Utils - [TestNG] Running:
  C:\Users\Dhiraj Landge\eclipse-workspace\Talic_Life_Insurance\src\test\resources\RunnerFiles\testng.xml

2022-11-28 22:46:00 INFO  SetUp - Test Case_customer360CardViewTest_Successfully Started
2022-11-28 22:46:01 INFO  SetUp - Test Case_customer360CardViewTest_get Skipped as its Runmode is 'NO' 
2022-11-28 22:46:03 INFO  SetUp - Test Case_policy360CardViewTest_Successfully Started
2022-11-28 22:46:05 INFO  WebDriverManager - Using chromedriver 107.0.5304.62 (resolved driver for Chrome 107)
2022-11-28 22:46:05 INFO  WebDriverManager - Exporting webdriver.chrome.driver as C:\Users\Dhiraj Landge\.cache\selenium\chromedriver\win32\107.0.5304.62\chromedriver.exe
2022-11-28 22:46:09 INFO  SetUp - Chrome Browser Launched..
2022-11-28 22:46:10 INFO  SetUp - URL : https://crmpreprod.tataaia.com/sng7/app/login/login
2022-11-28 22:46:10 INFO  CommonMethods - Sucessfully clicked on Username_XPATH
2022-11-28 22:46:10 INFO  CommonMethods - Data sucessfully entered on Username_XPATH = OEAIV36
2022-11-28 22:46:10 INFO  CommonMethods - Sucessfully clicked on password_XPATH
2022-11-28 22:46:11 INFO  CommonMethods - Data sucessfully entered on password_XPATH = acid_qa
2022-11-28 22:46:11 INFO  ScreenShot - ScreenShot captured LoginPage || Status :Pass
2022-11-28 22:46:15 INFO  CommonMethods - Sucessfully clicked on loginBtn_XPATH
2022-11-28 22:46:16 INFO  CommonMethods - Sucessfully clicked on ProfileBtn_XPATH
2022-11-28 22:46:16 INFO  CommonMethods - Sucessfully clicked on Role_XPATH
2022-11-28 22:46:16 ERROR CommonMethods - Not able to select from dropdown Role_XPATHdue to Cannot invoke "org.apache.poi.xssf.usermodel.XSSFSheet.getRow(int)" because "com.crm.commonUtilities.ExcelOperation.sheet" is null
2022-11-28 22:46:30 INFO  ScreenShot - ScreenShot captured QuickLinks || Status :Pass
2022-11-28 22:46:31 INFO  CommonMethods - Sucessfully clicked on PolicySearch_XPATH
2022-11-28 22:46:32 INFO  CommonMethods - Sucessfully clicked on PolicyNumber1_XPATH
2022-11-28 22:46:32 INFO  CommonMethods - Data sucessfully entered on PolicyNumber1_XPATH = C000000013
2022-11-28 22:46:33 INFO  ScreenShot - ScreenShot captured PolicySearch || Status :Pass
2022-11-28 22:46:33 INFO  CommonMethods - Sucessfully clicked on Fetch_XPATH
2022-11-28 22:46:34 INFO  ScreenShot - ScreenShot captured Action || Status :Pass
2022-11-28 22:46:34 INFO  CommonMethods - Sucessfully clicked on Action_XPATH
2022-11-28 22:46:36 INFO  CommonMethods - Sucessfully clicked on BasicDetails_XPATH
2022-11-28 22:46:36 INFO  ScreenShot - ScreenShot captured BasicDetails || Status :Pass
2022-11-28 22:46:37 INFO  CommonMethods - Sucessfully clicked on AgentDetails_XPATH
2022-11-28 22:46:37 INFO  ScreenShot - ScreenShot captured AgentDetails || Status :Pass
2022-11-28 22:46:37 INFO  CommonMethods - Sucessfully clicked on MoreInfo_XPATH
2022-11-28 22:46:38 INFO  ScreenShot - ScreenShot captured MoreInfo || Status :Pass
2022-11-28 22:46:38 INFO  CommonMethods - Sucessfully clicked on OwnerDetails_XPATH
2022-11-28 22:46:38 INFO  ScreenShot - ScreenShot captured OwnerDetails || Status :Pass
2022-11-28 22:46:38 INFO  CommonMethods - Sucessfully clicked on InsuredDetails_XPATH
2022-11-28 22:46:39 INFO  ScreenShot - ScreenShot captured InsureDetails || Status :Pass
2022-11-28 22:46:39 INFO  ScreenShot - ScreenShot captured ActionAlert || Status :pass
2022-11-28 22:46:39 INFO  CommonMethods - Sucessfully clicked on KeyInfo_XPATH
2022-11-28 22:46:40 INFO  ScreenShot - ScreenShot captured KeyInfo || Status :Pass
2022-11-28 22:46:40 INFO  CommonMethods - Sucessfully clicked on Primary_XPATH
2022-11-28 22:46:40 INFO  ScreenShot - ScreenShot captured Primary || Status :Pass
2022-11-28 22:46:40 INFO  CommonMethods - Sucessfully clicked on Secondary_XPATH
2022-11-28 22:46:41 INFO  ScreenShot - ScreenShot captured Secondary || Status :Pass
2022-11-28 22:47:41 ERROR SetUp - policy360CardViewTest Get Failed due to 
Expected condition failed: waiting for visibility of element located by By.xpath: //div[@data-autoid="Card_101154"] (tried for 60 second(s) with 500 milliseconds interval)
Build info: version: '4.1.0', revision: '87802e897b'
System info: host: 'DESKTOP-K1PV4OP', ip: '192.168.0.102', os.name: 'Windows 11', os.arch: 'amd64', os.version: '10.0', java.version: '17.0.2'
Driver info: org.openqa.selenium.chrome.ChromeDriver
Capabilities {acceptInsecureCerts: false, browserName: chrome, browserVersion: 107.0.5304.108, chrome: {chromedriverVersion: 107.0.5304.62 (1eec40d3a576..., userDataDir: C:\Users\DHIRAJ~1\AppData\L...}, goog:chromeOptions: {debuggerAddress: localhost:53372}, javascriptEnabled: true, networkConnectionEnabled: false, pageLoadStrategy: normal, platform: WINDOWS, platformName: WINDOWS, proxy: Proxy(), se:cdp: ws://localhost:53372/devtoo..., se:cdpVersion: 107.0.5304.108, setWindowRect: true, strictFileInteractability: false, timeouts: {implicit: 0, pageLoad: 300000, script: 30000}, unhandledPromptBehavior: dismiss and notify, webauthn:extension:credBlob: true, webauthn:extension:largeBlob: true, webauthn:virtualAuthenticators: true}
Session ID: a3d7411c916d054c435572a115f18ecf
2022-11-28 22:47:41 INFO  ScreenShot - ScreenShot captured policy360CardViewTest || Status :Fail
2022-11-28 22:47:42 INFO  CommonMethods - Row num for TestScenario = policy360CardViewTest is = 7
2022-11-28 22:47:43 INFO  ExcelOperation - Write to excel with : Row=7 | Cell =5 | Data =Fail
2022-11-28 22:47:43 WARN  WebSocketHandler - onError
java.net.SocketException: Connection reset
	at sun.nio.ch.SocketChannelImpl.throwConnectionReset(SocketChannelImpl.java:394) ~[?:?]
	at sun.nio.ch.SocketChannelImpl.read(SocketChannelImpl.java:426) ~[?:?]
	at io.netty.buffer.PooledByteBuf.setBytes(PooledByteBuf.java:253) ~[netty-buffer-4.1.69.Final.jar:4.1.69.Final]
	at io.netty.buffer.AbstractByteBuf.writeBytes(AbstractByteBuf.java:1132) ~[netty-buffer-4.1.69.Final.jar:4.1.69.Final]
	at io.netty.channel.socket.nio.NioSocketChannel.doReadBytes(NioSocketChannel.java:350) ~[netty-transport-4.1.69.Final.jar:4.1.69.Final]
	at io.netty.channel.nio.AbstractNioByteChannel$NioByteUnsafe.read(AbstractNioByteChannel.java:151) [netty-transport-4.1.69.Final.jar:4.1.69.Final]
	at io.netty.channel.nio.NioEventLoop.processSelectedKey(NioEventLoop.java:719) [netty-transport-4.1.69.Final.jar:4.1.69.Final]
	at io.netty.channel.nio.NioEventLoop.processSelectedKeysOptimized(NioEventLoop.java:655) [netty-transport-4.1.69.Final.jar:4.1.69.Final]
	at io.netty.channel.nio.NioEventLoop.processSelectedKeys(NioEventLoop.java:581) [netty-transport-4.1.69.Final.jar:4.1.69.Final]
	at io.netty.channel.nio.NioEventLoop.run(NioEventLoop.java:493) [netty-transport-4.1.69.Final.jar:4.1.69.Final]
	at io.netty.util.concurrent.SingleThreadEventExecutor$4.run(SingleThreadEventExecutor.java:986) [netty-common-4.1.69.Final.jar:4.1.69.Final]
	at io.netty.util.internal.ThreadExecutorMap$2.run(ThreadExecutorMap.java:74) [netty-common-4.1.69.Final.jar:4.1.69.Final]
	at io.netty.util.concurrent.FastThreadLocalRunnable.run(FastThreadLocalRunnable.java:30) [netty-common-4.1.69.Final.jar:4.1.69.Final]
	at java.lang.Thread.run(Thread.java:833) [?:?]
2022-11-28 22:47:44 INFO  SetUp - Browser Closed..
2022-11-28 22:47:45 INFO  SetUp - Test Case_cCLevel1ValidationTest_Successfully Started
2022-11-28 22:47:45 INFO  SetUp - Test Case_cCLevel1ValidationTest_get Skipped as its Runmode is 'NO' 
2022-11-28 22:47:45 INFO  SetUp - Test Case_cCLevel1ValidationTest_Successfully Started
2022-11-28 22:47:45 INFO  SetUp - Test Case_cCLevel1ValidationTest_get Skipped as its Runmode is 'NO' 
2022-11-28 22:47:46 INFO  SetUp - Test Case_cCLevel1ValidationTest_Successfully Started
2022-11-28 22:47:46 INFO  SetUp - Test Case_cCLevel1ValidationTest_get Skipped as its Runmode is 'NO' 
2022-11-28 22:47:46 INFO  SetUp - Test Case_cCLevel1ValidationTest_Successfully Started
2022-11-28 22:47:47 INFO  SetUp - Test Case_cCLevel1ValidationTest_get Skipped as its Runmode is 'NO' 
2022-11-28 22:47:47 INFO  SetUp - Test Case_cCLevel1ValidationTest_Successfully Started
2022-11-28 22:47:47 INFO  SetUp - Test Case_cCLevel1ValidationTest_get Skipped as its Runmode is 'NO' 
